
   OpenMP run-time library returned nthreads =  1

 dscf (uc2n357.localdomain) : TURBOMOLE rev. V7-7-1 compiled 3 Feb 2023 at 10:04:44
 Copyright (C) 2023 TURBOMOLE GmbH, Karlsruhe


    2024-07-08 18:27:36.091 



                             d s c f - program

                   idea & directorship : reinhart ahlrichs
                   program development : marco haeser
                                         michael baer
                           dft version : oliver treutler


                          quantum chemistry group
                          universitaet  karlsruhe
                                  germany



   *-----------------------------------------------------------------------*
   |                     program will use  1 thread(s)                     |
   *-----------------------------------------------------------------------*


              +--------------------------------------------------+
              | Atomic coordinate, charge and isotop information |
              +--------------------------------------------------+

                    atomic coordinates            atom    charge  isotop
          3.79389855    1.85608327   -0.00006162    h      1.000     0
          3.78241213    3.95345281   -0.00003665    c      6.000     0
          2.76838306    4.64977681    1.71512706    h      1.000     0
          2.76823501    4.64982337   -1.71519577    h      1.000     0
          6.47515681    4.97792741    0.00025854    c      6.000     0
          8.30007530    3.54572471    0.00060010    o      8.000     0
          6.71929465    7.50883580    0.00058416    n      7.000     0
          5.14498496    8.65965565    0.00126784    h      1.000     0
          9.17190594    8.71831003   -0.00394629    c      6.000     0
         10.24479652    8.13368424    1.72837107    h      1.000     0
         10.69916198    7.97509557   -2.32781528    c      6.000     0
          9.66536691    8.55895099   -4.06949888    h      1.000     0
         12.57609790    8.92702052   -2.29393114    h      1.000     0
         10.98448189    5.89668869   -2.34883266    h      1.000     0
          8.89586701   11.57882211    0.00235354    c      6.000     0
          6.80034775   12.57337558   -0.00022471    o      8.000     0
         11.05144388   12.92039395    0.00037555    n      7.000     0
         12.75788997   12.00248617    0.00224039    h      1.000     0
         11.04937692   15.65163568   -0.00002571    c      6.000     0
          9.06724633   16.34195289    0.00010563    h      1.000     0
         12.04037740   16.37140984    1.71903375    h      1.000     0
         12.04038831   16.37175679   -1.71894212    h      1.000     0
 
       center of nuclear mass  :    8.29987176    8.96280136   -0.24271252
       center of nuclear charge:    8.32684597    8.99369438   -0.26853675

              +--------------------------------------------------+
              |               basis set information              |
              +--------------------------------------------------+

              we will work with the 1s 3p 5d 7f 9g ... basis set
              ...i.e. with spherical basis functions...

   type   atoms  prim   cont   basis
   ---------------------------------------------------------------------------
    h       12      4      2   def-SV(P)   [2s|4s]
    c        6     24     14   def-SV(P)   [3s2p1d|7s4p1d]
    o        2     24     14   def-SV(P)   [3s2p1d|7s4p1d]
    n        2     24     14   def-SV(P)   [3s2p1d|7s4p1d]
   ---------------------------------------------------------------------------
   total:   22    288    164
   ---------------------------------------------------------------------------

   total number of primitive shells          :   40
   total number of contracted shells         :   84
   total number of cartesian basis functions :  174
   total number of SCF-basis functions       :  164


 integral neglect threshold       :  0.19E-10
 integral storage threshold THIZE :  0.10E-04
 integral storage threshold THIME :         5


 symmetry group of the molecule :   c1 

 the group has the following generators :
   c1(z)

    1 symmetry operations found

 there are 1 real representations :   a   

 maximum number of shells which are related by symmetry :  1

  
           ------------------
           density functional
           ------------------
 B-P86 functional
 exchange:    LDA + Becke (B88)
 correlation: LDA (VWN) + Perdew (P86)
 iterations will be done with small grid
  
 spherical integration : Lebedev's spherical grid
 spherical gridsize    :                     3
    i.e. gridpoints    :                   302
  maximum batchsize    :                   100
 value for diffuse not defined
 radial integration    : Chebyshev 2nd kind (scaling 3)
 radial gridsize       :                     3
 integration cells     :                    22
 partition function    : becke
 partition sharpness   :                     3
  

          ------------------------
          nuclear repulsion energy  :   552.089010094    
          ------------------------


         -----------------
         -S,T+V- integrals
         -----------------

 1e-integrals will be neglected if expon. factor < 0.192067E-11
 
 Difference densities algorithm switched on.
 The maximal number of linear combinations of
 difference densities is  20.

 DIIS switched on: error vector is FDS-SDF
 Max. Iterations for DIIS is     :   4
 DIIS matrix (see manual) 
    Scaling factor of diagonals  :  1.200
    threshold for scaling factor :  0.000

 scf convergence criterion : increment of total energy < .1000000D-06
                  and increment of one-electron energy < .1000000D-03

 MOs are in ASCII format !


    mo occupation :
   irrep   mo's   occupied
    a      164       39
 
 number of basis functions   :   164
 number of occupied orbitals :    39
 

 reading orbital data $scfmo  from file mos
 orbital characterization : expanded
 virtual MOs provided and orthogonalized by Cholesky decomposition

 automatic virtual orbital shift switched on 
      shift if e(lumo)-e(homo) < 0.10000000    


 DSCF restart information will be dumped onto file mos

          Overall gridpoints after grid construction =         27545
 
                                              current damping :  0.300
 ITERATION  ENERGY          1e-ENERGY        2e-ENERGY     NORM[dD(SAO)]  TOL
   1  -493.52420213293    -1756.3636818     710.75046961    0.000D+00 0.192D-10
                            Exc =   -67.261142590381     N = 78.000714364    
          max. resid. norm for Fia-block=  3.580D-01 for orbital     28a         
          max. resid. fock norm         =  1.196D+00 for orbital     44a         
          Delta Eig. =    52.9329805639 eV 
 
                                              current damping :  0.250
 ITERATION  ENERGY          1e-ENERGY        2e-ENERGY     NORM[dD(SAO)]  TOL
   2  -495.10649630086    -1768.4333550     721.23784856    0.274D+01 0.124D-10
                            Exc =   -67.562987603112     N = 78.000979353    
          Norm of current diis error:  1.6760    
          max. resid. norm for Fia-block=  1.385D-01 for orbital     34a         
          max. resid. fock norm         =  2.947D-01 for orbital    115a         
          Delta Eig. =    19.2004577048 eV 
 
                                              current damping :  0.100
 ITERATION  ENERGY          1e-ENERGY        2e-ENERGY     NORM[dD(SAO)]  TOL
   3  -495.41268883179    -1769.2222528     721.72055383    0.102D+01 0.111D-10
                            Exc =   -68.222539982568     N = 78.001057777    
          Norm of current diis error: 0.70425    
          max. resid. norm for Fia-block=  5.723D-02 for orbital     36a         
          max. resid. fock norm         =  6.417D-02 for orbital     36a         
          Delta Eig. =     7.7677591897 eV 
 
                                              current damping :  0.150
 ITERATION  ENERGY          1e-ENERGY        2e-ENERGY     NORM[dD(SAO)]  TOL
   4  -495.42790934529    -1766.9949337     719.47801429    0.908D+00 0.981D-11
                            Exc =   -67.839907650964     N = 78.000894307    
          Norm of current diis error: 0.62750    
          max. resid. norm for Fia-block=  3.021D-02 for orbital     36a         
          max. resid. fock norm         =  4.552D-02 for orbital     37a         
          Delta Eig. =     2.1855500674 eV 
 
                                              current damping :  0.200
 ITERATION  ENERGY          1e-ENERGY        2e-ENERGY     NORM[dD(SAO)]  TOL
   5  -495.48472074733    -1768.0831463     720.50941542    0.205D+00 0.957D-11
                            Exc =   -67.977049245722     N = 78.001043498    
          Norm of current diis error: 0.13485    
          max. resid. norm for Fia-block=  9.502D-03 for orbital     19a         
          max. resid. fock norm         =  1.216D-02 for orbital     23a         
 mo-orthogonalization: Cholesky decomposition
          Delta Eig. =     0.9582531425 eV 
 
                                              current damping :  0.100
 ITERATION  ENERGY          1e-ENERGY        2e-ENERGY     NORM[dD(SAO)]  TOL
   6  -495.48644866349    -1768.6642770     721.08881826    0.777D-01 0.931D-11
                            Exc =   -68.040193508351     N = 78.001006937    
          Norm of current diis error: 0.71564E-01
          max. resid. norm for Fia-block=  4.235D-03 for orbital     19a         
          max. resid. fock norm         =  5.585D-03 for orbital     23a         
          Delta Eig. =     0.4962135428 eV 
 
                                              current damping :  0.150
 ITERATION  ENERGY          1e-ENERGY        2e-ENERGY     NORM[dD(SAO)]  TOL
   7  -495.48706349556    -1768.1885477     720.61247414    0.252D-01 0.919D-11
                            Exc =   -68.000922987976     N = 78.001013676    
          Norm of current diis error: 0.29094E-01
          max. resid. norm for Fia-block=  1.821D-03 for orbital     36a         
          max. resid. fock norm         =  2.542D-03 for orbital     36a         
          Delta Eig. =     0.1603842006 eV 
 
                                              current damping :  0.200
 ITERATION  ENERGY          1e-ENERGY        2e-ENERGY     NORM[dD(SAO)]  TOL
   8  -495.48712879954    -1768.3031192     720.72698026    0.149D-01 0.910D-11
                            Exc =   -68.008477572447     N = 78.001011870    
          Norm of current diis error: 0.21178E-01
          max. resid. norm for Fia-block=  1.148D-03 for orbital     36a         
          max. resid. fock norm         =  1.624D-03 for orbital     36a         
          Delta Eig. =     0.1137499230 eV 
 
                                              current damping :  0.100
 ITERATION  ENERGY          1e-ENERGY        2e-ENERGY     NORM[dD(SAO)]  TOL
   9  -495.48718704748    -1768.3517067     720.77550961    0.310D-02 0.901D-11
                            Exc =   -68.012044101313     N = 78.001015147    
          Norm of current diis error: 0.69322E-02
          max. resid. norm for Fia-block=  3.058D-04 for orbital     36a         
          max. resid. fock norm         =  4.097D-04 for orbital     36a         
          Delta Eig. =     0.0387532472 eV 
 
                                              current damping :  0.150
 ITERATION  ENERGY          1e-ENERGY        2e-ENERGY     NORM[dD(SAO)]  TOL
  10  -495.48719339281    -1768.3167394     720.74053589    0.819D-03 0.899D-11
                            Exc =   -68.009843824038     N = 78.001013808    
          Norm of current diis error: 0.24316E-02
          max. resid. norm for Fia-block=  1.597D-04 for orbital     39a         
          max. resid. fock norm         =  2.285D-04 for orbital     32a         
 mo-orthogonalization: Cholesky decomposition
          Delta Eig. =     0.0140746690 eV 
 
                                              current damping :  0.200
 ITERATION  ENERGY          1e-ENERGY        2e-ENERGY     NORM[dD(SAO)]  TOL
  11  -495.48719396286    -1768.3177403     720.74153628    0.297D-03 0.890D-11
                            Exc =   -68.009531914957     N = 78.001013916    
          Norm of current diis error: 0.13594E-02
          max. resid. norm for Fia-block=  9.659D-05 for orbital     39a         
          max. resid. fock norm         =  1.185D-04 for orbital     32a         
          Delta Eig. =     0.0094011296 eV 
 
                                              current damping :  0.100
 ITERATION  ENERGY          1e-ENERGY        2e-ENERGY     NORM[dD(SAO)]  TOL
  12  -495.48719415697    -1768.3216372     720.74543296    0.105D-03 0.885D-11
                            Exc =   -68.010149767882     N = 78.001014130    
          Norm of current diis error: 0.74575E-03
          max. resid. norm for Fia-block=  4.489D-05 for orbital     38a         
          max. resid. fock norm         =  6.269D-05 for orbital     38a         
          Delta Eig. =     0.0037927749 eV 
