 
       ╔════════════════════════════════════════════╗
       ║            ___ ___ ___ ___ _____           ║
       ║           / __| _ \ __/ __|_   _|          ║
       ║          | (__|   / _|\__ \ | |            ║
       ║           \___|_|_\___|___/ |_|            ║
       ║                                            ║
       ║  Conformer-Rotamer Ensemble Sampling Tool  ║
       ║          based on the xTB methods          ║
       ║                                            ║
       ╚════════════════════════════════════════════╝
       Version 3.0.2, Fri Jul 12 19:18:55 UTC 2024
       commit (95163db) compiled by 'runner@fv-az528-291'
 
   Cite work conducted with this code as

   • P.Pracht, F.Bohle, S.Grimme, PCCP, 2020, 22, 7169-7192.
   • S.Grimme, JCTC, 2019, 15, 2847-2862.
   • P.Pracht, S.Grimme, C.Bannwarth, F.Bohle, S.Ehlert,
     G.Feldmann, J.Gorges, M.Müller, T.Neudecker, C.Plett,
     S.Spicher, P.Steinbach, P.Wesołowski, F.Zeller,
     J. Chem. Phys., 2024, 160, 114110.

   for works involving QCG cite

   • S.Spicher, C.Plett, P.Pracht, A.Hansen, S.Grimme,
     JCTC, 2022, 18 (5), 3174-3189.
   • C.Plett, S. Grimme,
     Angew. Chem. Int. Ed. 2023, 62, e202214477.

   for works involving MECP screening cite

   • P.Pracht, C.Bannwarth, JCTC, 2022, 18 (10), 6370-6385.
 
   Original code
     P.Pracht, S.Grimme, Universität Bonn, MCTC
   with help from (alphabetical order):
     C.Bannwarth, F.Bohle, S.Ehlert, G.Feldmann, J.Gorges,
     S.Grimme, C.Plett, P.Pracht, S.Spicher, P.Steinbach,
     P.Wesolowski, F.Zeller
 
   Online documentation is available at
   https://crest-lab.github.io/crest-docs/
 
   This program is distributed in the hope that it will be useful,
   but WITHOUT ANY WARRANTY; without even the implied warranty of
   MERCHANTABILITY or FITNESS FOR A PARTICULAR PURPOSE. See the
   GNU Lesser General Public License (LGPL) for more details.

 Command line input:
 $ ./crest ../../datasets/files/alaninedipeptide/xyz/alaninedipeptide.xyz


> Setting up backup calculator ... done.
 ----------------
 Calculation info
 ----------------
> User-defined calculation level:
 : xTB calculation via tblite lib
 : GFN2-xTB level
 :   Molecular charge    : 0
 :   Fermi temperature   : 300.00000
 :   Accuracy            : 1.00000
 :   max SCC cycles      : 500
 :   Read dipoles?       : yes
 :   Weight              : 1.00000
 
 
 -----------------------------
 Initial Geometry Optimization
 -----------------------------
 Geometry successfully optimized.
 
          ┍━━━━━━━━━━━━━━━━━━━━━━━━━━━━━━━━━━━━━━━━━━━━━━━━━┑
          │              CREST iMTD-GC SAMPLING             │
          ┕━━━━━━━━━━━━━━━━━━━━━━━━━━━━━━━━━━━━━━━━━━━━━━━━━┙
 
 Input structure:
  22
 
 H         -4.2890537277       -0.8648742369       -0.2524398038
 C         -3.2872232506       -1.2033376849       -0.0041347813
 H         -3.0402767069       -2.0667961387       -0.6191250599
 H         -3.2487715680       -1.4973715958        1.0419940226
 C         -2.2996098705       -0.0894814838       -0.2776141392
 O         -2.5873492000        0.9524212557       -0.8320677785
 N         -1.0463855873       -0.3583957225        0.1498174856
 H         -0.7954202232       -1.2356027216        0.5872007266
 C          0.0574271674        0.5475772463       -0.0560586564
 H         -0.0265584256        0.9758339078       -1.0631664650
 C          0.0338393817        1.6841341094        0.9751161887
 H          0.1158752114        1.2781769687        1.9809816021
 H          0.8495321471        2.3825658789        0.8069517438
 H         -0.9096586026        2.2162753168        0.8835528463
 C          1.3478148987       -0.2632090046        0.0780344413
 O          1.3600232963       -1.3749236237        0.5684333593
 N          2.4447361265        0.3712150393       -0.3727848779
 H          2.3543196169        1.2925295085       -0.7699757889
 C          3.7713446035       -0.1896184149       -0.2815900567
 H          3.6729347651       -1.2091376242        0.0885274509
 H          4.2488117140       -0.2024770887       -1.2628995503
 H          4.3897169388        0.3866305169        0.4109579846
 
 ------------------------------------------------
 Generating MTD length from a flexibility measure
 ------------------------------------------------
 Calculating GFN0-xTB WBOs   ... done.
 Calculating NCI flexibility ... done.
     covalent flexibility measure :   0.358
 non-covalent flexibility measure :   0.807
 flexibility measure :   0.421
 t(MTD) / ps    :     5.0
 Σ(t(MTD)) / ps :    70.0 (14 MTDs)
 
 -----------------------------------
 Starting trial MTD to test settings
 -----------------------------------
 Trial MTD 1 runtime (1.0 ps) ...        0 min,  2.191 sec
 Estimated runtime for one MTD (5.0 ps) on a single thread: 11 sec
 Estimated runtime for a batch of 14 MTDs on 1 threads: 2 min 33 sec
 
******************************************************************************************
**                         N E W   I T E R A T I O N  C Y C L E                         **
******************************************************************************************
 
 ------------------------------
 Meta-Dynamics Iteration 1
 ------------------------------
 list of applied metadynamics Vbias parameters:
$metadyn    0.06600   1.300
$metadyn    0.03300   1.300
$metadyn    0.01650   1.300
$metadyn    0.06600   0.780
$metadyn    0.03300   0.780
$metadyn    0.01650   0.780
$metadyn    0.06600   0.468
$metadyn    0.03300   0.468
$metadyn    0.01650   0.468
$metadyn    0.06600   0.281
$metadyn    0.03300   0.281
$metadyn    0.01650   0.281
$metadyn    0.02200   0.100
$metadyn    0.11000   0.800
 
  ::::::::::::: starting MTD    1 :::::::::::::
  |   MD simulation time   :     5.0 ps       |
  |   target T             :   300.0 K        |
  |   timestep dt          :     5.0 fs       |
  |   dump interval(trj)   :   100.0 fs       |
  |   SHAKE algorithm      : true (all bonds) |
  |   dump interval(Vbias) :    1.00 ps       |
  |   Vbias prefactor (k)  :  0.0660 Eh       |
  |   Vbias exponent (α)   :  1.3000 bohr⁻²   |
*MTD   1 completed successfully ...        0 min, 14.241 sec
  ::::::::::::: starting MTD    2 :::::::::::::
  |   MD simulation time   :     5.0 ps       |
  |   target T             :   300.0 K        |
  |   timestep dt          :     5.0 fs       |
  |   dump interval(trj)   :   100.0 fs       |
  |   SHAKE algorithm      : true (all bonds) |
  |   dump interval(Vbias) :    1.00 ps       |
  |   Vbias prefactor (k)  :  0.0330 Eh       |
  |   Vbias exponent (α)   :  1.3000 bohr⁻²   |
*MTD   2 completed successfully ...        0 min, 14.326 sec
  ::::::::::::: starting MTD    3 :::::::::::::
  |   MD simulation time   :     5.0 ps       |
  |   target T             :   300.0 K        |
  |   timestep dt          :     5.0 fs       |
  |   dump interval(trj)   :   100.0 fs       |
  |   SHAKE algorithm      : true (all bonds) |
  |   dump interval(Vbias) :    1.00 ps       |
  |   Vbias prefactor (k)  :  0.0165 Eh       |
  |   Vbias exponent (α)   :  1.3000 bohr⁻²   |
*MTD   3 completed successfully ...        0 min, 12.978 sec
  ::::::::::::: starting MTD    4 :::::::::::::
  |   MD simulation time   :     5.0 ps       |
  |   target T             :   300.0 K        |
  |   timestep dt          :     5.0 fs       |
  |   dump interval(trj)   :   100.0 fs       |
  |   SHAKE algorithm      : true (all bonds) |
  |   dump interval(Vbias) :    1.00 ps       |
  |   Vbias prefactor (k)  :  0.0660 Eh       |
  |   Vbias exponent (α)   :  0.7800 bohr⁻²   |
*MTD   4 completed successfully ...        0 min, 11.122 sec
  ::::::::::::: starting MTD    5 :::::::::::::
  |   MD simulation time   :     5.0 ps       |
  |   target T             :   300.0 K        |
  |   timestep dt          :     5.0 fs       |
  |   dump interval(trj)   :   100.0 fs       |
  |   SHAKE algorithm      : true (all bonds) |
  |   dump interval(Vbias) :    1.00 ps       |
  |   Vbias prefactor (k)  :  0.0330 Eh       |
  |   Vbias exponent (α)   :  0.7800 bohr⁻²   |
*MTD   5 completed successfully ...        0 min, 11.451 sec
  ::::::::::::: starting MTD    6 :::::::::::::
  |   MD simulation time   :     5.0 ps       |
  |   target T             :   300.0 K        |
  |   timestep dt          :     5.0 fs       |
  |   dump interval(trj)   :   100.0 fs       |
  |   SHAKE algorithm      : true (all bonds) |
  |   dump interval(Vbias) :    1.00 ps       |
  |   Vbias prefactor (k)  :  0.0165 Eh       |
  |   Vbias exponent (α)   :  0.7800 bohr⁻²   |
*MTD   6 completed successfully ...        0 min, 11.415 sec
  ::::::::::::: starting MTD    7 :::::::::::::
  |   MD simulation time   :     5.0 ps       |
  |   target T             :   300.0 K        |
  |   timestep dt          :     5.0 fs       |
  |   dump interval(trj)   :   100.0 fs       |
  |   SHAKE algorithm      : true (all bonds) |
  |   dump interval(Vbias) :    1.00 ps       |
  |   Vbias prefactor (k)  :  0.0660 Eh       |
  |   Vbias exponent (α)   :  0.4680 bohr⁻²   |
*MTD   7 completed successfully ...        0 min, 11.143 sec
  ::::::::::::: starting MTD    8 :::::::::::::
  |   MD simulation time   :     5.0 ps       |
  |   target T             :   300.0 K        |
  |   timestep dt          :     5.0 fs       |
  |   dump interval(trj)   :   100.0 fs       |
  |   SHAKE algorithm      : true (all bonds) |
  |   dump interval(Vbias) :    1.00 ps       |
  |   Vbias prefactor (k)  :  0.0330 Eh       |
  |   Vbias exponent (α)   :  0.4680 bohr⁻²   |
*MTD   8 completed successfully ...        0 min, 10.460 sec
  ::::::::::::: starting MTD    9 :::::::::::::
  |   MD simulation time   :     5.0 ps       |
  |   target T             :   300.0 K        |
  |   timestep dt          :     5.0 fs       |
  |   dump interval(trj)   :   100.0 fs       |
  |   SHAKE algorithm      : true (all bonds) |
  |   dump interval(Vbias) :    1.00 ps       |
  |   Vbias prefactor (k)  :  0.0165 Eh       |
  |   Vbias exponent (α)   :  0.4680 bohr⁻²   |
*MTD   9 completed successfully ...        0 min, 10.487 sec
  ::::::::::::: starting MTD   10 :::::::::::::
  |   MD simulation time   :     5.0 ps       |
  |   target T             :   300.0 K        |
  |   timestep dt          :     5.0 fs       |
  |   dump interval(trj)   :   100.0 fs       |
  |   SHAKE algorithm      : true (all bonds) |
  |   dump interval(Vbias) :    1.00 ps       |
  |   Vbias prefactor (k)  :  0.0660 Eh       |
  |   Vbias exponent (α)   :  0.2808 bohr⁻²   |
*MTD  10 completed successfully ...        0 min, 10.640 sec
  ::::::::::::: starting MTD   11 :::::::::::::
  |   MD simulation time   :     5.0 ps       |
  |   target T             :   300.0 K        |
  |   timestep dt          :     5.0 fs       |
  |   dump interval(trj)   :   100.0 fs       |
  |   SHAKE algorithm      : true (all bonds) |
  |   dump interval(Vbias) :    1.00 ps       |
  |   Vbias prefactor (k)  :  0.0330 Eh       |
  |   Vbias exponent (α)   :  0.2808 bohr⁻²   |
*MTD  11 completed successfully ...        0 min, 10.543 sec
  ::::::::::::: starting MTD   12 :::::::::::::
  |   MD simulation time   :     5.0 ps       |
  |   target T             :   300.0 K        |
  |   timestep dt          :     5.0 fs       |
  |   dump interval(trj)   :   100.0 fs       |
  |   SHAKE algorithm      : true (all bonds) |
  |   dump interval(Vbias) :    1.00 ps       |
  |   Vbias prefactor (k)  :  0.0165 Eh       |
  |   Vbias exponent (α)   :  0.2808 bohr⁻²   |
*MTD  12 completed successfully ...        0 min, 10.544 sec
  ::::::::::::: starting MTD   13 :::::::::::::
  |   MD simulation time   :     5.0 ps       |
  |   target T             :   300.0 K        |
  |   timestep dt          :     5.0 fs       |
  |   dump interval(trj)   :   100.0 fs       |
  |   SHAKE algorithm      : true (all bonds) |
  |   dump interval(Vbias) :    1.00 ps       |
  |   Vbias prefactor (k)  :  0.0220 Eh       |
  |   Vbias exponent (α)   :  0.1000 bohr⁻²   |
*MTD  13 completed successfully ...        0 min, 10.577 sec
  ::::::::::::: starting MTD   14 :::::::::::::
  |   MD simulation time   :     5.0 ps       |
  |   target T             :   300.0 K        |
  |   timestep dt          :     5.0 fs       |
  |   dump interval(trj)   :   100.0 fs       |
  |   SHAKE algorithm      : true (all bonds) |
  |   dump interval(Vbias) :    1.00 ps       |
  |   Vbias prefactor (k)  :  0.1100 Eh       |
  |   Vbias exponent (α)   :  0.8000 bohr⁻²   |
*MTD  14 completed successfully ...        0 min, 10.566 sec
 
 ======================================
 |  Multilevel Ensemble Optimization  |
 ======================================
 Optimizing all 686 structures from file "crest_dynamics.trj" ...
 ----------------------
 crude pre-optimization
 ----------------------
 Optimization engine: ANCOPT
 Hessian update type: BFGS
 E/G convergence criteria:  0.500E-03 Eh, 0.100E-01 Eh/a0
 |>0.1% |>10.1% |>20.1% |>30.0% |>40.1% |>50.0% |>60.1% |>70.1% |>80.0% |>90.1% |>100.0%
 done.
> 686 of 686 structures successfully optimized (100.0% success)
> Total runtime for 686 optimizations:
 * wall-time:     0 d,  0 h,  1 min, 16.187 sec
 *  cpu-time:     0 d,  0 h,  1 min, 15.925 sec
 * ratio c/w:     0.997 speedup
> Corresponding to approximately 0.111 sec per processed structure
 
CREGEN> running RMSDs ... done.
CREGEN> E lowest :   -32.97558
 623 structures remain within    12.00 kcal/mol window
 ----------------------------------
 optimization with tight thresholds
 ----------------------------------
 Optimization engine: ANCOPT
 Hessian update type: BFGS
 E/G convergence criteria:  0.100E-05 Eh, 0.800E-03 Eh/a0
 |>0.2% |>10.1% |>20.1% |>30.0% |>40.1% |>50.1% |>60.0% |>70.1% |>80.1% |>90.0% |>100.0%
 done.
> 623 of 623 structures successfully optimized (100.0% success)
> Total runtime for 623 optimizations:
 * wall-time:     0 d,  0 h,  4 min, 15.904 sec
 *  cpu-time:     0 d,  0 h,  4 min, 14.886 sec
 * ratio c/w:     0.996 speedup
> Corresponding to approximately 0.411 sec per processed structure
 
CREGEN> running RMSDs ... done.
CREGEN> E lowest :   -32.97585
 83 structures remain within     6.00 kcal/mol window
 
 ------------------------------
 Meta-Dynamics Iteration 2
 ------------------------------
 list of applied metadynamics Vbias parameters:
$metadyn    0.06600   1.300
$metadyn    0.03300   1.300
$metadyn    0.01650   1.300
$metadyn    0.06600   0.780
$metadyn    0.03300   0.780
$metadyn    0.01650   0.780
$metadyn    0.06600   0.468
$metadyn    0.03300   0.468
$metadyn    0.01650   0.468
$metadyn    0.06600   0.281
$metadyn    0.03300   0.281
$metadyn    0.01650   0.281
$metadyn    0.02200   0.100
$metadyn    0.11000   0.800
 
  ::::::::::::: starting MTD    1 :::::::::::::
  |   MD simulation time   :     5.0 ps       |
  |   target T             :   300.0 K        |
  |   timestep dt          :     5.0 fs       |
  |   dump interval(trj)   :   100.0 fs       |
  |   SHAKE algorithm      : true (all bonds) |
  |   dump interval(Vbias) :    1.00 ps       |
  |   Vbias prefactor (k)  :  0.0660 Eh       |
  |   Vbias exponent (α)   :  1.3000 bohr⁻²   |
*MTD   1 completed successfully ...        0 min, 10.548 sec
  ::::::::::::: starting MTD    2 :::::::::::::
  |   MD simulation time   :     5.0 ps       |
  |   target T             :   300.0 K        |
  |   timestep dt          :     5.0 fs       |
  |   dump interval(trj)   :   100.0 fs       |
  |   SHAKE algorithm      : true (all bonds) |
  |   dump interval(Vbias) :    1.00 ps       |
  |   Vbias prefactor (k)  :  0.0330 Eh       |
  |   Vbias exponent (α)   :  1.3000 bohr⁻²   |
*MTD   2 completed successfully ...        0 min, 10.544 sec
  ::::::::::::: starting MTD    3 :::::::::::::
  |   MD simulation time   :     5.0 ps       |
  |   target T             :   300.0 K        |
  |   timestep dt          :     5.0 fs       |
  |   dump interval(trj)   :   100.0 fs       |
  |   SHAKE algorithm      : true (all bonds) |
  |   dump interval(Vbias) :    1.00 ps       |
  |   Vbias prefactor (k)  :  0.0165 Eh       |
  |   Vbias exponent (α)   :  1.3000 bohr⁻²   |
*MTD   3 completed successfully ...        0 min, 10.463 sec
  ::::::::::::: starting MTD    4 :::::::::::::
  |   MD simulation time   :     5.0 ps       |
  |   target T             :   300.0 K        |
  |   timestep dt          :     5.0 fs       |
  |   dump interval(trj)   :   100.0 fs       |
  |   SHAKE algorithm      : true (all bonds) |
  |   dump interval(Vbias) :    1.00 ps       |
  |   Vbias prefactor (k)  :  0.0660 Eh       |
  |   Vbias exponent (α)   :  0.7800 bohr⁻²   |
*MTD   4 completed successfully ...        0 min, 10.602 sec
  ::::::::::::: starting MTD    5 :::::::::::::
  |   MD simulation time   :     5.0 ps       |
  |   target T             :   300.0 K        |
  |   timestep dt          :     5.0 fs       |
  |   dump interval(trj)   :   100.0 fs       |
  |   SHAKE algorithm      : true (all bonds) |
  |   dump interval(Vbias) :    1.00 ps       |
  |   Vbias prefactor (k)  :  0.0330 Eh       |
  |   Vbias exponent (α)   :  0.7800 bohr⁻²   |
*MTD   5 completed successfully ...        0 min, 10.546 sec
  ::::::::::::: starting MTD    6 :::::::::::::
  |   MD simulation time   :     5.0 ps       |
  |   target T             :   300.0 K        |
  |   timestep dt          :     5.0 fs       |
  |   dump interval(trj)   :   100.0 fs       |
  |   SHAKE algorithm      : true (all bonds) |
  |   dump interval(Vbias) :    1.00 ps       |
  |   Vbias prefactor (k)  :  0.0165 Eh       |
  |   Vbias exponent (α)   :  0.7800 bohr⁻²   |
*MTD   6 completed successfully ...        0 min, 10.495 sec
  ::::::::::::: starting MTD    7 :::::::::::::
  |   MD simulation time   :     5.0 ps       |
  |   target T             :   300.0 K        |
  |   timestep dt          :     5.0 fs       |
  |   dump interval(trj)   :   100.0 fs       |
  |   SHAKE algorithm      : true (all bonds) |
  |   dump interval(Vbias) :    1.00 ps       |
  |   Vbias prefactor (k)  :  0.0660 Eh       |
  |   Vbias exponent (α)   :  0.4680 bohr⁻²   |
*MTD   7 completed successfully ...        0 min, 10.693 sec
  ::::::::::::: starting MTD    8 :::::::::::::
  |   MD simulation time   :     5.0 ps       |
  |   target T             :   300.0 K        |
  |   timestep dt          :     5.0 fs       |
  |   dump interval(trj)   :   100.0 fs       |
  |   SHAKE algorithm      : true (all bonds) |
  |   dump interval(Vbias) :    1.00 ps       |
  |   Vbias prefactor (k)  :  0.0330 Eh       |
  |   Vbias exponent (α)   :  0.4680 bohr⁻²   |
*MTD   8 completed successfully ...        0 min, 10.971 sec
  ::::::::::::: starting MTD    9 :::::::::::::
  |   MD simulation time   :     5.0 ps       |
  |   target T             :   300.0 K        |
  |   timestep dt          :     5.0 fs       |
  |   dump interval(trj)   :   100.0 fs       |
  |   SHAKE algorithm      : true (all bonds) |
  |   dump interval(Vbias) :    1.00 ps       |
  |   Vbias prefactor (k)  :  0.0165 Eh       |
  |   Vbias exponent (α)   :  0.4680 bohr⁻²   |
*MTD   9 completed successfully ...        0 min, 13.750 sec
  ::::::::::::: starting MTD   10 :::::::::::::
  |   MD simulation time   :     5.0 ps       |
  |   target T             :   300.0 K        |
  |   timestep dt          :     5.0 fs       |
  |   dump interval(trj)   :   100.0 fs       |
  |   SHAKE algorithm      : true (all bonds) |
  |   dump interval(Vbias) :    1.00 ps       |
  |   Vbias prefactor (k)  :  0.0660 Eh       |
  |   Vbias exponent (α)   :  0.2808 bohr⁻²   |
*MTD  10 completed successfully ...        0 min, 13.475 sec
  ::::::::::::: starting MTD   11 :::::::::::::
  |   MD simulation time   :     5.0 ps       |
  |   target T             :   300.0 K        |
  |   timestep dt          :     5.0 fs       |
  |   dump interval(trj)   :   100.0 fs       |
  |   SHAKE algorithm      : true (all bonds) |
  |   dump interval(Vbias) :    1.00 ps       |
  |   Vbias prefactor (k)  :  0.0330 Eh       |
  |   Vbias exponent (α)   :  0.2808 bohr⁻²   |
*MTD  11 completed successfully ...        0 min, 10.874 sec
  ::::::::::::: starting MTD   12 :::::::::::::
  |   MD simulation time   :     5.0 ps       |
  |   target T             :   300.0 K        |
  |   timestep dt          :     5.0 fs       |
  |   dump interval(trj)   :   100.0 fs       |
  |   SHAKE algorithm      : true (all bonds) |
  |   dump interval(Vbias) :    1.00 ps       |
  |   Vbias prefactor (k)  :  0.0165 Eh       |
  |   Vbias exponent (α)   :  0.2808 bohr⁻²   |
*MTD  12 completed successfully ...        0 min, 10.813 sec
  ::::::::::::: starting MTD   13 :::::::::::::
  |   MD simulation time   :     5.0 ps       |
  |   target T             :   300.0 K        |
  |   timestep dt          :     5.0 fs       |
  |   dump interval(trj)   :   100.0 fs       |
  |   SHAKE algorithm      : true (all bonds) |
  |   dump interval(Vbias) :    1.00 ps       |
  |   Vbias prefactor (k)  :  0.0220 Eh       |
  |   Vbias exponent (α)   :  0.1000 bohr⁻²   |
*MTD  13 completed successfully ...        0 min, 11.168 sec
  ::::::::::::: starting MTD   14 :::::::::::::
  |   MD simulation time   :     5.0 ps       |
  |   target T             :   300.0 K        |
  |   timestep dt          :     5.0 fs       |
  |   dump interval(trj)   :   100.0 fs       |
  |   SHAKE algorithm      : true (all bonds) |
  |   dump interval(Vbias) :    1.00 ps       |
  |   Vbias prefactor (k)  :  0.1100 Eh       |
  |   Vbias exponent (α)   :  0.8000 bohr⁻²   |
*MTD  14 completed successfully ...        0 min, 10.935 sec
 
 ======================================
 |  Multilevel Ensemble Optimization  |
 ======================================
 Optimizing all 686 structures from file "crest_dynamics.trj" ...
 ----------------------
 crude pre-optimization
 ----------------------
 Optimization engine: ANCOPT
 Hessian update type: BFGS
 E/G convergence criteria:  0.500E-03 Eh, 0.100E-01 Eh/a0
 |>0.1% |>10.1% |>20.1% |>30.0% |>40.1% |>50.0% |>60.1% |>70.1% |>80.0% |>90.1% |>100.0%
 done.
> 686 of 686 structures successfully optimized (100.0% success)
> Total runtime for 686 optimizations:
 * wall-time:     0 d,  0 h,  1 min, 21.117 sec
 *  cpu-time:     0 d,  0 h,  1 min, 20.838 sec
 * ratio c/w:     0.997 speedup
> Corresponding to approximately 0.118 sec per processed structure
 
CREGEN> running RMSDs ... done.
CREGEN> E lowest :   -32.97576
 637 structures remain within    12.00 kcal/mol window
 ----------------------------------
 optimization with tight thresholds
 ----------------------------------
 Optimization engine: ANCOPT
 Hessian update type: BFGS
 E/G convergence criteria:  0.100E-05 Eh, 0.800E-03 Eh/a0
 |>0.2% |>10.0% |>20.1% |>30.1% |>40.0% |>50.1% |>60.1% |>70.0% |>80.1% |>90.1% |>100.0%
 done.
> 637 of 637 structures successfully optimized (100.0% success)
> Total runtime for 637 optimizations:
 * wall-time:     0 d,  0 h,  4 min, 11.048 sec
 *  cpu-time:     0 d,  0 h,  4 min,  9.837 sec
 * ratio c/w:     0.995 speedup
> Corresponding to approximately 0.394 sec per processed structure
 
CREGEN> running RMSDs ... done.
CREGEN> E lowest :   -32.97585
 91 structures remain within     6.00 kcal/mol window
 
========================================
           MTD Simulations done         
========================================
 Collecting ensmbles.
CREGEN> running RMSDs ... done.
CREGEN> E lowest :   -32.97585
 101 structures remain within     6.00 kcal/mol window
 

 ===============================================
 Additional regular MDs on lowest 4 conformer(s)
 ===============================================
  :::::::::::::: starting MD   1 ::::::::::::::
  |   MD simulation time   :     2.5 ps       |
  |   target T             :   400.0 K        |
  |   timestep dt          :     5.0 fs       |
  |   dump interval(trj)   :   100.0 fs       |
  |   SHAKE algorithm      : true (all bonds) |
*MD   1 completed successfully ...        0 min,  5.331 sec
  :::::::::::::: starting MD   2 ::::::::::::::
  |   MD simulation time   :     2.5 ps       |
  |   target T             :   400.0 K        |
  |   timestep dt          :     5.0 fs       |
  |   dump interval(trj)   :   100.0 fs       |
  |   SHAKE algorithm      : true (all bonds) |
*MD   2 completed successfully ...        0 min,  5.379 sec
  :::::::::::::: starting MD   3 ::::::::::::::
  |   MD simulation time   :     2.5 ps       |
  |   target T             :   400.0 K        |
  |   timestep dt          :     5.0 fs       |
  |   dump interval(trj)   :   100.0 fs       |
  |   SHAKE algorithm      : true (all bonds) |
*MD   3 completed successfully ...        0 min,  5.325 sec
  :::::::::::::: starting MD   4 ::::::::::::::
  |   MD simulation time   :     2.5 ps       |
  |   target T             :   400.0 K        |
  |   timestep dt          :     5.0 fs       |
  |   dump interval(trj)   :   100.0 fs       |
  |   SHAKE algorithm      : true (all bonds) |
*MD   4 completed successfully ...        0 min,  5.350 sec
  :::::::::::::: starting MD   5 ::::::::::::::
  |   MD simulation time   :     2.5 ps       |
  |   target T             :   500.0 K        |
  |   timestep dt          :     5.0 fs       |
  |   dump interval(trj)   :   100.0 fs       |
  |   SHAKE algorithm      : true (all bonds) |
*MD   5 completed successfully ...        0 min,  5.354 sec
  :::::::::::::: starting MD   6 ::::::::::::::
  |   MD simulation time   :     2.5 ps       |
  |   target T             :   500.0 K        |
  |   timestep dt          :     5.0 fs       |
  |   dump interval(trj)   :   100.0 fs       |
  |   SHAKE algorithm      : true (all bonds) |
*MD   6 completed successfully ...        0 min,  5.406 sec
  :::::::::::::: starting MD   7 ::::::::::::::
  |   MD simulation time   :     2.5 ps       |
  |   target T             :   500.0 K        |
  |   timestep dt          :     5.0 fs       |
  |   dump interval(trj)   :   100.0 fs       |
  |   SHAKE algorithm      : true (all bonds) |
*MD   7 completed successfully ...        0 min,  5.477 sec
  :::::::::::::: starting MD   8 ::::::::::::::
  |   MD simulation time   :     2.5 ps       |
  |   target T             :   500.0 K        |
  |   timestep dt          :     5.0 fs       |
  |   dump interval(trj)   :   100.0 fs       |
  |   SHAKE algorithm      : true (all bonds) |
*MD   8 completed successfully ...        0 min,  5.457 sec
 Appending file crest_rotamers_1.xyz with new structures
 Optimizing all 293 structures from file "crest_rotamers_1.xyz" ...
 ----------------------------------
 optimization with tight thresholds
 ----------------------------------
 Optimization engine: ANCOPT
 Hessian update type: BFGS
 E/G convergence criteria:  0.100E-05 Eh, 0.800E-03 Eh/a0
 |>0.3% |>10.2% |>20.1% |>30.0% |>40.3% |>50.2% |>60.1% |>70.3% |>80.2% |>90.1% |>100.0%
 done.
> 293 of 293 structures successfully optimized (100.0% success)
> Total runtime for 293 optimizations:
 * wall-time:     0 d,  0 h,  1 min, 20.459 sec
 *  cpu-time:     0 d,  0 h,  1 min, 20.183 sec
 * ratio c/w:     0.997 speedup
> Corresponding to approximately 0.275 sec per processed structure
 
CREGEN> running RMSDs ... done.
CREGEN> E lowest :   -32.97585
 103 structures remain within     6.00 kcal/mol window
 
     ========================================
     |        Structure Crossing (GC)       |
     ========================================
 
 =============================
  # threads =           1
 =============================
input  file name : crest_rotamers_2.xyz
number of atoms                :      22
number of points on xyz files  :     103
conformer energy window  /kcal :    6.00
CN per atom difference cut-off :  0.3000
RMSD threshold (Ang, Bohr)     :  0.2500  0.4724
max. # of generated structures :      250
 # in E window         103
  10.0 % done
  35.4 % done
  60.6 % done
 finished.
 average rmsd w.r.t input     :     2.52115
 number of clash discarded    :        1992
 removed identical structures :        2329

 250 structures written to confcross.xyz

 
 ======================================
 |  Multilevel Ensemble Optimization  |
 ======================================
 Optimizing all 250 structures from file "confcross.xyz" ...
 ----------------------
 crude pre-optimization
 ----------------------
 Optimization engine: ANCOPT
 Hessian update type: BFGS
 E/G convergence criteria:  0.500E-03 Eh, 0.100E-01 Eh/a0
 |>0.4% |>10.0% |>20.0% |>30.0% |>40.0% |>50.0% |>60.0% |>70.4% |>80.0% |>90.4% |>100.0%
 done.
> 250 of 250 structures successfully optimized (100.0% success)
> Total runtime for 250 optimizations:
 * wall-time:     0 d,  0 h,  0 min, 17.415 sec
 *  cpu-time:     0 d,  0 h,  0 min, 17.355 sec
 * ratio c/w:     0.997 speedup
> Corresponding to approximately 0.070 sec per processed structure
 
CREGEN> running RMSDs ... done.
CREGEN> E lowest :   -32.97585
 174 structures remain within    12.00 kcal/mol window
 ----------------------------------
 optimization with tight thresholds
 ----------------------------------
 Optimization engine: ANCOPT
 Hessian update type: BFGS
 E/G convergence criteria:  0.100E-05 Eh, 0.800E-03 Eh/a0
 |>0.6% |>10.3% |>20.1% |>30.5% |>40.2% |>50.0% |>60.3% |>70.1% |>80.5% |>90.2% |>100.0%
 done.
> 174 of 174 structures successfully optimized (100.0% success)
> Total runtime for 174 optimizations:
 * wall-time:     0 d,  0 h,  1 min, 12.584 sec
 *  cpu-time:     0 d,  0 h,  1 min, 12.337 sec
 * ratio c/w:     0.997 speedup
> Corresponding to approximately 0.417 sec per processed structure
 
CREGEN> running RMSDs ... done.
CREGEN> E lowest :   -32.97585
 58 structures remain within     6.00 kcal/mol window
appending new structures to crest_rotamers_2.xyz
CREGEN> running RMSDs ... done.
CREGEN> E lowest :   -32.97585


   ================================================
   |           Final Geometry Optimization        |
   ================================================
 Optimizing all 112 structures from file "crest_rotamers_3.xyz" ...
 ---------------------------------------
 optimization with very tight thresholds
 ---------------------------------------
 Optimization engine: ANCOPT
 Hessian update type: BFGS
 E/G convergence criteria:  0.100E-06 Eh, 0.200E-03 Eh/a0
 |>0.9% |>10.7% |>20.5% |>30.4% |>40.2% |>50.0% |>60.7% |>70.5% |>80.4% |>90.2% |>100.0%
 done.
> 112 of 112 structures successfully optimized (100.0% success)
> Total runtime for 112 optimizations:
 * wall-time:     0 d,  0 h,  0 min, 17.902 sec
 *  cpu-time:     0 d,  0 h,  0 min, 17.840 sec
 * ratio c/w:     0.997 speedup
> Corresponding to approximately 0.160 sec per processed structure
 
CREGEN> running RMSDs ... done.
CREGEN> E lowest :   -32.97585
 92 structures remain within     6.00 kcal/mol window


 --------------------------
 Final Ensemble Information
 --------------------------
 input  file name : crest_rotamers_3.xyz
 output file name : crest_rotamers_4.xyz
 number of atoms                :   22
 number of points on xyz files  :   112
 RMSD threshold                 :   0.1250
 Bconst threshold               :   0.0100
 population threshold           :   0.0500
 conformer energy window  /kcal :   6.0000
 # fragment in coord            :     1
 # bonds in reference structure :    21
 number of reliable points      :   112
 reference state Etot :  -32.9758497600000
 number of doubles removed by rot/RMSD         :          20
 total number unique points considered further :          92
       Erel/kcal        Etot weight/tot  conformer     set   degen     origin
       1   0.000   -32.97585    0.02798    0.75530       1      27
       2   0.000   -32.97585    0.02798
       3   0.000   -32.97585    0.02798
       4   0.000   -32.97585    0.02798
       5   0.000   -32.97585    0.02798
       6   0.000   -32.97585    0.02798
       7   0.000   -32.97585    0.02798
       8   0.000   -32.97585    0.02798
       9   0.000   -32.97585    0.02798
      10   0.000   -32.97585    0.02798
      11   0.000   -32.97585    0.02798
      12   0.000   -32.97585    0.02797
      13   0.000   -32.97585    0.02797
      14   0.000   -32.97585    0.02797
      15   0.000   -32.97585    0.02797
      16   0.000   -32.97585    0.02797
      17   0.000   -32.97585    0.02797
      18   0.000   -32.97585    0.02797
      19   0.000   -32.97585    0.02797
      20   0.000   -32.97585    0.02797
      21   0.000   -32.97585    0.02797
      22   0.000   -32.97585    0.02797
      23   0.000   -32.97585    0.02797
      24   0.000   -32.97585    0.02797
      25   0.000   -32.97585    0.02797
      26   0.000   -32.97585    0.02797
      27   0.000   -32.97585    0.02797
      28   0.333   -32.97532    0.01597    0.11163       2       7
      29   0.333   -32.97532    0.01595
      30   0.333   -32.97532    0.01595
      31   0.333   -32.97532    0.01595
      32   0.333   -32.97532    0.01594
      33   0.334   -32.97532    0.01594
      34   0.334   -32.97532    0.01594
      35   1.282   -32.97381    0.00322    0.08692       3      27
      36   1.282   -32.97381    0.00322
      37   1.282   -32.97381    0.00322
      38   1.282   -32.97381    0.00322
      39   1.282   -32.97381    0.00322
      40   1.282   -32.97381    0.00322
      41   1.282   -32.97381    0.00322
      42   1.282   -32.97381    0.00322
      43   1.282   -32.97381    0.00322
      44   1.282   -32.97381    0.00322
      45   1.282   -32.97381    0.00322
      46   1.282   -32.97381    0.00322
      47   1.282   -32.97381    0.00322
      48   1.282   -32.97381    0.00322
      49   1.282   -32.97381    0.00322
      50   1.282   -32.97381    0.00322
      51   1.282   -32.97381    0.00322
      52   1.282   -32.97381    0.00322
      53   1.282   -32.97381    0.00322
      54   1.282   -32.97381    0.00322
      55   1.282   -32.97381    0.00322
      56   1.282   -32.97381    0.00322
      57   1.282   -32.97381    0.00322
      58   1.282   -32.97381    0.00322
      59   1.282   -32.97381    0.00322
      60   1.282   -32.97381    0.00322
      61   1.282   -32.97381    0.00322
      62   1.691   -32.97315    0.00162    0.00323       4       2
      63   1.692   -32.97315    0.00161
      64   1.700   -32.97314    0.00159    0.04292       5      27
      65   1.700   -32.97314    0.00159
      66   1.700   -32.97314    0.00159
      67   1.700   -32.97314    0.00159
      68   1.701   -32.97314    0.00159
      69   1.701   -32.97314    0.00159
      70   1.701   -32.97314    0.00159
      71   1.701   -32.97314    0.00159
      72   1.701   -32.97314    0.00159
      73   1.701   -32.97314    0.00159
      74   1.701   -32.97314    0.00159
      75   1.701   -32.97314    0.00159
      76   1.701   -32.97314    0.00159
      77   1.701   -32.97314    0.00159
      78   1.701   -32.97314    0.00159
      79   1.701   -32.97314    0.00159
      80   1.701   -32.97314    0.00159
      81   1.701   -32.97314    0.00159
      82   1.701   -32.97314    0.00159
      83   1.701   -32.97314    0.00159
      84   1.701   -32.97314    0.00159
      85   1.701   -32.97314    0.00159
      86   1.701   -32.97314    0.00159
      87   1.701   -32.97314    0.00159
      88   1.701   -32.97314    0.00159
      89   1.701   -32.97314    0.00159
      90   1.701   -32.97314    0.00159
      91   5.910   -32.96643    0.00000    0.00000       6       1
      92   5.919   -32.96642    0.00000    0.00000       7       1
T /K                                  :   298.15
E lowest                              :   -32.97585
ensemble average energy (kcal)        :    0.227
ensemble entropy (J/mol K, cal/mol K) :   32.921    7.868
ensemble free energy (kcal/mol)       :   -2.346
population of lowest in %             :   75.530
 number of unique conformers for further calc            7
 list of relative energies saved as "crest.energies"
 
 -----------------
 Wall Time Summary
 -----------------
 CREST runtime (total)               0 d,  0 h, 20 min, 21.915 sec
 ------------------------------------------------------------------
 Trial metadynamics (MTD)   ...        0 min,  2.262 sec (  0.185%)
 Metadynamics (MTD)         ...        5 min, 16.534 sec ( 25.905%)
 Geometry optimization      ...       12 min, 45.085 sec ( 62.614%)
 Molecular dynamics (MD)    ...        0 min, 43.116 sec (  3.529%)
 Genetic crossing (GC)      ...        1 min, 30.404 sec (  7.399%)
 I/O and setup              ...        0 min,  4.514 sec (  0.369%)
 ------------------------------------------------------------------
 * wall-time:     0 d,  0 h, 20 min, 21.915 sec
 *  cpu-time:     0 d,  0 h, 20 min, 12.120 sec
 * ratio c/w:     0.992 speedup
 ------------------------------------------------------------------
 * Total number of energy+grad calls: 119493
 
 CREST terminated normally.

============================= JOB FEEDBACK =============================

NodeName=uc2n266
Job ID: 23875035
Cluster: uc2
User/Group: fq0795/iti
State: COMPLETED (exit code 0)
Nodes: 1
Cores per node: 8
CPU Utilized: 00:20:13
CPU Efficiency: 12.05% of 02:47:44 core-walltime
Job Wall-clock time: 00:20:58
Memory Utilized: 32.95 MB
Memory Efficiency: 0.37% of 8.79 GB
