/home/ws/fq0795/git/gnn_uncertainty/active_learning.py:173: DeprecationWarning: Please use atoms.calc = calc
  self.atoms.set_calculator(self.calc)
['H1', 'CH3', 'H2', 'H3', 'C', 'O', 'N', 'H', 'CA', 'HA', 'CB', 'HB1', 'HB2', 'HB3', 'C', 'O', 'N', 'H', 'C', 'H1', 'H2', 'H3']
Uncertainty Slope: 0.6569406986236572, Uncertainty Bias: 0.026700153946876526

Training and Validation Results of Epoch Initital validation:
================================
Training Loss Energy: 0.0, Training Loss Force: 0.0, time: 0
Validation Loss Energy: 0.0, Validation Loss Force: 0.0, time: 0
Test Loss Energy: 12.432133419406135, Test Loss Force: 10.722090715140451, time: 14.087794542312622

Found uncertainty sample after 29 steps.
Found uncertainty sample after 11 steps.
Found uncertainty sample after 64 steps.
Found uncertainty sample after 11 steps.
Found uncertainty sample after 21 steps.
Found uncertainty sample after 90 steps.
Found uncertainty sample after 18 steps.
Found uncertainty sample after 314 steps.
Found uncertainty sample after 383 steps.
Found uncertainty sample after 175 steps.
Training model 0. Added 10 samples to the dataset.

Training and Validation Results of Epoch 0:
================================
Training Loss Energy: 2.9282047327656997, Training Loss Force: 2.744242262962815, time: 0.9825294017791748
Validation Loss Energy: 1.0310191569916418, Validation Loss Force: 2.669082056979662, time: 0.06154656410217285
Test Loss Energy: 12.460504383114953, Test Loss Force: 10.65236832833259, time: 14.495881795883179


Training and Validation Results of Epoch 1:
================================
Training Loss Energy: 1.5717995275134404, Training Loss Force: 2.347241408950942, time: 0.8956098556518555
Validation Loss Energy: 1.1620453645410869, Validation Loss Force: 2.5998519928192536, time: 0.061675310134887695
Test Loss Energy: 12.195840997409006, Test Loss Force: 10.614648375531237, time: 14.365646600723267


Training and Validation Results of Epoch 2:
================================
Training Loss Energy: 1.5792920745016756, Training Loss Force: 2.308411618198835, time: 0.8983139991760254
Validation Loss Energy: 1.0049006228471773, Validation Loss Force: 2.554762826783752, time: 0.06072854995727539
Test Loss Energy: 12.096537301353166, Test Loss Force: 10.663138781293995, time: 15.02339768409729


Training and Validation Results of Epoch 3:
================================
Training Loss Energy: 1.3326842011871867, Training Loss Force: 2.2662736233814815, time: 0.9311237335205078
Validation Loss Energy: 1.3411364885922121, Validation Loss Force: 2.569061971327797, time: 0.06083989143371582
Test Loss Energy: 11.996121513976076, Test Loss Force: 10.664377502576667, time: 14.699442863464355


Training and Validation Results of Epoch 4:
================================
Training Loss Energy: 1.0804886383500927, Training Loss Force: 2.2575251753071246, time: 0.8979969024658203
Validation Loss Energy: 0.9938525591682511, Validation Loss Force: 2.5547202969768796, time: 0.06106758117675781
Test Loss Energy: 12.360983693061893, Test Loss Force: 10.554272189205454, time: 14.76980996131897


Training and Validation Results of Epoch 5:
================================
Training Loss Energy: 1.1525071047240252, Training Loss Force: 2.2674472268076875, time: 0.8807590007781982
Validation Loss Energy: 1.2400658499098596, Validation Loss Force: 2.5686179690508166, time: 0.06473231315612793
Test Loss Energy: 12.596039767359503, Test Loss Force: 10.603880902372643, time: 15.303333282470703


Training and Validation Results of Epoch 6:
================================
Training Loss Energy: 1.3521451334091603, Training Loss Force: 2.2796754926273173, time: 0.9158852100372314
Validation Loss Energy: 1.338213399379045, Validation Loss Force: 2.5703104772290137, time: 0.06247687339782715
Test Loss Energy: 12.774190505397343, Test Loss Force: 10.56636586114428, time: 15.930809736251831


Training and Validation Results of Epoch 7:
================================
Training Loss Energy: 1.0156729364814654, Training Loss Force: 2.264952955548588, time: 0.9280273914337158
Validation Loss Energy: 1.181387965240396, Validation Loss Force: 2.564897835629801, time: 0.07155609130859375
Test Loss Energy: 12.070397435854265, Test Loss Force: 10.669244733007135, time: 16.36028265953064


Training and Validation Results of Epoch 8:
================================
Training Loss Energy: 1.165314455914432, Training Loss Force: 2.266377233047921, time: 0.9185314178466797
Validation Loss Energy: 1.0416450399698889, Validation Loss Force: 2.55626717953364, time: 0.06407833099365234
Test Loss Energy: 12.11708254277286, Test Loss Force: 10.523703334134643, time: 15.949253797531128


Training and Validation Results of Epoch 9:
================================
Training Loss Energy: 1.0606403196225405, Training Loss Force: 2.231887186872166, time: 0.9466044902801514
Validation Loss Energy: 1.0140135803134178, Validation Loss Force: 2.544365291014654, time: 0.0650794506072998
Test Loss Energy: 12.298992201797974, Test Loss Force: 10.6123802652792, time: 16.483487367630005


Training and Validation Results of Epoch 10:
================================
Training Loss Energy: 1.1154788786464325, Training Loss Force: 2.2388400994673443, time: 0.9127860069274902
Validation Loss Energy: 1.6138289261601153, Validation Loss Force: 2.5358286012980744, time: 0.06683588027954102
Test Loss Energy: 12.922133611346196, Test Loss Force: 10.561782653953, time: 16.563233375549316


Training and Validation Results of Epoch 11:
================================
Training Loss Energy: 1.044425406824714, Training Loss Force: 2.227469002807062, time: 0.9338545799255371
Validation Loss Energy: 1.6573901365162602, Validation Loss Force: 2.5528429734075626, time: 0.06949877738952637
Test Loss Energy: 11.863892689605292, Test Loss Force: 10.662767094028123, time: 17.00520968437195


Training and Validation Results of Epoch 12:
================================
Training Loss Energy: 1.4821707835745277, Training Loss Force: 2.259398071186117, time: 0.9421312808990479
Validation Loss Energy: 1.9543860206855976, Validation Loss Force: 2.534370563730539, time: 0.07228565216064453
Test Loss Energy: 13.26625549084049, Test Loss Force: 10.57809945725542, time: 16.794262647628784


Training and Validation Results of Epoch 13:
================================
Training Loss Energy: 1.896098342283878, Training Loss Force: 2.2514418884971694, time: 0.950446367263794
Validation Loss Energy: 1.5629600484383392, Validation Loss Force: 2.544020153838466, time: 0.07635164260864258
Test Loss Energy: 11.806650439772252, Test Loss Force: 10.556155681059858, time: 16.87149930000305


Training and Validation Results of Epoch 14:
================================
Training Loss Energy: 1.4112203304895923, Training Loss Force: 2.2552521172803064, time: 0.9604842662811279
Validation Loss Energy: 1.076794032662028, Validation Loss Force: 2.5569714820422096, time: 0.06965065002441406
Test Loss Energy: 12.173675909066914, Test Loss Force: 10.549656661179611, time: 16.929359674453735


Training and Validation Results of Epoch 15:
================================
Training Loss Energy: 1.2050422906015108, Training Loss Force: 2.217114142436201, time: 0.9541733264923096
Validation Loss Energy: 1.0544312590019274, Validation Loss Force: 2.54340914970204, time: 0.06799030303955078
Test Loss Energy: 12.503375361087777, Test Loss Force: 10.51634438699735, time: 17.06432580947876


Training and Validation Results of Epoch 16:
================================
Training Loss Energy: 1.0585842248447852, Training Loss Force: 2.2657817386739287, time: 0.9265785217285156
Validation Loss Energy: 1.219516271105049, Validation Loss Force: 2.5501277458421194, time: 0.07856535911560059
Test Loss Energy: 12.67437831695032, Test Loss Force: 10.545500498436008, time: 17.415281057357788


Training and Validation Results of Epoch 17:
================================
Training Loss Energy: 1.190541928086279, Training Loss Force: 2.2563837561367026, time: 1.0016942024230957
Validation Loss Energy: 1.3915366477618103, Validation Loss Force: 2.53188312670138, time: 0.07294440269470215
Test Loss Energy: 12.806569080052641, Test Loss Force: 10.545801971475067, time: 17.469210624694824


Training and Validation Results of Epoch 18:
================================
Training Loss Energy: 0.9851726032667618, Training Loss Force: 2.2436326845729293, time: 1.0000486373901367
Validation Loss Energy: 1.5531139528091313, Validation Loss Force: 2.5417090707728813, time: 0.07633686065673828
Test Loss Energy: 13.022720427280273, Test Loss Force: 10.511488548833347, time: 17.264728784561157


Training and Validation Results of Epoch 19:
================================
Training Loss Energy: 1.3114560659938042, Training Loss Force: 2.242679917554296, time: 1.0004584789276123
Validation Loss Energy: 1.3648694568417794, Validation Loss Force: 2.5345705206235825, time: 0.07113528251647949
Test Loss Energy: 12.83013225550069, Test Loss Force: 10.629479026663383, time: 17.431628704071045

Uncertainty Slope: 1.0103201866149902, Uncertainty Bias: 0.0012459605932235718
Found uncertainty sample after 12 steps.
Found uncertainty sample after 0 steps.
Found uncertainty sample after 6 steps.
Found uncertainty sample after 13 steps.
Found uncertainty sample after 0 steps.
Found uncertainty sample after 0 steps.
Found uncertainty sample after 5 steps.
Found uncertainty sample after 0 steps.
Found uncertainty sample after 13 steps.
Found uncertainty sample after 12 steps.
Training model 1. Added 13 samples to the dataset.

Training and Validation Results of Epoch 0:
================================
Training Loss Energy: 4.369124643964447, Training Loss Force: 2.723815614654953, time: 1.0355250835418701
Validation Loss Energy: 2.723887168528577, Validation Loss Force: 2.7689248979913685, time: 0.07114458084106445
Test Loss Energy: 11.699511000149917, Test Loss Force: 10.50332648188478, time: 16.93679642677307


Training and Validation Results of Epoch 1:
================================
Training Loss Energy: 1.4953460912464809, Training Loss Force: 2.3579645041397823, time: 1.0192394256591797
Validation Loss Energy: 1.1672662880056557, Validation Loss Force: 2.5397653917980776, time: 0.07035136222839355
Test Loss Energy: 12.021662523047977, Test Loss Force: 10.473563703111912, time: 17.04432225227356


Training and Validation Results of Epoch 2:
================================
Training Loss Energy: 1.2226413447851168, Training Loss Force: 2.2475214641793917, time: 0.9972395896911621
Validation Loss Energy: 0.9792159595335528, Validation Loss Force: 2.546483542599865, time: 0.07078886032104492
Test Loss Energy: 12.337935389301194, Test Loss Force: 10.530953506811247, time: 17.031373262405396


Training and Validation Results of Epoch 3:
================================
Training Loss Energy: 1.0246551764537992, Training Loss Force: 2.2520690789676645, time: 0.9748818874359131
Validation Loss Energy: 1.0558364126473045, Validation Loss Force: 2.5517238382801297, time: 0.07254433631896973
Test Loss Energy: 12.262873615545706, Test Loss Force: 10.548215299316071, time: 17.01073122024536


Training and Validation Results of Epoch 4:
================================
Training Loss Energy: 1.3327671797008365, Training Loss Force: 2.23470288960761, time: 0.978522777557373
Validation Loss Energy: 1.3130994370864335, Validation Loss Force: 2.5300100338458353, time: 0.07426071166992188
Test Loss Energy: 11.96358254292406, Test Loss Force: 10.549488920198497, time: 17.11470603942871


Training and Validation Results of Epoch 5:
================================
Training Loss Energy: 1.162714093512545, Training Loss Force: 2.2447823168091565, time: 1.0066447257995605
Validation Loss Energy: 1.74770507610829, Validation Loss Force: 2.539582803098417, time: 0.07237052917480469
Test Loss Energy: 13.02407464739868, Test Loss Force: 10.489489741881949, time: 17.099404335021973


Training and Validation Results of Epoch 6:
================================
Training Loss Energy: 1.6744393220902944, Training Loss Force: 2.2693288838611525, time: 0.9815969467163086
Validation Loss Energy: 1.0130647870826195, Validation Loss Force: 2.544053331541209, time: 0.0714876651763916
Test Loss Energy: 12.192350468520035, Test Loss Force: 10.541347091660263, time: 17.246294260025024


Training and Validation Results of Epoch 7:
================================
Training Loss Energy: 1.411881940471529, Training Loss Force: 2.2499356601879366, time: 0.9479608535766602
Validation Loss Energy: 1.2007242198690462, Validation Loss Force: 2.5523433038441006, time: 0.07514619827270508
Test Loss Energy: 11.99107313578346, Test Loss Force: 10.532401504448496, time: 17.14487361907959


Training and Validation Results of Epoch 8:
================================
Training Loss Energy: 1.2248236758402167, Training Loss Force: 2.232087670463381, time: 0.9795186519622803
Validation Loss Energy: 1.2474661476401967, Validation Loss Force: 2.543782120521469, time: 0.07526302337646484
Test Loss Energy: 11.982031737885364, Test Loss Force: 10.561752268358132, time: 17.24365997314453

slurmstepd: error: *** JOB 5122127 ON aimat01 CANCELLED AT 2024-11-20T18:54:45 ***
