/home/ws/fq0795/git/gnn_uncertainty/active_learning.py:173: DeprecationWarning: Please use atoms.calc = calc
  self.atoms.set_calculator(self.calc)
['H1', 'CH3', 'H2', 'H3', 'C', 'O', 'N', 'H', 'CA', 'HA', 'CB', 'HB1', 'HB2', 'HB3', 'C', 'O', 'N', 'H', 'C', 'H1', 'H2', 'H3']
Uncertainty Slope: 0.5985963344573975, Uncertainty Bias: 0.041102275252342224

Training and Validation Results of Epoch Initital validation:
================================
Training Loss Energy: 0.0, Training Loss Force: 0.0, time: 0
Validation Loss Energy: 0.0, Validation Loss Force: 0.0, time: 0
Test Loss Energy: 12.323301152943133, Test Loss Force: 10.743832040098109, time: 13.777114152908325

Found uncertainty sample after 0 steps.
Found uncertainty sample after 0 steps.
Found uncertainty sample after 0 steps.
Found uncertainty sample after 0 steps.
Found uncertainty sample after 0 steps.
Found uncertainty sample after 0 steps.
Found uncertainty sample after 0 steps.
Found uncertainty sample after 0 steps.
Found uncertainty sample after 0 steps.
Found uncertainty sample after 0 steps.
Training model 0. Added 19 samples to the dataset.

Training and Validation Results of Epoch 0:
================================
Training Loss Energy: 3.949136164264877, Training Loss Force: 2.757121070581976, time: 1.030137538909912
Validation Loss Energy: 1.4670666905956118, Validation Loss Force: 2.7907017537111205, time: 0.060211896896362305
Test Loss Energy: 12.826981316354205, Test Loss Force: 10.66289625455499, time: 14.61526608467102


Training and Validation Results of Epoch 1:
================================
Training Loss Energy: 1.5573133853748378, Training Loss Force: 2.433123363474898, time: 0.9393091201782227
Validation Loss Energy: 1.0477607505702335, Validation Loss Force: 2.6142667065937077, time: 0.06136679649353027
Test Loss Energy: 12.369152345771095, Test Loss Force: 10.616645680086743, time: 14.327933549880981

slurmstepd: error: *** JOB 5122124 ON aimat01 CANCELLED AT 2024-11-20T18:44:15 ***
