Uncertainty Slope: 0.6297195553779602, Uncertainty Bias: 0.03318348526954651
1.5258789e-05 1.7642975e-05
0.5066726 13.275681
(48745, 22, 3)
Uncertainty Slope: 0.6708146929740906, Uncertainty Bias: 0.023402556777000427
7.6293945e-06 0.000582695
0.35256818 11.287624
(48745, 22, 3)
Uncertainty Slope: 0.6457135677337646, Uncertainty Bias: 0.03109060227870941
1.5258789e-05 9.36985e-05
0.48210695 10.816058
(48745, 22, 3)
Uncertainty Slope: 0.5968564748764038, Uncertainty Bias: 0.0391523540019989
1.5258789e-05 0.00036001205
0.60162246 20.606613
(48745, 22, 3)
Uncertainty Slope: 0.6613999009132385, Uncertainty Bias: 0.028544843196868896
0.0 0.002244711
0.4746497 8.426123
(48745, 22, 3)
