wandb: Currently logged in as: l-baer-99 (l-baer-99-Karlsruhe Institute of Technology). Use `wandb login --relogin` to force relogin
wandb: wandb version 0.18.7 is available!  To upgrade, please run:
wandb:  $ pip install wandb --upgrade
wandb: Tracking run with wandb version 0.17.4
wandb: Run data is saved locally in /home/ws/fq0795/git/gnn_uncertainty/wandb/run-20241130_234240-5dj6ksl7
wandb: Run `wandb offline` to turn off syncing.
wandb: Syncing run al_66
wandb: ⭐️ View project at https://wandb.ai/l-baer-99-Karlsruhe%20Institute%20of%20Technology/ActiveLearning
wandb: 🚀 View run at https://wandb.ai/l-baer-99-Karlsruhe%20Institute%20of%20Technology/ActiveLearning/runs/5dj6ksl7
['H1', 'CH3', 'H2', 'H3', 'C', 'O', 'N', 'H', 'CA', 'HA', 'CB', 'HB1', 'HB2', 'HB3', 'C', 'O', 'N', 'H', 'C', 'H1', 'H2', 'H3']
65
Uncertainty Slope: 5.450306415557861, Uncertainty Bias: -0.39419394731521606
0.00025558472 0.0021343231
1.6673867 2.277966
(48745, 22, 3)

Training and Validation Results of Epoch Initital validation:
================================
Training Loss Energy: 0.0, Training Loss Force: 0.0, time: 0
Validation Loss Energy: 0.0, Validation Loss Force: 0.0, time: 0
Test Loss Energy: 10.99663486582847, Test Loss Force: 13.38648055497512, time: 7.516862630844116

wandb: - 0.039 MB of 0.039 MB uploadedwandb: \ 0.039 MB of 0.050 MB uploadedwandb: | 0.039 MB of 0.050 MB uploadedwandb: / 0.050 MB of 0.050 MB uploadedwandb:                                                                                
wandb: 
wandb: Run history:
wandb:       dataset_size ▁
wandb:    max_uncertainty ▁
wandb:  test_error_energy ▁
wandb:   test_error_force ▁
wandb:          test_loss ▁
wandb: train_error_energy ▁
wandb:  train_error_force ▁
wandb:         train_loss ▁
wandb: valid_error_energy ▁
wandb:  valid_error_force ▁
wandb:         valid_loss ▁
wandb: 
wandb: Run summary:
wandb:       dataset_size 800
wandb:    max_uncertainty 8
wandb:  test_error_energy 10.99663
wandb:   test_error_force 13.38648
wandb:          test_loss 16.63181
wandb: train_error_energy 0.0
wandb:  train_error_force 0.0
wandb:         train_loss 0.0
wandb: valid_error_energy 0.0
wandb:  valid_error_force 0.0
wandb:         valid_loss 0.0
wandb: 
wandb: 🚀 View run al_66 at: https://wandb.ai/l-baer-99-Karlsruhe%20Institute%20of%20Technology/ActiveLearning/runs/5dj6ksl7
wandb: ⭐️ View project at: https://wandb.ai/l-baer-99-Karlsruhe%20Institute%20of%20Technology/ActiveLearning
wandb: Synced 6 W&B file(s), 0 media file(s), 0 artifact file(s) and 0 other file(s)
wandb: Find logs at: ./wandb/run-20241130_234240-5dj6ksl7/logs
wandb: WARNING The new W&B backend becomes opt-out in version 0.18.0; try it out with `wandb.require("core")`! See https://wandb.me/wandb-core for more information.
Did not find any uncertainty samples for sample 0.
Found uncertainty sample 1 after 382 steps.
Found uncertainty sample 2 after 1135 steps.
Found uncertainty sample 3 after 1110 steps.
Found uncertainty sample 4 after 1372 steps.
Did not find any uncertainty samples for sample 5.
Found uncertainty sample 6 after 1697 steps.
Did not find any uncertainty samples for sample 7.
Found uncertainty sample 8 after 367 steps.
Found uncertainty sample 9 after 1284 steps.
Found uncertainty sample 10 after 609 steps.
Found uncertainty sample 11 after 373 steps.
Did not find any uncertainty samples for sample 12.
Found uncertainty sample 13 after 2477 steps.
Found uncertainty sample 14 after 609 steps.
Found uncertainty sample 15 after 1129 steps.
Found uncertainty sample 16 after 1092 steps.
Found uncertainty sample 17 after 1534 steps.
Did not find any uncertainty samples for sample 18.
slurmstepd: error: *** JOB 5123857 ON aimat01 CANCELLED AT 2024-11-30T23:48:48 ***
