/home/ws/fq0795/miniconda3/envs/torch/lib/python3.12/site-packages/sklearn/utils/validation.py:1300: DataConversionWarning: A column-vector y was passed when a 1d array was expected. Please change the shape of y to (n_samples, ), for example using ravel().
  y = column_or_1d(y, warn=True)
Uncertainty Slope: 0.4718542833595249, Uncertainty Bias: -0.2860874471527073
No artists with labels found to put in legend.  Note that artists whose label start with an underscore are ignored when legend() is called with no argument.
No artists with labels found to put in legend.  Note that artists whose label start with an underscore are ignored when legend() is called with no argument.
/home/ws/fq0795/miniconda3/envs/torch/lib/python3.12/site-packages/sklearn/utils/validation.py:1300: DataConversionWarning: A column-vector y was passed when a 1d array was expected. Please change the shape of y to (n_samples, ), for example using ravel().
  y = column_or_1d(y, warn=True)
1.4305115e-06 2.3245811e-05
-0.16848141 0.4074809
Uncertainty Slope: 0.36100348438372254, Uncertainty Bias: -0.09368505306731031
No artists with labels found to put in legend.  Note that artists whose label start with an underscore are ignored when legend() is called with no argument.
No artists with labels found to put in legend.  Note that artists whose label start with an underscore are ignored when legend() is called with no argument.
/home/ws/fq0795/miniconda3/envs/torch/lib/python3.12/site-packages/sklearn/utils/validation.py:1300: DataConversionWarning: A column-vector y was passed when a 1d array was expected. Please change the shape of y to (n_samples, ), for example using ravel().
  y = column_or_1d(y, warn=True)
2.861023e-06 4.172325e-05
0.13271722 1.0311643
Uncertainty Slope: 0.5300292188479563, Uncertainty Bias: -0.27396746005994016
No artists with labels found to put in legend.  Note that artists whose label start with an underscore are ignored when legend() is called with no argument.
No artists with labels found to put in legend.  Note that artists whose label start with an underscore are ignored when legend() is called with no argument.
/home/ws/fq0795/miniconda3/envs/torch/lib/python3.12/site-packages/sklearn/utils/validation.py:1300: DataConversionWarning: A column-vector y was passed when a 1d array was expected. Please change the shape of y to (n_samples, ), for example using ravel().
  y = column_or_1d(y, warn=True)
4.7683716e-07 2.4490058e-05
0.11591789 0.5366597
Uncertainty Slope: 0.2782267192294631, Uncertainty Bias: -0.00799229378122857
No artists with labels found to put in legend.  Note that artists whose label start with an underscore are ignored when legend() is called with no argument.
No artists with labels found to put in legend.  Note that artists whose label start with an underscore are ignored when legend() is called with no argument.
/home/ws/fq0795/miniconda3/envs/torch/lib/python3.12/site-packages/sklearn/utils/validation.py:1300: DataConversionWarning: A column-vector y was passed when a 1d array was expected. Please change the shape of y to (n_samples, ), for example using ravel().
  y = column_or_1d(y, warn=True)
0.0 3.1113625e-05
0.24084052 0.3971249
Uncertainty Slope: 0.6145072062338902, Uncertainty Bias: -0.2921463476732441
No artists with labels found to put in legend.  Note that artists whose label start with an underscore are ignored when legend() is called with no argument.
No artists with labels found to put in legend.  Note that artists whose label start with an underscore are ignored when legend() is called with no argument.
4.7683716e-07 1.3902783e-05
0.14886501 0.7657131
