Uncertainty Slope: 9.590113810553115, Uncertainty Bias: -11.404349852408112
No artists with labels found to put in legend.  Note that artists whose label start with an underscore are ignored when legend() is called with no argument.
No artists with labels found to put in legend.  Note that artists whose label start with an underscore are ignored when legend() is called with no argument.
4.7683716e-07 1.7762184e-05
-9.014076 2.6919498
Uncertainty Slope: 0.7455324670966836, Uncertainty Bias: -0.3998126782181641
No artists with labels found to put in legend.  Note that artists whose label start with an underscore are ignored when legend() is called with no argument.
No artists with labels found to put in legend.  Note that artists whose label start with an underscore are ignored when legend() is called with no argument.
2.3841858e-06 3.8146973e-05
0.06774557 1.9231937
Uncertainty Slope: 4.127492166689617, Uncertainty Bias: -3.4618793360242113
No artists with labels found to put in legend.  Note that artists whose label start with an underscore are ignored when legend() is called with no argument.
No artists with labels found to put in legend.  Note that artists whose label start with an underscore are ignored when legend() is called with no argument.
2.3841858e-07 2.7142465e-05
-0.4257288 2.8507037
Uncertainty Slope: 36.803759447334336, Uncertainty Bias: -36.65833249589397
No artists with labels found to put in legend.  Note that artists whose label start with an underscore are ignored when legend() is called with no argument.
No artists with labels found to put in legend.  Note that artists whose label start with an underscore are ignored when legend() is called with no argument.
1.9073486e-06 2.9146671e-05
-3.7427864 16.930447
Uncertainty Slope: 4.7771083640158185, Uncertainty Bias: -3.5019080780911103
No artists with labels found to put in legend.  Note that artists whose label start with an underscore are ignored when legend() is called with no argument.
No artists with labels found to put in legend.  Note that artists whose label start with an underscore are ignored when legend() is called with no argument.
0.0 1.3247132e-05
-0.07353687 4.7217712
