Uncertainty Slope: 113.93706758114739, Uncertainty Bias: -118.62023407320874
No artists with labels found to put in legend.  Note that artists whose label start with an underscore are ignored when legend() is called with no argument.
No artists with labels found to put in legend.  Note that artists whose label start with an underscore are ignored when legend() is called with no argument.
0.0 8.493662e-07
-42.888245 20.968376
Uncertainty Slope: -29.48022338793016, Uncertainty Bias: 33.237949632607645
No artists with labels found to put in legend.  Note that artists whose label start with an underscore are ignored when legend() is called with no argument.
No artists with labels found to put in legend.  Note that artists whose label start with an underscore are ignored when legend() is called with no argument.
9.536743e-07 3.33786e-06
-2.517582 7.2649326
Uncertainty Slope: 24.052650492220955, Uncertainty Bias: -27.385967254818414
No artists with labels found to put in legend.  Note that artists whose label start with an underscore are ignored when legend() is called with no argument.
No artists with labels found to put in legend.  Note that artists whose label start with an underscore are ignored when legend() is called with no argument.
8.940697e-08 3.46303e-05
-3.5668793 6.673462
Uncertainty Slope: 63.64896528463478, Uncertainty Bias: -69.96275632092568
No artists with labels found to put in legend.  Note that artists whose label start with an underscore are ignored when legend() is called with no argument.
No artists with labels found to put in legend.  Note that artists whose label start with an underscore are ignored when legend() is called with no argument.
2.3841858e-07 2.0965934e-05
-7.706909 14.619858
Uncertainty Slope: 13.322609248810757, Uncertainty Bias: -16.18857569210652
slurmstepd: error: *** JOB 5120593 ON aimat01 CANCELLED AT 2024-11-15T10:45:00 ***
