Uncertainty Slope: 0.044186536222696304, Uncertainty Bias: 0.25516295433044434
0.0 0.0003170967
3.862816 5.953034
(48745, 22, 3)
Uncertainty Slope: 0.44678688049316406, Uncertainty Bias: 0.18853090703487396
/home/ws/fq0795/miniconda3/envs/torch/lib/python3.12/site-packages/numpy/lib/function_base.py:2742: RuntimeWarning: invalid value encountered in subtract
  X -= avg[:, None]
0.0 0.00044727325
3.2037768 205055.33
(48745, 22, 3)
Uncertainty Slope: -0.4115009009838104, Uncertainty Bias: 0.2999279201030731
7.6293945e-06 0.0005774498
-4.491571 3.8852646
(48745, 22, 3)
Uncertainty Slope: 0.1479017585515976, Uncertainty Bias: 0.17733828723430634
0.0 7.581711e-05
2.8022263 3.0153143
(48745, 22, 3)
Uncertainty Slope: 1.2554723024368286, Uncertainty Bias: 0.16328515112400055
3.8146973e-06 2.1457672e-05
3.0304697 45.64398
(48745, 22, 3)
