Uncertainty Slope: 0.6297187805175781, Uncertainty Bias: 0.03318364918231964
1.1444092e-05 3.71933e-05
0.5067072 13.275651
(48745, 22, 3)
Uncertainty Slope: 0.6708149313926697, Uncertainty Bias: 0.023402541875839233
2.861023e-05 0.0006055832
0.35256022 11.287652
(48745, 22, 3)
Uncertainty Slope: 0.6457139253616333, Uncertainty Bias: 0.031090497970581055
1.1444092e-05 6.914139e-05
0.48211563 10.816074
(48745, 22, 3)
Uncertainty Slope: 0.596855878829956, Uncertainty Bias: 0.039152517914772034
0.0 0.00034618378
0.6016785 20.606636
(48745, 22, 3)
Uncertainty Slope: 0.6614015102386475, Uncertainty Bias: 0.02854447066783905
2.193451e-05 0.0022146702
0.47470826 8.426138
(48745, 22, 3)
