True

Warmup phase started

Training and Validation Results of Epoch Warmup-0:
================================
Training Loss Energy: 13.910653835710287, Training Loss Force: 63.067631612598426, time: 0.7211930751800537
Validation Loss Energy: 0.0, Validation Loss Force: 0.0, time: 0
Test Loss Energy: 0.0, Test Loss Force: 0.0, time: 0


Training and Validation Results of Epoch Warmup-1:
================================
Training Loss Energy: 12.950343624939443, Training Loss Force: 63.06571430314827, time: 0.3995983600616455
Validation Loss Energy: 0.0, Validation Loss Force: 0.0, time: 0
Test Loss Energy: 0.0, Test Loss Force: 0.0, time: 0


Training and Validation Results of Epoch Warmup-2:
================================
Training Loss Energy: 12.640935211641311, Training Loss Force: 63.06485630693182, time: 0.35700416564941406
Validation Loss Energy: 0.0, Validation Loss Force: 0.0, time: 0
Test Loss Energy: 0.0, Test Loss Force: 0.0, time: 0


Training and Validation Results of Epoch Warmup-3:
================================
Training Loss Energy: 12.466249709121703, Training Loss Force: 63.06439218047665, time: 0.3840677738189697
Validation Loss Energy: 0.0, Validation Loss Force: 0.0, time: 0
Test Loss Energy: 0.0, Test Loss Force: 0.0, time: 0


Training and Validation Results of Epoch Warmup-4:
================================
Training Loss Energy: 12.357342200094605, Training Loss Force: 63.06389925780258, time: 0.3685636520385742
Validation Loss Energy: 0.0, Validation Loss Force: 0.0, time: 0
Test Loss Energy: 0.0, Test Loss Force: 0.0, time: 0


Training and Validation Results of Epoch Warmup-5:
================================
Training Loss Energy: 12.286652437153338, Training Loss Force: 63.063661848130856, time: 0.3573265075683594
Validation Loss Energy: 0.0, Validation Loss Force: 0.0, time: 0
Test Loss Energy: 0.0, Test Loss Force: 0.0, time: 0


Training and Validation Results of Epoch Warmup-6:
================================
Training Loss Energy: 12.235637282614777, Training Loss Force: 63.06337765223775, time: 0.38181161880493164
Validation Loss Energy: 0.0, Validation Loss Force: 0.0, time: 0
Test Loss Energy: 0.0, Test Loss Force: 0.0, time: 0


Training and Validation Results of Epoch Warmup-7:
================================
Training Loss Energy: 12.19812461187154, Training Loss Force: 63.063289022125716, time: 0.39803194999694824
Validation Loss Energy: 0.0, Validation Loss Force: 0.0, time: 0
Test Loss Energy: 0.0, Test Loss Force: 0.0, time: 0


Training and Validation Results of Epoch Warmup-8:
================================
Training Loss Energy: 12.173413982181971, Training Loss Force: 63.06328497646756, time: 0.3632395267486572
Validation Loss Energy: 0.0, Validation Loss Force: 0.0, time: 0
Test Loss Energy: 0.0, Test Loss Force: 0.0, time: 0


Training and Validation Results of Epoch Warmup-9:
================================
Training Loss Energy: 12.14984989973545, Training Loss Force: 63.06314974856205, time: 0.369828462600708
Validation Loss Energy: 0.0, Validation Loss Force: 0.0, time: 0
Test Loss Energy: 0.0, Test Loss Force: 0.0, time: 0


Training and Validation Results of Epoch Warmup-10:
================================
Training Loss Energy: 12.133561225993525, Training Loss Force: 63.06308942600667, time: 0.36574482917785645
Validation Loss Energy: 0.0, Validation Loss Force: 0.0, time: 0
Test Loss Energy: 0.0, Test Loss Force: 0.0, time: 0


Training and Validation Results of Epoch Warmup-11:
================================
Training Loss Energy: 12.117104624599635, Training Loss Force: 63.062987379119704, time: 0.36922240257263184
Validation Loss Energy: 0.0, Validation Loss Force: 0.0, time: 0
Test Loss Energy: 0.0, Test Loss Force: 0.0, time: 0


Training and Validation Results of Epoch Warmup-12:
================================
Training Loss Energy: 12.101496993592775, Training Loss Force: 63.0628709514967, time: 0.3863985538482666
Validation Loss Energy: 0.0, Validation Loss Force: 0.0, time: 0
Test Loss Energy: 0.0, Test Loss Force: 0.0, time: 0


Training and Validation Results of Epoch Warmup-13:
================================
Training Loss Energy: 12.089724466465372, Training Loss Force: 63.062818224915226, time: 0.3906702995300293
Validation Loss Energy: 0.0, Validation Loss Force: 0.0, time: 0
Test Loss Energy: 0.0, Test Loss Force: 0.0, time: 0


Training and Validation Results of Epoch Warmup-14:
================================
Training Loss Energy: 12.081607668144926, Training Loss Force: 63.062742012723035, time: 0.4014003276824951
Validation Loss Energy: 0.0, Validation Loss Force: 0.0, time: 0
Test Loss Energy: 0.0, Test Loss Force: 0.0, time: 0


Training and Validation Results of Epoch Warmup-15:
================================
Training Loss Energy: 12.072367425620868, Training Loss Force: 63.062712272385234, time: 0.3897054195404053
Validation Loss Energy: 0.0, Validation Loss Force: 0.0, time: 0
Test Loss Energy: 0.0, Test Loss Force: 0.0, time: 0


Training and Validation Results of Epoch Warmup-16:
================================
Training Loss Energy: 12.065323508467914, Training Loss Force: 63.0626300166847, time: 0.3498873710632324
Validation Loss Energy: 0.0, Validation Loss Force: 0.0, time: 0
Test Loss Energy: 0.0, Test Loss Force: 0.0, time: 0


Training and Validation Results of Epoch Warmup-17:
================================
Training Loss Energy: 12.05900476638676, Training Loss Force: 63.06258578223048, time: 0.35623884201049805
Validation Loss Energy: 0.0, Validation Loss Force: 0.0, time: 0
Test Loss Energy: 0.0, Test Loss Force: 0.0, time: 0


Training and Validation Results of Epoch Warmup-18:
================================
Training Loss Energy: 12.051688335792152, Training Loss Force: 63.06257436071537, time: 0.3802039623260498
Validation Loss Energy: 0.0, Validation Loss Force: 0.0, time: 0
Test Loss Energy: 0.0, Test Loss Force: 0.0, time: 0


Training and Validation Results of Epoch Warmup-19:
================================
Training Loss Energy: 12.048096768431604, Training Loss Force: 63.06252865373697, time: 0.38489651679992676
Validation Loss Energy: 0.0, Validation Loss Force: 0.0, time: 0
Test Loss Energy: 0.0, Test Loss Force: 0.0, time: 0


Training and Validation Results of Epoch Warmup-20:
================================
Training Loss Energy: 12.04346994601454, Training Loss Force: 63.06250183567183, time: 0.36517786979675293
Validation Loss Energy: 0.0, Validation Loss Force: 0.0, time: 0
Test Loss Energy: 0.0, Test Loss Force: 0.0, time: 0


Training and Validation Results of Epoch Warmup-21:
================================
Training Loss Energy: 12.038869249501575, Training Loss Force: 63.06248980203142, time: 0.4339900016784668
Validation Loss Energy: 0.0, Validation Loss Force: 0.0, time: 0
Test Loss Energy: 0.0, Test Loss Force: 0.0, time: 0


Training and Validation Results of Epoch Warmup-22:
================================
Training Loss Energy: 12.03432940923071, Training Loss Force: 63.06244192367936, time: 0.4017066955566406
Validation Loss Energy: 0.0, Validation Loss Force: 0.0, time: 0
Test Loss Energy: 0.0, Test Loss Force: 0.0, time: 0


Training and Validation Results of Epoch Warmup-23:
================================
Training Loss Energy: 12.02915595834276, Training Loss Force: 63.0624264062585, time: 0.38512229919433594
Validation Loss Energy: 0.0, Validation Loss Force: 0.0, time: 0
Test Loss Energy: 0.0, Test Loss Force: 0.0, time: 0


Training and Validation Results of Epoch Warmup-24:
================================
Training Loss Energy: 12.02440494686202, Training Loss Force: 63.062398221401054, time: 0.38111329078674316
Validation Loss Energy: 0.0, Validation Loss Force: 0.0, time: 0
Test Loss Energy: 0.0, Test Loss Force: 0.0, time: 0


Training and Validation Results of Epoch Warmup-25:
================================
Training Loss Energy: 12.019899794798016, Training Loss Force: 63.06237421069086, time: 0.36118221282958984
Validation Loss Energy: 0.0, Validation Loss Force: 0.0, time: 0
Test Loss Energy: 0.0, Test Loss Force: 0.0, time: 0


Training and Validation Results of Epoch Warmup-26:
================================
Training Loss Energy: 12.01488946686183, Training Loss Force: 63.06234840000485, time: 0.40041613578796387
Validation Loss Energy: 0.0, Validation Loss Force: 0.0, time: 0
Test Loss Energy: 0.0, Test Loss Force: 0.0, time: 0


Training and Validation Results of Epoch Warmup-27:
================================
Training Loss Energy: 12.010374019791023, Training Loss Force: 63.06233364509631, time: 0.36727261543273926
Validation Loss Energy: 0.0, Validation Loss Force: 0.0, time: 0
Test Loss Energy: 0.0, Test Loss Force: 0.0, time: 0


Training and Validation Results of Epoch Warmup-28:
================================
Training Loss Energy: 12.006060119861003, Training Loss Force: 63.06231383395682, time: 0.4068021774291992
Validation Loss Energy: 0.0, Validation Loss Force: 0.0, time: 0
Test Loss Energy: 0.0, Test Loss Force: 0.0, time: 0


Training and Validation Results of Epoch Warmup-29:
================================
Training Loss Energy: 12.002003255873085, Training Loss Force: 63.06229838374144, time: 0.39035892486572266
Validation Loss Energy: 0.0, Validation Loss Force: 0.0, time: 0
Test Loss Energy: 0.0, Test Loss Force: 0.0, time: 0


Training and Validation Results of Epoch Warmup-30:
================================
Training Loss Energy: 11.998208076776665, Training Loss Force: 63.06228138354923, time: 0.3659238815307617
Validation Loss Energy: 0.0, Validation Loss Force: 0.0, time: 0
Test Loss Energy: 0.0, Test Loss Force: 0.0, time: 0


Training and Validation Results of Epoch Warmup-31:
================================
Training Loss Energy: 11.994625196352258, Training Loss Force: 63.062268296039164, time: 0.3601553440093994
Validation Loss Energy: 0.0, Validation Loss Force: 0.0, time: 0
Test Loss Energy: 0.0, Test Loss Force: 0.0, time: 0


Training and Validation Results of Epoch Warmup-32:
================================
Training Loss Energy: 11.991255887766837, Training Loss Force: 63.06225387703924, time: 0.37590479850769043
Validation Loss Energy: 0.0, Validation Loss Force: 0.0, time: 0
Test Loss Energy: 0.0, Test Loss Force: 0.0, time: 0


Training and Validation Results of Epoch Warmup-33:
================================
Training Loss Energy: 11.988174142355687, Training Loss Force: 63.06224650952726, time: 0.3600635528564453
Validation Loss Energy: 0.0, Validation Loss Force: 0.0, time: 0
Test Loss Energy: 0.0, Test Loss Force: 0.0, time: 0


Training and Validation Results of Epoch Warmup-34:
================================
Training Loss Energy: 11.985352292702217, Training Loss Force: 63.062234937597005, time: 0.3612985610961914
Validation Loss Energy: 0.0, Validation Loss Force: 0.0, time: 0
Test Loss Energy: 0.0, Test Loss Force: 0.0, time: 0


Training and Validation Results of Epoch Warmup-35:
================================
Training Loss Energy: 11.982883805927965, Training Loss Force: 63.0622290596866, time: 0.37947845458984375
Validation Loss Energy: 0.0, Validation Loss Force: 0.0, time: 0
Test Loss Energy: 0.0, Test Loss Force: 0.0, time: 0


Training and Validation Results of Epoch Warmup-36:
================================
Training Loss Energy: 11.980363615951719, Training Loss Force: 63.06220729204713, time: 0.3962423801422119
Validation Loss Energy: 0.0, Validation Loss Force: 0.0, time: 0
Test Loss Energy: 0.0, Test Loss Force: 0.0, time: 0


Training and Validation Results of Epoch Warmup-37:
================================
Training Loss Energy: 11.97816235711087, Training Loss Force: 63.062209216418765, time: 0.3729121685028076
Validation Loss Energy: 0.0, Validation Loss Force: 0.0, time: 0
Test Loss Energy: 0.0, Test Loss Force: 0.0, time: 0


Training and Validation Results of Epoch Warmup-38:
================================
Training Loss Energy: 11.976125291882319, Training Loss Force: 63.06217757818403, time: 0.377626895904541
Validation Loss Energy: 0.0, Validation Loss Force: 0.0, time: 0
Test Loss Energy: 0.0, Test Loss Force: 0.0, time: 0


Training and Validation Results of Epoch Warmup-39:
================================
Training Loss Energy: 11.974304723555505, Training Loss Force: 63.062181866411166, time: 0.3721013069152832
Validation Loss Energy: 0.0, Validation Loss Force: 0.0, time: 0
Test Loss Energy: 0.0, Test Loss Force: 0.0, time: 0


Training and Validation Results of Epoch Warmup-40:
================================
Training Loss Energy: 11.972514951181092, Training Loss Force: 63.06215678334985, time: 0.36662912368774414
Validation Loss Energy: 0.0, Validation Loss Force: 0.0, time: 0
Test Loss Energy: 0.0, Test Loss Force: 0.0, time: 0


Training and Validation Results of Epoch Warmup-41:
================================
Training Loss Energy: 11.970513691475787, Training Loss Force: 63.06214999574084, time: 0.3721463680267334
Validation Loss Energy: 0.0, Validation Loss Force: 0.0, time: 0
Test Loss Energy: 0.0, Test Loss Force: 0.0, time: 0


Training and Validation Results of Epoch Warmup-42:
================================
Training Loss Energy: 11.968357341680997, Training Loss Force: 63.06214716277273, time: 0.375791072845459
Validation Loss Energy: 0.0, Validation Loss Force: 0.0, time: 0
Test Loss Energy: 0.0, Test Loss Force: 0.0, time: 0


Training and Validation Results of Epoch Warmup-43:
================================
Training Loss Energy: 11.96629899887919, Training Loss Force: 63.06214614276733, time: 0.376129150390625
Validation Loss Energy: 0.0, Validation Loss Force: 0.0, time: 0
Test Loss Energy: 0.0, Test Loss Force: 0.0, time: 0


Training and Validation Results of Epoch Warmup-44:
================================
Training Loss Energy: 11.964193556373981, Training Loss Force: 63.06214551644965, time: 0.3747522830963135
Validation Loss Energy: 0.0, Validation Loss Force: 0.0, time: 0
Test Loss Energy: 0.0, Test Loss Force: 0.0, time: 0


Training and Validation Results of Epoch Warmup-45:
================================
Training Loss Energy: 11.962055601192116, Training Loss Force: 63.06214978743648, time: 0.3711705207824707
Validation Loss Energy: 0.0, Validation Loss Force: 0.0, time: 0
Test Loss Energy: 0.0, Test Loss Force: 0.0, time: 0


Training and Validation Results of Epoch Warmup-46:
================================
Training Loss Energy: 11.960093849735767, Training Loss Force: 63.062162415061216, time: 0.3764646053314209
Validation Loss Energy: 0.0, Validation Loss Force: 0.0, time: 0
Test Loss Energy: 0.0, Test Loss Force: 0.0, time: 0


Training and Validation Results of Epoch Warmup-47:
================================
Training Loss Energy: 11.957837772076456, Training Loss Force: 63.06217449278351, time: 0.36569762229919434
Validation Loss Energy: 0.0, Validation Loss Force: 0.0, time: 0
Test Loss Energy: 0.0, Test Loss Force: 0.0, time: 0


Training and Validation Results of Epoch Warmup-48:
================================
Training Loss Energy: 11.957495414565777, Training Loss Force: 63.0621877236562, time: 0.3556077480316162
Validation Loss Energy: 0.0, Validation Loss Force: 0.0, time: 0
Test Loss Energy: 0.0, Test Loss Force: 0.0, time: 0


Training and Validation Results of Epoch Warmup-49:
================================
Training Loss Energy: 11.956528187125144, Training Loss Force: 63.06216731771771, time: 0.36663079261779785
Validation Loss Energy: 0.0, Validation Loss Force: 0.0, time: 0
Test Loss Energy: 0.0, Test Loss Force: 0.0, time: 0


Training and Validation Results of Epoch Warmup-50:
================================
Training Loss Energy: 11.955287267379472, Training Loss Force: 63.06214809762334, time: 0.3887794017791748
Validation Loss Energy: 0.0, Validation Loss Force: 0.0, time: 0
Test Loss Energy: 0.0, Test Loss Force: 0.0, time: 0


Training and Validation Results of Epoch Warmup-51:
================================
Training Loss Energy: 11.953757606565594, Training Loss Force: 63.06214767149495, time: 0.3682980537414551
Validation Loss Energy: 0.0, Validation Loss Force: 0.0, time: 0
Test Loss Energy: 0.0, Test Loss Force: 0.0, time: 0


Training and Validation Results of Epoch Warmup-52:
================================
Training Loss Energy: 11.95215384708811, Training Loss Force: 63.06214003922332, time: 0.3679018020629883
Validation Loss Energy: 0.0, Validation Loss Force: 0.0, time: 0
Test Loss Energy: 0.0, Test Loss Force: 0.0, time: 0


Training and Validation Results of Epoch Warmup-53:
================================
Training Loss Energy: 11.950198223053283, Training Loss Force: 63.062155422374296, time: 0.36445045471191406
Validation Loss Energy: 0.0, Validation Loss Force: 0.0, time: 0
Test Loss Energy: 0.0, Test Loss Force: 0.0, time: 0


Training and Validation Results of Epoch Warmup-54:
================================
Training Loss Energy: 11.949817035505452, Training Loss Force: 63.062128006616554, time: 0.382824182510376
Validation Loss Energy: 0.0, Validation Loss Force: 0.0, time: 0
Test Loss Energy: 0.0, Test Loss Force: 0.0, time: 0


Training and Validation Results of Epoch Warmup-55:
================================
Training Loss Energy: 11.949037429625017, Training Loss Force: 63.06211600915851, time: 0.37557029724121094
Validation Loss Energy: 0.0, Validation Loss Force: 0.0, time: 0
Test Loss Energy: 0.0, Test Loss Force: 0.0, time: 0


Training and Validation Results of Epoch Warmup-56:
================================
Training Loss Energy: 11.947701979773944, Training Loss Force: 63.06212649398081, time: 0.3737483024597168
Validation Loss Energy: 0.0, Validation Loss Force: 0.0, time: 0
Test Loss Energy: 0.0, Test Loss Force: 0.0, time: 0


Training and Validation Results of Epoch Warmup-57:
================================
Training Loss Energy: 11.94639699673537, Training Loss Force: 63.06213289729408, time: 0.36701440811157227
Validation Loss Energy: 0.0, Validation Loss Force: 0.0, time: 0
Test Loss Energy: 0.0, Test Loss Force: 0.0, time: 0


Training and Validation Results of Epoch Warmup-58:
================================
Training Loss Energy: 11.94474796062158, Training Loss Force: 63.06215060982714, time: 0.3966679573059082
Validation Loss Energy: 0.0, Validation Loss Force: 0.0, time: 0
Test Loss Energy: 0.0, Test Loss Force: 0.0, time: 0


Training and Validation Results of Epoch Warmup-59:
================================
Training Loss Energy: 11.943967631984139, Training Loss Force: 63.06215321032559, time: 0.4162585735321045
Validation Loss Energy: 0.0, Validation Loss Force: 0.0, time: 0
Test Loss Energy: 0.0, Test Loss Force: 0.0, time: 0


Training and Validation Results of Epoch Warmup-60:
================================
Training Loss Energy: 11.943343018600666, Training Loss Force: 63.06213563887095, time: 0.3939507007598877
Validation Loss Energy: 0.0, Validation Loss Force: 0.0, time: 0
Test Loss Energy: 0.0, Test Loss Force: 0.0, time: 0


Training and Validation Results of Epoch Warmup-61:
================================
Training Loss Energy: 11.942171197789728, Training Loss Force: 63.06212912929941, time: 0.3798034191131592
Validation Loss Energy: 0.0, Validation Loss Force: 0.0, time: 0
Test Loss Energy: 0.0, Test Loss Force: 0.0, time: 0


Training and Validation Results of Epoch Warmup-62:
================================
Training Loss Energy: 11.940399613813538, Training Loss Force: 63.06213629004176, time: 0.35582637786865234
Validation Loss Energy: 0.0, Validation Loss Force: 0.0, time: 0
Test Loss Energy: 0.0, Test Loss Force: 0.0, time: 0


Training and Validation Results of Epoch Warmup-63:
================================
Training Loss Energy: 11.939958832952112, Training Loss Force: 63.06214115173078, time: 0.3656284809112549
Validation Loss Energy: 0.0, Validation Loss Force: 0.0, time: 0
Test Loss Energy: 0.0, Test Loss Force: 0.0, time: 0


Training and Validation Results of Epoch Warmup-64:
================================
Training Loss Energy: 11.939241187174908, Training Loss Force: 63.0621372870097, time: 0.37016820907592773
Validation Loss Energy: 0.0, Validation Loss Force: 0.0, time: 0
Test Loss Energy: 0.0, Test Loss Force: 0.0, time: 0


Training and Validation Results of Epoch Warmup-65:
================================
Training Loss Energy: 11.937905984281944, Training Loss Force: 63.06212562370158, time: 0.36513304710388184
Validation Loss Energy: 0.0, Validation Loss Force: 0.0, time: 0
Test Loss Energy: 0.0, Test Loss Force: 0.0, time: 0


Training and Validation Results of Epoch Warmup-66:
================================
Training Loss Energy: 11.93632206644176, Training Loss Force: 63.06212930385003, time: 0.36463332176208496
Validation Loss Energy: 0.0, Validation Loss Force: 0.0, time: 0
Test Loss Energy: 0.0, Test Loss Force: 0.0, time: 0


Training and Validation Results of Epoch Warmup-67:
================================
Training Loss Energy: 11.935364877644702, Training Loss Force: 63.06211875484236, time: 0.3875434398651123
Validation Loss Energy: 0.0, Validation Loss Force: 0.0, time: 0
Test Loss Energy: 0.0, Test Loss Force: 0.0, time: 0


Training and Validation Results of Epoch Warmup-68:
================================
Training Loss Energy: 11.933852028407813, Training Loss Force: 63.062120374919886, time: 0.3653442859649658
Validation Loss Energy: 0.0, Validation Loss Force: 0.0, time: 0
Test Loss Energy: 0.0, Test Loss Force: 0.0, time: 0


Training and Validation Results of Epoch Warmup-69:
================================
Training Loss Energy: 11.932194207718704, Training Loss Force: 63.06213797888066, time: 0.40644168853759766
Validation Loss Energy: 0.0, Validation Loss Force: 0.0, time: 0
Test Loss Energy: 0.0, Test Loss Force: 0.0, time: 0


Training and Validation Results of Epoch Warmup-70:
================================
Training Loss Energy: 11.931177785743888, Training Loss Force: 63.062125260526905, time: 0.3817412853240967
Validation Loss Energy: 0.0, Validation Loss Force: 0.0, time: 0
Test Loss Energy: 0.0, Test Loss Force: 0.0, time: 0


Training and Validation Results of Epoch Warmup-71:
================================
Training Loss Energy: 11.930654187815433, Training Loss Force: 63.062094127882105, time: 0.4450876712799072
Validation Loss Energy: 0.0, Validation Loss Force: 0.0, time: 0
Test Loss Energy: 0.0, Test Loss Force: 0.0, time: 0


Training and Validation Results of Epoch Warmup-72:
================================
Training Loss Energy: 11.929139526783468, Training Loss Force: 63.06207402290343, time: 0.3557002544403076
Validation Loss Energy: 0.0, Validation Loss Force: 0.0, time: 0
Test Loss Energy: 0.0, Test Loss Force: 0.0, time: 0


Training and Validation Results of Epoch Warmup-73:
================================
Training Loss Energy: 11.927775837879835, Training Loss Force: 63.06203714074163, time: 0.35973501205444336
Validation Loss Energy: 0.0, Validation Loss Force: 0.0, time: 0
Test Loss Energy: 0.0, Test Loss Force: 0.0, time: 0


Training and Validation Results of Epoch Warmup-74:
================================
Training Loss Energy: 11.92600147100325, Training Loss Force: 63.06201458090037, time: 0.36289525032043457
Validation Loss Energy: 0.0, Validation Loss Force: 0.0, time: 0
Test Loss Energy: 0.0, Test Loss Force: 0.0, time: 0


Training and Validation Results of Epoch Warmup-75:
================================
Training Loss Energy: 11.924567823511882, Training Loss Force: 63.06197905767988, time: 0.38411402702331543
Validation Loss Energy: 0.0, Validation Loss Force: 0.0, time: 0
Test Loss Energy: 0.0, Test Loss Force: 0.0, time: 0


Training and Validation Results of Epoch Warmup-76:
================================
Training Loss Energy: 11.922734319206368, Training Loss Force: 63.06195491393346, time: 0.35405540466308594
Validation Loss Energy: 0.0, Validation Loss Force: 0.0, time: 0
Test Loss Energy: 0.0, Test Loss Force: 0.0, time: 0


Training and Validation Results of Epoch Warmup-77:
================================
Training Loss Energy: 11.921450099977408, Training Loss Force: 63.06193681188886, time: 0.3750612735748291
Validation Loss Energy: 0.0, Validation Loss Force: 0.0, time: 0
Test Loss Energy: 0.0, Test Loss Force: 0.0, time: 0


Training and Validation Results of Epoch Warmup-78:
================================
Training Loss Energy: 11.919343803386731, Training Loss Force: 63.06192698264098, time: 0.43316102027893066
Validation Loss Energy: 0.0, Validation Loss Force: 0.0, time: 0
Test Loss Energy: 0.0, Test Loss Force: 0.0, time: 0


Training and Validation Results of Epoch Warmup-79:
================================
Training Loss Energy: 11.917668058471627, Training Loss Force: 63.061909272576685, time: 0.4258766174316406
Validation Loss Energy: 0.0, Validation Loss Force: 0.0, time: 0
Test Loss Energy: 0.0, Test Loss Force: 0.0, time: 0


Training and Validation Results of Epoch Warmup-80:
================================
Training Loss Energy: 11.916710730296222, Training Loss Force: 63.06189138753916, time: 0.40456271171569824
Validation Loss Energy: 0.0, Validation Loss Force: 0.0, time: 0
Test Loss Energy: 0.0, Test Loss Force: 0.0, time: 0


Training and Validation Results of Epoch Warmup-81:
================================
Training Loss Energy: 11.91580713110013, Training Loss Force: 63.06181326833217, time: 0.3927030563354492
Validation Loss Energy: 0.0, Validation Loss Force: 0.0, time: 0
Test Loss Energy: 0.0, Test Loss Force: 0.0, time: 0


Training and Validation Results of Epoch Warmup-82:
================================
Training Loss Energy: 11.91434316542559, Training Loss Force: 63.061767305130076, time: 0.3673083782196045
Validation Loss Energy: 0.0, Validation Loss Force: 0.0, time: 0
Test Loss Energy: 0.0, Test Loss Force: 0.0, time: 0


Training and Validation Results of Epoch Warmup-83:
================================
Training Loss Energy: 11.913331772685542, Training Loss Force: 63.06166075385791, time: 0.3601853847503662
Validation Loss Energy: 0.0, Validation Loss Force: 0.0, time: 0
Test Loss Energy: 0.0, Test Loss Force: 0.0, time: 0


Training and Validation Results of Epoch Warmup-84:
================================
Training Loss Energy: 11.911712270811556, Training Loss Force: 63.061504980763104, time: 0.35029053688049316
Validation Loss Energy: 0.0, Validation Loss Force: 0.0, time: 0
Test Loss Energy: 0.0, Test Loss Force: 0.0, time: 0


Training and Validation Results of Epoch Warmup-85:
================================
Training Loss Energy: 11.910231164158427, Training Loss Force: 63.06132773885877, time: 0.3783130645751953
Validation Loss Energy: 0.0, Validation Loss Force: 0.0, time: 0
Test Loss Energy: 0.0, Test Loss Force: 0.0, time: 0


Training and Validation Results of Epoch Warmup-86:
================================
Training Loss Energy: 11.908496839497486, Training Loss Force: 63.06108601997513, time: 0.36086511611938477
Validation Loss Energy: 0.0, Validation Loss Force: 0.0, time: 0
Test Loss Energy: 0.0, Test Loss Force: 0.0, time: 0


Training and Validation Results of Epoch Warmup-87:
================================
Training Loss Energy: 11.906845540123745, Training Loss Force: 63.06080757331852, time: 0.3693718910217285
Validation Loss Energy: 0.0, Validation Loss Force: 0.0, time: 0
Test Loss Energy: 0.0, Test Loss Force: 0.0, time: 0


Training and Validation Results of Epoch Warmup-88:
================================
Training Loss Energy: 11.905181079926253, Training Loss Force: 63.06059331920241, time: 0.36525869369506836
Validation Loss Energy: 0.0, Validation Loss Force: 0.0, time: 0
Test Loss Energy: 0.0, Test Loss Force: 0.0, time: 0


Training and Validation Results of Epoch Warmup-89:
================================
Training Loss Energy: 11.90356560259499, Training Loss Force: 63.06033017341953, time: 0.35695362091064453
Validation Loss Energy: 0.0, Validation Loss Force: 0.0, time: 0
Test Loss Energy: 0.0, Test Loss Force: 0.0, time: 0


Training and Validation Results of Epoch Warmup-90:
================================
Training Loss Energy: 11.902522644204783, Training Loss Force: 63.06002316485513, time: 0.3659670352935791
Validation Loss Energy: 0.0, Validation Loss Force: 0.0, time: 0
Test Loss Energy: 0.0, Test Loss Force: 0.0, time: 0


Training and Validation Results of Epoch Warmup-91:
================================
Training Loss Energy: 11.901427816805482, Training Loss Force: 63.05954560247374, time: 0.3524796962738037
Validation Loss Energy: 0.0, Validation Loss Force: 0.0, time: 0
Test Loss Energy: 0.0, Test Loss Force: 0.0, time: 0


Training and Validation Results of Epoch Warmup-92:
================================
Training Loss Energy: 11.90123671986842, Training Loss Force: 63.05913023238273, time: 0.3546309471130371
Validation Loss Energy: 0.0, Validation Loss Force: 0.0, time: 0
Test Loss Energy: 0.0, Test Loss Force: 0.0, time: 0


Training and Validation Results of Epoch Warmup-93:
================================
Training Loss Energy: 11.899087455082775, Training Loss Force: 63.05873884224008, time: 0.38833069801330566
Validation Loss Energy: 0.0, Validation Loss Force: 0.0, time: 0
Test Loss Energy: 0.0, Test Loss Force: 0.0, time: 0


Training and Validation Results of Epoch Warmup-94:
================================
Training Loss Energy: 11.898312530439481, Training Loss Force: 63.058193664218, time: 0.3579998016357422
Validation Loss Energy: 0.0, Validation Loss Force: 0.0, time: 0
Test Loss Energy: 0.0, Test Loss Force: 0.0, time: 0


Training and Validation Results of Epoch Warmup-95:
================================
Training Loss Energy: 11.89526607213381, Training Loss Force: 63.05739324331339, time: 0.378143310546875
Validation Loss Energy: 0.0, Validation Loss Force: 0.0, time: 0
Test Loss Energy: 0.0, Test Loss Force: 0.0, time: 0


Training and Validation Results of Epoch Warmup-96:
================================
Training Loss Energy: 11.89478159577915, Training Loss Force: 63.056687544003736, time: 0.362684965133667
Validation Loss Energy: 0.0, Validation Loss Force: 0.0, time: 0
Test Loss Energy: 0.0, Test Loss Force: 0.0, time: 0


Training and Validation Results of Epoch Warmup-97:
================================
Training Loss Energy: 11.89250821524634, Training Loss Force: 63.05562175181502, time: 0.3837602138519287
Validation Loss Energy: 0.0, Validation Loss Force: 0.0, time: 0
Test Loss Energy: 0.0, Test Loss Force: 0.0, time: 0


Training and Validation Results of Epoch Warmup-98:
================================
Training Loss Energy: 11.89055507823294, Training Loss Force: 63.05447299318021, time: 0.3739175796508789
Validation Loss Energy: 0.0, Validation Loss Force: 0.0, time: 0
Test Loss Energy: 0.0, Test Loss Force: 0.0, time: 0


Training and Validation Results of Epoch Warmup-99:
================================
Training Loss Energy: 11.889946557167333, Training Loss Force: 63.0534648447901, time: 0.36968159675598145
Validation Loss Energy: 0.0, Validation Loss Force: 0.0, time: 0
Test Loss Energy: 0.0, Test Loss Force: 0.0, time: 0


Training and Validation Results of Epoch Warmup-100:
================================
Training Loss Energy: 11.887746571839731, Training Loss Force: 63.05203107655204, time: 0.3674490451812744
Validation Loss Energy: 0.0, Validation Loss Force: 0.0, time: 0
Test Loss Energy: 0.0, Test Loss Force: 0.0, time: 0


Training and Validation Results of Epoch Warmup-101:
================================
Training Loss Energy: 11.887133010272033, Training Loss Force: 63.0501492026956, time: 0.3720829486846924
Validation Loss Energy: 0.0, Validation Loss Force: 0.0, time: 0
Test Loss Energy: 0.0, Test Loss Force: 0.0, time: 0


Training and Validation Results of Epoch Warmup-102:
================================
Training Loss Energy: 11.884826266224131, Training Loss Force: 63.048692323364165, time: 0.4139218330383301
Validation Loss Energy: 0.0, Validation Loss Force: 0.0, time: 0
Test Loss Energy: 0.0, Test Loss Force: 0.0, time: 0


Training and Validation Results of Epoch Warmup-103:
================================
Training Loss Energy: 11.88351315680982, Training Loss Force: 63.04686149651575, time: 0.3587782382965088
Validation Loss Energy: 0.0, Validation Loss Force: 0.0, time: 0
Test Loss Energy: 0.0, Test Loss Force: 0.0, time: 0


Training and Validation Results of Epoch Warmup-104:
================================
Training Loss Energy: 11.88127891313216, Training Loss Force: 63.045090482905586, time: 0.37061381340026855
Validation Loss Energy: 0.0, Validation Loss Force: 0.0, time: 0
Test Loss Energy: 0.0, Test Loss Force: 0.0, time: 0


Training and Validation Results of Epoch Warmup-105:
================================
Training Loss Energy: 11.878669072399441, Training Loss Force: 63.04280207044601, time: 0.36881589889526367
Validation Loss Energy: 0.0, Validation Loss Force: 0.0, time: 0
Test Loss Energy: 0.0, Test Loss Force: 0.0, time: 0


Training and Validation Results of Epoch Warmup-106:
================================
Training Loss Energy: 11.876566037076161, Training Loss Force: 63.040894662007446, time: 0.3620462417602539
Validation Loss Energy: 0.0, Validation Loss Force: 0.0, time: 0
Test Loss Energy: 0.0, Test Loss Force: 0.0, time: 0


Training and Validation Results of Epoch Warmup-107:
================================
Training Loss Energy: 11.87553723849498, Training Loss Force: 63.039109091806225, time: 0.3669271469116211
Validation Loss Energy: 0.0, Validation Loss Force: 0.0, time: 0
Test Loss Energy: 0.0, Test Loss Force: 0.0, time: 0


Training and Validation Results of Epoch Warmup-108:
================================
Training Loss Energy: 11.872864328967474, Training Loss Force: 63.03697103810755, time: 0.37029528617858887
Validation Loss Energy: 0.0, Validation Loss Force: 0.0, time: 0
Test Loss Energy: 0.0, Test Loss Force: 0.0, time: 0


Training and Validation Results of Epoch Warmup-109:
================================
Training Loss Energy: 11.871383114478867, Training Loss Force: 63.03422784403293, time: 0.37266087532043457
Validation Loss Energy: 0.0, Validation Loss Force: 0.0, time: 0
Test Loss Energy: 0.0, Test Loss Force: 0.0, time: 0


Training and Validation Results of Epoch Warmup-110:
================================
Training Loss Energy: 11.86924946007802, Training Loss Force: 63.03099543580649, time: 0.3583381175994873
Validation Loss Energy: 0.0, Validation Loss Force: 0.0, time: 0
Test Loss Energy: 0.0, Test Loss Force: 0.0, time: 0


Training and Validation Results of Epoch Warmup-111:
================================
Training Loss Energy: 11.869242320782407, Training Loss Force: 63.02775059934307, time: 0.38613414764404297
Validation Loss Energy: 0.0, Validation Loss Force: 0.0, time: 0
Test Loss Energy: 0.0, Test Loss Force: 0.0, time: 0


Training and Validation Results of Epoch Warmup-112:
================================
Training Loss Energy: 11.866504965294801, Training Loss Force: 63.024799560997366, time: 0.38795018196105957
Validation Loss Energy: 0.0, Validation Loss Force: 0.0, time: 0
Test Loss Energy: 0.0, Test Loss Force: 0.0, time: 0


Training and Validation Results of Epoch Warmup-113:
================================
Training Loss Energy: 11.863994583644766, Training Loss Force: 63.02078898641673, time: 0.39154648780822754
Validation Loss Energy: 0.0, Validation Loss Force: 0.0, time: 0
Test Loss Energy: 0.0, Test Loss Force: 0.0, time: 0


Training and Validation Results of Epoch Warmup-114:
================================
Training Loss Energy: 11.861837745863818, Training Loss Force: 63.01637419253616, time: 0.36673736572265625
Validation Loss Energy: 0.0, Validation Loss Force: 0.0, time: 0
Test Loss Energy: 0.0, Test Loss Force: 0.0, time: 0


Training and Validation Results of Epoch Warmup-115:
================================
Training Loss Energy: 11.861307495388527, Training Loss Force: 63.01119253129008, time: 0.3619692325592041
Validation Loss Energy: 0.0, Validation Loss Force: 0.0, time: 0
Test Loss Energy: 0.0, Test Loss Force: 0.0, time: 0


Training and Validation Results of Epoch Warmup-116:
================================
Training Loss Energy: 11.863737303014451, Training Loss Force: 63.00641377293102, time: 0.3746037483215332
Validation Loss Energy: 0.0, Validation Loss Force: 0.0, time: 0
Test Loss Energy: 0.0, Test Loss Force: 0.0, time: 0


Training and Validation Results of Epoch Warmup-117:
================================
Training Loss Energy: 11.860860608596674, Training Loss Force: 63.00186778445149, time: 0.35938549041748047
Validation Loss Energy: 0.0, Validation Loss Force: 0.0, time: 0
Test Loss Energy: 0.0, Test Loss Force: 0.0, time: 0


Training and Validation Results of Epoch Warmup-118:
================================
Training Loss Energy: 11.857728579350177, Training Loss Force: 62.995596704796164, time: 0.4076409339904785
Validation Loss Energy: 0.0, Validation Loss Force: 0.0, time: 0
Test Loss Energy: 0.0, Test Loss Force: 0.0, time: 0


Training and Validation Results of Epoch Warmup-119:
================================
Training Loss Energy: 11.857924727831865, Training Loss Force: 62.98947876228732, time: 0.39650654792785645
Validation Loss Energy: 0.0, Validation Loss Force: 0.0, time: 0
Test Loss Energy: 0.0, Test Loss Force: 0.0, time: 0


Training and Validation Results of Epoch Warmup-120:
================================
Training Loss Energy: 11.856825819897734, Training Loss Force: 62.98298470653884, time: 0.3663182258605957
Validation Loss Energy: 0.0, Validation Loss Force: 0.0, time: 0
Test Loss Energy: 0.0, Test Loss Force: 0.0, time: 0


Training and Validation Results of Epoch Warmup-121:
================================
Training Loss Energy: 11.855561592574064, Training Loss Force: 62.975643941404996, time: 0.3765742778778076
Validation Loss Energy: 0.0, Validation Loss Force: 0.0, time: 0
Test Loss Energy: 0.0, Test Loss Force: 0.0, time: 0


Training and Validation Results of Epoch Warmup-122:
================================
Training Loss Energy: 11.852246189892426, Training Loss Force: 62.96725537162186, time: 0.3572230339050293
Validation Loss Energy: 0.0, Validation Loss Force: 0.0, time: 0
Test Loss Energy: 0.0, Test Loss Force: 0.0, time: 0


Training and Validation Results of Epoch Warmup-123:
================================
Training Loss Energy: 11.850377720257509, Training Loss Force: 62.959622275387595, time: 0.3958241939544678
Validation Loss Energy: 0.0, Validation Loss Force: 0.0, time: 0
Test Loss Energy: 0.0, Test Loss Force: 0.0, time: 0


Training and Validation Results of Epoch Warmup-124:
================================
Training Loss Energy: 11.850330522814584, Training Loss Force: 62.95006310688956, time: 0.3768787384033203
Validation Loss Energy: 0.0, Validation Loss Force: 0.0, time: 0
Test Loss Energy: 0.0, Test Loss Force: 0.0, time: 0


Training and Validation Results of Epoch Warmup-125:
================================
Training Loss Energy: 11.84854923620275, Training Loss Force: 62.93976762494078, time: 0.3571641445159912
Validation Loss Energy: 0.0, Validation Loss Force: 0.0, time: 0
Test Loss Energy: 0.0, Test Loss Force: 0.0, time: 0

slurmstepd: error: *** JOB 5124744 ON aimat01 CANCELLED AT 2024-12-05T16:20:24 ***

Training and Validation Results of Epoch Warmup-126:
================================
Training Loss Energy: 11.84798968374, Training Loss Force: 62.9285400984952, time: 0.3865325450897217
Validation Loss Energy: 0.0, Validation Loss Force: 0.0, time: 0
Test Loss Energy: 0.0, Test Loss Force: 0.0, time: 0


Training and Validation Results of Epoch Warmup-127:
================================
Training Loss Energy: 11.846925115530684, Training Loss Force: 62.91769537763469, time: 0.4540224075317383
Validation Loss Energy: 0.0, Validation Loss Force: 0.0, time: 0
Test Loss Energy: 0.0, Test Loss Force: 0.0, time: 0


Training and Validation Results of Epoch Warmup-128:
================================
Training Loss Energy: 11.84365266845704, Training Loss Force: 62.904749573792095, time: 0.5492756366729736
Validation Loss Energy: 0.0, Validation Loss Force: 0.0, time: 0
Test Loss Energy: 0.0, Test Loss Force: 0.0, time: 0


Training and Validation Results of Epoch Warmup-129:
================================
Training Loss Energy: 11.840832608707698, Training Loss Force: 62.89189858814513, time: 0.513538122177124
Validation Loss Energy: 0.0, Validation Loss Force: 0.0, time: 0
Test Loss Energy: 0.0, Test Loss Force: 0.0, time: 0

