Uncertainty Slope: 9.590109224851728, Uncertainty Bias: -11.404344237611326
No artists with labels found to put in legend.  Note that artists whose label start with an underscore are ignored when legend() is called with no argument.
No artists with labels found to put in legend.  Note that artists whose label start with an underscore are ignored when legend() is called with no argument.
2.3841858e-06 1.9907951e-05
-9.014061 2.6919546
Uncertainty Slope: 0.7455330832355799, Uncertainty Bias: -0.39981319567951545
No artists with labels found to put in legend.  Note that artists whose label start with an underscore are ignored when legend() is called with no argument.
No artists with labels found to put in legend.  Note that artists whose label start with an underscore are ignored when legend() is called with no argument.
1.1920929e-06 3.874302e-05
0.067745835 1.9231894
Uncertainty Slope: 4.127495441854508, Uncertainty Bias: -3.4618822249035675
No artists with labels found to put in legend.  Note that artists whose label start with an underscore are ignored when legend() is called with no argument.
No artists with labels found to put in legend.  Note that artists whose label start with an underscore are ignored when legend() is called with no argument.
4.7683716e-07 3.077835e-05
-0.42572713 2.8507128
Uncertainty Slope: 36.80357007372811, Uncertainty Bias: -36.65814234158895
No artists with labels found to put in legend.  Note that artists whose label start with an underscore are ignored when legend() is called with no argument.
No artists with labels found to put in legend.  Note that artists whose label start with an underscore are ignored when legend() is called with no argument.
1.4305115e-06 2.515316e-05
-3.7427788 16.930412
Uncertainty Slope: 4.777102712572152, Uncertainty Bias: -3.5019037053471993
No artists with labels found to put in legend.  Note that artists whose label start with an underscore are ignored when legend() is called with no argument.
No artists with labels found to put in legend.  Note that artists whose label start with an underscore are ignored when legend() is called with no argument.
1.3411045e-07 1.23381615e-05
-0.07353568 4.7217684
