wandb: Currently logged in as: l-baer-99 (l-baer-99-Karlsruhe Institute of Technology). Use `wandb login --relogin` to force relogin
wandb: wandb version 0.18.7 is available!  To upgrade, please run:
wandb:  $ pip install wandb --upgrade
wandb: Tracking run with wandb version 0.17.4
wandb: Run data is saved locally in /home/ws/fq0795/git/gnn_uncertainty/wandb/run-20241129_210833-rc2251kz
wandb: Run `wandb offline` to turn off syncing.
wandb: Syncing run al_60
wandb: ⭐️ View project at https://wandb.ai/l-baer-99-Karlsruhe%20Institute%20of%20Technology/ActiveLearning
wandb: 🚀 View run at https://wandb.ai/l-baer-99-Karlsruhe%20Institute%20of%20Technology/ActiveLearning/runs/rc2251kz
['H1', 'CH3', 'H2', 'H3', 'C', 'O', 'N', 'H', 'CA', 'HA', 'CB', 'HB1', 'HB2', 'HB3', 'C', 'O', 'N', 'H', 'C', 'H1', 'H2', 'H3']
59
0.0 1.0
Uncertainty Slope: -0.17403388023376465, Uncertainty Bias: 4.71110200881958
4.711102 -0.17403388
0.0005885884 0.029277325
63.118057 64.19301
4.711102 -0.17403388
4.711102 -0.17403388
4.711102 -0.17403388
4.711102 -0.17403388
4.711102 -0.17403388
4.711102 -0.17403388
4.711102 -0.17403388
4.711102 -0.17403388
4.711102 -0.17403388
4.711102 -0.17403388
4.711102 -0.17403388
4.711102 -0.17403388
4.711102 -0.17403388
4.711102 -0.17403388
4.711102 -0.17403388
4.711102 -0.17403388
4.711102 -0.17403388
4.711102 -0.17403388
4.711102 -0.17403388
4.711102 -0.17403388
4.711102 -0.17403388
4.711102 -0.17403388
4.711102 -0.17403388
4.711102 -0.17403388
4.711102 -0.17403388
4.711102 -0.17403388
4.711102 -0.17403388
4.711102 -0.17403388
4.711102 -0.17403388
4.711102 -0.17403388
4.711102 -0.17403388
4.711102 -0.17403388
4.711102 -0.17403388
4.711102 -0.17403388
4.711102 -0.17403388
4.711102 -0.17403388
4.711102 -0.17403388
4.711102 -0.17403388
4.711102 -0.17403388
4.711102 -0.17403388
4.711102 -0.17403388
4.711102 -0.17403388
4.711102 -0.17403388
4.711102 -0.17403388
4.711102 -0.17403388
4.711102 -0.17403388
4.711102 -0.17403388
4.711102 -0.17403388
4.711102 -0.17403388
4.711102 -0.17403388
4.711102 -0.17403388
4.711102 -0.17403388
4.711102 -0.17403388
4.711102 -0.17403388
4.711102 -0.17403388
4.711102 -0.17403388
4.711102 -0.17403388
4.711102 -0.17403388
4.711102 -0.17403388
4.711102 -0.17403388
4.711102 -0.17403388
4.711102 -0.17403388
4.711102 -0.17403388
4.711102 -0.17403388
4.711102 -0.17403388
4.711102 -0.17403388
4.711102 -0.17403388
4.711102 -0.17403388
4.711102 -0.17403388
4.711102 -0.17403388
4.711102 -0.17403388
4.711102 -0.17403388
4.711102 -0.17403388
4.711102 -0.17403388
4.711102 -0.17403388
4.711102 -0.17403388
4.711102 -0.17403388
4.711102 -0.17403388
4.711102 -0.17403388
4.711102 -0.17403388
4.711102 -0.17403388
4.711102 -0.17403388
4.711102 -0.17403388
4.711102 -0.17403388
4.711102 -0.17403388
4.711102 -0.17403388
4.711102 -0.17403388
4.711102 -0.17403388
4.711102 -0.17403388
4.711102 -0.17403388
4.711102 -0.17403388
4.711102 -0.17403388
4.711102 -0.17403388
4.711102 -0.17403388
4.711102 -0.17403388
4.711102 -0.17403388
4.711102 -0.17403388
4.711102 -0.17403388
4.711102 -0.17403388
4.711102 -0.17403388
4.711102 -0.17403388
4.711102 -0.17403388
4.711102 -0.17403388
4.711102 -0.17403388
4.711102 -0.17403388
4.711102 -0.17403388
4.711102 -0.17403388
4.711102 -0.17403388
4.711102 -0.17403388
4.711102 -0.17403388
4.711102 -0.17403388
4.711102 -0.17403388
4.711102 -0.17403388
4.711102 -0.17403388
4.711102 -0.17403388
4.711102 -0.17403388
4.711102 -0.17403388
4.711102 -0.17403388
4.711102 -0.17403388
4.711102 -0.17403388
4.711102 -0.17403388
4.711102 -0.17403388
4.711102 -0.17403388
4.711102 -0.17403388
4.711102 -0.17403388
4.711102 -0.17403388
4.711102 -0.17403388
4.711102 -0.17403388
4.711102 -0.17403388
4.711102 -0.17403388
4.711102 -0.17403388
4.711102 -0.17403388
4.711102 -0.17403388
4.711102 -0.17403388
4.711102 -0.17403388
4.711102 -0.17403388
4.711102 -0.17403388
4.711102 -0.17403388
4.711102 -0.17403388
4.711102 -0.17403388
4.711102 -0.17403388
4.711102 -0.17403388
4.711102 -0.17403388
4.711102 -0.17403388
4.711102 -0.17403388
4.711102 -0.17403388
4.711102 -0.17403388
4.711102 -0.17403388
4.711102 -0.17403388
4.711102 -0.17403388
4.711102 -0.17403388
4.711102 -0.17403388
4.711102 -0.17403388
4.711102 -0.17403388
4.711102 -0.17403388
4.711102 -0.17403388
4.711102 -0.17403388
4.711102 -0.17403388
4.711102 -0.17403388
4.711102 -0.17403388
4.711102 -0.17403388
4.711102 -0.17403388
4.711102 -0.17403388
4.711102 -0.17403388
4.711102 -0.17403388
4.711102 -0.17403388
4.711102 -0.17403388
4.711102 -0.17403388
4.711102 -0.17403388
4.711102 -0.17403388
4.711102 -0.17403388
4.711102 -0.17403388
4.711102 -0.17403388
4.711102 -0.17403388
4.711102 -0.17403388
4.711102 -0.17403388
4.711102 -0.17403388
4.711102 -0.17403388
4.711102 -0.17403388
4.711102 -0.17403388
4.711102 -0.17403388
4.711102 -0.17403388
4.711102 -0.17403388
4.711102 -0.17403388
4.711102 -0.17403388
4.711102 -0.17403388
4.711102 -0.17403388
4.711102 -0.17403388
4.711102 -0.17403388
4.711102 -0.17403388
4.711102 -0.17403388
slurmstepd: error: *** JOB 5123798 ON aimat01 CANCELLED AT 2024-11-29T21:09:41 ***
