['H1', 'CH3', 'H2', 'H3', 'C', 'O', 'N', 'H', 'CA', 'HA', 'CB', 'HB1', 'HB2', 'HB3', 'C', 'O', 'N', 'H', 'C', 'H1', 'H2', 'H3']
59
Uncertainty Slope: 6.046337127685547, Uncertainty Bias: -0.6125317811965942
(48745, 22, 3)
Uncertainty Slope: 7.428014755249023, Uncertainty Bias: -0.8541877269744873
(48745, 22, 3)
Uncertainty Slope: 6.449803352355957, Uncertainty Bias: -0.7316747903823853
(48745, 22, 3)
Uncertainty Slope: 2.927886724472046, Uncertainty Bias: -0.4748517572879791
(48745, 22, 3)
Uncertainty Slope: 14.948025703430176, Uncertainty Bias: -2.9841980934143066
(48745, 22, 3)
Uncertainty Slope: 21.887893676757812, Uncertainty Bias: -4.256586074829102
(48745, 22, 3)
Uncertainty Slope: 24.65792465209961, Uncertainty Bias: -4.432581424713135
/home/ws/fq0795/git/gnn_uncertainty/uncertainty/base_uncertainty.py:925: RuntimeWarning: More than 20 figures have been opened. Figures created through the pyplot interface (`matplotlib.pyplot.figure`) are retained until explicitly closed and may consume too much memory. (To control this warning, see the rcParam `figure.max_open_warning`). Consider using `matplotlib.pyplot.close()`.
  plt.figure(figsize=(10, 8))
(48745, 22, 3)
Uncertainty Slope: 25.758262634277344, Uncertainty Bias: -4.202223777770996
(48745, 22, 3)
Uncertainty Slope: 27.076404571533203, Uncertainty Bias: -4.44200325012207
(48745, 22, 3)
Uncertainty Slope: 28.89024543762207, Uncertainty Bias: -4.443546772003174
(48745, 22, 3)
Uncertainty Slope: 25.841419219970703, Uncertainty Bias: -3.89197039604187
(48745, 22, 3)
Uncertainty Slope: 32.277008056640625, Uncertainty Bias: -4.763759613037109
(48745, 22, 3)
Uncertainty Slope: 34.584354400634766, Uncertainty Bias: -5.134948253631592
(48745, 22, 3)
Uncertainty Slope: 33.18675231933594, Uncertainty Bias: -4.797843933105469
(48745, 22, 3)
Uncertainty Slope: 32.92942810058594, Uncertainty Bias: -4.6649017333984375
(48745, 22, 3)
Uncertainty Slope: 35.47314453125, Uncertainty Bias: -5.015823841094971
(48745, 22, 3)
Uncertainty Slope: 34.96612548828125, Uncertainty Bias: -4.8712358474731445
(48745, 22, 3)
Uncertainty Slope: 36.721561431884766, Uncertainty Bias: -5.120545864105225
(48745, 22, 3)
Uncertainty Slope: 35.5069580078125, Uncertainty Bias: -4.85603141784668
(48745, 22, 3)
Uncertainty Slope: 37.13975143432617, Uncertainty Bias: -5.140709400177002
(48745, 22, 3)
Uncertainty Slope: 37.54825210571289, Uncertainty Bias: -5.1335906982421875
(48745, 22, 3)
Uncertainty Slope: 34.72913360595703, Uncertainty Bias: -4.771225929260254
(48745, 22, 3)
Uncertainty Slope: 36.572689056396484, Uncertainty Bias: -4.882364749908447
(48745, 22, 3)
Uncertainty Slope: 38.10832595825195, Uncertainty Bias: -5.139717102050781
(48745, 22, 3)
Uncertainty Slope: 38.03562545776367, Uncertainty Bias: -5.097487449645996
(48745, 22, 3)
Uncertainty Slope: 37.40447998046875, Uncertainty Bias: -4.949265480041504
(48745, 22, 3)
Uncertainty Slope: 39.78804016113281, Uncertainty Bias: -5.294199466705322
(48745, 22, 3)
Uncertainty Slope: 38.35569381713867, Uncertainty Bias: -5.136551856994629
(48745, 22, 3)
Uncertainty Slope: 36.277503967285156, Uncertainty Bias: -4.847959995269775
(48745, 22, 3)
Uncertainty Slope: 35.67179489135742, Uncertainty Bias: -4.708547115325928
(48745, 22, 3)
Uncertainty Slope: 40.83074951171875, Uncertainty Bias: -5.433703899383545
(48745, 22, 3)
Uncertainty Slope: 36.285770416259766, Uncertainty Bias: -4.778903484344482
(48745, 22, 3)
Uncertainty Slope: 39.95289993286133, Uncertainty Bias: -5.291920185089111
(48745, 22, 3)
Uncertainty Slope: 39.698726654052734, Uncertainty Bias: -5.221121788024902
(48745, 22, 3)
Uncertainty Slope: 36.6024055480957, Uncertainty Bias: -4.842390537261963
(48745, 22, 3)
Uncertainty Slope: 40.261383056640625, Uncertainty Bias: -5.253269195556641
(48745, 22, 3)
Uncertainty Slope: 42.50184631347656, Uncertainty Bias: -5.53940486907959
(48745, 22, 3)
Uncertainty Slope: 42.49341583251953, Uncertainty Bias: -5.537055492401123
(48745, 22, 3)
Uncertainty Slope: 46.29094696044922, Uncertainty Bias: -6.116403102874756
(48745, 22, 3)
Uncertainty Slope: 39.78624725341797, Uncertainty Bias: -5.238408088684082
(48745, 22, 3)
Uncertainty Slope: 43.65431594848633, Uncertainty Bias: -5.710197925567627
(48745, 22, 3)
Uncertainty Slope: 46.50181579589844, Uncertainty Bias: -6.039276599884033
(48745, 22, 3)
Uncertainty Slope: 45.21290969848633, Uncertainty Bias: -5.864455223083496
(48745, 22, 3)
Uncertainty Slope: 44.902923583984375, Uncertainty Bias: -5.7133378982543945
(48745, 22, 3)
Uncertainty Slope: 39.459014892578125, Uncertainty Bias: -5.074704647064209
(48745, 22, 3)
Uncertainty Slope: 39.68408203125, Uncertainty Bias: -5.1616058349609375
(48745, 22, 3)
Uncertainty Slope: 41.15019607543945, Uncertainty Bias: -5.175674915313721
(48745, 22, 3)
Uncertainty Slope: 46.731224060058594, Uncertainty Bias: -6.0353288650512695
(48745, 22, 3)
Uncertainty Slope: 42.43645477294922, Uncertainty Bias: -5.43880033493042
(48745, 22, 3)
Uncertainty Slope: 42.41668701171875, Uncertainty Bias: -5.380618095397949
(48745, 22, 3)
Uncertainty Slope: 43.883304595947266, Uncertainty Bias: -5.513400554656982
(48745, 22, 3)
Uncertainty Slope: 47.05929946899414, Uncertainty Bias: -5.9712629318237305
(48745, 22, 3)
