[I 2024-11-21 09:16:50.608 ServerApp] jupyter_lsp | extension was successfully linked.
[I 2024-11-21 09:16:50.612 ServerApp] jupyter_server_terminals | extension was successfully linked.
[I 2024-11-21 09:16:50.618 ServerApp] jupyterlab | extension was successfully linked.
[I 2024-11-21 09:16:50.624 ServerApp] notebook | extension was successfully linked.
[I 2024-11-21 09:16:51.285 ServerApp] notebook_shim | extension was successfully linked.
[I 2024-11-21 09:16:51.332 ServerApp] notebook_shim | extension was successfully loaded.
[I 2024-11-21 09:16:51.335 ServerApp] jupyter_lsp | extension was successfully loaded.
[I 2024-11-21 09:16:51.336 ServerApp] jupyter_server_terminals | extension was successfully loaded.
[I 2024-11-21 09:16:51.355 LabApp] JupyterLab extension loaded from /home/ws/fq0795/miniconda3/envs/torch/lib/python3.12/site-packages/jupyterlab
[I 2024-11-21 09:16:51.355 LabApp] JupyterLab application directory is /home/ws/fq0795/miniconda3/envs/torch/share/jupyter/lab
[I 2024-11-21 09:16:51.356 LabApp] Extension Manager is 'pypi'.
[I 2024-11-21 09:16:51.384 ServerApp] jupyterlab | extension was successfully loaded.
[I 2024-11-21 09:16:51.390 ServerApp] notebook | extension was successfully loaded.
[I 2024-11-21 09:16:51.390 ServerApp] Serving notebooks from local directory: /home/ws/fq0795/git/gnn_uncertainty
[I 2024-11-21 09:16:51.390 ServerApp] Jupyter Server 2.14.2 is running at:
[I 2024-11-21 09:16:51.390 ServerApp] http://aimat01.int-nano.int.kit.edu:8888/tree
[I 2024-11-21 09:16:51.390 ServerApp]     http://127.0.0.1:8888/tree
[I 2024-11-21 09:16:51.390 ServerApp] Use Control-C to stop this server and shut down all kernels (twice to skip confirmation).
[I 2024-11-21 09:16:51.425 ServerApp] Skipped non-installed server(s): bash-language-server, dockerfile-language-server-nodejs, javascript-typescript-langserver, jedi-language-server, julia-language-server, pyright, python-language-server, python-lsp-server, r-languageserver, sql-language-server, texlab, typescript-language-server, unified-language-server, vscode-css-languageserver-bin, vscode-html-languageserver-bin, vscode-json-languageserver-bin, yaml-language-server
[I 2024-11-21 09:16:55.552 ServerApp] 302 GET / (@10.0.0.1) 0.47ms
0.00s - Debugger warning: It seems that frozen modules are being used, which may
0.00s - make the debugger miss breakpoints. Please pass -Xfrozen_modules=off
0.00s - to python to disable frozen modules.
0.00s - Note: Debugging will proceed. Set PYDEVD_DISABLE_FILE_VALIDATION=1 to disable this validation.
slurmstepd: error: *** JOB 5122405 ON aimat01 CANCELLED AT 2024-11-21T09:25:29 ***
