Uncertainty Slope: 134.1442776939525, Uncertainty Bias: -81.36774678830496
No artists with labels found to put in legend.  Note that artists whose label start with an underscore are ignored when legend() is called with no argument.
No artists with labels found to put in legend.  Note that artists whose label start with an underscore are ignored when legend() is called with no argument.
0.0 2.861023e-06
-89.116394 36.330208
Uncertainty Slope: -18.019767792401474, Uncertainty Bias: 13.281756980893245
No artists with labels found to put in legend.  Note that artists whose label start with an underscore are ignored when legend() is called with no argument.
No artists with labels found to put in legend.  Note that artists whose label start with an underscore are ignored when legend() is called with no argument.
1.0430813e-06 2.3841858e-07
-2.2148294 7.0470777
Uncertainty Slope: 16.50536487172904, Uncertainty Bias: -12.421173069364725
No artists with labels found to put in legend.  Note that artists whose label start with an underscore are ignored when legend() is called with no argument.
No artists with labels found to put in legend.  Note that artists whose label start with an underscore are ignored when legend() is called with no argument.
9.536743e-07 3.6776066e-05
-3.7406816 6.3631554
Uncertainty Slope: 43.07453948071052, Uncertainty Bias: -29.894014777155657
No artists with labels found to put in legend.  Note that artists whose label start with an underscore are ignored when legend() is called with no argument.
No artists with labels found to put in legend.  Note that artists whose label start with an underscore are ignored when legend() is called with no argument.
2.3841858e-07 2.156198e-05
-8.077839 14.09886
Uncertainty Slope: 9.504512124260005, Uncertainty Bias: -8.205838191629573
No artists with labels found to put in legend.  Note that artists whose label start with an underscore are ignored when legend() is called with no argument.
No artists with labels found to put in legend.  Note that artists whose label start with an underscore are ignored when legend() is called with no argument.
0.0 7.480383e-05
-2.49197 6.710388
