Uncertainty Slope: 2.177445888519287, Uncertainty Bias: 0.01030801236629486
9.536743e-06 8.9645386e-05
2.7894235 17.625347
(48745, 22, 3)
Uncertainty Slope: 3.315129518508911, Uncertainty Bias: -0.2301158905029297
0.0 0.00039696693
1.5195949 11.72498
(48745, 22, 3)
Uncertainty Slope: 5.512265682220459, Uncertainty Bias: -0.28949618339538574
4.23193e-06 0.00023841858
2.320437 5.453485
(48745, 22, 3)
Uncertainty Slope: 2.96213436126709, Uncertainty Bias: -0.10876506567001343
1.5258789e-05 0.0010719299
2.4773796 12.794283
(48745, 22, 3)
Uncertainty Slope: 3.138209342956543, Uncertainty Bias: -0.14989182353019714
4.7683716e-06 0.0005645752
2.3566155 5.3903694
(48745, 22, 3)
