/home/ws/fq0795/miniconda3/envs/torch/lib/python3.12/site-packages/sklearn/utils/validation.py:1300: DataConversionWarning: A column-vector y was passed when a 1d array was expected. Please change the shape of y to (n_samples, ), for example using ravel().
  y = column_or_1d(y, warn=True)
Uncertainty Slope: 0.46568007966721614, Uncertainty Bias: -0.2761063473035604
No artists with labels found to put in legend.  Note that artists whose label start with an underscore are ignored when legend() is called with no argument.
No artists with labels found to put in legend.  Note that artists whose label start with an underscore are ignored when legend() is called with no argument.
/home/ws/fq0795/miniconda3/envs/torch/lib/python3.12/site-packages/sklearn/utils/validation.py:1300: DataConversionWarning: A column-vector y was passed when a 1d array was expected. Please change the shape of y to (n_samples, ), for example using ravel().
  y = column_or_1d(y, warn=True)
5.9604645e-07 2.5749207e-05
-0.16003853 0.40838647
Uncertainty Slope: 0.36458204093485097, Uncertainty Bias: -0.09477151961145201
No artists with labels found to put in legend.  Note that artists whose label start with an underscore are ignored when legend() is called with no argument.
No artists with labels found to put in legend.  Note that artists whose label start with an underscore are ignored when legend() is called with no argument.
/home/ws/fq0795/miniconda3/envs/torch/lib/python3.12/site-packages/sklearn/utils/validation.py:1300: DataConversionWarning: A column-vector y was passed when a 1d array was expected. Please change the shape of y to (n_samples, ), for example using ravel().
  y = column_or_1d(y, warn=True)
1.9073486e-06 3.707409e-05
0.13387509 1.0412318
Uncertainty Slope: 0.5277640690175902, Uncertainty Bias: -0.270854095453625
No artists with labels found to put in legend.  Note that artists whose label start with an underscore are ignored when legend() is called with no argument.
No artists with labels found to put in legend.  Note that artists whose label start with an underscore are ignored when legend() is called with no argument.
/home/ws/fq0795/miniconda3/envs/torch/lib/python3.12/site-packages/sklearn/utils/validation.py:1300: DataConversionWarning: A column-vector y was passed when a 1d array was expected. Please change the shape of y to (n_samples, ), for example using ravel().
  y = column_or_1d(y, warn=True)
0.0 3.0599535e-05
0.1173653 0.53630805
Uncertainty Slope: 0.275908056614865, Uncertainty Bias: -0.002939978301855012
No artists with labels found to put in legend.  Note that artists whose label start with an underscore are ignored when legend() is called with no argument.
No artists with labels found to put in legend.  Note that artists whose label start with an underscore are ignored when legend() is called with no argument.
/home/ws/fq0795/miniconda3/envs/torch/lib/python3.12/site-packages/sklearn/utils/validation.py:1300: DataConversionWarning: A column-vector y was passed when a 1d array was expected. Please change the shape of y to (n_samples, ), for example using ravel().
  y = column_or_1d(y, warn=True)
4.7683716e-07 2.4914742e-05
0.24381918 0.39880103
Uncertainty Slope: 0.6323937445664474, Uncertainty Bias: -0.3043571961831778
No artists with labels found to put in legend.  Note that artists whose label start with an underscore are ignored when legend() is called with no argument.
No artists with labels found to put in legend.  Note that artists whose label start with an underscore are ignored when legend() is called with no argument.
0.0 1.4260411e-05
0.14949065 0.7842933
