/home/ws/fq0795/git/gnn_uncertainty/active_learning.py:173: DeprecationWarning: Please use atoms.calc = calc
  self.atoms.set_calculator(self.calc)
wandb: Currently logged in as: l-baer-99 (l-baer-99-Karlsruhe Institute of Technology). Use `wandb login --relogin` to force relogin
wandb: wandb version 0.18.7 is available!  To upgrade, please run:
wandb:  $ pip install wandb --upgrade
wandb: Tracking run with wandb version 0.17.4
wandb: Run data is saved locally in /home/ws/fq0795/git/gnn_uncertainty/wandb/run-20241120_171420-ulxl6qom
wandb: Run `wandb offline` to turn off syncing.
wandb: Syncing run proud-sound-43
wandb: ⭐️ View project at https://wandb.ai/l-baer-99-Karlsruhe%20Institute%20of%20Technology/ActiveLearning
wandb: 🚀 View run at https://wandb.ai/l-baer-99-Karlsruhe%20Institute%20of%20Technology/ActiveLearning/runs/ulxl6qom
['H1', 'CH3', 'H2', 'H3', 'C', 'O', 'N', 'H', 'CA', 'HA', 'CB', 'HB1', 'HB2', 'HB3', 'C', 'O', 'N', 'H', 'C', 'H1', 'H2', 'H3']
Uncertainty Slope: 0.656940221786499, Uncertainty Bias: 0.02670028805732727

Training and Validation Results of Epoch Initital validation:
================================
Training Loss Energy: 0.0, Training Loss Force: 0.0, time: 0
Validation Loss Energy: 12.429640140517865, Validation Loss Force: 10.72082992279877, time: 13.817822694778442
Test Loss Energy: 0.0, Test Loss Force: 0.0, time: 0

wandb: - 0.039 MB of 0.039 MB uploadedwandb: \ 0.039 MB of 0.039 MB uploadedwandb: | 0.039 MB of 0.039 MB uploadedwandb: / 0.044 MB of 0.053 MB uploaded (0.003 MB deduped)wandb: - 0.044 MB of 0.053 MB uploaded (0.003 MB deduped)wandb: \ 0.056 MB of 0.056 MB uploaded (0.003 MB deduped)wandb:                                                                                
wandb: W&B sync reduced upload amount by 5.4%             
wandb: 
wandb: Run history:
wandb:       dataset_size ▁
wandb:  test_error_energy ▁
wandb:   test_error_force ▁
wandb:   test_error_total ▁
wandb: train_error_energy ▁
wandb:  train_error_force ▁
wandb:  train_error_total ▁
wandb: valid_error_energy ▁
wandb:  valid_error_force ▁
wandb:  valid_error_total ▁
wandb: 
wandb: Run summary:
wandb:       dataset_size 800
wandb:  test_error_energy 0.0
wandb:   test_error_force 0.0
wandb:   test_error_total 0.0
wandb: train_error_energy 0.0
wandb:  train_error_force 0.0
wandb:  train_error_total 0.0
wandb: valid_error_energy 12.42964
wandb:  valid_error_force 10.72083
wandb:  valid_error_total 6.0439
wandb: 
wandb: 🚀 View run proud-sound-43 at: https://wandb.ai/l-baer-99-Karlsruhe%20Institute%20of%20Technology/ActiveLearning/runs/ulxl6qom
wandb: ⭐️ View project at: https://wandb.ai/l-baer-99-Karlsruhe%20Institute%20of%20Technology/ActiveLearning
wandb: Synced 6 W&B file(s), 0 media file(s), 2 artifact file(s) and 0 other file(s)
wandb: Find logs at: ./wandb/run-20241120_171420-ulxl6qom/logs
wandb: WARNING The new W&B backend becomes opt-out in version 0.18.0; try it out with `wandb.require("core")`! See https://wandb.me/wandb-core for more information.
Found uncertainty sample after 942 steps.
Found uncertainty sample after 939 steps.
Found uncertainty sample after 401 steps.
Found uncertainty sample after 284 steps.
Found uncertainty sample after 391 steps.
Found uncertainty sample after 381 steps.
Found uncertainty sample after 241 steps.
Found uncertainty sample after 48 steps.
Found uncertainty sample after 501 steps.
Found uncertainty sample after 383 steps.
Found uncertainty sample after 667 steps.
Found uncertainty sample after 414 steps.
Found uncertainty sample after 513 steps.
slurmstepd: error: *** JOB 5121966 ON aimat01 CANCELLED AT 2024-11-20T17:17:33 ***
