wandb: Currently logged in as: l-baer-99 (l-baer-99-Karlsruhe Institute of Technology). Use `wandb login --relogin` to force relogin
wandb: wandb version 0.18.7 is available!  To upgrade, please run:
wandb:  $ pip install wandb --upgrade
wandb: Tracking run with wandb version 0.17.4
wandb: Run data is saved locally in /home/ws/fq0795/git/gnn_uncertainty/wandb/run-20241121_150252-rqf9taa5
wandb: Run `wandb offline` to turn off syncing.
wandb: Syncing run quiet-surf-59
wandb: ⭐️ View project at https://wandb.ai/l-baer-99-Karlsruhe%20Institute%20of%20Technology/ActiveLearning
wandb: 🚀 View run at https://wandb.ai/l-baer-99-Karlsruhe%20Institute%20of%20Technology/ActiveLearning/runs/rqf9taa5
['H1', 'CH3', 'H2', 'H3', 'C', 'O', 'N', 'H', 'CA', 'HA', 'CB', 'HB1', 'HB2', 'HB3', 'C', 'O', 'N', 'H', 'C', 'H1', 'H2', 'H3']
Traceback (most recent call last):
  File "/home/ws/fq0795/git/gnn_uncertainty/active_learning.py", line 436, in <module>
    al.improve_model(200, 100,run_idx=46, use_wandb=True, model_path=model_path, epochs_per_iter=40)
  File "/home/ws/fq0795/git/gnn_uncertainty/active_learning.py", line 289, in improve_model
    self.model.calibrate_uncertainty(validloader, device=self.device, dtype=self.dtype, path=f"al/run{run_idx}/plots/calibration.pdf")
  File "/home/ws/fq0795/git/gnn_uncertainty/uncertainty/base_uncertainty.py", line 277, in calibrate_uncertainty
    energy, forces, uncertainty = self.predict(x=atom_positions, h0=nodes, edges=edges, edge_attr=None, node_mask=atom_mask, edge_mask=edge_mask, n_nodes=n_nodes)
                                  ^^^^^^^^^^^^^^^^^^^^^^^^^^^^^^^^^^^^^^^^^^^^^^^^^^^^^^^^^^^^^^^^^^^^^^^^^^^^^^^^^^^^^^^^^^^^^^^^^^^^^^^^^^^^^^^^^^^^^^^^^^^^^^^^
  File "/home/ws/fq0795/git/gnn_uncertainty/uncertainty/ensemble.py", line 140, in predict
    energies, energy, forces, force = self.forward(x=x, leave_out=leave_out, *args, **kwargs)
                                      ^^^^^^^^^^^^^^^^^^^^^^^^^^^^^^^^^^^^^^^^^^^^^^^^^^^^^^^
  File "/home/ws/fq0795/git/gnn_uncertainty/uncertainty/ensemble.py", line 160, in forward
    with ThreadPoolExecutor as executor:
TypeError: 'type' object does not support the context manager protocol
wandb: - 0.039 MB of 0.039 MB uploadedwandb: \ 0.039 MB of 0.039 MB uploadedwandb: | 0.039 MB of 0.039 MB uploadedwandb: / 0.043 MB of 0.052 MB uploaded (0.003 MB deduped)wandb: - 0.043 MB of 0.055 MB uploaded (0.003 MB deduped)wandb: 🚀 View run quiet-surf-59 at: https://wandb.ai/l-baer-99-Karlsruhe%20Institute%20of%20Technology/ActiveLearning/runs/rqf9taa5
wandb: ⭐️ View project at: https://wandb.ai/l-baer-99-Karlsruhe%20Institute%20of%20Technology/ActiveLearning
wandb: Synced 6 W&B file(s), 0 media file(s), 2 artifact file(s) and 0 other file(s)
wandb: Find logs at: ./wandb/run-20241121_150252-rqf9taa5/logs
wandb: WARNING The new W&B backend becomes opt-out in version 0.18.0; try it out with `wandb.require("core")`! See https://wandb.me/wandb-core for more information.
