Uncertainty Slope: 0.04418708384037018, Uncertainty Bias: 0.25516295433044434
7.6293945e-06 0.0003900528
3.8628168 5.9530373
(48745, 22, 3)
Uncertainty Slope: 0.4467833340167999, Uncertainty Bias: 0.18853133916854858
/home/ws/fq0795/miniconda3/envs/torch/lib/python3.12/site-packages/numpy/lib/function_base.py:2742: RuntimeWarning: invalid value encountered in subtract
  X -= avg[:, None]
1.5258789e-05 0.00053596497
3.20378 205057.34
(48745, 22, 3)
Uncertainty Slope: -0.4114983379840851, Uncertainty Bias: 0.29992759227752686
0.0 0.0005187988
-4.491485 3.8852632
(48745, 22, 3)
Uncertainty Slope: 0.1479056030511856, Uncertainty Bias: 0.17733776569366455
0.0 3.6478043e-05
2.8022225 3.0153158
(48745, 22, 3)
Uncertainty Slope: 1.2554733753204346, Uncertainty Bias: 0.16328510642051697
3.8146973e-06 5.1021576e-05
3.0304706 45.643982
(48745, 22, 3)
