Uncertainty Slope: 0.7670265436172485, Uncertainty Bias: 0.025702491402626038
0.0 0.0003490448
2.4887931 2.735065
(48745, 22, 3)
Uncertainty Slope: 7.3622026443481445, Uncertainty Bias: -1.0413992404937744
1.9073486e-06 0.00017666817
0.8823076 15.44297
(48745, 22, 3)
Uncertainty Slope: 8.474035263061523, Uncertainty Bias: -1.2154473066329956
2.2888184e-05 0.00049066544
0.78821987 44.008636
(48745, 22, 3)
Uncertainty Slope: 3.673940896987915, Uncertainty Bias: -0.49215906858444214
5.722046e-06 0.00013160706
1.614332 10.686826
(48745, 22, 3)
Uncertainty Slope: 7.741704940795898, Uncertainty Bias: -0.8835849761962891
9.536743e-07 0.00015830994
1.0838867 4.1347613
(48745, 22, 3)
