wandb: Currently logged in as: l-baer-99 (l-baer-99-Karlsruhe Institute of Technology). Use `wandb login --relogin` to force relogin
wandb: wandb version 0.19.0 is available!  To upgrade, please run:
wandb:  $ pip install wandb --upgrade
wandb: Tracking run with wandb version 0.17.4
wandb: Run data is saved locally in /home/ws/fq0795/git/gnn_uncertainty/wandb/run-20241207_090907-sxvuagid
wandb: Run `wandb offline` to turn off syncing.
wandb: Syncing run 20241207_090900_0
wandb: ⭐️ View project at https://wandb.ai/l-baer-99-Karlsruhe%20Institute%20of%20Technology/GNN-Uncertainty-Ensemble
wandb: 🚀 View run at https://wandb.ai/l-baer-99-Karlsruhe%20Institute%20of%20Technology/GNN-Uncertainty-Ensemble/runs/sxvuagid
Number of Cores: 384
Sequential time: 1.3111519813537598
Traceback (most recent call last):
  File "/home/ws/fq0795/git/gnn_uncertainty/evaluate_models.py", line 290, in <module>
    ens.fit(
  File "/home/ws/fq0795/git/gnn_uncertainty/uncertainty/ensemble.py", line 86, in fit
    self.train_epoch(
  File "/home/ws/fq0795/git/gnn_uncertainty/uncertainty/ensemble.py", line 170, in train_epoch
    energies, mean_energy, forces, mean_force = self.forward(
                                                ^^^^^^^^^^^^^
  File "/home/ws/fq0795/git/gnn_uncertainty/uncertainty/ensemble.py", line 312, in forward
    with mp.Pool(processes=mp.cpu_count) as pool:
         ^^^^^^^^^^^^^^^^^^^^^^^^^^^^^^^
  File "/home/ws/fq0795/miniconda3/envs/torch/lib/python3.12/multiprocessing/context.py", line 119, in Pool
    return Pool(processes, initializer, initargs, maxtasksperchild,
           ^^^^^^^^^^^^^^^^^^^^^^^^^^^^^^^^^^^^^^^^^^^^^^^^^^^^^^^^
  File "/home/ws/fq0795/miniconda3/envs/torch/lib/python3.12/multiprocessing/pool.py", line 204, in __init__
    if processes < 1:
       ^^^^^^^^^^^^^
TypeError: '<' not supported between instances of 'method' and 'int'
wandb: - 0.039 MB of 0.039 MB uploadedwandb: \ 0.039 MB of 0.039 MB uploadedwandb: | 0.044 MB of 0.046 MB uploadedwandb: / 0.044 MB of 0.056 MB uploadedwandb: 🚀 View run 20241207_090900_0 at: https://wandb.ai/l-baer-99-Karlsruhe%20Institute%20of%20Technology/GNN-Uncertainty-Ensemble/runs/sxvuagid
wandb: ⭐️ View project at: https://wandb.ai/l-baer-99-Karlsruhe%20Institute%20of%20Technology/GNN-Uncertainty-Ensemble
wandb: Synced 6 W&B file(s), 0 media file(s), 2 artifact file(s) and 0 other file(s)
wandb: Find logs at: ./wandb/run-20241207_090907-sxvuagid/logs
wandb: WARNING The new W&B backend becomes opt-out in version 0.18.0; try it out with `wandb.require("core")`! See https://wandb.me/wandb-core for more information.
