/home/ws/fq0795/git/gnn_uncertainty/active_learning.py:173: DeprecationWarning: Please use atoms.calc = calc
  self.atoms.set_calculator(self.calc)
wandb: Currently logged in as: l-baer-99 (l-baer-99-Karlsruhe Institute of Technology). Use `wandb login --relogin` to force relogin
wandb: wandb version 0.18.7 is available!  To upgrade, please run:
wandb:  $ pip install wandb --upgrade
wandb: Tracking run with wandb version 0.17.4
wandb: Run data is saved locally in /home/ws/fq0795/git/gnn_uncertainty/wandb/run-20241120_163702-mzc4gtvy
wandb: Run `wandb offline` to turn off syncing.
wandb: Syncing run genial-serenity-39
wandb: ⭐️ View project at https://wandb.ai/l-baer-99-Karlsruhe%20Institute%20of%20Technology/ActiveLearning
wandb: 🚀 View run at https://wandb.ai/l-baer-99-Karlsruhe%20Institute%20of%20Technology/ActiveLearning/runs/mzc4gtvy
['H1', 'CH3', 'H2', 'H3', 'C', 'O', 'N', 'H', 'CA', 'HA', 'CB', 'HB1', 'HB2', 'HB3', 'C', 'O', 'N', 'H', 'C', 'H1', 'H2', 'H3']
Traceback (most recent call last):
  File "/home/ws/fq0795/git/gnn_uncertainty/active_learning.py", line 394, in <module>
    al.improve_model(2, 10,run_idx=37, use_wandb=True, model_path=model_path)
  File "/home/ws/fq0795/git/gnn_uncertainty/active_learning.py", line 282, in improve_model
    self.model.calibrate_uncertainty(validloader, device=self.device, dtype=self.dtype, path=f"al/run{run_idx}/plots/calibration_{i}.pdf")
                                                                                                                                  ^
UnboundLocalError: cannot access local variable 'i' where it is not associated with a value
wandb: - 0.039 MB of 0.039 MB uploadedwandb: \ 0.039 MB of 0.039 MB uploadedwandb: | 0.039 MB of 0.050 MB uploadedwandb: / 0.050 MB of 0.050 MB uploadedwandb: 🚀 View run genial-serenity-39 at: https://wandb.ai/l-baer-99-Karlsruhe%20Institute%20of%20Technology/ActiveLearning/runs/mzc4gtvy
wandb: ⭐️ View project at: https://wandb.ai/l-baer-99-Karlsruhe%20Institute%20of%20Technology/ActiveLearning
wandb: Synced 6 W&B file(s), 0 media file(s), 0 artifact file(s) and 0 other file(s)
wandb: Find logs at: ./wandb/run-20241120_163702-mzc4gtvy/logs
wandb: WARNING The new W&B backend becomes opt-out in version 0.18.0; try it out with `wandb.require("core")`! See https://wandb.me/wandb-core for more information.
