wandb: Currently logged in as: l-baer-99 (l-baer-99-Karlsruhe Institute of Technology). Use `wandb login --relogin` to force relogin
wandb: wandb version 0.18.7 is available!  To upgrade, please run:
wandb:  $ pip install wandb --upgrade
wandb: Tracking run with wandb version 0.17.4
wandb: Run data is saved locally in /home/ws/fq0795/git/gnn_uncertainty/wandb/run-20241129_144756-7zyhji8s
wandb: Run `wandb offline` to turn off syncing.
wandb: Syncing run al_62
wandb: ⭐️ View project at https://wandb.ai/l-baer-99-Karlsruhe%20Institute%20of%20Technology/ActiveLearning
wandb: 🚀 View run at https://wandb.ai/l-baer-99-Karlsruhe%20Institute%20of%20Technology/ActiveLearning/runs/7zyhji8s
['H1', 'CH3', 'H2', 'H3', 'C', 'O', 'N', 'H', 'CA', 'HA', 'CB', 'HB1', 'HB2', 'HB3', 'C', 'O', 'N', 'H', 'C', 'H1', 'H2', 'H3']
61
0.0 1.0
Uncertainty Slope: -0.06731994450092316, Uncertainty Bias: 4.619297504425049
4.6192975 -0.067319945
0.00368087 0.564476
62.866695 64.80291
4.6192975 -0.067319945
4.6192975 -0.067319945
4.6192975 -0.067319945
4.6192975 -0.067319945
4.6192975 -0.067319945
4.6192975 -0.067319945
4.6192975 -0.067319945
4.6192975 -0.067319945
4.6192975 -0.067319945
4.6192975 -0.067319945
4.6192975 -0.067319945
4.6192975 -0.067319945
4.6192975 -0.067319945
4.6192975 -0.067319945
4.6192975 -0.067319945
4.6192975 -0.067319945
4.6192975 -0.067319945
4.6192975 -0.067319945
4.6192975 -0.067319945
4.6192975 -0.067319945
4.6192975 -0.067319945
4.6192975 -0.067319945
4.6192975 -0.067319945
4.6192975 -0.067319945
4.6192975 -0.067319945
4.6192975 -0.067319945
4.6192975 -0.067319945
4.6192975 -0.067319945
4.6192975 -0.067319945
4.6192975 -0.067319945
4.6192975 -0.067319945
4.6192975 -0.067319945
4.6192975 -0.067319945
4.6192975 -0.067319945
4.6192975 -0.067319945
4.6192975 -0.067319945
4.6192975 -0.067319945
4.6192975 -0.067319945
4.6192975 -0.067319945
4.6192975 -0.067319945
4.6192975 -0.067319945
4.6192975 -0.067319945
4.6192975 -0.067319945
4.6192975 -0.067319945
4.6192975 -0.067319945
4.6192975 -0.067319945
4.6192975 -0.067319945
4.6192975 -0.067319945
4.6192975 -0.067319945
4.6192975 -0.067319945
4.6192975 -0.067319945
4.6192975 -0.067319945
4.6192975 -0.067319945
4.6192975 -0.067319945
4.6192975 -0.067319945
4.6192975 -0.067319945
4.6192975 -0.067319945
4.6192975 -0.067319945
4.6192975 -0.067319945
4.6192975 -0.067319945
4.6192975 -0.067319945
4.6192975 -0.067319945
4.6192975 -0.067319945
4.6192975 -0.067319945
4.6192975 -0.067319945
4.6192975 -0.067319945
4.6192975 -0.067319945
4.6192975 -0.067319945
4.6192975 -0.067319945
4.6192975 -0.067319945
4.6192975 -0.067319945
4.6192975 -0.067319945
4.6192975 -0.067319945
4.6192975 -0.067319945
4.6192975 -0.067319945
4.6192975 -0.067319945
4.6192975 -0.067319945
4.6192975 -0.067319945
4.6192975 -0.067319945
4.6192975 -0.067319945
4.6192975 -0.067319945
4.6192975 -0.067319945
4.6192975 -0.067319945
4.6192975 -0.067319945
4.6192975 -0.067319945
4.6192975 -0.067319945
4.6192975 -0.067319945
4.6192975 -0.067319945
4.6192975 -0.067319945
4.6192975 -0.067319945
4.6192975 -0.067319945
4.6192975 -0.067319945
4.6192975 -0.067319945
4.6192975 -0.067319945
4.6192975 -0.067319945
4.6192975 -0.067319945
4.6192975 -0.067319945
4.6192975 -0.067319945
4.6192975 -0.067319945
4.6192975 -0.067319945
4.6192975 -0.067319945
4.6192975 -0.067319945
4.6192975 -0.067319945
4.6192975 -0.067319945
4.6192975 -0.067319945
4.6192975 -0.067319945
4.6192975 -0.067319945
4.6192975 -0.067319945
4.6192975 -0.067319945
4.6192975 -0.067319945
4.6192975 -0.067319945
4.6192975 -0.067319945
4.6192975 -0.067319945
4.6192975 -0.067319945
4.6192975 -0.067319945
4.6192975 -0.067319945
4.6192975 -0.067319945
4.6192975 -0.067319945
4.6192975 -0.067319945
4.6192975 -0.067319945
4.6192975 -0.067319945
4.6192975 -0.067319945
4.6192975 -0.067319945
4.6192975 -0.067319945
4.6192975 -0.067319945
4.6192975 -0.067319945
4.6192975 -0.067319945
4.6192975 -0.067319945
4.6192975 -0.067319945
4.6192975 -0.067319945
4.6192975 -0.067319945
4.6192975 -0.067319945
4.6192975 -0.067319945
4.6192975 -0.067319945
4.6192975 -0.067319945
4.6192975 -0.067319945
4.6192975 -0.067319945
4.6192975 -0.067319945
4.6192975 -0.067319945
4.6192975 -0.067319945
4.6192975 -0.067319945
4.6192975 -0.067319945
4.6192975 -0.067319945
4.6192975 -0.067319945
4.6192975 -0.067319945
4.6192975 -0.067319945
4.6192975 -0.067319945
4.6192975 -0.067319945
4.6192975 -0.067319945
4.6192975 -0.067319945
4.6192975 -0.067319945
4.6192975 -0.067319945
4.6192975 -0.067319945
4.6192975 -0.067319945
4.6192975 -0.067319945
4.6192975 -0.067319945
4.6192975 -0.067319945
4.6192975 -0.067319945
4.6192975 -0.067319945
4.6192975 -0.067319945
4.6192975 -0.067319945
4.6192975 -0.067319945
4.6192975 -0.067319945
4.6192975 -0.067319945
4.6192975 -0.067319945
4.6192975 -0.067319945
4.6192975 -0.067319945
4.6192975 -0.067319945
4.6192975 -0.067319945
4.6192975 -0.067319945
4.6192975 -0.067319945
4.6192975 -0.067319945
4.6192975 -0.067319945
4.6192975 -0.067319945
4.6192975 -0.067319945
4.6192975 -0.067319945
4.6192975 -0.067319945
4.6192975 -0.067319945
4.6192975 -0.067319945
4.6192975 -0.067319945
4.6192975 -0.067319945
4.6192975 -0.067319945
4.6192975 -0.067319945
4.6192975 -0.067319945
4.6192975 -0.067319945
4.6192975 -0.067319945
4.6192975 -0.067319945
4.6192975 -0.067319945
4.6192975 -0.067319945
4.6192975 -0.067319945
4.6192975 -0.067319945
4.6192975 -0.067319945
4.6192975 -0.067319945
4.6192975 -0.067319945
4.6192975 -0.067319945
4.6192975 -0.067319945
4.6192975 -0.067319945
4.6192975 -0.067319945
4.6192975 -0.067319945
4.6192975 -0.067319945
4.6192975 -0.067319945
4.6192975 -0.067319945
4.6192975 -0.067319945
4.6192975 -0.067319945
4.6192975 -0.067319945
4.6192975 -0.067319945
4.6192975 -0.067319945
4.6192975 -0.067319945
4.6192975 -0.067319945
4.6192975 -0.067319945
4.6192975 -0.067319945
4.6192975 -0.067319945
4.6192975 -0.067319945
4.6192975 -0.067319945
4.6192975 -0.067319945
4.6192975 -0.067319945
4.6192975 -0.067319945
4.6192975 -0.067319945
4.6192975 -0.067319945
4.6192975 -0.067319945
4.6192975 -0.067319945
4.6192975 -0.067319945
4.6192975 -0.067319945
4.6192975 -0.067319945
4.6192975 -0.067319945
4.6192975 -0.067319945
4.6192975 -0.067319945
4.6192975 -0.067319945
4.6192975 -0.067319945
4.6192975 -0.067319945
4.6192975 -0.067319945
4.6192975 -0.067319945
4.6192975 -0.067319945
4.6192975 -0.067319945
4.6192975 -0.067319945
4.6192975 -0.067319945
4.6192975 -0.067319945
4.6192975 -0.067319945
4.6192975 -0.067319945
4.6192975 -0.067319945
4.6192975 -0.067319945
4.6192975 -0.067319945
4.6192975 -0.067319945
4.6192975 -0.067319945
4.6192975 -0.067319945
4.6192975 -0.067319945
4.6192975 -0.067319945
4.6192975 -0.067319945
4.6192975 -0.067319945
4.6192975 -0.067319945
4.6192975 -0.067319945
4.6192975 -0.067319945
4.6192975 -0.067319945
4.6192975 -0.067319945
4.6192975 -0.067319945
4.6192975 -0.067319945
4.6192975 -0.067319945
4.6192975 -0.067319945
4.6192975 -0.067319945
4.6192975 -0.067319945
4.6192975 -0.067319945
4.6192975 -0.067319945
4.6192975 -0.067319945
4.6192975 -0.067319945
4.6192975 -0.067319945
4.6192975 -0.067319945
4.6192975 -0.067319945
4.6192975 -0.067319945
4.6192975 -0.067319945
4.6192975 -0.067319945
4.6192975 -0.067319945
4.6192975 -0.067319945
4.6192975 -0.067319945
4.6192975 -0.067319945
4.6192975 -0.067319945
4.6192975 -0.067319945
4.6192975 -0.067319945
4.6192975 -0.067319945
4.6192975 -0.067319945
4.6192975 -0.067319945
4.6192975 -0.067319945
4.6192975 -0.067319945
4.6192975 -0.067319945
4.6192975 -0.067319945
4.6192975 -0.067319945
4.6192975 -0.067319945
4.6192975 -0.067319945
4.6192975 -0.067319945
4.6192975 -0.067319945
4.6192975 -0.067319945
4.6192975 -0.067319945
4.6192975 -0.067319945
4.6192975 -0.067319945
4.6192975 -0.067319945
4.6192975 -0.067319945
4.6192975 -0.067319945
4.6192975 -0.067319945
4.6192975 -0.067319945
4.6192975 -0.067319945
4.6192975 -0.067319945
4.6192975 -0.067319945
4.6192975 -0.067319945
4.6192975 -0.067319945
4.6192975 -0.067319945
4.6192975 -0.067319945
4.6192975 -0.067319945
4.6192975 -0.067319945
4.6192975 -0.067319945
4.6192975 -0.067319945
4.6192975 -0.067319945
4.6192975 -0.067319945
4.6192975 -0.067319945
4.6192975 -0.067319945
4.6192975 -0.067319945
4.6192975 -0.067319945
4.6192975 -0.067319945
4.6192975 -0.067319945
4.6192975 -0.067319945
4.6192975 -0.067319945
4.6192975 -0.067319945
4.6192975 -0.067319945
4.6192975 -0.067319945
4.6192975 -0.067319945
4.6192975 -0.067319945
4.6192975 -0.067319945
4.6192975 -0.067319945
4.6192975 -0.067319945
4.6192975 -0.067319945
4.6192975 -0.067319945
4.6192975 -0.067319945
4.6192975 -0.067319945
4.6192975 -0.067319945
4.6192975 -0.067319945
4.6192975 -0.067319945
4.6192975 -0.067319945
4.6192975 -0.067319945
4.6192975 -0.067319945
4.6192975 -0.067319945
4.6192975 -0.067319945
4.6192975 -0.067319945
4.6192975 -0.067319945
4.6192975 -0.067319945
4.6192975 -0.067319945
4.6192975 -0.067319945
4.6192975 -0.067319945
4.6192975 -0.067319945
4.6192975 -0.067319945
4.6192975 -0.067319945
4.6192975 -0.067319945
4.6192975 -0.067319945
4.6192975 -0.067319945
4.6192975 -0.067319945
4.6192975 -0.067319945
4.6192975 -0.067319945
4.6192975 -0.067319945
4.6192975 -0.067319945
4.6192975 -0.067319945
4.6192975 -0.067319945
4.6192975 -0.067319945
4.6192975 -0.067319945
4.6192975 -0.067319945
4.6192975 -0.067319945
4.6192975 -0.067319945
4.6192975 -0.067319945
4.6192975 -0.067319945
4.6192975 -0.067319945
4.6192975 -0.067319945
4.6192975 -0.067319945
4.6192975 -0.067319945
4.6192975 -0.067319945
4.6192975 -0.067319945
4.6192975 -0.067319945
4.6192975 -0.067319945
4.6192975 -0.067319945
4.6192975 -0.067319945
4.6192975 -0.067319945
4.6192975 -0.067319945
4.6192975 -0.067319945
4.6192975 -0.067319945
4.6192975 -0.067319945
4.6192975 -0.067319945
4.6192975 -0.067319945
(48745, 22, 3)

Training and Validation Results of Epoch Initital validation:
================================
Training Loss Energy: 0.0, Training Loss Force: 0.0, time: 0
Validation Loss Energy: 0.0, Validation Loss Force: 0.0, time: 0
Test Loss Energy: 50.0249393917952, Test Loss Force: 63.777004329331895, time: 7.193615436553955

wandb: - 0.039 MB of 0.039 MB uploadedwandb: \ 0.039 MB of 0.039 MB uploadedwandb: | 0.039 MB of 0.056 MB uploadedwandb: / 0.039 MB of 0.056 MB uploadedwandb: - 0.059 MB of 0.059 MB uploadedwandb:                                                                                
wandb: 
wandb: Run history:
wandb:       dataset_size ▁
wandb:    max_uncertainty ▁
wandb:  test_error_energy ▁
wandb:   test_error_force ▁
wandb:          test_loss ▁
wandb: train_error_energy ▁
wandb:  train_error_force ▁
wandb:         train_loss ▁
wandb: valid_error_energy ▁
wandb:  valid_error_force ▁
wandb:         valid_loss ▁
wandb: 
wandb: Run summary:
wandb:       dataset_size 800
wandb:    max_uncertainty 3
wandb:  test_error_energy 50.02494
wandb:   test_error_force 63.777
wandb:          test_loss 24.48005
wandb: train_error_energy 0.0
wandb:  train_error_force 0.0
wandb:         train_loss 0.0
wandb: valid_error_energy 0.0
wandb:  valid_error_force 0.0
wandb:         valid_loss 0.0
wandb: 
wandb: 🚀 View run al_62 at: https://wandb.ai/l-baer-99-Karlsruhe%20Institute%20of%20Technology/ActiveLearning/runs/7zyhji8s
wandb: ⭐️ View project at: https://wandb.ai/l-baer-99-Karlsruhe%20Institute%20of%20Technology/ActiveLearning
wandb: Synced 6 W&B file(s), 0 media file(s), 0 artifact file(s) and 0 other file(s)
wandb: Find logs at: ./wandb/run-20241129_144756-7zyhji8s/logs
wandb: WARNING The new W&B backend becomes opt-out in version 0.18.0; try it out with `wandb.require("core")`! See https://wandb.me/wandb-core for more information.
4.6192975 -0.067319945
4.6192975 -0.067319945
Traceback (most recent call last):
  File "/home/ws/fq0795/git/gnn_uncertainty/active_learning.py", line 941, in <module>
    al.improve_model(
  File "/home/ws/fq0795/git/gnn_uncertainty/active_learning.py", line 501, in improve_model
    if num_new_samples > 1:
       ^^^^^^^^^^^^^^^^^^^
ValueError: The truth value of an array with more than one element is ambiguous. Use a.any() or a.all()
