/home/ws/fq0795/miniconda3/envs/torch/lib/python3.12/site-packages/torch/autograd/graph.py:744: UserWarning: Attempting to run cuBLAS, but there was no current CUDA context! Attempting to set the primary context... (Triggered internally at ../aten/src/ATen/cuda/CublasHandlePool.cpp:135.)
  return Variable._execution_engine.run_backward(  # Calls into the C++ engine to run the backward pass
Uncertainty Slope: 0.2618388831615448, Uncertainty Bias: -0.004548877477645874
1.9073486e-06 0.0032682419
2.425669 8.334456
(48745, 22, 3)
Uncertainty Slope: 0.6018518209457397, Uncertainty Bias: -0.250032901763916
1.7166138e-05 4.386902e-05
0.24828143 11.884032
(48745, 22, 3)
Uncertainty Slope: 0.7184769511222839, Uncertainty Bias: -0.42786699533462524
4.5776367e-05 0.010721207
1.3665328 18.286486
(48745, 22, 3)
Uncertainty Slope: 0.4448574483394623, Uncertainty Bias: -0.13837173581123352
1.5258789e-05 0.035751343
3.1936574 14.706477
(48745, 22, 3)
Uncertainty Slope: 0.26843512058258057, Uncertainty Bias: -0.03287729620933533
6.198883e-06 0.039972067
1.7102755 5.798264
(48745, 22, 3)
