Uncertainty Slope: 22.987060579200012, Uncertainty Bias: -20.434937781040727
No artists with labels found to put in legend.  Note that artists whose label start with an underscore are ignored when legend() is called with no argument.
No artists with labels found to put in legend.  Note that artists whose label start with an underscore are ignored when legend() is called with no argument.
4.7683716e-07 2.1636486e-05
-0.085292816 3.4519882
Uncertainty Slope: 12.343957595582069, Uncertainty Bias: -8.67595697450563
No artists with labels found to put in legend.  Note that artists whose label start with an underscore are ignored when legend() is called with no argument.
No artists with labels found to put in legend.  Note that artists whose label start with an underscore are ignored when legend() is called with no argument.
9.536743e-07 2.3782253e-05
-1.0707464 3.5506659
Uncertainty Slope: 10.81988572858544, Uncertainty Bias: -6.560970484360258
No artists with labels found to put in legend.  Note that artists whose label start with an underscore are ignored when legend() is called with no argument.
No artists with labels found to put in legend.  Note that artists whose label start with an underscore are ignored when legend() is called with no argument.
6.556511e-07 4.4703484e-06
-0.07448912 8.361244
Uncertainty Slope: 29.539582491664788, Uncertainty Bias: -22.720497040990903
No artists with labels found to put in legend.  Note that artists whose label start with an underscore are ignored when legend() is called with no argument.
No artists with labels found to put in legend.  Note that artists whose label start with an underscore are ignored when legend() is called with no argument.
0.0 1.8179417e-05
-1.3906612 1.4983597
Uncertainty Slope: 11.462457627548924, Uncertainty Bias: -7.592449615954739
No artists with labels found to put in legend.  Note that artists whose label start with an underscore are ignored when legend() is called with no argument.
No artists with labels found to put in legend.  Note that artists whose label start with an underscore are ignored when legend() is called with no argument.
0.0 4.914403e-05
-0.91625357 6.339454
