wandb: Currently logged in as: l-baer-99 (l-baer-99-Karlsruhe Institute of Technology). Use `wandb login --relogin` to force relogin
wandb: wandb version 0.18.7 is available!  To upgrade, please run:
wandb:  $ pip install wandb --upgrade
wandb: Tracking run with wandb version 0.17.4
wandb: Run data is saved locally in /home/ws/fq0795/git/gnn_uncertainty/wandb/run-20241129_143819-7xi5uftg
wandb: Run `wandb offline` to turn off syncing.
wandb: Syncing run al_60
wandb: ⭐️ View project at https://wandb.ai/l-baer-99-Karlsruhe%20Institute%20of%20Technology/ActiveLearning
wandb: 🚀 View run at https://wandb.ai/l-baer-99-Karlsruhe%20Institute%20of%20Technology/ActiveLearning/runs/7xi5uftg
['H1', 'CH3', 'H2', 'H3', 'C', 'O', 'N', 'H', 'CA', 'HA', 'CB', 'HB1', 'HB2', 'HB3', 'C', 'O', 'N', 'H', 'C', 'H1', 'H2', 'H3']
59
0.0 1.0
Uncertainty Slope: 3.8714780807495117, Uncertainty Bias: 4.027608871459961
4.027609 3.871478
0.00048422813 41.82884
62.544834 67.13338
4.027609 3.871478
4.027609 3.871478
4.027609 3.871478
4.027609 3.871478
4.027609 3.871478
4.027609 3.871478
4.027609 3.871478
4.027609 3.871478
4.027609 3.871478
4.027609 3.871478
4.027609 3.871478
4.027609 3.871478
4.027609 3.871478
4.027609 3.871478
4.027609 3.871478
4.027609 3.871478
4.027609 3.871478
4.027609 3.871478
4.027609 3.871478
4.027609 3.871478
4.027609 3.871478
4.027609 3.871478
4.027609 3.871478
4.027609 3.871478
4.027609 3.871478
4.027609 3.871478
4.027609 3.871478
4.027609 3.871478
4.027609 3.871478
4.027609 3.871478
4.027609 3.871478
4.027609 3.871478
4.027609 3.871478
4.027609 3.871478
4.027609 3.871478
4.027609 3.871478
4.027609 3.871478
4.027609 3.871478
4.027609 3.871478
4.027609 3.871478
4.027609 3.871478
4.027609 3.871478
4.027609 3.871478
4.027609 3.871478
4.027609 3.871478
4.027609 3.871478
4.027609 3.871478
4.027609 3.871478
4.027609 3.871478
4.027609 3.871478
4.027609 3.871478
4.027609 3.871478
4.027609 3.871478
4.027609 3.871478
4.027609 3.871478
4.027609 3.871478
4.027609 3.871478
4.027609 3.871478
4.027609 3.871478
4.027609 3.871478
4.027609 3.871478
4.027609 3.871478
4.027609 3.871478
4.027609 3.871478
4.027609 3.871478
4.027609 3.871478
4.027609 3.871478
4.027609 3.871478
4.027609 3.871478
4.027609 3.871478
4.027609 3.871478
4.027609 3.871478
4.027609 3.871478
4.027609 3.871478
4.027609 3.871478
4.027609 3.871478
4.027609 3.871478
4.027609 3.871478
4.027609 3.871478
4.027609 3.871478
4.027609 3.871478
4.027609 3.871478
4.027609 3.871478
4.027609 3.871478
4.027609 3.871478
4.027609 3.871478
4.027609 3.871478
4.027609 3.871478
4.027609 3.871478
4.027609 3.871478
4.027609 3.871478
4.027609 3.871478
4.027609 3.871478
4.027609 3.871478
4.027609 3.871478
4.027609 3.871478
4.027609 3.871478
4.027609 3.871478
4.027609 3.871478
4.027609 3.871478
4.027609 3.871478
4.027609 3.871478
4.027609 3.871478
4.027609 3.871478
4.027609 3.871478
4.027609 3.871478
4.027609 3.871478
4.027609 3.871478
4.027609 3.871478
4.027609 3.871478
4.027609 3.871478
4.027609 3.871478
4.027609 3.871478
4.027609 3.871478
4.027609 3.871478
4.027609 3.871478
4.027609 3.871478
4.027609 3.871478
4.027609 3.871478
4.027609 3.871478
4.027609 3.871478
4.027609 3.871478
4.027609 3.871478
4.027609 3.871478
4.027609 3.871478
4.027609 3.871478
4.027609 3.871478
4.027609 3.871478
4.027609 3.871478
4.027609 3.871478
4.027609 3.871478
4.027609 3.871478
4.027609 3.871478
4.027609 3.871478
4.027609 3.871478
4.027609 3.871478
4.027609 3.871478
4.027609 3.871478
4.027609 3.871478
4.027609 3.871478
4.027609 3.871478
4.027609 3.871478
4.027609 3.871478
4.027609 3.871478
4.027609 3.871478
4.027609 3.871478
4.027609 3.871478
4.027609 3.871478
4.027609 3.871478
4.027609 3.871478
4.027609 3.871478
4.027609 3.871478
4.027609 3.871478
4.027609 3.871478
4.027609 3.871478
4.027609 3.871478
4.027609 3.871478
4.027609 3.871478
4.027609 3.871478
4.027609 3.871478
4.027609 3.871478
4.027609 3.871478
4.027609 3.871478
4.027609 3.871478
4.027609 3.871478
4.027609 3.871478
4.027609 3.871478
4.027609 3.871478
4.027609 3.871478
4.027609 3.871478
4.027609 3.871478
4.027609 3.871478
4.027609 3.871478
4.027609 3.871478
4.027609 3.871478
4.027609 3.871478
4.027609 3.871478
4.027609 3.871478
4.027609 3.871478
4.027609 3.871478
4.027609 3.871478
4.027609 3.871478
4.027609 3.871478
4.027609 3.871478
4.027609 3.871478
4.027609 3.871478
4.027609 3.871478
4.027609 3.871478
4.027609 3.871478
4.027609 3.871478
4.027609 3.871478
Traceback (most recent call last):
  File "/home/ws/fq0795/git/gnn_uncertainty/active_learning.py", line 941, in <module>
    al.improve_model(
  File "/home/ws/fq0795/git/gnn_uncertainty/active_learning.py", line 458, in improve_model
    self.model.valid_epoch(
  File "/home/ws/fq0795/git/gnn_uncertainty/uncertainty/evidential.py", line 323, in valid_epoch
    evidential_loss_energy = criterion((energy, v, alpha, beta), label_energy)
                             ^^^^^^^^^^^^^^^^^^^^^^^^^^^^^^^^^^^^^^^^^^^^^^^^^
  File "/home/ws/fq0795/miniconda3/envs/torch/lib/python3.12/site-packages/torch/nn/modules/module.py", line 1532, in _wrapped_call_impl
    return self._call_impl(*args, **kwargs)
           ^^^^^^^^^^^^^^^^^^^^^^^^^^^^^^^^
  File "/home/ws/fq0795/miniconda3/envs/torch/lib/python3.12/site-packages/torch/nn/modules/module.py", line 1541, in _call_impl
    return forward_call(*args, **kwargs)
           ^^^^^^^^^^^^^^^^^^^^^^^^^^^^^
  File "/home/ws/fq0795/miniconda3/envs/torch/lib/python3.12/site-packages/torch/nn/modules/loss.py", line 101, in forward
    return F.l1_loss(input, target, reduction=self.reduction)
           ^^^^^^^^^^^^^^^^^^^^^^^^^^^^^^^^^^^^^^^^^^^^^^^^^^
  File "/home/ws/fq0795/miniconda3/envs/torch/lib/python3.12/site-packages/torch/nn/functional.py", line 3325, in l1_loss
    if not (target.size() == input.size()):
                             ^^^^^^^^^^
AttributeError: 'tuple' object has no attribute 'size'
wandb: - 0.039 MB of 0.039 MB uploadedwandb: \ 0.039 MB of 0.039 MB uploadedwandb: | 0.039 MB of 0.039 MB uploadedwandb: / 0.043 MB of 0.056 MB uploaded (0.003 MB deduped)wandb: - 0.043 MB of 0.059 MB uploaded (0.003 MB deduped)wandb: 🚀 View run al_60 at: https://wandb.ai/l-baer-99-Karlsruhe%20Institute%20of%20Technology/ActiveLearning/runs/7xi5uftg
wandb: ⭐️ View project at: https://wandb.ai/l-baer-99-Karlsruhe%20Institute%20of%20Technology/ActiveLearning
wandb: Synced 6 W&B file(s), 0 media file(s), 2 artifact file(s) and 0 other file(s)
wandb: Find logs at: ./wandb/run-20241129_143819-7xi5uftg/logs
wandb: WARNING The new W&B backend becomes opt-out in version 0.18.0; try it out with `wandb.require("core")`! See https://wandb.me/wandb-core for more information.
