/home/ws/fq0795/miniconda3/envs/torch/lib/python3.12/site-packages/sklearn/utils/validation.py:1300: DataConversionWarning: A column-vector y was passed when a 1d array was expected. Please change the shape of y to (n_samples, ), for example using ravel().
  y = column_or_1d(y, warn=True)
Uncertainty Slope: 0.47185442025936153, Uncertainty Bias: -0.28608760858656745
/home/ws/fq0795/miniconda3/envs/torch/lib/python3.12/site-packages/sklearn/utils/validation.py:1300: DataConversionWarning: A column-vector y was passed when a 1d array was expected. Please change the shape of y to (n_samples, ), for example using ravel().
  y = column_or_1d(y, warn=True)
0.0 2.4557114e-05
-0.16848072 0.40748128
Uncertainty Slope: 0.36100257438884037, Uncertainty Bias: -0.09368431662475073
/home/ws/fq0795/miniconda3/envs/torch/lib/python3.12/site-packages/sklearn/utils/validation.py:1300: DataConversionWarning: A column-vector y was passed when a 1d array was expected. Please change the shape of y to (n_samples, ), for example using ravel().
  y = column_or_1d(y, warn=True)
2.6226044e-06 3.5643578e-05
0.13271724 1.0311612
Uncertainty Slope: 0.5300290049049975, Uncertainty Bias: -0.27396722996193307
/home/ws/fq0795/miniconda3/envs/torch/lib/python3.12/site-packages/sklearn/utils/validation.py:1300: DataConversionWarning: A column-vector y was passed when a 1d array was expected. Please change the shape of y to (n_samples, ), for example using ravel().
  y = column_or_1d(y, warn=True)
0.0 2.785772e-05
0.11591804 0.5366595
Uncertainty Slope: 0.27822598018621225, Uncertainty Bias: -0.007991559226526187
/home/ws/fq0795/miniconda3/envs/torch/lib/python3.12/site-packages/sklearn/utils/validation.py:1300: DataConversionWarning: A column-vector y was passed when a 1d array was expected. Please change the shape of y to (n_samples, ), for example using ravel().
  y = column_or_1d(y, warn=True)
1.66893e-06 2.6524067e-05
0.24084054 0.39712453
Uncertainty Slope: 0.6145050949003672, Uncertainty Bias: -0.29214470558805916
8.940697e-08 1.4856458e-05
0.1488651 0.76571184
