/home/ws/fq0795/miniconda3/envs/torch/lib/python3.12/site-packages/torch/autograd/graph.py:744: UserWarning: Attempting to run cuBLAS, but there was no current CUDA context! Attempting to set the primary context... (Triggered internally at ../aten/src/ATen/cuda/CublasHandlePool.cpp:135.)
  return Variable._execution_engine.run_backward(  # Calls into the C++ engine to run the backward pass
/home/ws/fq0795/miniconda3/envs/torch/lib/python3.12/site-packages/sklearn/utils/validation.py:1300: DataConversionWarning: A column-vector y was passed when a 1d array was expected. Please change the shape of y to (n_samples, ), for example using ravel().
  y = column_or_1d(y, warn=True)
Uncertainty Slope: 0.0, Uncertainty Bias: 0.0
/home/ws/fq0795/miniconda3/envs/torch/lib/python3.12/site-packages/numpy/lib/function_base.py:2897: RuntimeWarning: invalid value encountered in divide
  c /= stddev[:, None]
/home/ws/fq0795/miniconda3/envs/torch/lib/python3.12/site-packages/numpy/lib/function_base.py:2898: RuntimeWarning: invalid value encountered in divide
  c /= stddev[None, :]
/home/ws/fq0795/miniconda3/envs/torch/lib/python3.12/site-packages/numpy/lib/function_base.py:2897: RuntimeWarning: invalid value encountered in divide
  c /= stddev[:, None]
/home/ws/fq0795/miniconda3/envs/torch/lib/python3.12/site-packages/numpy/lib/function_base.py:2898: RuntimeWarning: invalid value encountered in divide
  c /= stddev[None, :]
/home/ws/fq0795/git/gnn_uncertainty/uncertainty/base_uncertainty.py:234: UserWarning: KDE cannot be estimated (0 variance or perfect covariance). Pass `warn_singular=False` to disable this warning.
  sns.kdeplot(x=x_in, y=y_in, cmap=sns.light_palette("blue", as_cmap=True), fill=True, label="In Distribution", alpha=1)
/home/ws/fq0795/git/gnn_uncertainty/uncertainty/base_uncertainty.py:236: UserWarning: KDE cannot be estimated (0 variance or perfect covariance). Pass `warn_singular=False` to disable this warning.
  sns.kdeplot(x=x_out, y=y_out, cmap=sns.light_palette("green", as_cmap=True), fill=True, label="Out of Distribution", alpha=0.5)
No artists with labels found to put in legend.  Note that artists whose label start with an underscore are ignored when legend() is called with no argument.
/home/ws/fq0795/git/gnn_uncertainty/uncertainty/base_uncertainty.py:234: UserWarning: KDE cannot be estimated (0 variance or perfect covariance). Pass `warn_singular=False` to disable this warning.
  sns.kdeplot(x=x_in, y=y_in, cmap=sns.light_palette("blue", as_cmap=True), fill=True, label="In Distribution", alpha=1)
/home/ws/fq0795/git/gnn_uncertainty/uncertainty/base_uncertainty.py:236: UserWarning: KDE cannot be estimated (0 variance or perfect covariance). Pass `warn_singular=False` to disable this warning.
  sns.kdeplot(x=x_out, y=y_out, cmap=sns.light_palette("green", as_cmap=True), fill=True, label="Out of Distribution", alpha=0.5)
No artists with labels found to put in legend.  Note that artists whose label start with an underscore are ignored when legend() is called with no argument.
/home/ws/fq0795/miniconda3/envs/torch/lib/python3.12/site-packages/numpy/lib/function_base.py:2897: RuntimeWarning: invalid value encountered in divide
  c /= stddev[:, None]
/home/ws/fq0795/miniconda3/envs/torch/lib/python3.12/site-packages/numpy/lib/function_base.py:2898: RuntimeWarning: invalid value encountered in divide
  c /= stddev[None, :]
/home/ws/fq0795/miniconda3/envs/torch/lib/python3.12/site-packages/numpy/lib/function_base.py:2897: RuntimeWarning: invalid value encountered in divide
  c /= stddev[:, None]
/home/ws/fq0795/miniconda3/envs/torch/lib/python3.12/site-packages/numpy/lib/function_base.py:2898: RuntimeWarning: invalid value encountered in divide
  c /= stddev[None, :]
/home/ws/fq0795/git/gnn_uncertainty/uncertainty/base_uncertainty.py:234: UserWarning: KDE cannot be estimated (0 variance or perfect covariance). Pass `warn_singular=False` to disable this warning.
  sns.kdeplot(x=x_in, y=y_in, cmap=sns.light_palette("blue", as_cmap=True), fill=True, label="In Distribution", alpha=1)
/home/ws/fq0795/git/gnn_uncertainty/uncertainty/base_uncertainty.py:236: UserWarning: KDE cannot be estimated (0 variance or perfect covariance). Pass `warn_singular=False` to disable this warning.
  sns.kdeplot(x=x_out, y=y_out, cmap=sns.light_palette("green", as_cmap=True), fill=True, label="Out of Distribution", alpha=0.5)
No artists with labels found to put in legend.  Note that artists whose label start with an underscore are ignored when legend() is called with no argument.
/home/ws/fq0795/git/gnn_uncertainty/uncertainty/base_uncertainty.py:234: UserWarning: KDE cannot be estimated (0 variance or perfect covariance). Pass `warn_singular=False` to disable this warning.
  sns.kdeplot(x=x_in, y=y_in, cmap=sns.light_palette("blue", as_cmap=True), fill=True, label="In Distribution", alpha=1)
/home/ws/fq0795/git/gnn_uncertainty/uncertainty/base_uncertainty.py:236: UserWarning: KDE cannot be estimated (0 variance or perfect covariance). Pass `warn_singular=False` to disable this warning.
  sns.kdeplot(x=x_out, y=y_out, cmap=sns.light_palette("green", as_cmap=True), fill=True, label="Out of Distribution", alpha=0.5)
No artists with labels found to put in legend.  Note that artists whose label start with an underscore are ignored when legend() is called with no argument.
/home/ws/fq0795/miniconda3/envs/torch/lib/python3.12/site-packages/sklearn/utils/validation.py:1300: DataConversionWarning: A column-vector y was passed when a 1d array was expected. Please change the shape of y to (n_samples, ), for example using ravel().
  y = column_or_1d(y, warn=True)
Uncertainty Slope: 0.0, Uncertainty Bias: 0.0
/home/ws/fq0795/miniconda3/envs/torch/lib/python3.12/site-packages/numpy/lib/function_base.py:2897: RuntimeWarning: invalid value encountered in divide
  c /= stddev[:, None]
/home/ws/fq0795/miniconda3/envs/torch/lib/python3.12/site-packages/numpy/lib/function_base.py:2898: RuntimeWarning: invalid value encountered in divide
  c /= stddev[None, :]
/home/ws/fq0795/miniconda3/envs/torch/lib/python3.12/site-packages/numpy/lib/function_base.py:2897: RuntimeWarning: invalid value encountered in divide
  c /= stddev[:, None]
/home/ws/fq0795/miniconda3/envs/torch/lib/python3.12/site-packages/numpy/lib/function_base.py:2898: RuntimeWarning: invalid value encountered in divide
  c /= stddev[None, :]
/home/ws/fq0795/git/gnn_uncertainty/uncertainty/base_uncertainty.py:234: UserWarning: KDE cannot be estimated (0 variance or perfect covariance). Pass `warn_singular=False` to disable this warning.
  sns.kdeplot(x=x_in, y=y_in, cmap=sns.light_palette("blue", as_cmap=True), fill=True, label="In Distribution", alpha=1)
/home/ws/fq0795/git/gnn_uncertainty/uncertainty/base_uncertainty.py:236: UserWarning: KDE cannot be estimated (0 variance or perfect covariance). Pass `warn_singular=False` to disable this warning.
  sns.kdeplot(x=x_out, y=y_out, cmap=sns.light_palette("green", as_cmap=True), fill=True, label="Out of Distribution", alpha=0.5)
No artists with labels found to put in legend.  Note that artists whose label start with an underscore are ignored when legend() is called with no argument.
/home/ws/fq0795/git/gnn_uncertainty/uncertainty/base_uncertainty.py:234: UserWarning: KDE cannot be estimated (0 variance or perfect covariance). Pass `warn_singular=False` to disable this warning.
  sns.kdeplot(x=x_in, y=y_in, cmap=sns.light_palette("blue", as_cmap=True), fill=True, label="In Distribution", alpha=1)
/home/ws/fq0795/git/gnn_uncertainty/uncertainty/base_uncertainty.py:236: UserWarning: KDE cannot be estimated (0 variance or perfect covariance). Pass `warn_singular=False` to disable this warning.
  sns.kdeplot(x=x_out, y=y_out, cmap=sns.light_palette("green", as_cmap=True), fill=True, label="Out of Distribution", alpha=0.5)
No artists with labels found to put in legend.  Note that artists whose label start with an underscore are ignored when legend() is called with no argument.
/home/ws/fq0795/miniconda3/envs/torch/lib/python3.12/site-packages/numpy/lib/function_base.py:2897: RuntimeWarning: invalid value encountered in divide
  c /= stddev[:, None]
/home/ws/fq0795/miniconda3/envs/torch/lib/python3.12/site-packages/numpy/lib/function_base.py:2898: RuntimeWarning: invalid value encountered in divide
  c /= stddev[None, :]
/home/ws/fq0795/miniconda3/envs/torch/lib/python3.12/site-packages/numpy/lib/function_base.py:2897: RuntimeWarning: invalid value encountered in divide
  c /= stddev[:, None]
/home/ws/fq0795/miniconda3/envs/torch/lib/python3.12/site-packages/numpy/lib/function_base.py:2898: RuntimeWarning: invalid value encountered in divide
  c /= stddev[None, :]
/home/ws/fq0795/git/gnn_uncertainty/uncertainty/base_uncertainty.py:234: UserWarning: KDE cannot be estimated (0 variance or perfect covariance). Pass `warn_singular=False` to disable this warning.
  sns.kdeplot(x=x_in, y=y_in, cmap=sns.light_palette("blue", as_cmap=True), fill=True, label="In Distribution", alpha=1)
/home/ws/fq0795/git/gnn_uncertainty/uncertainty/base_uncertainty.py:236: UserWarning: KDE cannot be estimated (0 variance or perfect covariance). Pass `warn_singular=False` to disable this warning.
  sns.kdeplot(x=x_out, y=y_out, cmap=sns.light_palette("green", as_cmap=True), fill=True, label="Out of Distribution", alpha=0.5)
No artists with labels found to put in legend.  Note that artists whose label start with an underscore are ignored when legend() is called with no argument.
/home/ws/fq0795/git/gnn_uncertainty/uncertainty/base_uncertainty.py:234: UserWarning: KDE cannot be estimated (0 variance or perfect covariance). Pass `warn_singular=False` to disable this warning.
  sns.kdeplot(x=x_in, y=y_in, cmap=sns.light_palette("blue", as_cmap=True), fill=True, label="In Distribution", alpha=1)
/home/ws/fq0795/git/gnn_uncertainty/uncertainty/base_uncertainty.py:236: UserWarning: KDE cannot be estimated (0 variance or perfect covariance). Pass `warn_singular=False` to disable this warning.
  sns.kdeplot(x=x_out, y=y_out, cmap=sns.light_palette("green", as_cmap=True), fill=True, label="Out of Distribution", alpha=0.5)
No artists with labels found to put in legend.  Note that artists whose label start with an underscore are ignored when legend() is called with no argument.
/home/ws/fq0795/miniconda3/envs/torch/lib/python3.12/site-packages/sklearn/utils/validation.py:1300: DataConversionWarning: A column-vector y was passed when a 1d array was expected. Please change the shape of y to (n_samples, ), for example using ravel().
  y = column_or_1d(y, warn=True)
Uncertainty Slope: 0.0, Uncertainty Bias: 0.0
/home/ws/fq0795/miniconda3/envs/torch/lib/python3.12/site-packages/numpy/lib/function_base.py:2897: RuntimeWarning: invalid value encountered in divide
  c /= stddev[:, None]
/home/ws/fq0795/miniconda3/envs/torch/lib/python3.12/site-packages/numpy/lib/function_base.py:2898: RuntimeWarning: invalid value encountered in divide
  c /= stddev[None, :]
/home/ws/fq0795/miniconda3/envs/torch/lib/python3.12/site-packages/numpy/lib/function_base.py:2897: RuntimeWarning: invalid value encountered in divide
  c /= stddev[:, None]
/home/ws/fq0795/miniconda3/envs/torch/lib/python3.12/site-packages/numpy/lib/function_base.py:2898: RuntimeWarning: invalid value encountered in divide
  c /= stddev[None, :]
/home/ws/fq0795/git/gnn_uncertainty/uncertainty/base_uncertainty.py:234: UserWarning: KDE cannot be estimated (0 variance or perfect covariance). Pass `warn_singular=False` to disable this warning.
  sns.kdeplot(x=x_in, y=y_in, cmap=sns.light_palette("blue", as_cmap=True), fill=True, label="In Distribution", alpha=1)
/home/ws/fq0795/git/gnn_uncertainty/uncertainty/base_uncertainty.py:236: UserWarning: KDE cannot be estimated (0 variance or perfect covariance). Pass `warn_singular=False` to disable this warning.
  sns.kdeplot(x=x_out, y=y_out, cmap=sns.light_palette("green", as_cmap=True), fill=True, label="Out of Distribution", alpha=0.5)
No artists with labels found to put in legend.  Note that artists whose label start with an underscore are ignored when legend() is called with no argument.
/home/ws/fq0795/git/gnn_uncertainty/uncertainty/base_uncertainty.py:234: UserWarning: KDE cannot be estimated (0 variance or perfect covariance). Pass `warn_singular=False` to disable this warning.
  sns.kdeplot(x=x_in, y=y_in, cmap=sns.light_palette("blue", as_cmap=True), fill=True, label="In Distribution", alpha=1)
/home/ws/fq0795/git/gnn_uncertainty/uncertainty/base_uncertainty.py:236: UserWarning: KDE cannot be estimated (0 variance or perfect covariance). Pass `warn_singular=False` to disable this warning.
  sns.kdeplot(x=x_out, y=y_out, cmap=sns.light_palette("green", as_cmap=True), fill=True, label="Out of Distribution", alpha=0.5)
No artists with labels found to put in legend.  Note that artists whose label start with an underscore are ignored when legend() is called with no argument.
/home/ws/fq0795/miniconda3/envs/torch/lib/python3.12/site-packages/numpy/lib/function_base.py:2897: RuntimeWarning: invalid value encountered in divide
  c /= stddev[:, None]
/home/ws/fq0795/miniconda3/envs/torch/lib/python3.12/site-packages/numpy/lib/function_base.py:2898: RuntimeWarning: invalid value encountered in divide
  c /= stddev[None, :]
/home/ws/fq0795/miniconda3/envs/torch/lib/python3.12/site-packages/numpy/lib/function_base.py:2897: RuntimeWarning: invalid value encountered in divide
  c /= stddev[:, None]
/home/ws/fq0795/miniconda3/envs/torch/lib/python3.12/site-packages/numpy/lib/function_base.py:2898: RuntimeWarning: invalid value encountered in divide
  c /= stddev[None, :]
/home/ws/fq0795/git/gnn_uncertainty/uncertainty/base_uncertainty.py:234: UserWarning: KDE cannot be estimated (0 variance or perfect covariance). Pass `warn_singular=False` to disable this warning.
  sns.kdeplot(x=x_in, y=y_in, cmap=sns.light_palette("blue", as_cmap=True), fill=True, label="In Distribution", alpha=1)
/home/ws/fq0795/git/gnn_uncertainty/uncertainty/base_uncertainty.py:236: UserWarning: KDE cannot be estimated (0 variance or perfect covariance). Pass `warn_singular=False` to disable this warning.
  sns.kdeplot(x=x_out, y=y_out, cmap=sns.light_palette("green", as_cmap=True), fill=True, label="Out of Distribution", alpha=0.5)
No artists with labels found to put in legend.  Note that artists whose label start with an underscore are ignored when legend() is called with no argument.
/home/ws/fq0795/git/gnn_uncertainty/uncertainty/base_uncertainty.py:234: UserWarning: KDE cannot be estimated (0 variance or perfect covariance). Pass `warn_singular=False` to disable this warning.
  sns.kdeplot(x=x_in, y=y_in, cmap=sns.light_palette("blue", as_cmap=True), fill=True, label="In Distribution", alpha=1)
/home/ws/fq0795/git/gnn_uncertainty/uncertainty/base_uncertainty.py:236: UserWarning: KDE cannot be estimated (0 variance or perfect covariance). Pass `warn_singular=False` to disable this warning.
  sns.kdeplot(x=x_out, y=y_out, cmap=sns.light_palette("green", as_cmap=True), fill=True, label="Out of Distribution", alpha=0.5)
No artists with labels found to put in legend.  Note that artists whose label start with an underscore are ignored when legend() is called with no argument.
/home/ws/fq0795/miniconda3/envs/torch/lib/python3.12/site-packages/sklearn/utils/validation.py:1300: DataConversionWarning: A column-vector y was passed when a 1d array was expected. Please change the shape of y to (n_samples, ), for example using ravel().
  y = column_or_1d(y, warn=True)
Uncertainty Slope: 0.0, Uncertainty Bias: 0.0
/home/ws/fq0795/miniconda3/envs/torch/lib/python3.12/site-packages/numpy/lib/function_base.py:2897: RuntimeWarning: invalid value encountered in divide
  c /= stddev[:, None]
/home/ws/fq0795/miniconda3/envs/torch/lib/python3.12/site-packages/numpy/lib/function_base.py:2898: RuntimeWarning: invalid value encountered in divide
  c /= stddev[None, :]
/home/ws/fq0795/miniconda3/envs/torch/lib/python3.12/site-packages/numpy/lib/function_base.py:2897: RuntimeWarning: invalid value encountered in divide
  c /= stddev[:, None]
/home/ws/fq0795/miniconda3/envs/torch/lib/python3.12/site-packages/numpy/lib/function_base.py:2898: RuntimeWarning: invalid value encountered in divide
  c /= stddev[None, :]
/home/ws/fq0795/git/gnn_uncertainty/uncertainty/base_uncertainty.py:234: UserWarning: KDE cannot be estimated (0 variance or perfect covariance). Pass `warn_singular=False` to disable this warning.
  sns.kdeplot(x=x_in, y=y_in, cmap=sns.light_palette("blue", as_cmap=True), fill=True, label="In Distribution", alpha=1)
/home/ws/fq0795/git/gnn_uncertainty/uncertainty/base_uncertainty.py:236: UserWarning: KDE cannot be estimated (0 variance or perfect covariance). Pass `warn_singular=False` to disable this warning.
  sns.kdeplot(x=x_out, y=y_out, cmap=sns.light_palette("green", as_cmap=True), fill=True, label="Out of Distribution", alpha=0.5)
No artists with labels found to put in legend.  Note that artists whose label start with an underscore are ignored when legend() is called with no argument.
/home/ws/fq0795/git/gnn_uncertainty/uncertainty/base_uncertainty.py:234: UserWarning: KDE cannot be estimated (0 variance or perfect covariance). Pass `warn_singular=False` to disable this warning.
  sns.kdeplot(x=x_in, y=y_in, cmap=sns.light_palette("blue", as_cmap=True), fill=True, label="In Distribution", alpha=1)
/home/ws/fq0795/git/gnn_uncertainty/uncertainty/base_uncertainty.py:236: UserWarning: KDE cannot be estimated (0 variance or perfect covariance). Pass `warn_singular=False` to disable this warning.
  sns.kdeplot(x=x_out, y=y_out, cmap=sns.light_palette("green", as_cmap=True), fill=True, label="Out of Distribution", alpha=0.5)
No artists with labels found to put in legend.  Note that artists whose label start with an underscore are ignored when legend() is called with no argument.
/home/ws/fq0795/miniconda3/envs/torch/lib/python3.12/site-packages/numpy/lib/function_base.py:2897: RuntimeWarning: invalid value encountered in divide
  c /= stddev[:, None]
/home/ws/fq0795/miniconda3/envs/torch/lib/python3.12/site-packages/numpy/lib/function_base.py:2898: RuntimeWarning: invalid value encountered in divide
  c /= stddev[None, :]
/home/ws/fq0795/miniconda3/envs/torch/lib/python3.12/site-packages/numpy/lib/function_base.py:2897: RuntimeWarning: invalid value encountered in divide
  c /= stddev[:, None]
/home/ws/fq0795/miniconda3/envs/torch/lib/python3.12/site-packages/numpy/lib/function_base.py:2898: RuntimeWarning: invalid value encountered in divide
  c /= stddev[None, :]
/home/ws/fq0795/git/gnn_uncertainty/uncertainty/base_uncertainty.py:234: UserWarning: KDE cannot be estimated (0 variance or perfect covariance). Pass `warn_singular=False` to disable this warning.
  sns.kdeplot(x=x_in, y=y_in, cmap=sns.light_palette("blue", as_cmap=True), fill=True, label="In Distribution", alpha=1)
/home/ws/fq0795/git/gnn_uncertainty/uncertainty/base_uncertainty.py:236: UserWarning: KDE cannot be estimated (0 variance or perfect covariance). Pass `warn_singular=False` to disable this warning.
  sns.kdeplot(x=x_out, y=y_out, cmap=sns.light_palette("green", as_cmap=True), fill=True, label="Out of Distribution", alpha=0.5)
No artists with labels found to put in legend.  Note that artists whose label start with an underscore are ignored when legend() is called with no argument.
/home/ws/fq0795/git/gnn_uncertainty/uncertainty/base_uncertainty.py:234: UserWarning: KDE cannot be estimated (0 variance or perfect covariance). Pass `warn_singular=False` to disable this warning.
  sns.kdeplot(x=x_in, y=y_in, cmap=sns.light_palette("blue", as_cmap=True), fill=True, label="In Distribution", alpha=1)
/home/ws/fq0795/git/gnn_uncertainty/uncertainty/base_uncertainty.py:236: UserWarning: KDE cannot be estimated (0 variance or perfect covariance). Pass `warn_singular=False` to disable this warning.
  sns.kdeplot(x=x_out, y=y_out, cmap=sns.light_palette("green", as_cmap=True), fill=True, label="Out of Distribution", alpha=0.5)
No artists with labels found to put in legend.  Note that artists whose label start with an underscore are ignored when legend() is called with no argument.
/home/ws/fq0795/miniconda3/envs/torch/lib/python3.12/site-packages/sklearn/utils/validation.py:1300: DataConversionWarning: A column-vector y was passed when a 1d array was expected. Please change the shape of y to (n_samples, ), for example using ravel().
  y = column_or_1d(y, warn=True)
Uncertainty Slope: 0.0, Uncertainty Bias: 0.0
/home/ws/fq0795/miniconda3/envs/torch/lib/python3.12/site-packages/numpy/lib/function_base.py:2897: RuntimeWarning: invalid value encountered in divide
  c /= stddev[:, None]
/home/ws/fq0795/miniconda3/envs/torch/lib/python3.12/site-packages/numpy/lib/function_base.py:2898: RuntimeWarning: invalid value encountered in divide
  c /= stddev[None, :]
/home/ws/fq0795/miniconda3/envs/torch/lib/python3.12/site-packages/numpy/lib/function_base.py:2897: RuntimeWarning: invalid value encountered in divide
  c /= stddev[:, None]
/home/ws/fq0795/miniconda3/envs/torch/lib/python3.12/site-packages/numpy/lib/function_base.py:2898: RuntimeWarning: invalid value encountered in divide
  c /= stddev[None, :]
/home/ws/fq0795/git/gnn_uncertainty/uncertainty/base_uncertainty.py:234: UserWarning: KDE cannot be estimated (0 variance or perfect covariance). Pass `warn_singular=False` to disable this warning.
  sns.kdeplot(x=x_in, y=y_in, cmap=sns.light_palette("blue", as_cmap=True), fill=True, label="In Distribution", alpha=1)
/home/ws/fq0795/git/gnn_uncertainty/uncertainty/base_uncertainty.py:236: UserWarning: KDE cannot be estimated (0 variance or perfect covariance). Pass `warn_singular=False` to disable this warning.
  sns.kdeplot(x=x_out, y=y_out, cmap=sns.light_palette("green", as_cmap=True), fill=True, label="Out of Distribution", alpha=0.5)
No artists with labels found to put in legend.  Note that artists whose label start with an underscore are ignored when legend() is called with no argument.
/home/ws/fq0795/git/gnn_uncertainty/uncertainty/base_uncertainty.py:234: UserWarning: KDE cannot be estimated (0 variance or perfect covariance). Pass `warn_singular=False` to disable this warning.
  sns.kdeplot(x=x_in, y=y_in, cmap=sns.light_palette("blue", as_cmap=True), fill=True, label="In Distribution", alpha=1)
/home/ws/fq0795/git/gnn_uncertainty/uncertainty/base_uncertainty.py:236: UserWarning: KDE cannot be estimated (0 variance or perfect covariance). Pass `warn_singular=False` to disable this warning.
  sns.kdeplot(x=x_out, y=y_out, cmap=sns.light_palette("green", as_cmap=True), fill=True, label="Out of Distribution", alpha=0.5)
No artists with labels found to put in legend.  Note that artists whose label start with an underscore are ignored when legend() is called with no argument.
/home/ws/fq0795/miniconda3/envs/torch/lib/python3.12/site-packages/numpy/lib/function_base.py:2897: RuntimeWarning: invalid value encountered in divide
  c /= stddev[:, None]
/home/ws/fq0795/miniconda3/envs/torch/lib/python3.12/site-packages/numpy/lib/function_base.py:2898: RuntimeWarning: invalid value encountered in divide
  c /= stddev[None, :]
/home/ws/fq0795/miniconda3/envs/torch/lib/python3.12/site-packages/numpy/lib/function_base.py:2897: RuntimeWarning: invalid value encountered in divide
  c /= stddev[:, None]
/home/ws/fq0795/miniconda3/envs/torch/lib/python3.12/site-packages/numpy/lib/function_base.py:2898: RuntimeWarning: invalid value encountered in divide
  c /= stddev[None, :]
/home/ws/fq0795/git/gnn_uncertainty/uncertainty/base_uncertainty.py:234: UserWarning: KDE cannot be estimated (0 variance or perfect covariance). Pass `warn_singular=False` to disable this warning.
  sns.kdeplot(x=x_in, y=y_in, cmap=sns.light_palette("blue", as_cmap=True), fill=True, label="In Distribution", alpha=1)
/home/ws/fq0795/git/gnn_uncertainty/uncertainty/base_uncertainty.py:236: UserWarning: KDE cannot be estimated (0 variance or perfect covariance). Pass `warn_singular=False` to disable this warning.
  sns.kdeplot(x=x_out, y=y_out, cmap=sns.light_palette("green", as_cmap=True), fill=True, label="Out of Distribution", alpha=0.5)
No artists with labels found to put in legend.  Note that artists whose label start with an underscore are ignored when legend() is called with no argument.
/home/ws/fq0795/git/gnn_uncertainty/uncertainty/base_uncertainty.py:234: UserWarning: KDE cannot be estimated (0 variance or perfect covariance). Pass `warn_singular=False` to disable this warning.
  sns.kdeplot(x=x_in, y=y_in, cmap=sns.light_palette("blue", as_cmap=True), fill=True, label="In Distribution", alpha=1)
/home/ws/fq0795/git/gnn_uncertainty/uncertainty/base_uncertainty.py:236: UserWarning: KDE cannot be estimated (0 variance or perfect covariance). Pass `warn_singular=False` to disable this warning.
  sns.kdeplot(x=x_out, y=y_out, cmap=sns.light_palette("green", as_cmap=True), fill=True, label="Out of Distribution", alpha=0.5)
No artists with labels found to put in legend.  Note that artists whose label start with an underscore are ignored when legend() is called with no argument.
