/home/ws/fq0795/miniconda3/envs/torch/lib/python3.12/site-packages/torch/autograd/graph.py:744: UserWarning: Attempting to run cuBLAS, but there was no current CUDA context! Attempting to set the primary context... (Triggered internally at ../aten/src/ATen/cuda/CublasHandlePool.cpp:135.)
  return Variable._execution_engine.run_backward(  # Calls into the C++ engine to run the backward pass
Uncertainty Slope: 4.914494037628174, Uncertainty Bias: -0.31235209107398987
7.6293945e-06 0.00019192696
0.07289444 4.4360595
(48745, 22, 3)
Uncertainty Slope: 6.733728408813477, Uncertainty Bias: -0.5015780925750732
9.551644e-06 1.6212463e-05
-1.2133589 10.707705
(48745, 22, 3)
Uncertainty Slope: 7.9753522872924805, Uncertainty Bias: -0.6264722347259521
4.7683716e-06 0.00023841858
-2.375255 8.309477
(48745, 22, 3)
Uncertainty Slope: 3.6569342613220215, Uncertainty Bias: -0.23009361326694489
7.6293945e-06 9.608269e-05
3.5482626 11.043582
(48745, 22, 3)
Uncertainty Slope: 7.0452728271484375, Uncertainty Bias: -0.40983647108078003
2.4795532e-05 7.6293945e-05
-1.018115 7.0952244
(48745, 22, 3)
