['H1', 'CH3', 'H2', 'H3', 'C', 'O', 'N', 'H', 'CA', 'HA', 'CB', 'HB1', 'HB2', 'HB3', 'C', 'O', 'N', 'H', 'C', 'H1', 'H2', 'H3']
59
Uncertainty Slope: 0.9494547247886658, Uncertainty Bias: 0.011810354888439178
(48745, 22, 3)
Uncertainty Slope: 0.25854358077049255, Uncertainty Bias: 0.09414523839950562
(48745, 22, 3)
Uncertainty Slope: -0.44758617877960205, Uncertainty Bias: 0.19409288465976715
(48745, 22, 3)
Uncertainty Slope: -0.5625850558280945, Uncertainty Bias: 0.26144224405288696
(48745, 22, 3)
Uncertainty Slope: -0.8815008997917175, Uncertainty Bias: 0.3183189630508423
(48745, 22, 3)
Uncertainty Slope: -0.9987216591835022, Uncertainty Bias: 0.35397863388061523
(48745, 22, 3)
Uncertainty Slope: -1.4010902643203735, Uncertainty Bias: 0.39556342363357544
/home/ws/fq0795/git/gnn_uncertainty/uncertainty/base_uncertainty.py:925: RuntimeWarning: More than 20 figures have been opened. Figures created through the pyplot interface (`matplotlib.pyplot.figure`) are retained until explicitly closed and may consume too much memory. (To control this warning, see the rcParam `figure.max_open_warning`). Consider using `matplotlib.pyplot.close()`.
  plt.figure(figsize=(10, 8))
(48745, 22, 3)
Uncertainty Slope: -0.40627142786979675, Uncertainty Bias: 0.19798773527145386
(48745, 22, 3)
Uncertainty Slope: -0.8202968239784241, Uncertainty Bias: 0.2753290832042694
(48745, 22, 3)
Uncertainty Slope: 0.8991600871086121, Uncertainty Bias: 0.0019461661577224731
(48745, 22, 3)
Uncertainty Slope: 1.5803989171981812, Uncertainty Bias: -0.11311085522174835
(48745, 22, 3)
Uncertainty Slope: 2.0292720794677734, Uncertainty Bias: -0.1780063807964325
(48745, 22, 3)
Uncertainty Slope: 0.6859752535820007, Uncertainty Bias: 0.025743193924427032
(48745, 22, 3)
Uncertainty Slope: 1.9386394023895264, Uncertainty Bias: -0.1616942286491394
(48745, 22, 3)
Uncertainty Slope: 2.460131883621216, Uncertainty Bias: -0.21341155469417572
(48745, 22, 3)
Uncertainty Slope: 3.0195534229278564, Uncertainty Bias: -0.3104640543460846
(48745, 22, 3)
Uncertainty Slope: 2.5497944355010986, Uncertainty Bias: -0.23631468415260315
(48745, 22, 3)
Uncertainty Slope: 2.330470561981201, Uncertainty Bias: -0.20862464606761932
(48745, 22, 3)
Uncertainty Slope: 3.0639708042144775, Uncertainty Bias: -0.3013356029987335
(48745, 22, 3)
Uncertainty Slope: 1.315405249595642, Uncertainty Bias: -0.0626835897564888
(48745, 22, 3)
Uncertainty Slope: 2.135589361190796, Uncertainty Bias: -0.17564421892166138
(48745, 22, 3)
Uncertainty Slope: 1.9858521223068237, Uncertainty Bias: -0.1552562415599823
(48745, 22, 3)
Uncertainty Slope: 2.3480961322784424, Uncertainty Bias: -0.19903932511806488
(48745, 22, 3)
Uncertainty Slope: 2.06500506401062, Uncertainty Bias: -0.16097253561019897
(48745, 22, 3)
Uncertainty Slope: 2.584001302719116, Uncertainty Bias: -0.2265881448984146
(48745, 22, 3)
Uncertainty Slope: 2.503244161605835, Uncertainty Bias: -0.20985428988933563
(48745, 22, 3)
Uncertainty Slope: 1.9826135635375977, Uncertainty Bias: -0.14877328276634216
(48745, 22, 3)
Uncertainty Slope: 1.8769758939743042, Uncertainty Bias: -0.1384262591600418
(48745, 22, 3)
Uncertainty Slope: 2.0178771018981934, Uncertainty Bias: -0.1586267054080963
(48745, 22, 3)
Uncertainty Slope: 3.0419704914093018, Uncertainty Bias: -0.2792491316795349
(48745, 22, 3)
Uncertainty Slope: 2.137925148010254, Uncertainty Bias: -0.17714056372642517
(48745, 22, 3)
Uncertainty Slope: 3.275461435317993, Uncertainty Bias: -0.3217017650604248
(48745, 22, 3)
Uncertainty Slope: 1.2845596075057983, Uncertainty Bias: -0.05996168404817581
(48745, 22, 3)
Uncertainty Slope: 3.0970840454101562, Uncertainty Bias: -0.2984393835067749
(48745, 22, 3)
Uncertainty Slope: 4.969559669494629, Uncertainty Bias: -0.5488641262054443
(48745, 22, 3)
Uncertainty Slope: 2.6411702632904053, Uncertainty Bias: -0.22902745008468628
(48745, 22, 3)
Uncertainty Slope: -0.3089786767959595, Uncertainty Bias: 0.1661740243434906
(48745, 22, 3)
Uncertainty Slope: 1.817294716835022, Uncertainty Bias: -0.13272042572498322
(48745, 22, 3)
Uncertainty Slope: 0.9973719716072083, Uncertainty Bias: -0.024849586188793182
(48745, 22, 3)
Uncertainty Slope: 4.168355941772461, Uncertainty Bias: -0.44004106521606445
(48745, 22, 3)
Uncertainty Slope: 0.9754728674888611, Uncertainty Bias: -0.017515942454338074
(48745, 22, 3)
Uncertainty Slope: 0.19101972877979279, Uncertainty Bias: 0.08522970974445343
(48745, 22, 3)
Uncertainty Slope: 2.05629301071167, Uncertainty Bias: -0.15194973349571228
(48745, 22, 3)
Uncertainty Slope: 2.8671393394470215, Uncertainty Bias: -0.2589692175388336
(48745, 22, 3)
Uncertainty Slope: 4.937951564788818, Uncertainty Bias: -0.5251400470733643
(48745, 22, 3)
Uncertainty Slope: 5.951359748840332, Uncertainty Bias: -0.6755215525627136
(48745, 22, 3)
Uncertainty Slope: 5.6061015129089355, Uncertainty Bias: -0.604674220085144
(48745, 22, 3)
Uncertainty Slope: 4.214046478271484, Uncertainty Bias: -0.4477376341819763
(48745, 22, 3)
Uncertainty Slope: 5.346790790557861, Uncertainty Bias: -0.5877862572669983
(48745, 22, 3)
Uncertainty Slope: 3.7669334411621094, Uncertainty Bias: -0.37988924980163574
(48745, 22, 3)
