/home/ws/fq0795/git/gnn_uncertainty/active_learning.py:175: DeprecationWarning: Please use atoms.calc = calc
  self.atoms.set_calculator(self.calc)
wandb: Currently logged in as: l-baer-99 (l-baer-99-Karlsruhe Institute of Technology). Use `wandb login --relogin` to force relogin
wandb: wandb version 0.18.7 is available!  To upgrade, please run:
wandb:  $ pip install wandb --upgrade
wandb: Tracking run with wandb version 0.17.4
wandb: Run data is saved locally in /home/ws/fq0795/git/gnn_uncertainty/wandb/run-20241121_094244-4wk7szxr
wandb: Run `wandb offline` to turn off syncing.
wandb: Syncing run fine-sun-52
wandb: ⭐️ View project at https://wandb.ai/l-baer-99-Karlsruhe%20Institute%20of%20Technology/ActiveLearning
wandb: 🚀 View run at https://wandb.ai/l-baer-99-Karlsruhe%20Institute%20of%20Technology/ActiveLearning/runs/4wk7szxr
/home/ws/fq0795/miniconda3/envs/torch/lib/python3.12/site-packages/torch/autograd/graph.py:744: UserWarning: Attempting to run cuBLAS, but there was no current CUDA context! Attempting to set the primary context... (Triggered internally at ../aten/src/ATen/cuda/CublasHandlePool.cpp:135.)
  return Variable._execution_engine.run_backward(  # Calls into the C++ engine to run the backward pass
['H1', 'CH3', 'H2', 'H3', 'C', 'O', 'N', 'H', 'CA', 'HA', 'CB', 'HB1', 'HB2', 'HB3', 'C', 'O', 'N', 'H', 'C', 'H1', 'H2', 'H3']
torch.Size([4400, 3])
torch.Size([200])
torch.Size([200])
torch.Size([200])
torch.Size([200])
torch.Size([200])
torch.Size([5, 200])
Uncertainty Slope: 0.27591192722320557, Uncertainty Bias: -0.041161343455314636

Training and Validation Results of Epoch Initital validation:
================================
Training Loss Energy: 0.0, Training Loss Force: 0.0, time: 0
Validation Loss Energy: 0.0, Validation Loss Force: 0.0, time: 0
Test Loss Energy: 11.497320113032144, Test Loss Force: 12.762710989937203, time: 6.62903904914856

wandb: - 0.039 MB of 0.048 MB uploadedwandb: \ 0.039 MB of 0.048 MB uploadedwandb: | 0.051 MB of 0.051 MB uploadedwandb:                                                                                
wandb: 
wandb: Run history:
wandb:       dataset_size ▁
wandb:  test_error_energy ▁
wandb:   test_error_force ▁
wandb:   test_error_total ▁
wandb: train_error_energy ▁
wandb:  train_error_force ▁
wandb:  train_error_total ▁
wandb: valid_error_energy ▁
wandb:  valid_error_force ▁
wandb:  valid_error_total ▁
wandb: 
wandb: Run summary:
wandb:       dataset_size 800
wandb:  test_error_energy 11.49732
wandb:   test_error_force 12.76271
wandb:   test_error_total 5.03985
wandb: train_error_energy 0.0
wandb:  train_error_force 0.0
wandb:  train_error_total 0.0
wandb: valid_error_energy 0.0
wandb:  valid_error_force 0.0
wandb:  valid_error_total 0.0
wandb: 
wandb: 🚀 View run fine-sun-52 at: https://wandb.ai/l-baer-99-Karlsruhe%20Institute%20of%20Technology/ActiveLearning/runs/4wk7szxr
wandb: ⭐️ View project at: https://wandb.ai/l-baer-99-Karlsruhe%20Institute%20of%20Technology/ActiveLearning
wandb: Synced 6 W&B file(s), 0 media file(s), 0 artifact file(s) and 0 other file(s)
wandb: Find logs at: ./wandb/run-20241121_094244-4wk7szxr/logs
wandb: WARNING The new W&B backend becomes opt-out in version 0.18.0; try it out with `wandb.require("core")`! See https://wandb.me/wandb-core for more information.
torch.Size([22, 3])
torch.Size([])
torch.Size([])
torch.Size([])
torch.Size([])
torch.Size([])
torch.Size([5])
Traceback (most recent call last):
  File "/home/ws/fq0795/git/gnn_uncertainty/active_learning.py", line 399, in <module>
    al.improve_model(200, 30,run_idx=41, use_wandb=True, model_path=model_path)
  File "/home/ws/fq0795/git/gnn_uncertainty/active_learning.py", line 297, in improve_model
    self.dyn.run(1)
  File "/home/ws/fq0795/miniconda3/envs/torch/lib/python3.12/site-packages/ase/md/md.py", line 178, in run
    return Dynamics.run(self, steps=steps)
           ^^^^^^^^^^^^^^^^^^^^^^^^^^^^^^^
  File "/home/ws/fq0795/miniconda3/envs/torch/lib/python3.12/site-packages/ase/optimize/optimize.py", line 275, in run
    for converged in Dynamics.irun(self, steps=steps):
  File "/home/ws/fq0795/miniconda3/envs/torch/lib/python3.12/site-packages/ase/optimize/optimize.py", line 225, in irun
    self.optimizable.get_forces()
  File "/home/ws/fq0795/miniconda3/envs/torch/lib/python3.12/site-packages/ase/optimize/optimize.py", line 34, in get_forces
    return self.atoms.get_forces()
           ^^^^^^^^^^^^^^^^^^^^^^^
  File "/home/ws/fq0795/miniconda3/envs/torch/lib/python3.12/site-packages/ase/atoms.py", line 812, in get_forces
    forces = self._calc.get_forces(self)
             ^^^^^^^^^^^^^^^^^^^^^^^^^^^
  File "/home/ws/fq0795/miniconda3/envs/torch/lib/python3.12/site-packages/ase/calculators/abc.py", line 30, in get_forces
    return self.get_property('forces', atoms)
           ^^^^^^^^^^^^^^^^^^^^^^^^^^^^^^^^^^
  File "/home/ws/fq0795/miniconda3/envs/torch/lib/python3.12/site-packages/ase/calculators/calculator.py", line 538, in get_property
    self.calculate(atoms, [name], system_changes)
  File "/home/ws/fq0795/git/gnn_uncertainty/active_learning.py", line 101, in calculate
    energy, force, uncertainty = self.model.predict(x=atom_positions, h0=nodes, edges=edges, edge_attr=None, node_mask=atom_mask, edge_mask=edge_mask, n_nodes=n_nodes)
                                 ^^^^^^^^^^^^^^^^^^^^^^^^^^^^^^^^^^^^^^^^^^^^^^^^^^^^^^^^^^^^^^^^^^^^^^^^^^^^^^^^^^^^^^^^^^^^^^^^^^^^^^^^^^^^^^^^^^^^^^^^^^^^^^^^^^^^^^
  File "/home/ws/fq0795/git/gnn_uncertainty/uncertainty/swag.py", line 166, in predict
    batch_size = energies.shape[1]
                 ~~~~~~~~~~~~~~^^^
IndexError: tuple index out of range
