/home/ws/fq0795/miniconda3/envs/torch/lib/python3.12/site-packages/torch/autograd/graph.py:744: UserWarning: Attempting to run cuBLAS, but there was no current CUDA context! Attempting to set the primary context... (Triggered internally at ../aten/src/ATen/cuda/CublasHandlePool.cpp:135.)
  return Variable._execution_engine.run_backward(  # Calls into the C++ engine to run the backward pass
Uncertainty Slope: 2.069169759750366, Uncertainty Bias: -0.03798648715019226
0.0 0.0001206398
0.2973976 4.4473295
(48745, 22, 3)
Uncertainty Slope: 2.5566818714141846, Uncertainty Bias: -0.10422088205814362
7.6293945e-06 6.389618e-05
-0.34668344 6.764096
(48745, 22, 3)
Uncertainty Slope: 4.001038074493408, Uncertainty Bias: -0.20608901977539062
9.536743e-06 0.00028419495
-1.5516001 7.9608474
(48745, 22, 3)
Uncertainty Slope: 1.4082618951797485, Uncertainty Bias: 0.01651744544506073
0.0 0.00012636185
1.4755824 8.296324
(48745, 22, 3)
Uncertainty Slope: 2.2722980976104736, Uncertainty Bias: -0.020100519061088562
7.6293945e-06 8.201599e-05
0.3782512 4.225656
(48745, 22, 3)
