0.0 1.0
0.0 1.0
0.0 1.0
0.0 1.0
0.0 1.0
0.0 1.0
0.0 1.0
Uncertainty Slope: -1.054117202758789, Uncertainty Bias: 0.2718615233898163
0.27186152 -1.0541172
0.27186152 -1.0541172
0.27186152 -1.0541172
0.27186152 -1.0541172
0.27186152 -1.0541172
0.27186152 -1.0541172
0.27186152 -1.0541172
0.27186152 -1.0541172
0.27186152 -1.0541172
0.27186152 -1.0541172
0.27186152 -1.0541172
0.27186152 -1.0541172
0.27186152 -1.0541172
0.27186152 -1.0541172
0.27186152 -1.0541172
0.27186152 -1.0541172
0.27186152 -1.0541172
0.27186152 -1.0541172
0.27186152 -1.0541172
0.27186152 -1.0541172
0.27186152 -1.0541172
0.27186152 -1.0541172
0.27186152 -1.0541172
0.27186152 -1.0541172
0.27186152 -1.0541172
0.27186152 -1.0541172
0.27186152 -1.0541172
0.27186152 -1.0541172
0.27186152 -1.0541172
0.27186152 -1.0541172
0.27186152 -1.0541172
0.27186152 -1.0541172
0.27186152 -1.0541172
0.27186152 -1.0541172
0.27186152 -1.0541172
0.27186152 -1.0541172
0.27186152 -1.0541172
0.27186152 -1.0541172
0.27186152 -1.0541172
0.27186152 -1.0541172
0.27186152 -1.0541172
0.27186152 -1.0541172
0.27186152 -1.0541172
0.27186152 -1.0541172
0.27186152 -1.0541172
0.27186152 -1.0541172
0.27186152 -1.0541172
0.27186152 -1.0541172
0.27186152 -1.0541172
0.27186152 -1.0541172
0.27186152 -1.0541172
0.27186152 -1.0541172
0.27186152 -1.0541172
0.27186152 -1.0541172
0.27186152 -1.0541172
0.27186152 -1.0541172
0.27186152 -1.0541172
0.27186152 -1.0541172
0.27186152 -1.0541172
0.27186152 -1.0541172
0.27186152 -1.0541172
0.27186152 -1.0541172
0.27186152 -1.0541172
0.27186152 -1.0541172
0.27186152 -1.0541172
0.27186152 -1.0541172
0.27186152 -1.0541172
0.27186152 -1.0541172
0.27186152 -1.0541172
0.27186152 -1.0541172
0.27186152 -1.0541172
0.27186152 -1.0541172
0.27186152 -1.0541172
0.27186152 -1.0541172
0.27186152 -1.0541172
0.27186152 -1.0541172
0.27186152 -1.0541172
0.27186152 -1.0541172
0.27186152 -1.0541172
0.27186152 -1.0541172
0.27186152 -1.0541172
0.27186152 -1.0541172
0.27186152 -1.0541172
0.27186152 -1.0541172
0.27186152 -1.0541172
0.27186152 -1.0541172
0.27186152 -1.0541172
0.27186152 -1.0541172
0.27186152 -1.0541172
0.27186152 -1.0541172
0.27186152 -1.0541172
0.27186152 -1.0541172
0.27186152 -1.0541172
0.27186152 -1.0541172
0.27186152 -1.0541172
0.27186152 -1.0541172
0.27186152 -1.0541172
0.27186152 -1.0541172
0.27186152 -1.0541172
0.27186152 -1.0541172
0.27186152 -1.0541172
0.27186152 -1.0541172
0.27186152 -1.0541172
0.27186152 -1.0541172
0.27186152 -1.0541172
0.27186152 -1.0541172
0.27186152 -1.0541172
0.27186152 -1.0541172
0.27186152 -1.0541172
0.27186152 -1.0541172
0.27186152 -1.0541172
0.27186152 -1.0541172
0.27186152 -1.0541172
0.27186152 -1.0541172
0.27186152 -1.0541172
0.27186152 -1.0541172
0.27186152 -1.0541172
0.27186152 -1.0541172
0.27186152 -1.0541172
0.27186152 -1.0541172
0.27186152 -1.0541172
0.27186152 -1.0541172
0.27186152 -1.0541172
0.27186152 -1.0541172
0.27186152 -1.0541172
0.27186152 -1.0541172
0.27186152 -1.0541172
0.27186152 -1.0541172
0.27186152 -1.0541172
0.27186152 -1.0541172
0.27186152 -1.0541172
0.27186152 -1.0541172
0.27186152 -1.0541172
0.27186152 -1.0541172
0.27186152 -1.0541172
0.27186152 -1.0541172
0.27186152 -1.0541172
0.27186152 -1.0541172
0.27186152 -1.0541172
0.27186152 -1.0541172
0.27186152 -1.0541172
0.27186152 -1.0541172
0.27186152 -1.0541172
0.27186152 -1.0541172
0.27186152 -1.0541172
0.27186152 -1.0541172
0.27186152 -1.0541172
0.27186152 -1.0541172
0.27186152 -1.0541172
0.27186152 -1.0541172
0.27186152 -1.0541172
0.27186152 -1.0541172
0.27186152 -1.0541172
0.27186152 -1.0541172
0.27186152 -1.0541172
0.27186152 -1.0541172
0.27186152 -1.0541172
9.536743e-06 0.00055122375
-0.049128916 3.7222693
0.27186152 -1.0541172
0.27186152 -1.0541172
0.27186152 -1.0541172
0.27186152 -1.0541172
0.27186152 -1.0541172
0.27186152 -1.0541172
0.27186152 -1.0541172
0.27186152 -1.0541172
0.27186152 -1.0541172
0.27186152 -1.0541172
0.27186152 -1.0541172
0.27186152 -1.0541172
0.27186152 -1.0541172
0.27186152 -1.0541172
0.27186152 -1.0541172
0.27186152 -1.0541172
0.27186152 -1.0541172
0.27186152 -1.0541172
0.27186152 -1.0541172
0.27186152 -1.0541172
0.27186152 -1.0541172
0.27186152 -1.0541172
0.27186152 -1.0541172
0.27186152 -1.0541172
0.27186152 -1.0541172
0.27186152 -1.0541172
0.27186152 -1.0541172
0.27186152 -1.0541172
0.27186152 -1.0541172
0.27186152 -1.0541172
0.27186152 -1.0541172
0.27186152 -1.0541172
0.27186152 -1.0541172
0.27186152 -1.0541172
0.27186152 -1.0541172
0.27186152 -1.0541172
0.27186152 -1.0541172
0.27186152 -1.0541172
0.27186152 -1.0541172
0.27186152 -1.0541172
0.27186152 -1.0541172
0.27186152 -1.0541172
0.27186152 -1.0541172
0.27186152 -1.0541172
0.27186152 -1.0541172
0.27186152 -1.0541172
0.27186152 -1.0541172
0.27186152 -1.0541172
0.27186152 -1.0541172
0.27186152 -1.0541172
0.27186152 -1.0541172
0.27186152 -1.0541172
0.27186152 -1.0541172
0.27186152 -1.0541172
0.27186152 -1.0541172
0.27186152 -1.0541172
0.27186152 -1.0541172
0.27186152 -1.0541172
0.27186152 -1.0541172
0.27186152 -1.0541172
0.27186152 -1.0541172
0.27186152 -1.0541172
0.27186152 -1.0541172
0.27186152 -1.0541172
0.27186152 -1.0541172
0.27186152 -1.0541172
0.27186152 -1.0541172
0.27186152 -1.0541172
0.27186152 -1.0541172
0.27186152 -1.0541172
0.27186152 -1.0541172
0.27186152 -1.0541172
0.27186152 -1.0541172
0.27186152 -1.0541172
0.27186152 -1.0541172
0.27186152 -1.0541172
0.27186152 -1.0541172
0.27186152 -1.0541172
0.27186152 -1.0541172
0.27186152 -1.0541172
0.27186152 -1.0541172
0.27186152 -1.0541172
0.27186152 -1.0541172
0.27186152 -1.0541172
0.27186152 -1.0541172
0.27186152 -1.0541172
0.27186152 -1.0541172
0.27186152 -1.0541172
0.27186152 -1.0541172
0.27186152 -1.0541172
0.27186152 -1.0541172
0.27186152 -1.0541172
0.27186152 -1.0541172
0.27186152 -1.0541172
0.27186152 -1.0541172
0.27186152 -1.0541172
0.27186152 -1.0541172
0.27186152 -1.0541172
0.27186152 -1.0541172
0.27186152 -1.0541172
0.27186152 -1.0541172
0.27186152 -1.0541172
0.27186152 -1.0541172
0.27186152 -1.0541172
0.27186152 -1.0541172
0.27186152 -1.0541172
0.27186152 -1.0541172
0.27186152 -1.0541172
0.27186152 -1.0541172
0.27186152 -1.0541172
0.27186152 -1.0541172
0.27186152 -1.0541172
0.27186152 -1.0541172
0.27186152 -1.0541172
0.27186152 -1.0541172
0.27186152 -1.0541172
0.27186152 -1.0541172
0.27186152 -1.0541172
0.27186152 -1.0541172
0.27186152 -1.0541172
0.27186152 -1.0541172
0.27186152 -1.0541172
0.27186152 -1.0541172
0.27186152 -1.0541172
0.27186152 -1.0541172
0.27186152 -1.0541172
0.27186152 -1.0541172
0.27186152 -1.0541172
0.27186152 -1.0541172
0.27186152 -1.0541172
0.27186152 -1.0541172
0.27186152 -1.0541172
0.27186152 -1.0541172
0.27186152 -1.0541172
0.27186152 -1.0541172
0.27186152 -1.0541172
0.27186152 -1.0541172
0.27186152 -1.0541172
0.27186152 -1.0541172
0.27186152 -1.0541172
0.27186152 -1.0541172
0.27186152 -1.0541172
0.27186152 -1.0541172
0.27186152 -1.0541172
0.27186152 -1.0541172
0.27186152 -1.0541172
0.27186152 -1.0541172
0.27186152 -1.0541172
0.27186152 -1.0541172
0.27186152 -1.0541172
0.27186152 -1.0541172
0.27186152 -1.0541172
0.27186152 -1.0541172
0.27186152 -1.0541172
0.27186152 -1.0541172
0.27186152 -1.0541172
0.27186152 -1.0541172
Traceback (most recent call last):
  File "/home/ws/fq0795/git/gnn_uncertainty/reevaluate_experiments.py", line 220, in <module>
    evi.valid_on_cv(
TypeError: BaseUncertainty.valid_on_cv() missing 1 required positional argument: 'use_force_uncertainty'
