Uncertainty Slope: 134.14114953929914, Uncertainty Bias: -81.36584554739818
No artists with labels found to put in legend.  Note that artists whose label start with an underscore are ignored when legend() is called with no argument.
No artists with labels found to put in legend.  Note that artists whose label start with an underscore are ignored when legend() is called with no argument.
0.0 3.501773e-07
Uncertainty Slope: -18.019735153834656, Uncertainty Bias: 13.281733260131789
No artists with labels found to put in legend.  Note that artists whose label start with an underscore are ignored when legend() is called with no argument.
No artists with labels found to put in legend.  Note that artists whose label start with an underscore are ignored when legend() is called with no argument.
2.3841858e-07 4.23193e-06
Uncertainty Slope: 16.505626052725074, Uncertainty Bias: -12.42137278782191
No artists with labels found to put in legend.  Note that artists whose label start with an underscore are ignored when legend() is called with no argument.
No artists with labels found to put in legend.  Note that artists whose label start with an underscore are ignored when legend() is called with no argument.
3.874302e-07 3.5226345e-05
Uncertainty Slope: 43.07461196375377, Uncertainty Bias: -29.89406531218804
No artists with labels found to put in legend.  Note that artists whose label start with an underscore are ignored when legend() is called with no argument.
No artists with labels found to put in legend.  Note that artists whose label start with an underscore are ignored when legend() is called with no argument.
4.7683716e-07 2.0876527e-05
Uncertainty Slope: 9.504513441150511, Uncertainty Bias: -8.205839330034527
No artists with labels found to put in legend.  Note that artists whose label start with an underscore are ignored when legend() is called with no argument.
No artists with labels found to put in legend.  Note that artists whose label start with an underscore are ignored when legend() is called with no argument.
4.7683716e-07 7.903576e-05
