/home/ws/fq0795/miniconda3/envs/torch/lib/python3.12/site-packages/torch/autograd/graph.py:744: UserWarning: Attempting to run cuBLAS, but there was no current CUDA context! Attempting to set the primary context... (Triggered internally at ../aten/src/ATen/cuda/CublasHandlePool.cpp:135.)
  return Variable._execution_engine.run_backward(  # Calls into the C++ engine to run the backward pass
Uncertainty Slope: 0.7887844443321228, Uncertainty Bias: -0.49602755904197693
3.8146973e-06 0.0032749176
3.4856882 11.875205
(48745, 22, 3)
Uncertainty Slope: 1.0708388090133667, Uncertainty Bias: -0.6696470975875854
0.0 5.9127808e-05
2.2343268 12.225233
(48745, 22, 3)
Uncertainty Slope: 0.9320835471153259, Uncertainty Bias: -0.6776906251907349
8.201599e-05 0.010727882
6.976429 15.929797
(48745, 22, 3)
Uncertainty Slope: 1.1591854095458984, Uncertainty Bias: -0.8878077268600464
3.0517578e-05 0.035743713
5.8356395 21.790665
(48745, 22, 3)
Uncertainty Slope: 0.8554898500442505, Uncertainty Bias: -0.6303272247314453
7.6293945e-06 0.039793015
1.2912616 7.8409247
(48745, 22, 3)
