wandb: Currently logged in as: l-baer-99 (l-baer-99-Karlsruhe Institute of Technology). Use `wandb login --relogin` to force relogin
wandb: wandb version 0.19.0 is available!  To upgrade, please run:
wandb:  $ pip install wandb --upgrade
wandb: Tracking run with wandb version 0.17.4
wandb: Run data is saved locally in /home/ws/fq0795/git/gnn_uncertainty/wandb/run-20241207_100150-dhsn7he6
wandb: Run `wandb offline` to turn off syncing.
wandb: Syncing run al_78
wandb: ⭐️ View project at https://wandb.ai/l-baer-99-Karlsruhe%20Institute%20of%20Technology/ActiveLearning
wandb: 🚀 View run at https://wandb.ai/l-baer-99-Karlsruhe%20Institute%20of%20Technology/ActiveLearning/runs/dhsn7he6
/home/ws/fq0795/miniconda3/envs/torch/lib/python3.12/site-packages/torch/autograd/graph.py:744: UserWarning: Attempting to run cuBLAS, but there was no current CUDA context! Attempting to set the primary context... (Triggered internally at ../aten/src/ATen/cuda/CublasHandlePool.cpp:135.)
  return Variable._execution_engine.run_backward(  # Calls into the C++ engine to run the backward pass
['H1', 'CH3', 'H2', 'H3', 'C', 'O', 'N', 'H', 'CA', 'HA', 'CB', 'HB1', 'HB2', 'HB3', 'C', 'O', 'N', 'H', 'C', 'H1', 'H2', 'H3']
77
Uncertainty Slope: 0.013845153152942657, Uncertainty Bias: 0.23590929806232452
0.0007619858 0.011657804
3.567415 3.7098005
(48745, 22, 3)

Training and Validation Results of Epoch Initital validation:
================================
Training Loss Energy: 0.0, Training Loss Force: 0.0, time: 0
Validation Loss Energy: 0.0, Validation Loss Force: 0.0, time: 0
Test Loss Energy: 9.371962061847533, Test Loss Force: 10.673030821961817, time: 7.114818334579468

wandb: - 0.039 MB of 0.039 MB uploadedwandb: \ 0.039 MB of 0.039 MB uploadedwandb: | 0.039 MB of 0.041 MB uploadedwandb: / 0.039 MB of 0.041 MB uploadedwandb: - 0.051 MB of 0.051 MB uploadedwandb:                                                                                
wandb: 
wandb: Run history:
wandb:       dataset_size ▁
wandb:    max_uncertainty ▁
wandb:  test_error_energy ▁
wandb:   test_error_force ▁
wandb:          test_loss ▁
wandb: train_error_energy ▁
wandb:  train_error_force ▁
wandb:         train_loss ▁
wandb: valid_error_energy ▁
wandb:  valid_error_force ▁
wandb:         valid_loss ▁
wandb: 
wandb: Run summary:
wandb:       dataset_size 800
wandb:    max_uncertainty 6
wandb:  test_error_energy 9.37196
wandb:   test_error_force 10.67303
wandb:          test_loss 4.19841
wandb: train_error_energy 0.0
wandb:  train_error_force 0.0
wandb:         train_loss 0.0
wandb: valid_error_energy 0.0
wandb:  valid_error_force 0.0
wandb:         valid_loss 0.0
wandb: 
wandb: 🚀 View run al_78 at: https://wandb.ai/l-baer-99-Karlsruhe%20Institute%20of%20Technology/ActiveLearning/runs/dhsn7he6
wandb: ⭐️ View project at: https://wandb.ai/l-baer-99-Karlsruhe%20Institute%20of%20Technology/ActiveLearning
wandb: Synced 6 W&B file(s), 0 media file(s), 0 artifact file(s) and 0 other file(s)
wandb: Find logs at: ./wandb/run-20241207_100150-dhsn7he6/logs
wandb: WARNING The new W&B backend becomes opt-out in version 0.18.0; try it out with `wandb.require("core")`! See https://wandb.me/wandb-core for more information.
Did not find any uncertainty samples for sample 0.
Did not find any uncertainty samples for sample 1.
Did not find any uncertainty samples for sample 2.
Did not find any uncertainty samples for sample 3.
Did not find any uncertainty samples for sample 4.
Did not find any uncertainty samples for sample 5.
Did not find any uncertainty samples for sample 6.
Did not find any uncertainty samples for sample 7.
Did not find any uncertainty samples for sample 8.
Did not find any uncertainty samples for sample 9.
Did not find any uncertainty samples for sample 10.
Did not find any uncertainty samples for sample 11.
Did not find any uncertainty samples for sample 12.
Did not find any uncertainty samples for sample 13.
Did not find any uncertainty samples for sample 14.
slurmstepd: error: *** JOB 5124881 ON aimat01 CANCELLED AT 2024-12-07T10:25:26 ***
