/home/ws/fq0795/git/gnn_uncertainty/active_learning.py:173: DeprecationWarning: Please use atoms.calc = calc
  self.atoms.set_calculator(self.calc)
['H1', 'CH3', 'H2', 'H3', 'C', 'O', 'N', 'H', 'CA', 'HA', 'CB', 'HB1', 'HB2', 'HB3', 'C', 'O', 'N', 'H', 'C', 'H1', 'H2', 'H3']
Uncertainty Slope: 0.08370599150657654, Uncertainty Bias: 0.13280510902404785

Training and Validation Results of Epoch Initital validation:
================================
Training Loss Energy: 0.0, Training Loss Force: 0.0, time: 0
Validation Loss Energy: 0.0, Validation Loss Force: 0.0, time: 0
Test Loss Energy: 10.150409963875134, Test Loss Force: 11.21966260001415, time: 6.0423736572265625

Found uncertainty sample after 0 steps.
Found uncertainty sample after 0 steps.
Found uncertainty sample after 0 steps.
Found uncertainty sample after 0 steps.
Found uncertainty sample after 0 steps.
Found uncertainty sample after 0 steps.
Found uncertainty sample after 0 steps.
Found uncertainty sample after 0 steps.
Found uncertainty sample after 0 steps.
Found uncertainty sample after 0 steps.
Training model 0. Added 20 samples to the dataset.

Training and Validation Results of Epoch 0:
================================
Training Loss Energy: 28.532097001857363, Training Loss Force: 56.65232209658589, time: 0.5264773368835449
Validation Loss Energy: 10.742387928779337, Validation Loss Force: 51.35671820952978, time: 0.029190778732299805
Test Loss Energy: 26.90974113777726, Test Loss Force: 52.40386581504252, time: 6.80262565612793


Training and Validation Results of Epoch 1:
================================
Training Loss Energy: 10.643480863417588, Training Loss Force: 44.35774790604454, time: 0.3981761932373047
Validation Loss Energy: 7.496886261781037, Validation Loss Force: 34.774311773669325, time: 0.030072927474975586
Test Loss Energy: 16.001808309913905, Test Loss Force: 39.247145240827884, time: 6.53600287437439


Training and Validation Results of Epoch 2:
================================
Training Loss Energy: 7.585313592202048, Training Loss Force: 27.14400181708044, time: 0.42481350898742676
Validation Loss Energy: 9.529857345454907, Validation Loss Force: 21.03198616540377, time: 0.03444552421569824
Test Loss Energy: 16.60805406964486, Test Loss Force: 26.455123133747087, time: 6.592207908630371


Training and Validation Results of Epoch 3:
================================
Training Loss Energy: 9.049523582719113, Training Loss Force: 19.06046813478605, time: 0.42396116256713867
Validation Loss Energy: 16.53279575014775, Validation Loss Force: 17.654793512120857, time: 0.028531312942504883
Test Loss Energy: 14.158861573815335, Test Loss Force: 23.771687508853017, time: 6.628991603851318


Training and Validation Results of Epoch 4:
================================
Training Loss Energy: 9.644059571578829, Training Loss Force: 17.21217702513473, time: 0.42854928970336914
Validation Loss Energy: 5.855823117720786, Validation Loss Force: 19.62302665898427, time: 0.02919745445251465
Test Loss Energy: 13.108648921679853, Test Loss Force: 25.04405679948563, time: 6.652033805847168


Training and Validation Results of Epoch 5:
================================
Training Loss Energy: 6.429477125561813, Training Loss Force: 13.504304760740919, time: 0.4109025001525879
Validation Loss Energy: 3.874818113985251, Validation Loss Force: 9.542448840318832, time: 0.03114175796508789
Test Loss Energy: 10.266401259822677, Test Loss Force: 15.85713166007641, time: 6.623715400695801


Training and Validation Results of Epoch 6:
================================
Training Loss Energy: 5.652092128245521, Training Loss Force: 8.89767780146122, time: 0.40818333625793457
Validation Loss Energy: 2.521358669519103, Validation Loss Force: 7.014125302584254, time: 0.030869483947753906
Test Loss Energy: 9.085617451351018, Test Loss Force: 14.056782855950628, time: 6.629565477371216


Training and Validation Results of Epoch 7:
================================
Training Loss Energy: 5.8028032132283585, Training Loss Force: 6.51662678042349, time: 0.4238922595977783
Validation Loss Energy: 4.0945262056104905, Validation Loss Force: 6.702229067176867, time: 0.03164172172546387
Test Loss Energy: 9.750010297391114, Test Loss Force: 12.917139653026522, time: 6.629401922225952


Training and Validation Results of Epoch 8:
================================
Training Loss Energy: 9.414078407672868, Training Loss Force: 7.921525914967, time: 0.4064638614654541
Validation Loss Energy: 12.932161734338973, Validation Loss Force: 9.08780654086981, time: 0.02989649772644043
Test Loss Energy: 14.891520408220464, Test Loss Force: 15.58273177567881, time: 6.632631778717041


Training and Validation Results of Epoch 9:
================================
Training Loss Energy: 7.0745220645973115, Training Loss Force: 7.401163639260391, time: 0.4358351230621338
Validation Loss Energy: 2.270641449962813, Validation Loss Force: 7.309795637327883, time: 0.029926061630249023
Test Loss Energy: 10.893177483203202, Test Loss Force: 13.318818475644827, time: 6.683251857757568


Training and Validation Results of Epoch 10:
================================
Training Loss Energy: 7.9708176014355745, Training Loss Force: 7.857986606169067, time: 0.4655470848083496
Validation Loss Energy: 8.772305737328143, Validation Loss Force: 7.770675790230927, time: 0.030274629592895508
Test Loss Energy: 10.991955572820396, Test Loss Force: 12.964865867606912, time: 7.123828172683716


Training and Validation Results of Epoch 11:
================================
Training Loss Energy: 7.220288926786186, Training Loss Force: 7.401989108041136, time: 0.42112064361572266
Validation Loss Energy: 4.749875793124444, Validation Loss Force: 7.082212183349469, time: 0.03153347969055176
Test Loss Energy: 11.928236527675217, Test Loss Force: 12.782031280587054, time: 6.705442667007446

slurmstepd: error: *** JOB 5122150 ON aimat01 CANCELLED AT 2024-11-20T18:58:50 ***
