/home/ws/fq0795/git/gnn_uncertainty/active_learning.py:173: DeprecationWarning: Please use atoms.calc = calc
  self.atoms.set_calculator(self.calc)
wandb: Currently logged in as: l-baer-99 (l-baer-99-Karlsruhe Institute of Technology). Use `wandb login --relogin` to force relogin
wandb: wandb version 0.18.7 is available!  To upgrade, please run:
wandb:  $ pip install wandb --upgrade
wandb: Tracking run with wandb version 0.17.4
wandb: Run data is saved locally in /home/ws/fq0795/git/gnn_uncertainty/wandb/run-20241120_180029-sr7d2trn
wandb: Run `wandb offline` to turn off syncing.
wandb: Syncing run solar-pyramid-47
wandb: ⭐️ View project at https://wandb.ai/l-baer-99-Karlsruhe%20Institute%20of%20Technology/ActiveLearning
wandb: 🚀 View run at https://wandb.ai/l-baer-99-Karlsruhe%20Institute%20of%20Technology/ActiveLearning/runs/sr7d2trn
['H1', 'CH3', 'H2', 'H3', 'C', 'O', 'N', 'H', 'CA', 'HA', 'CB', 'HB1', 'HB2', 'HB3', 'C', 'O', 'N', 'H', 'C', 'H1', 'H2', 'H3']
Traceback (most recent call last):
  File "/home/ws/fq0795/git/gnn_uncertainty/active_learning.py", line 396, in <module>
    al.improve_model(2, 100,run_idx=38, use_wandb=True, model_path=model_path)
  File "/home/ws/fq0795/git/gnn_uncertainty/active_learning.py", line 274, in improve_model
    trainset = MD17Dataset(f"{train_out_path}", subtract_self_energies=False, in_unit="kj/mol", scale=True, determine_norm=True, store_norm_path=f"{data_out_path}norms_dataset.csv")
               ^^^^^^^^^^^^^^^^^^^^^^^^^^^^^^^^^^^^^^^^^^^^^^^^^^^^^^^^^^^^^^^^^^^^^^^^^^^^^^^^^^^^^^^^^^^^^^^^^^^^^^^^^^^^^^^^^^^^^^^^^^^^^^^^^^^^^^^^^^^^^^^^^^^^^^^^^^^^^^^^^^^^^^
  File "/home/ws/fq0795/git/gnn_uncertainty/datasets/md17_dataset.py", line 114, in __init__
    writer.writerow(["mean_forces", self.mean_forces.item()])
                                    ^^^^^^^^^^^^^^^^^^^^^
AttributeError: 'int' object has no attribute 'item'
wandb: - 0.039 MB of 0.039 MB uploadedwandb: \ 0.039 MB of 0.047 MB uploadedwandb: | 0.050 MB of 0.050 MB uploadedwandb: 🚀 View run solar-pyramid-47 at: https://wandb.ai/l-baer-99-Karlsruhe%20Institute%20of%20Technology/ActiveLearning/runs/sr7d2trn
wandb: ⭐️ View project at: https://wandb.ai/l-baer-99-Karlsruhe%20Institute%20of%20Technology/ActiveLearning
wandb: Synced 6 W&B file(s), 0 media file(s), 0 artifact file(s) and 0 other file(s)
wandb: Find logs at: ./wandb/run-20241120_180029-sr7d2trn/logs
wandb: WARNING The new W&B backend becomes opt-out in version 0.18.0; try it out with `wandb.require("core")`! See https://wandb.me/wandb-core for more information.
