wandb: Currently logged in as: l-baer-99 (l-baer-99-Karlsruhe Institute of Technology). Use `wandb login --relogin` to force relogin
wandb: wandb version 0.18.6 is available!  To upgrade, please run:
wandb:  $ pip install wandb --upgrade
wandb: Tracking run with wandb version 0.17.4
wandb: Run data is saved locally in /home/ws/fq0795/git/gnn_uncertainty/wandb/run-20241113_113835-ffvkgdcv
wandb: Run `wandb offline` to turn off syncing.
wandb: Syncing run 20241113_113832_0
wandb: ⭐️ View project at https://wandb.ai/l-baer-99-Karlsruhe%20Institute%20of%20Technology/GNN-Uncertainty-Evidential
wandb: 🚀 View run at https://wandb.ai/l-baer-99-Karlsruhe%20Institute%20of%20Technology/GNN-Uncertainty-Evidential/runs/ffvkgdcv
Traceback (most recent call last):
  File "/home/ws/fq0795/git/gnn_uncertainty/evaluate_models.py", line 147, in <module>
    evi.fit(epochs=epochs, train_loader=trainloader, valid_loader=validloader, device=device, dtype=torch.float32, use_wandb=use_wandb, patience=patience, model_path=model_path, force_weight=force_weight, energy_weight=energy_weight)
  File "/home/ws/fq0795/git/gnn_uncertainty/uncertainty/evidential.py", line 108, in fit
    self.train_epoch(train_loader=train_loader, optimizer=optimizer, criterion=criterion, epoch=epoch, device=device, dtype=dtype, force_weight=force_weight, energy_weight=energy_weight, log_interval=log_interval)
  File "/home/ws/fq0795/git/gnn_uncertainty/uncertainty/evidential.py", line 163, in train_epoch
    self.train_losses_force.append(loss_force.item()*train_loader.dataset.std_force)
                                                     ^^^^^^^^^^^^^^^^^^^^^^^^^^^^^^
AttributeError: 'MD17Dataset' object has no attribute 'std_force'. Did you mean: 'std_forces'?
wandb: - 0.039 MB of 0.039 MB uploadedwandb: \ 0.039 MB of 0.039 MB uploadedwandb: | 0.039 MB of 0.039 MB uploadedwandb: / 0.044 MB of 0.053 MB uploadedwandb: - 0.056 MB of 0.056 MB uploadedwandb: 🚀 View run 20241113_113832_0 at: https://wandb.ai/l-baer-99-Karlsruhe%20Institute%20of%20Technology/GNN-Uncertainty-Evidential/runs/ffvkgdcv
wandb: ⭐️ View project at: https://wandb.ai/l-baer-99-Karlsruhe%20Institute%20of%20Technology/GNN-Uncertainty-Evidential
wandb: Synced 6 W&B file(s), 0 media file(s), 2 artifact file(s) and 0 other file(s)
wandb: Find logs at: ./wandb/run-20241113_113835-ffvkgdcv/logs
wandb: WARNING The new W&B backend becomes opt-out in version 0.18.0; try it out with `wandb.require("core")`! See https://wandb.me/wandb-core for more information.
