/home/ws/fq0795/git/gnn_uncertainty/active_learning.py:175: DeprecationWarning: Please use atoms.calc = calc
  self.atoms.set_calculator(self.calc)
wandb: Currently logged in as: l-baer-99 (l-baer-99-Karlsruhe Institute of Technology). Use `wandb login --relogin` to force relogin
wandb: wandb version 0.18.7 is available!  To upgrade, please run:
wandb:  $ pip install wandb --upgrade
wandb: Tracking run with wandb version 0.17.4
wandb: Run data is saved locally in /home/ws/fq0795/git/gnn_uncertainty/wandb/run-20241121_103223-fchhmgj0
wandb: Run `wandb offline` to turn off syncing.
wandb: Syncing run honest-plant-55
wandb: ⭐️ View project at https://wandb.ai/l-baer-99-Karlsruhe%20Institute%20of%20Technology/ActiveLearning
wandb: 🚀 View run at https://wandb.ai/l-baer-99-Karlsruhe%20Institute%20of%20Technology/ActiveLearning/runs/fchhmgj0
['H1', 'CH3', 'H2', 'H3', 'C', 'O', 'N', 'H', 'CA', 'HA', 'CB', 'HB1', 'HB2', 'HB3', 'C', 'O', 'N', 'H', 'C', 'H1', 'H2', 'H3']
Uncertainty Slope: 0.6569411158561707, Uncertainty Bias: 0.026700079441070557

Training and Validation Results of Epoch Initital validation:
================================
Training Loss Energy: 0.0, Training Loss Force: 0.0, time: 0
Validation Loss Energy: 0.0, Validation Loss Force: 0.0, time: 0
Test Loss Energy: 12.42631914328964, Test Loss Force: 10.720071514019354, time: 15.220008373260498

wandb: - 0.039 MB of 0.039 MB uploadedwandb: \ 0.039 MB of 0.047 MB uploadedwandb: | 0.039 MB of 0.047 MB uploadedwandb: / 0.050 MB of 0.050 MB uploadedwandb:                                                                                
wandb: 
wandb: Run history:
wandb:       dataset_size ▁
wandb:  test_error_energy ▁
wandb:   test_error_force ▁
wandb:   test_error_total ▁
wandb: train_error_energy ▁
wandb:  train_error_force ▁
wandb:  train_error_total ▁
wandb: valid_error_energy ▁
wandb:  valid_error_force ▁
wandb:  valid_error_total ▁
wandb: 
wandb: Run summary:
wandb:       dataset_size 800
wandb:  test_error_energy 12.42632
wandb:   test_error_force 10.72007
wandb:   test_error_total 6.04292
wandb: train_error_energy 0.0
wandb:  train_error_force 0.0
wandb:  train_error_total 0.0
wandb: valid_error_energy 0.0
wandb:  valid_error_force 0.0
wandb:  valid_error_total 0.0
wandb: 
wandb: 🚀 View run honest-plant-55 at: https://wandb.ai/l-baer-99-Karlsruhe%20Institute%20of%20Technology/ActiveLearning/runs/fchhmgj0
wandb: ⭐️ View project at: https://wandb.ai/l-baer-99-Karlsruhe%20Institute%20of%20Technology/ActiveLearning
wandb: Synced 6 W&B file(s), 0 media file(s), 0 artifact file(s) and 0 other file(s)
wandb: Find logs at: ./wandb/run-20241121_103223-fchhmgj0/logs
wandb: WARNING The new W&B backend becomes opt-out in version 0.18.0; try it out with `wandb.require("core")`! See https://wandb.me/wandb-core for more information.
Found uncertainty sample after 3218 steps.
Found uncertainty sample after 2051 steps.
Found uncertainty sample after 384 steps.
Found uncertainty sample after 2887 steps.
Found uncertainty sample after 191 steps.
Found uncertainty sample after 249 steps.
Found uncertainty sample after 28 steps.
Found uncertainty sample after 75 steps.
Found uncertainty sample after 2869 steps.
Found uncertainty sample after 2356 steps.
Found uncertainty sample after 1401 steps.
Found uncertainty sample after 16 steps.
Found uncertainty sample after 1702 steps.
Found uncertainty sample after 809 steps.
Found uncertainty sample after 2419 steps.
Found uncertainty sample after 597 steps.
Found uncertainty sample after 3096 steps.
Found uncertainty sample after 1475 steps.
Found uncertainty sample after 1773 steps.
Found uncertainty sample after 619 steps.
Found uncertainty sample after 1603 steps.
Found uncertainty sample after 626 steps.
Found uncertainty sample after 2023 steps.
Found uncertainty sample after 426 steps.
Found uncertainty sample after 395 steps.
Found uncertainty sample after 954 steps.
Found uncertainty sample after 1983 steps.
Found uncertainty sample after 328 steps.
Found uncertainty sample after 1368 steps.
Found uncertainty sample after 15 steps.
Found uncertainty sample after 617 steps.
Found uncertainty sample after 1003 steps.
Found uncertainty sample after 217 steps.
Found uncertainty sample after 653 steps.
