['H1', 'CH3', 'H2', 'H3', 'C', 'O', 'N', 'H', 'CA', 'HA', 'CB', 'HB1', 'HB2', 'HB3', 'C', 'O', 'N', 'H', 'C', 'H1', 'H2', 'H3']
59
Uncertainty Slope: 0.6640117168426514, Uncertainty Bias: 0.028638333082199097
(48745, 22, 3)
Uncertainty Slope: 0.6397636532783508, Uncertainty Bias: 0.036071330308914185
(48745, 22, 3)
Uncertainty Slope: 0.6701360940933228, Uncertainty Bias: 0.02861158549785614
(48745, 22, 3)
Uncertainty Slope: 0.7076305747032166, Uncertainty Bias: 0.022926509380340576
(48745, 22, 3)
Uncertainty Slope: 0.7070337533950806, Uncertainty Bias: 0.02446936070919037
(48745, 22, 3)
Uncertainty Slope: 0.7065251469612122, Uncertainty Bias: 0.02168048918247223
(48745, 22, 3)
Uncertainty Slope: 0.6889441013336182, Uncertainty Bias: 0.029829442501068115
/home/ws/fq0795/git/gnn_uncertainty/uncertainty/base_uncertainty.py:925: RuntimeWarning: More than 20 figures have been opened. Figures created through the pyplot interface (`matplotlib.pyplot.figure`) are retained until explicitly closed and may consume too much memory. (To control this warning, see the rcParam `figure.max_open_warning`). Consider using `matplotlib.pyplot.close()`.
  plt.figure(figsize=(10, 8))
(48745, 22, 3)
Uncertainty Slope: 0.7077805995941162, Uncertainty Bias: 0.021825045347213745
(48745, 22, 3)
Uncertainty Slope: 0.7100561261177063, Uncertainty Bias: 0.024951383471488953
(48745, 22, 3)
Uncertainty Slope: 0.7002778053283691, Uncertainty Bias: 0.026200607419013977
(48745, 22, 3)
Uncertainty Slope: 0.7082446813583374, Uncertainty Bias: 0.026176288723945618
(48745, 22, 3)
Uncertainty Slope: 0.716026246547699, Uncertainty Bias: 0.023482531309127808
(48745, 22, 3)
Uncertainty Slope: 0.7084096074104309, Uncertainty Bias: 0.02314847707748413
(48745, 22, 3)
Uncertainty Slope: 0.7073296904563904, Uncertainty Bias: 0.027799755334854126
(48745, 22, 3)
Uncertainty Slope: 0.7196205258369446, Uncertainty Bias: 0.022350966930389404
(48745, 22, 3)
Uncertainty Slope: 0.6996525526046753, Uncertainty Bias: 0.024595126509666443
(48745, 22, 3)
Uncertainty Slope: 0.6869385838508606, Uncertainty Bias: 0.032057084143161774
(48745, 22, 3)
Uncertainty Slope: 0.7410723567008972, Uncertainty Bias: 0.01839257776737213
(48745, 22, 3)
Uncertainty Slope: 0.691814124584198, Uncertainty Bias: 0.02867397665977478
(48745, 22, 3)
Uncertainty Slope: 0.7056114673614502, Uncertainty Bias: 0.026141613721847534
(48745, 22, 3)
Uncertainty Slope: 0.7121533155441284, Uncertainty Bias: 0.029259882867336273
(48745, 22, 3)
Uncertainty Slope: 0.7154366970062256, Uncertainty Bias: 0.02545105665922165
(48745, 22, 3)
Uncertainty Slope: 0.7273759841918945, Uncertainty Bias: 0.02144870162010193
(48745, 22, 3)
Uncertainty Slope: 0.7046865224838257, Uncertainty Bias: 0.029394127428531647
(48745, 22, 3)
Uncertainty Slope: 0.6946207880973816, Uncertainty Bias: 0.03173498064279556
(48745, 22, 3)
Uncertainty Slope: 0.7400506138801575, Uncertainty Bias: 0.019390225410461426
(48745, 22, 3)
Uncertainty Slope: 0.6728084683418274, Uncertainty Bias: 0.03753769397735596
(48745, 22, 3)
Uncertainty Slope: 0.7176869511604309, Uncertainty Bias: 0.021852418780326843
(48745, 22, 3)
Uncertainty Slope: 0.6712252497673035, Uncertainty Bias: 0.029710985720157623
(48745, 22, 3)
Uncertainty Slope: 0.6930720210075378, Uncertainty Bias: 0.02499943971633911
(48745, 22, 3)
Uncertainty Slope: 0.6808132529258728, Uncertainty Bias: 0.030462056398391724
(48745, 22, 3)
Uncertainty Slope: 0.688295304775238, Uncertainty Bias: 0.03256300091743469
(48745, 22, 3)
Uncertainty Slope: 0.6947144269943237, Uncertainty Bias: 0.02919042855501175
(48745, 22, 3)
Uncertainty Slope: 0.7280352711677551, Uncertainty Bias: 0.02494996041059494
(48745, 22, 3)
