Uncertainty Slope: 0.6297181248664856, Uncertainty Bias: 0.03318376839160919
0.0 1.7166138e-05
0.5066888 13.275635
(48745, 22, 3)
Uncertainty Slope: 0.6708146333694458, Uncertainty Bias: 0.02340264618396759
9.536743e-06 0.0005970001
0.35259435 11.287632
(48745, 22, 3)
Uncertainty Slope: 0.6457148790359497, Uncertainty Bias: 0.031090259552001953
1.5258789e-05 0.0001001358
0.4820967 10.81606
(48745, 22, 3)
Uncertainty Slope: 0.5968571901321411, Uncertainty Bias: 0.03915219008922577
0.0 0.00033187866
0.6016622 20.606653
(48745, 22, 3)
Uncertainty Slope: 0.6613998413085938, Uncertainty Bias: 0.028544828295707703
2.670288e-05 0.002285242
0.47467208 8.42613
(48745, 22, 3)
