
Warmup phase started

Training and Validation Results of Epoch Warmup-0:
================================
Training Loss Energy: 14.274902443839787, Training Loss Force: 63.06446250842476, time: 0.6003057956695557
Validation Loss Energy: 0.0, Validation Loss Force: 0.0, time: 0


Training and Validation Results of Epoch Warmup-1:
================================
Training Loss Energy: 13.130969095784184, Training Loss Force: 63.063918695962904, time: 0.359346866607666
Validation Loss Energy: 0.0, Validation Loss Force: 0.0, time: 0


Training and Validation Results of Epoch Warmup-2:
================================
Training Loss Energy: 12.813014376080513, Training Loss Force: 63.06367709654108, time: 0.3533501625061035
Validation Loss Energy: 0.0, Validation Loss Force: 0.0, time: 0


Training and Validation Results of Epoch Warmup-3:
================================
Training Loss Energy: 12.623833522819698, Training Loss Force: 63.06334987325812, time: 0.34865665435791016
Validation Loss Energy: 0.0, Validation Loss Force: 0.0, time: 0


Training and Validation Results of Epoch Warmup-4:
================================
Training Loss Energy: 12.489042818963144, Training Loss Force: 63.063107822559346, time: 0.3670194149017334
Validation Loss Energy: 0.0, Validation Loss Force: 0.0, time: 0


Training and Validation Results of Epoch Warmup-5:
================================
Training Loss Energy: 12.400794673157533, Training Loss Force: 63.06307984338919, time: 0.3736908435821533
Validation Loss Energy: 0.0, Validation Loss Force: 0.0, time: 0


Training and Validation Results of Epoch Warmup-6:
================================
Training Loss Energy: 12.335047542257307, Training Loss Force: 63.062855216051915, time: 0.3655691146850586
Validation Loss Energy: 0.0, Validation Loss Force: 0.0, time: 0


Training and Validation Results of Epoch Warmup-7:
================================
Training Loss Energy: 12.2947590469214, Training Loss Force: 63.06279455323433, time: 0.38140344619750977
Validation Loss Energy: 0.0, Validation Loss Force: 0.0, time: 0


Training and Validation Results of Epoch Warmup-8:
================================
Training Loss Energy: 12.254983147756866, Training Loss Force: 63.062729129954015, time: 0.3450753688812256
Validation Loss Energy: 0.0, Validation Loss Force: 0.0, time: 0


Training and Validation Results of Epoch Warmup-9:
================================
Training Loss Energy: 12.220867154350708, Training Loss Force: 63.06268787849158, time: 0.3729832172393799
Validation Loss Energy: 0.0, Validation Loss Force: 0.0, time: 0


Training and Validation Results of Epoch Warmup-10:
================================
Training Loss Energy: 12.19477375995959, Training Loss Force: 63.062694133319496, time: 0.3490309715270996
Validation Loss Energy: 0.0, Validation Loss Force: 0.0, time: 0


Training and Validation Results of Epoch Warmup-11:
================================
Training Loss Energy: 12.178171924583733, Training Loss Force: 63.06267063021199, time: 0.34032464027404785
Validation Loss Energy: 0.0, Validation Loss Force: 0.0, time: 0


Training and Validation Results of Epoch Warmup-12:
================================
Training Loss Energy: 12.16070466033402, Training Loss Force: 63.0627177877385, time: 0.36228513717651367
Validation Loss Energy: 0.0, Validation Loss Force: 0.0, time: 0


Training and Validation Results of Epoch Warmup-13:
================================
Training Loss Energy: 12.145401257485766, Training Loss Force: 63.06284025265872, time: 0.39527201652526855
Validation Loss Energy: 0.0, Validation Loss Force: 0.0, time: 0


Training and Validation Results of Epoch Warmup-14:
================================
Training Loss Energy: 12.133443553264728, Training Loss Force: 63.06276394003194, time: 0.3663060665130615
Validation Loss Energy: 0.0, Validation Loss Force: 0.0, time: 0


Training and Validation Results of Epoch Warmup-15:
================================
Training Loss Energy: 12.120896551068677, Training Loss Force: 63.06274761449491, time: 0.3479583263397217
Validation Loss Energy: 0.0, Validation Loss Force: 0.0, time: 0


Training and Validation Results of Epoch Warmup-16:
================================
Training Loss Energy: 12.109461249473375, Training Loss Force: 63.062698756082085, time: 0.3540523052215576
Validation Loss Energy: 0.0, Validation Loss Force: 0.0, time: 0


Training and Validation Results of Epoch Warmup-17:
================================
Training Loss Energy: 12.099560947623544, Training Loss Force: 63.0626544396622, time: 0.3513360023498535
Validation Loss Energy: 0.0, Validation Loss Force: 0.0, time: 0


Training and Validation Results of Epoch Warmup-18:
================================
Training Loss Energy: 12.091064096253456, Training Loss Force: 63.062633479244326, time: 0.3806581497192383
Validation Loss Energy: 0.0, Validation Loss Force: 0.0, time: 0


Training and Validation Results of Epoch Warmup-19:
================================
Training Loss Energy: 12.08219657801753, Training Loss Force: 63.06257551053399, time: 0.384488582611084
Validation Loss Energy: 0.0, Validation Loss Force: 0.0, time: 0


Training and Validation Results of Epoch Warmup-20:
================================
Training Loss Energy: 12.074797341668981, Training Loss Force: 63.06262219428498, time: 0.34102368354797363
Validation Loss Energy: 0.0, Validation Loss Force: 0.0, time: 0


Training and Validation Results of Epoch Warmup-21:
================================
Training Loss Energy: 12.06925845335698, Training Loss Force: 63.06258538637353, time: 0.34343838691711426
Validation Loss Energy: 0.0, Validation Loss Force: 0.0, time: 0


Training and Validation Results of Epoch Warmup-22:
================================
Training Loss Energy: 12.06348044285178, Training Loss Force: 63.06257788918685, time: 0.35721802711486816
Validation Loss Energy: 0.0, Validation Loss Force: 0.0, time: 0


Training and Validation Results of Epoch Warmup-23:
================================
Training Loss Energy: 12.057161290692935, Training Loss Force: 63.06250224453552, time: 0.34816551208496094
Validation Loss Energy: 0.0, Validation Loss Force: 0.0, time: 0


Training and Validation Results of Epoch Warmup-24:
================================
Training Loss Energy: 12.052654583445472, Training Loss Force: 63.06253486995804, time: 0.36927318572998047
Validation Loss Energy: 0.0, Validation Loss Force: 0.0, time: 0


Training and Validation Results of Epoch Warmup-25:
================================
Training Loss Energy: 12.04860653711849, Training Loss Force: 63.062482681588904, time: 0.3335728645324707
Validation Loss Energy: 0.0, Validation Loss Force: 0.0, time: 0


Training and Validation Results of Epoch Warmup-26:
================================
Training Loss Energy: 12.042860023177782, Training Loss Force: 63.06251241146186, time: 0.3551161289215088
Validation Loss Energy: 0.0, Validation Loss Force: 0.0, time: 0


Training and Validation Results of Epoch Warmup-27:
================================
Training Loss Energy: 12.037459770619062, Training Loss Force: 63.06247620449897, time: 0.3879573345184326
Validation Loss Energy: 0.0, Validation Loss Force: 0.0, time: 0


Training and Validation Results of Epoch Warmup-28:
================================
Training Loss Energy: 12.032159337868952, Training Loss Force: 63.06243626350639, time: 0.3579249382019043
Validation Loss Energy: 0.0, Validation Loss Force: 0.0, time: 0


Training and Validation Results of Epoch Warmup-29:
================================
Training Loss Energy: 12.027081731885124, Training Loss Force: 63.0623971516372, time: 0.3446009159088135
Validation Loss Energy: 0.0, Validation Loss Force: 0.0, time: 0


Training and Validation Results of Epoch Warmup-30:
================================
Training Loss Energy: 12.021905932443742, Training Loss Force: 63.062364295917874, time: 0.38023805618286133
Validation Loss Energy: 0.0, Validation Loss Force: 0.0, time: 0


Training and Validation Results of Epoch Warmup-31:
================================
Training Loss Energy: 12.01718765305811, Training Loss Force: 63.062357960610264, time: 0.3693387508392334
Validation Loss Energy: 0.0, Validation Loss Force: 0.0, time: 0


Training and Validation Results of Epoch Warmup-32:
================================
Training Loss Energy: 12.012574804109095, Training Loss Force: 63.06235929014986, time: 0.37286877632141113
Validation Loss Energy: 0.0, Validation Loss Force: 0.0, time: 0


Training and Validation Results of Epoch Warmup-33:
================================
Training Loss Energy: 12.008965661958646, Training Loss Force: 63.0623568865572, time: 0.4281904697418213
Validation Loss Energy: 0.0, Validation Loss Force: 0.0, time: 0


Training and Validation Results of Epoch Warmup-34:
================================
Training Loss Energy: 12.005039457122287, Training Loss Force: 63.06234563006172, time: 0.34834957122802734
Validation Loss Energy: 0.0, Validation Loss Force: 0.0, time: 0


Training and Validation Results of Epoch Warmup-35:
================================
Training Loss Energy: 12.00075529007605, Training Loss Force: 63.062325221260124, time: 0.3534669876098633
Validation Loss Energy: 0.0, Validation Loss Force: 0.0, time: 0


Training and Validation Results of Epoch Warmup-36:
================================
Training Loss Energy: 11.997592803908644, Training Loss Force: 63.06227978650969, time: 0.3637838363647461
Validation Loss Energy: 0.0, Validation Loss Force: 0.0, time: 0


Training and Validation Results of Epoch Warmup-37:
================================
Training Loss Energy: 11.996462197922641, Training Loss Force: 63.06229133132046, time: 0.39384007453918457
Validation Loss Energy: 0.0, Validation Loss Force: 0.0, time: 0


Training and Validation Results of Epoch Warmup-38:
================================
Training Loss Energy: 11.994544509074846, Training Loss Force: 63.062332042789116, time: 0.3828165531158447
Validation Loss Energy: 0.0, Validation Loss Force: 0.0, time: 0


Training and Validation Results of Epoch Warmup-39:
================================
Training Loss Energy: 11.992956592302791, Training Loss Force: 63.06233684441227, time: 0.34125828742980957
Validation Loss Energy: 0.0, Validation Loss Force: 0.0, time: 0


Training and Validation Results of Epoch Warmup-40:
================================
Training Loss Energy: 11.991333314202686, Training Loss Force: 63.062361529840096, time: 0.33352208137512207
Validation Loss Energy: 0.0, Validation Loss Force: 0.0, time: 0


Training and Validation Results of Epoch Warmup-41:
================================
Training Loss Energy: 11.989151309414812, Training Loss Force: 63.06232074129032, time: 0.34845709800720215
Validation Loss Energy: 0.0, Validation Loss Force: 0.0, time: 0


Training and Validation Results of Epoch Warmup-42:
================================
Training Loss Energy: 11.987094892073047, Training Loss Force: 63.06231796087517, time: 0.3850705623626709
Validation Loss Energy: 0.0, Validation Loss Force: 0.0, time: 0


Training and Validation Results of Epoch Warmup-43:
================================
Training Loss Energy: 11.984338571001308, Training Loss Force: 63.062281001158354, time: 0.4012336730957031
Validation Loss Energy: 0.0, Validation Loss Force: 0.0, time: 0


Training and Validation Results of Epoch Warmup-44:
================================
Training Loss Energy: 11.981847552945808, Training Loss Force: 63.06226300046263, time: 0.35990262031555176
Validation Loss Energy: 0.0, Validation Loss Force: 0.0, time: 0


Training and Validation Results of Epoch Warmup-45:
================================
Training Loss Energy: 11.978564348131417, Training Loss Force: 63.06222993298148, time: 0.36168837547302246
Validation Loss Energy: 0.0, Validation Loss Force: 0.0, time: 0


Training and Validation Results of Epoch Warmup-46:
================================
Training Loss Energy: 11.977055903529978, Training Loss Force: 63.06219489487237, time: 0.3803982734680176
Validation Loss Energy: 0.0, Validation Loss Force: 0.0, time: 0


Training and Validation Results of Epoch Warmup-47:
================================
Training Loss Energy: 11.975000320937246, Training Loss Force: 63.06215328276742, time: 0.35128211975097656
Validation Loss Energy: 0.0, Validation Loss Force: 0.0, time: 0


Training and Validation Results of Epoch Warmup-48:
================================
Training Loss Energy: 11.972991648538141, Training Loss Force: 63.06210719180818, time: 0.37955260276794434
Validation Loss Energy: 0.0, Validation Loss Force: 0.0, time: 0


Training and Validation Results of Epoch Warmup-49:
================================
Training Loss Energy: 11.97042350116705, Training Loss Force: 63.06203882634765, time: 0.35526132583618164
Validation Loss Energy: 0.0, Validation Loss Force: 0.0, time: 0


Training and Validation Results of Epoch Warmup-50:
================================
Training Loss Energy: 11.970491912822812, Training Loss Force: 63.06204031089509, time: 0.36863017082214355
Validation Loss Energy: 0.0, Validation Loss Force: 0.0, time: 0


Training and Validation Results of Epoch Warmup-51:
================================
Training Loss Energy: 11.96853845323115, Training Loss Force: 63.06207171446084, time: 0.36477017402648926
Validation Loss Energy: 0.0, Validation Loss Force: 0.0, time: 0


Training and Validation Results of Epoch Warmup-52:
================================
Training Loss Energy: 11.966069779247334, Training Loss Force: 63.062074539087, time: 0.3675203323364258
Validation Loss Energy: 0.0, Validation Loss Force: 0.0, time: 0


Training and Validation Results of Epoch Warmup-53:
================================
Training Loss Energy: 11.96358357470534, Training Loss Force: 63.06207085149267, time: 0.363783597946167
Validation Loss Energy: 0.0, Validation Loss Force: 0.0, time: 0


Training and Validation Results of Epoch Warmup-54:
================================
Training Loss Energy: 11.961185724830974, Training Loss Force: 63.062046776767694, time: 0.34963274002075195
Validation Loss Energy: 0.0, Validation Loss Force: 0.0, time: 0


Training and Validation Results of Epoch Warmup-55:
================================
Training Loss Energy: 11.959706071960447, Training Loss Force: 63.061996296923226, time: 0.33645105361938477
Validation Loss Energy: 0.0, Validation Loss Force: 0.0, time: 0


Training and Validation Results of Epoch Warmup-56:
================================
Training Loss Energy: 11.957574612227004, Training Loss Force: 63.06195021845837, time: 0.35141634941101074
Validation Loss Energy: 0.0, Validation Loss Force: 0.0, time: 0


Training and Validation Results of Epoch Warmup-57:
================================
Training Loss Energy: 11.95493797258565, Training Loss Force: 63.06191222532837, time: 0.37680840492248535
Validation Loss Energy: 0.0, Validation Loss Force: 0.0, time: 0


Training and Validation Results of Epoch Warmup-58:
================================
Training Loss Energy: 11.952847365180673, Training Loss Force: 63.06186009536679, time: 0.34853076934814453
Validation Loss Energy: 0.0, Validation Loss Force: 0.0, time: 0


Training and Validation Results of Epoch Warmup-59:
================================
Training Loss Energy: 11.95125467206392, Training Loss Force: 63.06178212767451, time: 0.384307861328125
Validation Loss Energy: 0.0, Validation Loss Force: 0.0, time: 0


Training and Validation Results of Epoch Warmup-60:
================================
Training Loss Energy: 11.948803206339491, Training Loss Force: 63.06173095676341, time: 0.3926992416381836
Validation Loss Energy: 0.0, Validation Loss Force: 0.0, time: 0


Training and Validation Results of Epoch Warmup-61:
================================
Training Loss Energy: 11.946768793444155, Training Loss Force: 63.06166529628919, time: 0.36305713653564453
Validation Loss Energy: 0.0, Validation Loss Force: 0.0, time: 0


Training and Validation Results of Epoch Warmup-62:
================================
Training Loss Energy: 11.94412880752187, Training Loss Force: 63.06160014137071, time: 0.41618776321411133
Validation Loss Energy: 0.0, Validation Loss Force: 0.0, time: 0


Training and Validation Results of Epoch Warmup-63:
================================
Training Loss Energy: 11.943007897089114, Training Loss Force: 63.06151339285165, time: 0.36388087272644043
Validation Loss Energy: 0.0, Validation Loss Force: 0.0, time: 0


Training and Validation Results of Epoch Warmup-64:
================================
Training Loss Energy: 11.941124198116132, Training Loss Force: 63.06144992682518, time: 0.3455798625946045
Validation Loss Energy: 0.0, Validation Loss Force: 0.0, time: 0


Training and Validation Results of Epoch Warmup-65:
================================
Training Loss Energy: 11.93887313337771, Training Loss Force: 63.06134425819582, time: 0.36801886558532715
Validation Loss Energy: 0.0, Validation Loss Force: 0.0, time: 0


Training and Validation Results of Epoch Warmup-66:
================================
Training Loss Energy: 11.937832547605199, Training Loss Force: 63.061293850919554, time: 0.3692460060119629
Validation Loss Energy: 0.0, Validation Loss Force: 0.0, time: 0


Training and Validation Results of Epoch Warmup-67:
================================
Training Loss Energy: 11.934946219611426, Training Loss Force: 63.061230578956746, time: 0.3742644786834717
Validation Loss Energy: 0.0, Validation Loss Force: 0.0, time: 0


Training and Validation Results of Epoch Warmup-68:
================================
Training Loss Energy: 11.93453330736351, Training Loss Force: 63.061108291896815, time: 0.3629763126373291
Validation Loss Energy: 0.0, Validation Loss Force: 0.0, time: 0


Training and Validation Results of Epoch Warmup-69:
================================
Training Loss Energy: 11.934572030354742, Training Loss Force: 63.06100043526287, time: 0.33474016189575195
Validation Loss Energy: 0.0, Validation Loss Force: 0.0, time: 0


Training and Validation Results of Epoch Warmup-70:
================================
Training Loss Energy: 11.932053614926255, Training Loss Force: 63.060792814017205, time: 0.36947083473205566
Validation Loss Energy: 0.0, Validation Loss Force: 0.0, time: 0


Training and Validation Results of Epoch Warmup-71:
================================
Training Loss Energy: 11.932444413820203, Training Loss Force: 63.060430851720994, time: 0.3564138412475586
Validation Loss Energy: 0.0, Validation Loss Force: 0.0, time: 0


Training and Validation Results of Epoch Warmup-72:
================================
Training Loss Energy: 11.929815718423127, Training Loss Force: 63.0600458223133, time: 0.3572399616241455
Validation Loss Energy: 0.0, Validation Loss Force: 0.0, time: 0


Training and Validation Results of Epoch Warmup-73:
================================
Training Loss Energy: 11.929988816372969, Training Loss Force: 63.05973723831818, time: 0.3637735843658447
Validation Loss Energy: 0.0, Validation Loss Force: 0.0, time: 0


Training and Validation Results of Epoch Warmup-74:
================================
Training Loss Energy: 11.928905080878732, Training Loss Force: 63.05941074906957, time: 0.3587460517883301
Validation Loss Energy: 0.0, Validation Loss Force: 0.0, time: 0


Training and Validation Results of Epoch Warmup-75:
================================
Training Loss Energy: 11.925986989788822, Training Loss Force: 63.05887702626, time: 0.3468446731567383
Validation Loss Energy: 0.0, Validation Loss Force: 0.0, time: 0


Training and Validation Results of Epoch Warmup-76:
================================
Training Loss Energy: 11.92480954705231, Training Loss Force: 63.058321269042914, time: 0.36733412742614746
Validation Loss Energy: 0.0, Validation Loss Force: 0.0, time: 0


Training and Validation Results of Epoch Warmup-77:
================================
Training Loss Energy: 11.922575556798838, Training Loss Force: 63.0579538014383, time: 0.3608989715576172
Validation Loss Energy: 0.0, Validation Loss Force: 0.0, time: 0


Training and Validation Results of Epoch Warmup-78:
================================
Training Loss Energy: 11.921366280056095, Training Loss Force: 63.05756659033032, time: 0.3532555103302002
Validation Loss Energy: 0.0, Validation Loss Force: 0.0, time: 0


Training and Validation Results of Epoch Warmup-79:
================================
Training Loss Energy: 11.91845969812549, Training Loss Force: 63.05699131469603, time: 0.35709524154663086
Validation Loss Energy: 0.0, Validation Loss Force: 0.0, time: 0


Training and Validation Results of Epoch Warmup-80:
================================
Training Loss Energy: 11.915293819234925, Training Loss Force: 63.05643149254702, time: 0.3708004951477051
Validation Loss Energy: 0.0, Validation Loss Force: 0.0, time: 0


Training and Validation Results of Epoch Warmup-81:
================================
Training Loss Energy: 11.913176882872941, Training Loss Force: 63.05596471921413, time: 0.35332775115966797
Validation Loss Energy: 0.0, Validation Loss Force: 0.0, time: 0


Training and Validation Results of Epoch Warmup-82:
================================
Training Loss Energy: 11.911704519121425, Training Loss Force: 63.055440552406324, time: 0.3772737979888916
Validation Loss Energy: 0.0, Validation Loss Force: 0.0, time: 0


Training and Validation Results of Epoch Warmup-83:
================================
Training Loss Energy: 11.909227185839661, Training Loss Force: 63.05504945510184, time: 0.3424351215362549
Validation Loss Energy: 0.0, Validation Loss Force: 0.0, time: 0


Training and Validation Results of Epoch Warmup-84:
================================
Training Loss Energy: 11.907977005069897, Training Loss Force: 63.05461969734742, time: 0.34990692138671875
Validation Loss Energy: 0.0, Validation Loss Force: 0.0, time: 0


Training and Validation Results of Epoch Warmup-85:
================================
Training Loss Energy: 11.90515855604621, Training Loss Force: 63.05421057238512, time: 0.342832088470459
Validation Loss Energy: 0.0, Validation Loss Force: 0.0, time: 0


Training and Validation Results of Epoch Warmup-86:
================================
Training Loss Energy: 11.903353695202764, Training Loss Force: 63.053796926073396, time: 0.37768983840942383
Validation Loss Energy: 0.0, Validation Loss Force: 0.0, time: 0


Training and Validation Results of Epoch Warmup-87:
================================
Training Loss Energy: 11.900413393164678, Training Loss Force: 63.05331612135778, time: 0.38933801651000977
Validation Loss Energy: 0.0, Validation Loss Force: 0.0, time: 0


Training and Validation Results of Epoch Warmup-88:
================================
Training Loss Energy: 11.897555622660398, Training Loss Force: 63.05276517641066, time: 0.3456759452819824
Validation Loss Energy: 0.0, Validation Loss Force: 0.0, time: 0


Training and Validation Results of Epoch Warmup-89:
================================
Training Loss Energy: 11.894015992757485, Training Loss Force: 63.05223161765827, time: 0.3422389030456543
Validation Loss Energy: 0.0, Validation Loss Force: 0.0, time: 0


Training and Validation Results of Epoch Warmup-90:
================================
Training Loss Energy: 11.891478687120184, Training Loss Force: 63.05174393426856, time: 0.3402388095855713
Validation Loss Energy: 0.0, Validation Loss Force: 0.0, time: 0


Training and Validation Results of Epoch Warmup-91:
================================
Training Loss Energy: 11.888042201492608, Training Loss Force: 63.05116582035636, time: 0.36040639877319336
Validation Loss Energy: 0.0, Validation Loss Force: 0.0, time: 0


Training and Validation Results of Epoch Warmup-92:
================================
Training Loss Energy: 11.885942673592737, Training Loss Force: 63.050859167366866, time: 0.34857988357543945
Validation Loss Energy: 0.0, Validation Loss Force: 0.0, time: 0


Training and Validation Results of Epoch Warmup-93:
================================
Training Loss Energy: 11.883386601952534, Training Loss Force: 63.0503777317033, time: 0.34787702560424805
Validation Loss Energy: 0.0, Validation Loss Force: 0.0, time: 0


Training and Validation Results of Epoch Warmup-94:
================================
Training Loss Energy: 11.881336827857128, Training Loss Force: 63.049885598283765, time: 0.35090112686157227
Validation Loss Energy: 0.0, Validation Loss Force: 0.0, time: 0


Training and Validation Results of Epoch Warmup-95:
================================
Training Loss Energy: 11.87849656136359, Training Loss Force: 63.04935302321147, time: 0.38213038444519043
Validation Loss Energy: 0.0, Validation Loss Force: 0.0, time: 0


Training and Validation Results of Epoch Warmup-96:
================================
Training Loss Energy: 11.875589284299348, Training Loss Force: 63.04881493627984, time: 0.3379547595977783
Validation Loss Energy: 0.0, Validation Loss Force: 0.0, time: 0


Training and Validation Results of Epoch Warmup-97:
================================
Training Loss Energy: 11.873305925768687, Training Loss Force: 63.04837202124998, time: 0.35716724395751953
Validation Loss Energy: 0.0, Validation Loss Force: 0.0, time: 0


Training and Validation Results of Epoch Warmup-98:
================================
Training Loss Energy: 11.871600521246323, Training Loss Force: 63.048021054407606, time: 0.3959939479827881
Validation Loss Energy: 0.0, Validation Loss Force: 0.0, time: 0


Training and Validation Results of Epoch Warmup-99:
================================
Training Loss Energy: 11.869696202385827, Training Loss Force: 63.047483808363474, time: 0.368511438369751
Validation Loss Energy: 0.0, Validation Loss Force: 0.0, time: 0


Training and Validation Results of Epoch Warmup-100:
================================
Training Loss Energy: 11.867873279780133, Training Loss Force: 63.04705393167855, time: 0.3550419807434082
Validation Loss Energy: 0.0, Validation Loss Force: 0.0, time: 0


Training and Validation Results of Epoch Warmup-101:
================================
Training Loss Energy: 11.865373007397746, Training Loss Force: 63.046526018916516, time: 0.3483891487121582
Validation Loss Energy: 0.0, Validation Loss Force: 0.0, time: 0


Training and Validation Results of Epoch Warmup-102:
================================
Training Loss Energy: 11.863106089509493, Training Loss Force: 63.04601800872603, time: 0.3578011989593506
Validation Loss Energy: 0.0, Validation Loss Force: 0.0, time: 0


Training and Validation Results of Epoch Warmup-103:
================================
Training Loss Energy: 11.860870069236173, Training Loss Force: 63.045480405468375, time: 0.36681485176086426
Validation Loss Energy: 0.0, Validation Loss Force: 0.0, time: 0


Training and Validation Results of Epoch Warmup-104:
================================
Training Loss Energy: 11.858540883846505, Training Loss Force: 63.044946478738105, time: 0.35232090950012207
Validation Loss Energy: 0.0, Validation Loss Force: 0.0, time: 0


Training and Validation Results of Epoch Warmup-105:
================================
Training Loss Energy: 11.856211376965542, Training Loss Force: 63.044410074593145, time: 0.3616783618927002
Validation Loss Energy: 0.0, Validation Loss Force: 0.0, time: 0


Training and Validation Results of Epoch Warmup-106:
================================
Training Loss Energy: 11.854105805064341, Training Loss Force: 63.043879056510356, time: 0.38361477851867676
Validation Loss Energy: 0.0, Validation Loss Force: 0.0, time: 0


Training and Validation Results of Epoch Warmup-107:
================================
Training Loss Energy: 11.852029319244762, Training Loss Force: 63.04340541451704, time: 0.3492410182952881
Validation Loss Energy: 0.0, Validation Loss Force: 0.0, time: 0


Training and Validation Results of Epoch Warmup-108:
================================
Training Loss Energy: 11.850051997343304, Training Loss Force: 63.04285610601101, time: 0.3842275142669678
Validation Loss Energy: 0.0, Validation Loss Force: 0.0, time: 0


Training and Validation Results of Epoch Warmup-109:
================================
Training Loss Energy: 11.847905350046677, Training Loss Force: 63.04237939539704, time: 0.3669006824493408
Validation Loss Energy: 0.0, Validation Loss Force: 0.0, time: 0


Training and Validation Results of Epoch Warmup-110:
================================
Training Loss Energy: 11.846632965265766, Training Loss Force: 63.04193480475731, time: 0.40184497833251953
Validation Loss Energy: 0.0, Validation Loss Force: 0.0, time: 0


Training and Validation Results of Epoch Warmup-111:
================================
Training Loss Energy: 11.8448064415207, Training Loss Force: 63.04162044080373, time: 0.40218544006347656
Validation Loss Energy: 0.0, Validation Loss Force: 0.0, time: 0


Training and Validation Results of Epoch Warmup-112:
================================
Training Loss Energy: 11.842766956960942, Training Loss Force: 63.04111722642111, time: 0.36800622940063477
Validation Loss Energy: 0.0, Validation Loss Force: 0.0, time: 0


Training and Validation Results of Epoch Warmup-113:
================================
Training Loss Energy: 11.840704253685212, Training Loss Force: 63.04067106573973, time: 0.3531379699707031
Validation Loss Energy: 0.0, Validation Loss Force: 0.0, time: 0


Training and Validation Results of Epoch Warmup-114:
================================
Training Loss Energy: 11.838703891986658, Training Loss Force: 63.04016682048759, time: 0.36377596855163574
Validation Loss Energy: 0.0, Validation Loss Force: 0.0, time: 0


Training and Validation Results of Epoch Warmup-115:
================================
Training Loss Energy: 11.836636473679306, Training Loss Force: 63.039669726095966, time: 0.3662540912628174
Validation Loss Energy: 0.0, Validation Loss Force: 0.0, time: 0


Training and Validation Results of Epoch Warmup-116:
================================
Training Loss Energy: 11.834836563224243, Training Loss Force: 63.03916424483138, time: 0.34583115577697754
Validation Loss Energy: 0.0, Validation Loss Force: 0.0, time: 0


Training and Validation Results of Epoch Warmup-117:
================================
Training Loss Energy: 11.832898485812041, Training Loss Force: 63.038638928375825, time: 0.3489367961883545
Validation Loss Energy: 0.0, Validation Loss Force: 0.0, time: 0


Training and Validation Results of Epoch Warmup-118:
================================
Training Loss Energy: 11.830932197658665, Training Loss Force: 63.03808756570326, time: 0.3404576778411865
Validation Loss Energy: 0.0, Validation Loss Force: 0.0, time: 0


Training and Validation Results of Epoch Warmup-119:
================================
Training Loss Energy: 11.830991557044843, Training Loss Force: 63.037654197653524, time: 0.3380856513977051
Validation Loss Energy: 0.0, Validation Loss Force: 0.0, time: 0


Training and Validation Results of Epoch Warmup-120:
================================
Training Loss Energy: 11.830075646139226, Training Loss Force: 63.037221131104076, time: 0.38271117210388184
Validation Loss Energy: 0.0, Validation Loss Force: 0.0, time: 0


Training and Validation Results of Epoch Warmup-121:
================================
Training Loss Energy: 11.828787685673094, Training Loss Force: 63.03679127656111, time: 0.3427393436431885
Validation Loss Energy: 0.0, Validation Loss Force: 0.0, time: 0


Training and Validation Results of Epoch Warmup-122:
================================
Training Loss Energy: 11.826982969154232, Training Loss Force: 63.03625330172481, time: 0.34876155853271484
Validation Loss Energy: 0.0, Validation Loss Force: 0.0, time: 0


Training and Validation Results of Epoch Warmup-123:
================================
Training Loss Energy: 11.825496001890745, Training Loss Force: 63.03578991638491, time: 0.38007235527038574
Validation Loss Energy: 0.0, Validation Loss Force: 0.0, time: 0


Training and Validation Results of Epoch Warmup-124:
================================
Training Loss Energy: 11.823972498832356, Training Loss Force: 63.035332609050684, time: 0.36930179595947266
Validation Loss Energy: 0.0, Validation Loss Force: 0.0, time: 0


Training and Validation Results of Epoch Warmup-125:
================================
Training Loss Energy: 11.822052074207324, Training Loss Force: 63.03486307987637, time: 0.3600282669067383
Validation Loss Energy: 0.0, Validation Loss Force: 0.0, time: 0


Training and Validation Results of Epoch Warmup-126:
================================
Training Loss Energy: 11.820449554887611, Training Loss Force: 63.034315612563795, time: 0.3698461055755615
Validation Loss Energy: 0.0, Validation Loss Force: 0.0, time: 0


Training and Validation Results of Epoch Warmup-127:
================================
Training Loss Energy: 11.818368196861057, Training Loss Force: 63.033776739508504, time: 0.3431813716888428
Validation Loss Energy: 0.0, Validation Loss Force: 0.0, time: 0


Training and Validation Results of Epoch Warmup-128:
================================
Training Loss Energy: 11.816602698498782, Training Loss Force: 63.03325671146787, time: 0.35615086555480957
Validation Loss Energy: 0.0, Validation Loss Force: 0.0, time: 0


Training and Validation Results of Epoch Warmup-129:
================================
Training Loss Energy: 11.814627977308488, Training Loss Force: 63.032670211105426, time: 0.32967233657836914
Validation Loss Energy: 0.0, Validation Loss Force: 0.0, time: 0


Training and Validation Results of Epoch Warmup-130:
================================
Training Loss Energy: 11.81304253875264, Training Loss Force: 63.032122137011626, time: 0.3753190040588379
Validation Loss Energy: 0.0, Validation Loss Force: 0.0, time: 0


Training and Validation Results of Epoch Warmup-131:
================================
Training Loss Energy: 11.811070944994148, Training Loss Force: 63.0314257610179, time: 0.38364577293395996
Validation Loss Energy: 0.0, Validation Loss Force: 0.0, time: 0


Training and Validation Results of Epoch Warmup-132:
================================
Training Loss Energy: 11.81017461444597, Training Loss Force: 63.03091018986848, time: 0.3409078121185303
Validation Loss Energy: 0.0, Validation Loss Force: 0.0, time: 0


Training and Validation Results of Epoch Warmup-133:
================================
Training Loss Energy: 11.808722377969357, Training Loss Force: 63.03046579816012, time: 0.37287235260009766
Validation Loss Energy: 0.0, Validation Loss Force: 0.0, time: 0


Training and Validation Results of Epoch Warmup-134:
================================
Training Loss Energy: 11.808624638454843, Training Loss Force: 63.02994731121667, time: 0.36958932876586914
Validation Loss Energy: 0.0, Validation Loss Force: 0.0, time: 0


Training and Validation Results of Epoch Warmup-135:
================================
Training Loss Energy: 11.806351054382672, Training Loss Force: 63.02927339420088, time: 0.39536333084106445
Validation Loss Energy: 0.0, Validation Loss Force: 0.0, time: 0


Training and Validation Results of Epoch Warmup-136:
================================
Training Loss Energy: 11.804169409150516, Training Loss Force: 63.028240478409195, time: 0.34659695625305176
Validation Loss Energy: 0.0, Validation Loss Force: 0.0, time: 0


Training and Validation Results of Epoch Warmup-137:
================================
Training Loss Energy: 11.802129144753696, Training Loss Force: 63.02748852970282, time: 0.39928507804870605
Validation Loss Energy: 0.0, Validation Loss Force: 0.0, time: 0


Training and Validation Results of Epoch Warmup-138:
================================
Training Loss Energy: 11.80155821747418, Training Loss Force: 63.02656234849267, time: 0.34894609451293945
Validation Loss Energy: 0.0, Validation Loss Force: 0.0, time: 0


Training and Validation Results of Epoch Warmup-139:
================================
Training Loss Energy: 11.799439005287189, Training Loss Force: 63.025621979805955, time: 0.3326301574707031
Validation Loss Energy: 0.0, Validation Loss Force: 0.0, time: 0


Training and Validation Results of Epoch Warmup-140:
================================
Training Loss Energy: 11.796407464558875, Training Loss Force: 63.02449002649223, time: 0.3682897090911865
Validation Loss Energy: 0.0, Validation Loss Force: 0.0, time: 0


Training and Validation Results of Epoch Warmup-141:
================================
Training Loss Energy: 11.795524372695445, Training Loss Force: 63.02342252728293, time: 0.3794081211090088
Validation Loss Energy: 0.0, Validation Loss Force: 0.0, time: 0


Training and Validation Results of Epoch Warmup-142:
================================
Training Loss Energy: 11.795028590084911, Training Loss Force: 63.02326248392761, time: 0.3791179656982422
Validation Loss Energy: 0.0, Validation Loss Force: 0.0, time: 0


Training and Validation Results of Epoch Warmup-143:
================================
Training Loss Energy: 11.79440485060728, Training Loss Force: 63.022997912649394, time: 0.33339381217956543
Validation Loss Energy: 0.0, Validation Loss Force: 0.0, time: 0


Training and Validation Results of Epoch Warmup-144:
================================
Training Loss Energy: 11.793344502378257, Training Loss Force: 63.022621517461374, time: 0.39037203788757324
Validation Loss Energy: 0.0, Validation Loss Force: 0.0, time: 0


Training and Validation Results of Epoch Warmup-145:
================================
Training Loss Energy: 11.792705700600266, Training Loss Force: 63.022275209551815, time: 0.3874812126159668
Validation Loss Energy: 0.0, Validation Loss Force: 0.0, time: 0


Training and Validation Results of Epoch Warmup-146:
================================
Training Loss Energy: 11.790939401185394, Training Loss Force: 63.02178673842462, time: 0.35398364067077637
Validation Loss Energy: 0.0, Validation Loss Force: 0.0, time: 0


Training and Validation Results of Epoch Warmup-147:
================================
Training Loss Energy: 11.790218538820046, Training Loss Force: 63.021405205802125, time: 0.3679945468902588
Validation Loss Energy: 0.0, Validation Loss Force: 0.0, time: 0


Training and Validation Results of Epoch Warmup-148:
================================
Training Loss Energy: 11.788749960872705, Training Loss Force: 63.02098009668376, time: 0.3581562042236328
Validation Loss Energy: 0.0, Validation Loss Force: 0.0, time: 0


Training and Validation Results of Epoch Warmup-149:
================================
Training Loss Energy: 11.786667332903761, Training Loss Force: 63.02033422297048, time: 0.35451555252075195
Validation Loss Energy: 0.0, Validation Loss Force: 0.0, time: 0


Training and Validation Results of Epoch Warmup-150:
================================
Training Loss Energy: 11.784019316705244, Training Loss Force: 63.01976680665793, time: 0.34785962104797363
Validation Loss Energy: 0.0, Validation Loss Force: 0.0, time: 0


Training and Validation Results of Epoch Warmup-151:
================================
Training Loss Energy: 11.781758421041209, Training Loss Force: 63.01926650366001, time: 0.3758053779602051
Validation Loss Energy: 0.0, Validation Loss Force: 0.0, time: 0


Training and Validation Results of Epoch Warmup-152:
================================
Training Loss Energy: 11.780872887992574, Training Loss Force: 63.01893976612907, time: 0.3564591407775879
Validation Loss Energy: 0.0, Validation Loss Force: 0.0, time: 0


Training and Validation Results of Epoch Warmup-153:
================================
Training Loss Energy: 11.77940643779399, Training Loss Force: 63.018372708837475, time: 0.3641214370727539
Validation Loss Energy: 0.0, Validation Loss Force: 0.0, time: 0


Training and Validation Results of Epoch Warmup-154:
================================
Training Loss Energy: 11.77722668542553, Training Loss Force: 63.01779200771133, time: 0.36042213439941406
Validation Loss Energy: 0.0, Validation Loss Force: 0.0, time: 0


Training and Validation Results of Epoch Warmup-155:
================================
Training Loss Energy: 11.776273850398967, Training Loss Force: 63.01740843029392, time: 0.3649404048919678
Validation Loss Energy: 0.0, Validation Loss Force: 0.0, time: 0


Training and Validation Results of Epoch Warmup-156:
================================
Training Loss Energy: 11.774548278720182, Training Loss Force: 63.01674340603814, time: 0.3466451168060303
Validation Loss Energy: 0.0, Validation Loss Force: 0.0, time: 0


Training and Validation Results of Epoch Warmup-157:
================================
Training Loss Energy: 11.771763062584442, Training Loss Force: 63.015965716285585, time: 0.4182426929473877
Validation Loss Energy: 0.0, Validation Loss Force: 0.0, time: 0


Training and Validation Results of Epoch Warmup-158:
================================
Training Loss Energy: 11.772025931474642, Training Loss Force: 63.01544299154299, time: 0.3562657833099365
Validation Loss Energy: 0.0, Validation Loss Force: 0.0, time: 0


Training and Validation Results of Epoch Warmup-159:
================================
Training Loss Energy: 11.770379664296197, Training Loss Force: 63.014574596429256, time: 0.34427547454833984
Validation Loss Energy: 0.0, Validation Loss Force: 0.0, time: 0


Training and Validation Results of Epoch Warmup-160:
================================
Training Loss Energy: 11.768102669182333, Training Loss Force: 63.01355751207678, time: 0.3911616802215576
Validation Loss Energy: 0.0, Validation Loss Force: 0.0, time: 0


Training and Validation Results of Epoch Warmup-161:
================================
Training Loss Energy: 11.766084062372169, Training Loss Force: 63.012453191419866, time: 0.3548164367675781
Validation Loss Energy: 0.0, Validation Loss Force: 0.0, time: 0


Training and Validation Results of Epoch Warmup-162:
================================
Training Loss Energy: 11.764489470068305, Training Loss Force: 63.01139340712987, time: 0.3682987689971924
Validation Loss Energy: 0.0, Validation Loss Force: 0.0, time: 0


Training and Validation Results of Epoch Warmup-163:
================================
Training Loss Energy: 11.763028024728317, Training Loss Force: 63.01027720100882, time: 0.3546748161315918
Validation Loss Energy: 0.0, Validation Loss Force: 0.0, time: 0


Training and Validation Results of Epoch Warmup-164:
================================
Training Loss Energy: 11.761248059522332, Training Loss Force: 63.00945460310495, time: 0.37255287170410156
Validation Loss Energy: 0.0, Validation Loss Force: 0.0, time: 0


Training and Validation Results of Epoch Warmup-165:
================================
Training Loss Energy: 11.7602581545899, Training Loss Force: 63.00834944048815, time: 0.3655250072479248
Validation Loss Energy: 0.0, Validation Loss Force: 0.0, time: 0


Training and Validation Results of Epoch Warmup-166:
================================
Training Loss Energy: 11.758059880837166, Training Loss Force: 63.006881162892235, time: 0.34771060943603516
Validation Loss Energy: 0.0, Validation Loss Force: 0.0, time: 0


Training and Validation Results of Epoch Warmup-167:
================================
Training Loss Energy: 11.75541858132374, Training Loss Force: 63.005215920026366, time: 0.3781764507293701
Validation Loss Energy: 0.0, Validation Loss Force: 0.0, time: 0


Training and Validation Results of Epoch Warmup-168:
================================
Training Loss Energy: 11.753254004309179, Training Loss Force: 63.00310556864931, time: 0.3538076877593994
Validation Loss Energy: 0.0, Validation Loss Force: 0.0, time: 0


Training and Validation Results of Epoch Warmup-169:
================================
Training Loss Energy: 11.750215225596001, Training Loss Force: 63.00090126325683, time: 0.37187957763671875
Validation Loss Energy: 0.0, Validation Loss Force: 0.0, time: 0


Training and Validation Results of Epoch Warmup-170:
================================
Training Loss Energy: 11.747992840390816, Training Loss Force: 62.99853956827993, time: 0.3499932289123535
Validation Loss Energy: 0.0, Validation Loss Force: 0.0, time: 0


Training and Validation Results of Epoch Warmup-171:
================================
Training Loss Energy: 11.746056438903473, Training Loss Force: 62.99553264666535, time: 0.3566761016845703
Validation Loss Energy: 0.0, Validation Loss Force: 0.0, time: 0


Training and Validation Results of Epoch Warmup-172:
================================
Training Loss Energy: 11.74403941935911, Training Loss Force: 62.99276774723914, time: 0.34526729583740234
Validation Loss Energy: 0.0, Validation Loss Force: 0.0, time: 0


Training and Validation Results of Epoch Warmup-173:
================================
Training Loss Energy: 11.74172076570027, Training Loss Force: 62.98991455256392, time: 0.3605537414550781
Validation Loss Energy: 0.0, Validation Loss Force: 0.0, time: 0

slurmstepd: error: *** JOB 5120598 ON aimat01 CANCELLED AT 2024-11-15T10:50:29 ***

Training and Validation Results of Epoch Warmup-174:
================================
Training Loss Energy: 11.739834857497648, Training Loss Force: 62.98617758726922, time: 0.4895172119140625
Validation Loss Energy: 0.0, Validation Loss Force: 0.0, time: 0


Training and Validation Results of Epoch Warmup-175:
================================
Training Loss Energy: 11.73840936011647, Training Loss Force: 62.98323362149548, time: 0.4737246036529541
Validation Loss Energy: 0.0, Validation Loss Force: 0.0, time: 0

