Uncertainty Slope: 0.04418633133172989, Uncertainty Bias: 0.25516295433044434
1.5258789e-05 0.00042581558
3.862816 5.953022
(48745, 22, 3)
Uncertainty Slope: 0.44679707288742065, Uncertainty Bias: 0.18852975964546204
/home/ws/fq0795/miniconda3/envs/torch/lib/python3.12/site-packages/numpy/lib/function_base.py:2742: RuntimeWarning: invalid value encountered in subtract
  X -= avg[:, None]
0.0 0.00050735474
3.2037694 205064.52
(48745, 22, 3)
Uncertainty Slope: -0.4114949405193329, Uncertainty Bias: 0.2999271750450134
5.722046e-06 0.0005803108
-4.4914203 3.885262
(48745, 22, 3)
Uncertainty Slope: 0.14790265262126923, Uncertainty Bias: 0.177338108420372
7.6293945e-06 7.939339e-05
2.8022242 3.0153136
(48745, 22, 3)
Uncertainty Slope: 1.2554901838302612, Uncertainty Bias: 0.16328391432762146
3.8146973e-06 1.2874603e-05
3.0304606 45.64465
(48745, 22, 3)
