/home/ws/fq0795/git/gnn_uncertainty/active_learning.py:173: DeprecationWarning: Please use atoms.calc = calc
  self.atoms.set_calculator(self.calc)
['H1', 'CH3', 'H2', 'H3', 'C', 'O', 'N', 'H', 'CA', 'HA', 'CB', 'HB1', 'HB2', 'HB3', 'C', 'O', 'N', 'H', 'C', 'H1', 'H2', 'H3']
Uncertainty Slope: 0.08370784670114517, Uncertainty Bias: 0.13280341029167175

Training and Validation Results of Epoch Initital validation:
================================
Training Loss Energy: 0.0, Training Loss Force: 0.0, time: 0
Validation Loss Energy: 0.0, Validation Loss Force: 0.0, time: 0
Test Loss Energy: 10.150577107963041, Test Loss Force: 11.217913129337845, time: 6.095239877700806

Found uncertainty sample after 1771 steps.
Found uncertainty sample after 16 steps.
Found uncertainty sample after 53 steps.
Found uncertainty sample after 35 steps.
Found uncertainty sample after 99 steps.
Found uncertainty sample after 3 steps.
Found uncertainty sample after 14 steps.
Found uncertainty sample after 8 steps.
Found uncertainty sample after 16 steps.
Found uncertainty sample after 14 steps.
Training model 0. Added 10 samples to the dataset.

Training and Validation Results of Epoch 0:
================================
Training Loss Energy: 49.75189774905708, Training Loss Force: 81.67047387231347, time: 0.5330390930175781
Validation Loss Energy: 28.867483616044026, Validation Loss Force: 70.60022757619473, time: 0.029659748077392578
Test Loss Energy: 19.45369367974713, Test Loss Force: 54.20291145673532, time: 6.826624155044556


Training and Validation Results of Epoch 1:
================================
Training Loss Energy: 68.1334476664735, Training Loss Force: 97.8870533572611, time: 0.4081428050994873
Validation Loss Energy: 9.86405790387159, Validation Loss Force: 49.38881105029601, time: 0.03043651580810547
Test Loss Energy: 17.182370482144684, Test Loss Force: 45.71354610104718, time: 6.499127626419067


Training and Validation Results of Epoch 2:
================================
Training Loss Energy: 19.693949608147584, Training Loss Force: 57.31967200950972, time: 0.4051501750946045
Validation Loss Energy: 13.732816745057853, Validation Loss Force: 42.558554349623336, time: 0.02947402000427246
Test Loss Energy: 16.707201701442962, Test Loss Force: 44.19261040809754, time: 6.529540777206421

slurmstepd: error: *** JOB 5122064 ON aimat01 CANCELLED AT 2024-11-20T18:15:11 ***
