wandb: Currently logged in as: l-baer-99 (l-baer-99-Karlsruhe Institute of Technology). Use `wandb login --relogin` to force relogin
wandb: wandb version 0.18.7 is available!  To upgrade, please run:
wandb:  $ pip install wandb --upgrade
wandb: Tracking run with wandb version 0.17.4
wandb: Run data is saved locally in /home/ws/fq0795/git/gnn_uncertainty/wandb/run-20241129_211030-wq1trhw1
wandb: Run `wandb offline` to turn off syncing.
wandb: Syncing run al_60
wandb: ⭐️ View project at https://wandb.ai/l-baer-99-Karlsruhe%20Institute%20of%20Technology/ActiveLearning
wandb: 🚀 View run at https://wandb.ai/l-baer-99-Karlsruhe%20Institute%20of%20Technology/ActiveLearning/runs/wq1trhw1
['H1', 'CH3', 'H2', 'H3', 'C', 'O', 'N', 'H', 'CA', 'HA', 'CB', 'HB1', 'HB2', 'HB3', 'C', 'O', 'N', 'H', 'C', 'H1', 'H2', 'H3']
59
0.0 1.0
Uncertainty Slope: -0.016607144847512245, Uncertainty Bias: 4.424808025360107
4.424808 -0.016607145
0.012810469 11.30954
63.20412 64.326645
4.424808 -0.016607145
4.424808 -0.016607145
4.424808 -0.016607145
4.424808 -0.016607145
4.424808 -0.016607145
4.424808 -0.016607145
4.424808 -0.016607145
4.424808 -0.016607145
4.424808 -0.016607145
4.424808 -0.016607145
4.424808 -0.016607145
4.424808 -0.016607145
4.424808 -0.016607145
4.424808 -0.016607145
4.424808 -0.016607145
4.424808 -0.016607145
4.424808 -0.016607145
4.424808 -0.016607145
4.424808 -0.016607145
4.424808 -0.016607145
4.424808 -0.016607145
4.424808 -0.016607145
4.424808 -0.016607145
4.424808 -0.016607145
4.424808 -0.016607145
4.424808 -0.016607145
4.424808 -0.016607145
4.424808 -0.016607145
4.424808 -0.016607145
4.424808 -0.016607145
4.424808 -0.016607145
4.424808 -0.016607145
4.424808 -0.016607145
4.424808 -0.016607145
4.424808 -0.016607145
4.424808 -0.016607145
4.424808 -0.016607145
4.424808 -0.016607145
4.424808 -0.016607145
4.424808 -0.016607145
4.424808 -0.016607145
4.424808 -0.016607145
4.424808 -0.016607145
4.424808 -0.016607145
4.424808 -0.016607145
4.424808 -0.016607145
4.424808 -0.016607145
4.424808 -0.016607145
4.424808 -0.016607145
4.424808 -0.016607145
4.424808 -0.016607145
4.424808 -0.016607145
4.424808 -0.016607145
4.424808 -0.016607145
4.424808 -0.016607145
4.424808 -0.016607145
4.424808 -0.016607145
4.424808 -0.016607145
4.424808 -0.016607145
4.424808 -0.016607145
4.424808 -0.016607145
4.424808 -0.016607145
4.424808 -0.016607145
4.424808 -0.016607145
4.424808 -0.016607145
4.424808 -0.016607145
4.424808 -0.016607145
4.424808 -0.016607145
4.424808 -0.016607145
4.424808 -0.016607145
4.424808 -0.016607145
4.424808 -0.016607145
4.424808 -0.016607145
4.424808 -0.016607145
4.424808 -0.016607145
4.424808 -0.016607145
4.424808 -0.016607145
4.424808 -0.016607145
4.424808 -0.016607145
4.424808 -0.016607145
4.424808 -0.016607145
4.424808 -0.016607145
4.424808 -0.016607145
4.424808 -0.016607145
4.424808 -0.016607145
4.424808 -0.016607145
4.424808 -0.016607145
4.424808 -0.016607145
4.424808 -0.016607145
4.424808 -0.016607145
4.424808 -0.016607145
4.424808 -0.016607145
4.424808 -0.016607145
4.424808 -0.016607145
4.424808 -0.016607145
4.424808 -0.016607145
4.424808 -0.016607145
4.424808 -0.016607145
4.424808 -0.016607145
4.424808 -0.016607145
4.424808 -0.016607145
4.424808 -0.016607145
4.424808 -0.016607145
4.424808 -0.016607145
4.424808 -0.016607145
4.424808 -0.016607145
4.424808 -0.016607145
4.424808 -0.016607145
4.424808 -0.016607145
4.424808 -0.016607145
4.424808 -0.016607145
4.424808 -0.016607145
4.424808 -0.016607145
4.424808 -0.016607145
4.424808 -0.016607145
4.424808 -0.016607145
4.424808 -0.016607145
4.424808 -0.016607145
4.424808 -0.016607145
4.424808 -0.016607145
4.424808 -0.016607145
4.424808 -0.016607145
4.424808 -0.016607145
4.424808 -0.016607145
4.424808 -0.016607145
4.424808 -0.016607145
4.424808 -0.016607145
4.424808 -0.016607145
4.424808 -0.016607145
4.424808 -0.016607145
4.424808 -0.016607145
4.424808 -0.016607145
4.424808 -0.016607145
4.424808 -0.016607145
4.424808 -0.016607145
4.424808 -0.016607145
4.424808 -0.016607145
4.424808 -0.016607145
4.424808 -0.016607145
4.424808 -0.016607145
4.424808 -0.016607145
4.424808 -0.016607145
4.424808 -0.016607145
4.424808 -0.016607145
4.424808 -0.016607145
4.424808 -0.016607145
4.424808 -0.016607145
4.424808 -0.016607145
4.424808 -0.016607145
4.424808 -0.016607145
4.424808 -0.016607145
4.424808 -0.016607145
4.424808 -0.016607145
4.424808 -0.016607145
4.424808 -0.016607145
4.424808 -0.016607145
4.424808 -0.016607145
4.424808 -0.016607145
4.424808 -0.016607145
4.424808 -0.016607145
4.424808 -0.016607145
4.424808 -0.016607145
4.424808 -0.016607145
4.424808 -0.016607145
4.424808 -0.016607145
4.424808 -0.016607145
4.424808 -0.016607145
4.424808 -0.016607145
4.424808 -0.016607145
4.424808 -0.016607145
4.424808 -0.016607145
4.424808 -0.016607145
4.424808 -0.016607145
4.424808 -0.016607145
4.424808 -0.016607145
4.424808 -0.016607145
4.424808 -0.016607145
4.424808 -0.016607145
4.424808 -0.016607145
4.424808 -0.016607145
4.424808 -0.016607145
4.424808 -0.016607145
4.424808 -0.016607145
4.424808 -0.016607145
4.424808 -0.016607145
4.424808 -0.016607145
4.424808 -0.016607145
4.424808 -0.016607145
4.424808 -0.016607145
4.424808 -0.016607145
4.424808 -0.016607145
slurmstepd: error: *** JOB 5123799 ON aimat01 CANCELLED AT 2024-11-29T21:11:28 ***
