/home/ws/fq0795/git/gnn_uncertainty/active_learning.py:173: DeprecationWarning: Please use atoms.calc = calc
  self.atoms.set_calculator(self.calc)
['H1', 'CH3', 'H2', 'H3', 'C', 'O', 'N', 'H', 'CA', 'HA', 'CB', 'HB1', 'HB2', 'HB3', 'C', 'O', 'N', 'H', 'C', 'H1', 'H2', 'H3']
Uncertainty Slope: 0.08370127528905869, Uncertainty Bias: 0.13280926644802094

Training and Validation Results of Epoch Initital validation:
================================
Training Loss Energy: 0.0, Training Loss Force: 0.0, time: 0
Validation Loss Energy: 0.0, Validation Loss Force: 0.0, time: 0
Test Loss Energy: 10.154945130489633, Test Loss Force: 11.220569192195665, time: 5.923810243606567

Found uncertainty sample after 1954 steps.
Found uncertainty sample after 91 steps.
Found uncertainty sample after 4 steps.
Found uncertainty sample after 5 steps.
Found uncertainty sample after 90 steps.
Found uncertainty sample after 6 steps.
Found uncertainty sample after 20 steps.
Found uncertainty sample after 292 steps.
Training model 0. Added 8 samples to the dataset.

Training and Validation Results of Epoch 0:
================================
Training Loss Energy: 39.87321312007099, Training Loss Force: 70.15570131589337, time: 0.5383827686309814
Validation Loss Energy: 22.002153852857976, Validation Loss Force: 57.160815729989835, time: 0.029697418212890625
Test Loss Energy: 21.554695965241667, Test Loss Force: 59.09273532103048, time: 6.6946611404418945


Training and Validation Results of Epoch 1:
================================
Training Loss Energy: 16.722504963757014, Training Loss Force: 52.17612230490371, time: 0.40199971199035645
Validation Loss Energy: 20.871384707888478, Validation Loss Force: 50.20273981414194, time: 0.030432462692260742
Test Loss Energy: 14.065687206235538, Test Loss Force: 47.55845968420399, time: 6.300476312637329


Training and Validation Results of Epoch 2:
================================
Training Loss Energy: 11.831753595930312, Training Loss Force: 31.400340971644027, time: 0.40349698066711426
Validation Loss Energy: 9.833613687563759, Validation Loss Force: 22.650974335675034, time: 0.0289309024810791
Test Loss Energy: 17.96446215606593, Test Loss Force: 23.13993786400976, time: 6.368261098861694


Training and Validation Results of Epoch 3:
================================
Training Loss Energy: 9.98232509228159, Training Loss Force: 23.963744402273655, time: 0.4032297134399414
Validation Loss Energy: 7.388030441749612, Validation Loss Force: 20.323980223599108, time: 0.028449296951293945
Test Loss Energy: 14.014863073936928, Test Loss Force: 22.751346144147096, time: 6.353079319000244


Training and Validation Results of Epoch 4:
================================
Training Loss Energy: 7.160488489874319, Training Loss Force: 12.593555307173794, time: 0.42238450050354004
Validation Loss Energy: 15.833441840677255, Validation Loss Force: 11.766260742201572, time: 0.028264999389648438
Test Loss Energy: 23.85578089239064, Test Loss Force: 18.5244445978678, time: 6.371949672698975


Training and Validation Results of Epoch 5:
================================
Training Loss Energy: 11.562999070772339, Training Loss Force: 12.39129464489008, time: 0.4100329875946045
Validation Loss Energy: 15.608738389432272, Validation Loss Force: 11.995292881643392, time: 0.030705928802490234
Test Loss Energy: 22.18502755037264, Test Loss Force: 18.132513325791944, time: 6.443341493606567


Training and Validation Results of Epoch 6:
================================
Training Loss Energy: 7.302566674941141, Training Loss Force: 9.17635860026933, time: 0.4067838191986084
Validation Loss Energy: 9.506386236120951, Validation Loss Force: 7.3178335481575845, time: 0.030344486236572266
Test Loss Energy: 16.431232090499524, Test Loss Force: 14.85426067873534, time: 6.427562713623047


Training and Validation Results of Epoch 7:
================================
Training Loss Energy: 6.183800583078561, Training Loss Force: 6.6071317510031715, time: 0.41684913635253906
Validation Loss Energy: 9.997649593985841, Validation Loss Force: 8.575050266363386, time: 0.029622316360473633
Test Loss Energy: 15.95624531093071, Test Loss Force: 17.406123017224235, time: 6.417306184768677


Training and Validation Results of Epoch 8:
================================
Training Loss Energy: 8.474110368726484, Training Loss Force: 7.54104722291754, time: 0.42786288261413574
Validation Loss Energy: 19.755513019458135, Validation Loss Force: 9.338086660892642, time: 0.029057979583740234
Test Loss Energy: 21.53150814702006, Test Loss Force: 14.714053075599875, time: 6.418309450149536


Training and Validation Results of Epoch 9:
================================
Training Loss Energy: 13.501075475759508, Training Loss Force: 10.721794664000935, time: 0.4160017967224121
Validation Loss Energy: 16.05268544446409, Validation Loss Force: 11.714819716109334, time: 0.029493331909179688
Test Loss Energy: 13.646190594415673, Test Loss Force: 16.268389788627402, time: 6.417357444763184


Training and Validation Results of Epoch 10:
================================
Training Loss Energy: 5.9763144283306895, Training Loss Force: 8.643023962688886, time: 0.4139292240142822
Validation Loss Energy: 7.363975048576741, Validation Loss Force: 7.25159259461211, time: 0.030577421188354492
Test Loss Energy: 13.937912212453215, Test Loss Force: 15.094837236447209, time: 6.848521709442139


Training and Validation Results of Epoch 11:
================================
Training Loss Energy: 3.5206803554539503, Training Loss Force: 6.124111741947696, time: 0.4131960868835449
Validation Loss Energy: 4.945499544587842, Validation Loss Force: 7.743594768703189, time: 0.03054666519165039
Test Loss Energy: 13.30949242030851, Test Loss Force: 15.008195254145338, time: 6.409606218338013


Training and Validation Results of Epoch 12:
================================
Training Loss Energy: 9.896545734779757, Training Loss Force: 7.585941484936773, time: 0.4000740051269531
Validation Loss Energy: 17.344043577476707, Validation Loss Force: 9.08239478994718, time: 0.03042912483215332
Test Loss Energy: 12.61666009141623, Test Loss Force: 13.797113200066171, time: 6.4497644901275635


Training and Validation Results of Epoch 13:
================================
Training Loss Energy: 5.581131809204582, Training Loss Force: 6.723765678356191, time: 0.41085314750671387
Validation Loss Energy: 19.837692185130827, Validation Loss Force: 6.823937795649536, time: 0.030530214309692383
Test Loss Energy: 21.46995675257952, Test Loss Force: 13.88451630048303, time: 6.485051393508911


Training and Validation Results of Epoch 14:
================================
Training Loss Energy: 9.096601458282082, Training Loss Force: 7.5570773117600485, time: 0.4029693603515625
Validation Loss Energy: 15.574486530729075, Validation Loss Force: 7.41588457055201, time: 0.02915501594543457
Test Loss Energy: 19.552747650607095, Test Loss Force: 14.824555350933734, time: 6.457197427749634


Training and Validation Results of Epoch 15:
================================
Training Loss Energy: 5.6093279021478395, Training Loss Force: 5.965526365136426, time: 0.4126584529876709
Validation Loss Energy: 9.17245466203255, Validation Loss Force: 6.49436831012986, time: 0.033840179443359375
Test Loss Energy: 12.068182668269463, Test Loss Force: 12.713285938012156, time: 6.453150510787964


Training and Validation Results of Epoch 16:
================================
Training Loss Energy: 9.691643779651244, Training Loss Force: 7.640324175987465, time: 0.4102213382720947
Validation Loss Energy: 14.128460627601848, Validation Loss Force: 14.717211209583676, time: 0.03140974044799805
Test Loss Energy: 21.93595979506677, Test Loss Force: 21.32417014717927, time: 6.429141521453857


Training and Validation Results of Epoch 17:
================================
Training Loss Energy: 9.446593078777315, Training Loss Force: 8.787188617602435, time: 0.4517660140991211
Validation Loss Energy: 9.409176012421549, Validation Loss Force: 7.707386984222163, time: 0.03079676628112793
Test Loss Energy: 10.407670791933787, Test Loss Force: 12.995372207440647, time: 6.4428675174713135

slurmstepd: error: *** JOB 5122152 ON aimat01 CANCELLED AT 2024-11-20T19:02:45 ***
