
============================= JOB FEEDBACK =============================

NodeName=uc2n327
Job ID: 23846962
Cluster: uc2
User/Group: fq0795/iti
State: CANCELLED (exit code 0)
Nodes: 1
Cores per node: 8
CPU Utilized: 00:00:00
CPU Efficiency: 0.00% of 00:01:36 core-walltime
Job Wall-clock time: 00:00:12
Memory Utilized: 0.00 MB (estimated maximum)
Memory Efficiency: 0.00% of 8.79 GB (1.10 GB/core)

============================= JOB FEEDBACK =============================

NodeName=uc2n357
Job ID: 23843741
Cluster: uc2
User/Group: fq0795/iti
State: COMPLETED (exit code 0)
Nodes: 1
Cores per node: 8
CPU Utilized: 1-04:52:06
CPU Efficiency: 12.37% of 9-17:24:32 core-walltime
Job Wall-clock time: 1-05:10:34
Memory Utilized: 100.14 MB
Memory Efficiency: 1.11% of 8.79 GB
