[[ 2.2393 -0.3791  0.263 ]
 [ 0.8424  1.9231 -0.4249]
 [ 2.8709  0.8456  0.2722]
 [ 2.1751  1.9935 -0.0703]
 [-3.4838  0.4953 -0.0896]
 [ 0.891  -0.4647 -0.0939]
 [ 0.1908  0.6991 -0.4402]
 [-0.9633 -1.8425 -0.4185]
 [-1.6531  0.8889  1.3406]
 [ 0.8857 -2.8883  0.2267]
 [ 0.209  -1.772  -0.1069]
 [-2.0185  0.6853  0.2071]
 [-1.1189  0.6285 -0.7886]
 [ 0.3962 -3.7219  0.2035]
 [ 2.7867 -1.2719  0.5268]
 [ 0.3069  2.8224 -0.6911]
 [ 3.913   0.9108  0.5482]
 [ 2.6781  2.9492 -0.0604]
 [-3.736  -0.5623 -0.012 ]
 [-4.0763  1.0637  0.6273]
 [-3.6988  0.8471 -1.0986]] -17639.133823635613
[[ 2.23924782 -0.37909831  0.26295252]
 [ 0.84229841  1.92316316 -0.42496326]
 [ 2.87109047  0.8456446   0.2722534 ]
 [ 2.17518196  1.99355067 -0.07031112]
 [-3.48346817  0.49542555 -0.08998287]
 [ 0.89126911 -0.46513375 -0.09376146]
 [ 0.19092192  0.69901763 -0.44011844]
 [-0.96361885 -1.84268246 -0.41854666]
 [-1.65299802  0.88894681  1.34090645]
 [ 0.88645931 -2.88802128  0.22685898]
 [ 0.20839315 -1.77222015 -0.10702561]
 [-2.01877072  0.68533991  0.20778789]
 [-1.11916561  0.62862401 -0.78916731]
 [ 0.39116119 -3.72252822  0.20223522]
 [ 2.78793888 -1.27515826  0.52759111]
 [ 0.30450688  2.82508793 -0.6919639 ]
 [ 3.91674739  0.91105736  0.54922587]
 [ 2.67977584  2.95271904 -0.06038886]
 [-3.73655438 -0.56564789 -0.01209797]
 [-4.07714263  1.06497479  0.62956842]
 [-3.70057416  0.8472878  -1.10206112]] -17639.16503402325
[[ 2.23915489 -0.37918075  0.26283953]
 [ 0.84194965  1.9234328  -0.4251747 ]
 [ 2.87175986  0.84578432  0.27243916]
 [ 2.17547569  1.99380072 -0.07034391]
 [-3.48256665  0.49577429 -0.09114148]
 [ 0.89205163 -0.46641848 -0.09335459]
 [ 0.19127685  0.69876763 -0.43987996]
 [-0.96458395 -1.84323455 -0.41868814]
 [-1.65269216  0.88908684  1.34183045]
 [ 0.88865746 -2.88727931  0.22732673]
 [ 0.20661614 -1.77286857 -0.10739262]
 [-2.01956561  0.68545889  0.2098086 ]
 [-1.11995855  0.62899554 -0.79084673]
 [ 0.37704913 -3.72301653  0.19852927]
 [ 2.79105016 -1.28386149  0.52966013]
 [ 0.29797402  2.83211219 -0.69424869]
 [ 3.92671384  0.91174727  0.55196481]
 [ 2.68418026  2.96206844 -0.06036547]
 [-3.73794392 -0.57452372 -0.01245192]
 [-4.07919328  1.06826553  0.63566766]
 [-3.70560471  0.84754813 -1.11139472]] -17639.232136786897
[[ 2.23918418 -0.37956425  0.26273591]
 [ 0.8412484   1.92410562 -0.42558611]
 [ 2.8731472   0.84603328  0.27281956]
 [ 2.17609765  1.99449261 -0.07039728]
 [-3.48133903  0.49627404 -0.09309603]
 [ 0.89327652 -0.46850615 -0.09270457]
 [ 0.19183387  0.69834257 -0.43950309]
 [-0.96621731 -1.84417046 -0.41892797]
 [-1.65218284  0.88931899  1.34338629]
 [ 0.89208302 -2.88629988  0.22807582]
 [ 0.20379482 -1.77390753 -0.10797292]
 [-2.02083545  0.68565435  0.2130349 ]
 [-1.12126683  0.62961317 -0.79357184]
 [ 0.35642788 -3.72008     0.19264454]
 [ 2.79453053 -1.29530271  0.53224399]
 [ 0.2889452   2.84085882 -0.69718201]
 [ 3.93969157  0.91266254  0.55556483]
 [ 2.68975359  2.97421239 -0.06035416]
 [-3.73946818 -0.58594541 -0.01320837]
 [-4.08124651  1.07220338  0.64376473]
 [-3.7131068   0.84712621 -1.12389459]] -17639.291158846456
[[ 2.23953627 -0.3804916   0.26273174]
 [ 0.84008823  1.925397   -0.42625026]
 [ 2.87550982  0.84640651  0.27346108]
 [ 2.17717226  1.99589502 -0.07047032]
 [-3.48008919  0.49683433 -0.09585525]
 [ 0.89483579 -0.47131913 -0.09185041]
 [ 0.19254868  0.69773668 -0.43901694]
 [-0.96854882 -1.84551339 -0.41927029]
 [-1.65147188  0.88964075  1.3455914 ]
 [ 0.89645374 -2.8853214   0.2290614 ]
 [ 0.20012939 -1.77527477 -0.10872207]
 [-2.02250524  0.68592294  0.21727197]
 [-1.12307002  0.63047408 -0.79723708]
 [ 0.33244168 -3.71042141  0.18499794]
 [ 2.7966706  -1.30628011  0.53445534]
 [ 0.27939489  2.84826607 -0.69985793]
 [ 3.95191022  0.9135571   0.559023  ]
 [ 2.69468318  2.98558907 -0.06038089]
 [-3.74028128 -0.59630993 -0.01452612]
 [-4.08189295  1.07511869  0.65156711]
 [-3.72202034  0.84516651 -1.13623192]] -17639.331209867833
[[ 2.24038811 -0.38213196  0.26290266]
 [ 0.83841901  1.92744719 -0.4271932 ]
 [ 2.87900682  0.84691282  0.27440361]
 [ 2.17877571  1.99819189 -0.070563  ]
 [-3.47908798  0.49737015 -0.09939637]
 [ 0.89659735 -0.47475344 -0.09084136]
 [ 0.19337116  0.69695184 -0.43845933]
 [-0.97160614 -1.84729436 -0.41971736]
 [-1.65056406  0.89004748  1.34845963]
 [ 0.90147502 -2.8845005   0.23022467]
 [ 0.19587643 -1.77688236 -0.10958421]
 [-2.02448257  0.68626163  0.22227722]
 [-1.12533871  0.63157368 -0.8017043 ]
 [ 0.30791182 -3.69224879  0.17611576]
 [ 2.79620881 -1.31419423  0.53560217]
 [ 0.27097967  2.85190475 -0.70155487]
 [ 3.9603415   0.91422899  0.5615312 ]
 [ 2.69754398  2.99333925 -0.0604618 ]
 [-3.73966997 -0.60257077 -0.01650491]
 [-4.08005439  1.07559393  0.65702478]
 [-3.73125553  0.84105624 -1.14550944]] -17639.372949314897
[[ 2.24185207 -0.38451984  0.26329048]
 [ 0.83628077  1.9302644  -0.42839813]
 [ 2.88362988  0.8475506   0.27564212]
 [ 2.18090369  2.00141602 -0.07067629]
 [-3.47850673  0.49781665 -0.10365393]
 [ 0.89841897 -0.47868204 -0.08973285]
 [ 0.19425222  0.69600241 -0.43787469]
 [-0.97540314 -1.84955006 -0.42026677]
 [-1.64946903  0.89053138  1.35199273]
 [ 0.90688032 -2.88387286  0.23149857]
 [ 0.19132388 -1.77861666 -0.11049866]
 [-2.02666586  0.68666936  0.22778431]
 [-1.12803391  0.63290542 -0.80681065]
 [ 0.28476974 -3.66593339  0.16656737]
 [ 2.79271943 -1.31773174  0.53538311]
 [ 0.26462488  2.85063998 -0.70193048]
 [ 3.96349444  0.91457218  0.56268745]
 [ 2.69767904  2.99604776 -0.06059673]
 [-3.73723432 -0.60300287 -0.0191413 ]
 [-4.07533922  1.07284079  0.65883019]
 [-3.73989274  0.83463915 -1.14998563]] -17639.431570025565
[[ 2.243956   -0.38753478  0.26389484]
 [ 0.83381275  1.93370618 -0.42980127]
 [ 2.88918207  0.84830643  0.277121  ]
 [ 2.18346264  2.00542767 -0.07081197]
 [-3.47838373  0.4981367  -0.10851673]
 [ 0.90016228 -0.48295828 -0.08858254]
 [ 0.19514809  0.69491722 -0.43731203]
 [-0.97992769 -1.85231929 -0.42090867]
 [-1.64820346  0.89108049  1.35617182]
 [ 0.9124544  -2.88335888  0.23281472]
 [ 0.18676014 -1.78034112 -0.11140783]
 [-2.02895098  0.687149    0.23352725]
 [-1.13110689  0.63446077 -0.81237686]
 [ 0.2638142  -3.63395537  0.15689329]
 [ 2.78673721 -1.31712812  0.53395795]
 [ 0.2603542   2.84487127 -0.70109244]
 [ 3.96171086  0.91459786  0.56257507]
 [ 2.69533271  2.99401751 -0.06076744]
 [-3.7329656  -0.59754015 -0.02231137]
 [-4.06818851  1.06686981  0.6566704 ]
 [-3.74731511  0.82629271 -1.14942651]] -17639.492352844118
[[ 2.24664133 -0.39091531  0.26467408]
 [ 0.8312415   1.93749347 -0.43129777]
 [ 2.89529671  0.84915604  0.27873903]
 [ 2.18627969  2.00992974 -0.07097221]
 [-3.47861979  0.49832468 -0.11383054]
 [ 0.9017049  -0.48741983 -0.08744667]
 [ 0.19602144  0.69373866 -0.43682311]
 [-0.98513138 -1.85563855 -0.42162363]
 [-1.64679299  0.89167783  1.36095054]
 [ 0.91803733 -2.88280065  0.23410922]
 [ 0.18244237 -1.78190508 -0.11226449]
 [-2.03123523  0.68770913  0.23926197]
 [-1.1344993   0.63622941 -0.81821531]
 [ 0.24480597 -3.6003038   0.14755287]
 [ 2.77966726 -1.31407906  0.53191463]
 [ 0.2573247   2.83642286 -0.69956685]
 [ 3.9570582   0.91443096  0.5617352 ]
 [ 2.69158959  2.98917265 -0.06093915]
 [-3.72724213 -0.58778438 -0.02577411]
 [-4.05984266  1.05848141  0.65125879]
 [-3.75327474  0.81689787 -1.14514939]] -17639.521366481054
[[ 2.24978117 -0.39430852  0.26555629]
 [ 0.82884714  1.94125829 -0.43275774]
 [ 2.90149734  0.85006746  0.28036542]
 [ 2.18913141  2.01452049 -0.07115894]
 [-3.47900315  0.49840632 -0.11940667]
 [ 0.90294984 -0.49189367 -0.08637709]
 [ 0.19683967  0.69251852 -0.43646071]
 [-0.99092282 -1.85953699 -0.42238151]
 [-1.64527327  0.89230107  1.3662509 ]
 [ 0.92350213 -2.88202326  0.23532478]
 [ 0.1785683  -1.78315999 -0.11303723]
 [-2.03341899  0.68836541  0.24478372]
 [-1.1381441   0.63819969 -0.82413728]
 [ 0.22699638 -3.56940543  0.13892682]
 [ 2.77347014 -1.31126755  0.53012449]
 [ 0.2540895   2.82806814 -0.69815868]
 [ 3.95278725  0.91427888  0.56102365]
 [ 2.68810816  2.9845642  -0.06106604]
 [-3.72074801 -0.57669743 -0.02919954]
 [-4.05213657  1.04908745  0.64414359]
 [-3.7578784   0.8077075  -1.13975645]] -17639.500683835802
[[ 2.25322189 -0.39735812  0.2664619 ]
 [ 0.82690578  1.94462806 -0.4340532 ]
 [ 2.90730342  0.85100709  0.28186801]
 [ 2.19179368  2.01878906 -0.07137304]
 [-3.47926815  0.49842972 -0.12503957]
 [ 0.90383071 -0.49620249 -0.08541901]
 [ 0.19757187  0.69131251 -0.43627692]
 [-0.99716635 -1.86403155 -0.42314182]
 [-1.64368958  0.89292282  1.37196318]
 [ 0.9287091  -2.88090399  0.23640768]
 [ 0.17525546 -1.78398209 -0.11371309]
 [-2.03540644  0.68914098  0.24993838]
 [-1.14196711  0.64035915 -0.82995907]
 [ 0.2100278  -3.54484456  0.13139138]
 [ 2.77010106 -1.31145083  0.52947134]
 [ 0.24913662  2.82264008 -0.6976889 ]
 [ 3.95227281  0.91436811  0.5613292 ]
 [ 2.68660635  2.98338908 -0.0611018 ]
 [-3.71430242 -0.56788677 -0.03223437]
 [-4.04710851  1.040348    0.63725606]
 [-3.76145898  0.80009522 -1.13647346]] -17639.45170777097
[[ 2.25683835 -0.39981408  0.26733298]
 [ 0.82561797  1.94732905 -0.43509055]
 [ 2.91236183  0.85194644  0.28314876]
 [ 2.19410465  2.02243614 -0.07161305]
 [-3.47918492  0.49844338 -0.13053521]
 [ 0.9043141  -0.50017146 -0.08460964]
 [ 0.19818581  0.69017324 -0.43632087]
 [-1.00368833 -1.86912349 -0.42385589]
 [-1.64209472  0.89351181  1.37795015]
 [ 0.9334652  -2.87941409  0.23730261]
 [ 0.17253542 -1.78429736 -0.11429569]
 [-2.03710681  0.69006586  0.25462791]
 [-1.14588925  0.64269501 -0.83550748]
 [ 0.19471132 -3.52845889  0.12540622]
 [ 2.77081344 -1.3162756   0.53050525]
 [ 0.24159939  2.82192295 -0.69866406]
 [ 3.95762745  0.91486292  0.56320275]
 [ 2.68819047  2.98769662 -0.06101434]
 [-3.70860843 -0.56448005 -0.03461116]
 [-4.0464575   1.03366142  0.63223056]
 [-3.76432331  0.79519798 -1.138098  ]] -17639.414351136686
[[ 2.26057432 -0.4016098   0.26815438]
 [ 0.825057    1.94926107 -0.43583379]
 [ 2.91654361  0.85286955  0.28416986]
 [ 2.19601037  2.02536647 -0.07187481]
 [-3.47865203  0.49846545 -0.13574244]
 [ 0.90439871 -0.50363708 -0.08397683]
 [ 0.1986472   0.68914705 -0.43663784]
 [-1.0102826  -1.87479655 -0.42446858]
 [-1.64054614  0.89403443  1.38405359]
 [ 0.93752973 -2.87761147  0.23795317]
 [ 0.17034688 -1.78409527 -0.11480528]
 [-2.03843606  0.6911748   0.2588104 ]
 [-1.14982831  0.6451947  -0.84062312]
 [ 0.18305896 -3.52030138  0.12151553]
 [ 2.77567993 -1.32543668  0.53319697]
 [ 0.23180212  2.82584605 -0.7010331 ]
 [ 3.9686764   0.91579603  0.5665831 ]
 [ 2.69283898  2.99737577 -0.06079864]
 [-3.70399996 -0.56791754 -0.03627445]
 [-4.05100906  1.02967549  0.62971211]
 [-3.76645451  0.79356323 -1.14587504]] -17639.402887104923
[[ 2.26444087 -0.40285947  0.26895294]
 [ 0.82516582  1.95049601 -0.4363048 ]
 [ 2.91994471  0.85377082  0.28495457]
 [ 2.19756692  2.02768734 -0.07215052]
 [-3.47773966  0.49846523 -0.14057254]
 [ 0.90411454 -0.50645236 -0.08353916]
 [ 0.19892104  0.68826981 -0.43726578]
 [-1.01672936 -1.88101732 -0.42492355]
 [-1.63910112  0.8944573   1.39010588]
 [ 0.94066223 -2.87559131  0.23830839]
 [ 0.16856016 -1.78343668 -0.11527065]
 [-2.0393232   0.69250396  0.26249153]
 [-1.15370243  0.64784614 -0.8451643 ]
 [ 0.17755136 -3.51927643  0.12023249]
 [ 2.78361637 -1.33671745  0.53694807]
 [ 0.22124283  2.83256612 -0.70420781]
 [ 3.98297559  0.91707797  0.57079745]
 [ 2.69941708  3.01018771 -0.06047948]
 [-3.70033783 -0.57734205 -0.03745181]
 [-4.06045607  1.02807261  0.62903609]
 [-3.76735431  0.79497919 -1.1589266 ]] -17639.397574362083
[[ 2.26829766 -0.40351822  0.26964286]
 [ 0.82623079  1.9516767  -0.43660302]
 [ 2.9227112   0.85462699  0.28561042]
 [ 2.19876628  2.02949113 -0.07246707]
 [-3.47682586  0.49873085 -0.14585641]
 [ 0.90401698 -0.5090257  -0.08308839]
 [ 0.19843917  0.68714317 -0.43799016]
 [-1.02384119 -1.88828406 -0.4254153 ]
 [-1.63714709  0.89501666  1.39678966]
 [ 0.94379972 -2.873447    0.23861934]
 [ 0.16708062 -1.78235582 -0.11572215]
 [-2.03945141  0.69374597  0.26527831]
 [-1.15817203  0.65067215 -0.84932603]
 [ 0.1678196  -3.52429192  0.11865375]
 [ 2.79769717 -1.35687761  0.54365387]
 [ 0.20445714  2.84884378 -0.71046022]
 [ 4.00945864  0.91948599  0.57815712]
 [ 2.71247357  3.0350954  -0.05988364]
 [-3.69790635 -0.59718935 -0.03704503]
 [-4.07623049  1.02945025  0.63368847]
 [-3.76855451  0.79897925 -1.17851134]] -17639.32532777844
[[ 2.27211531 -0.40389017  0.27027373]
 [ 0.82804022  1.9530219  -0.43681286]
 [ 2.92521343  0.85545229  0.28623332]
 [ 2.19982507  2.03117252 -0.07280878]
 [-3.47607512  0.49922369 -0.15152084]
 [ 0.90403026 -0.51127565 -0.08265955]
 [ 0.19702655  0.68566608 -0.4388684 ]
 [-1.03165522 -1.89659042 -0.42596611]
 [-1.63465846  0.8957284   1.40420348]
 [ 0.94691885 -2.87132009  0.23889761]
 [ 0.1659182  -1.78091555 -0.11615202]
 [-2.03871592  0.69490389  0.26699578]
 [-1.16317996  0.65364439 -0.85306945]
 [ 0.15458276 -3.53491448  0.11692364]
 [ 2.81774184 -1.3854606   0.55320365]
 [ 0.18180769  2.87431432 -0.71969774]
 [ 4.04746828  0.9229871   0.58847675]
 [ 2.7315945   3.07133685 -0.05902883]
 [-3.69688328 -0.62774264 -0.03527704]
 [-4.0988328   1.03414574  0.64396142]
 [-3.77010046  0.80567326 -1.20532486]] -17639.037174645626
[[ 2.2757159  -0.40426942  0.27087321]
 [ 0.83032819  1.95460333 -0.43701794]
 [ 2.92780902  0.85625768  0.28690984]
 [ 2.20098358  2.03311821 -0.07314457]
 [-3.47555844  0.4999568  -0.15750716]
 [ 0.90393535 -0.51310455 -0.08234178]
 [ 0.19443644  0.68363564 -0.43997255]
 [-1.04039652 -1.90593462 -0.42666188]
 [-1.63159049  0.89665225  1.41265776]
 [ 0.95014936 -2.8692685   0.2391846 ]
 [ 0.16525646 -1.77914436 -0.11650539]
 [-2.03702792  0.69594744  0.26732359]
 [-1.1686255   0.65671251 -0.85646885]
 [ 0.13696094 -3.55406441  0.11519048]
 [ 2.84575968 -1.42546815  0.56650958]
 [ 0.15147319  2.91242525 -0.73295734]
 [ 4.10067557  0.92779532  0.60271915]
 [ 2.75848314  3.12218044 -0.05791137]
 [-3.69839056 -0.67255763 -0.03216433]
 [-4.13065734  1.04432537  0.66237002]
 [-3.77263559  0.81589772 -1.24224756]] -17638.29935640099
[[ 2.28022083 -0.40588138  0.27193304]
 [ 0.83183928  1.95700696 -0.43752113]
 [ 2.9317803   0.85714648  0.28792029]
 [ 2.20295092  2.03653186 -0.07342134]
 [-3.47636328  0.49996164 -0.16289688]
 [ 0.90360793 -0.51387538 -0.08226693]
 [ 0.19176695  0.68208013 -0.4414698 ]
 [-1.04790167 -1.91552395 -0.42694383]
 [-1.62892766  0.89729628  1.42005626]
 [ 0.95133781 -2.86771685  0.23898223]
 [ 0.16394249 -1.77779227 -0.11698717]
 [-2.03484541  0.69741673  0.26791689]
 [-1.17364662  0.65986091 -0.85889738]
 [ 0.14032215 -3.56582626  0.11802275]
 [ 2.86296727 -1.44334393  0.57375952]
 [ 0.13711988  2.93065181 -0.73988608]
 [ 4.12809341  0.9312905   0.60994481]
 [ 2.773075    3.14859156 -0.05711523]
 [-3.69642605 -0.69793648 -0.03238462]
 [-4.15415278  1.04655854  0.66661807]
 [-3.76882016  0.8225083  -1.26441351]] -17637.83387886976
[[ 2.28568577 -0.40884641  0.27349157]
 [ 0.83238179  1.96033939 -0.43838959]
 [ 2.937317    0.85813426  0.28931248]
 [ 2.20585407  2.04158178 -0.07362157]
 [-3.47867799  0.49914361 -0.16764751]
 [ 0.90308989 -0.51355926 -0.08243608]
 [ 0.18913173  0.68113812 -0.4433567 ]
 [-1.0539226  -1.92525679 -0.42675905]
 [-1.62674039  0.89761818  1.42613262]
 [ 0.95043872 -2.86671345  0.23828686]
 [ 0.16169204 -1.77710343 -0.11764119]
 [-2.03225529  0.69935135  0.26904725]
 [-1.17816047  0.66306672 -0.86030069]
 [ 0.16537521 -3.56832016  0.12533595]
 [ 2.86746253 -1.43629203  0.57404022]
 [ 0.14083628  2.92630976 -0.73959083]
 [ 4.12625076  0.93322308  0.60922369]
 [ 2.77363028  3.14730913 -0.05671931]
 [-3.69048976 -0.69983732 -0.03666741]
 [-4.16672363  1.03929091  0.65420202]
 [-3.75818673  0.82426688 -1.26856891]] -17637.948811366892
[[ 2.29195998 -0.41292709  0.27548121]
 [ 0.83202061  1.96441874 -0.43958945]
 [ 2.94421357  0.85921781  0.29102724]
 [ 2.20962713  2.04806918 -0.0737346 ]
 [-3.48233998  0.49749022 -0.171701  ]
 [ 0.90243655 -0.51217555 -0.08284186]
 [ 0.18666662  0.68093035 -0.44561458]
 [-1.05829434 -1.93503623 -0.42607666]
 [-1.62506848  0.89759404  1.43070681]
 [ 0.94768543 -2.86611869  0.23714302]
 [ 0.15829496 -1.77721732 -0.11850403]
 [-2.02939901  0.70176496  0.27089216]
 [-1.18209791  0.66631047 -0.86064369]
 [ 0.20898168 -3.56323092  0.13650924]
 [ 2.85959076 -1.40558068  0.56761269]
 [ 0.16204711  2.90042119 -0.73232628]
 [ 4.09614309  0.9336103   0.60082993]
 [ 2.76046564  3.1190937  -0.05674432]
 [-3.68082906 -0.67828061 -0.0452404 ]
 [-4.16810512  1.02291635  0.62560399]
 [-3.74125116  0.82107454 -1.25519648]] -17638.54094739103
Average time per step: 63.154245710372926

============================= JOB FEEDBACK =============================

NodeName=uc2n341
Job ID: 23843545
Cluster: uc2
User/Group: fq0795/iti
State: COMPLETED (exit code 0)
Nodes: 1
Cores per node: 8
CPU Utilized: 00:20:55
CPU Efficiency: 12.11% of 02:52:40 core-walltime
Job Wall-clock time: 00:21:35
Memory Utilized: 107.26 MB
Memory Efficiency: 1.19% of 8.79 GB
