
 define (uc2n341.localdomain) : TURBOMOLE rev. V7-7-1 compiled 30 Jan 2023 at 19:13:33
 Copyright (C) 2023 TURBOMOLE GmbH, Karlsruhe


    2024-07-08 18:00:00.405 

                    HOST NAME = uc2n341.localdomain
             OPERATING SYSTEM = unix
   STANDARD BASIS SET LIBRARY = /opt/bwhpc/common/chem/turbomole/7.7.1_tmolex20232/TURBOMOLE_COMPUTE/basen/
  ALTERNATE BASIS SET LIBRARY = /opt/bwhpc/common/chem/turbomole/7.7.1_tmolex20232/TURBOMOLE_COMPUTE/basold/
 LIBRARY FOR RI-J  BASIS SETS = /opt/bwhpc/common/chem/turbomole/7.7.1_tmolex20232/TURBOMOLE_COMPUTE/jbasen/
 LIBRARY FOR RI-JK BASIS SETS = /opt/bwhpc/common/chem/turbomole/7.7.1_tmolex20232/TURBOMOLE_COMPUTE/jkbasen/
 LIBRARY FOR RIMP2/RICC2 SETS = /opt/bwhpc/common/chem/turbomole/7.7.1_tmolex20232/TURBOMOLE_COMPUTE/cbasen/
 LIBRARY FOR RIR12 BASIS SETS = /opt/bwhpc/common/chem/turbomole/7.7.1_tmolex20232/TURBOMOLE_COMPUTE/cabasen/
 LIBRARY FOR OEP   BASIS SETS = /opt/bwhpc/common/chem/turbomole/7.7.1_tmolex20232/TURBOMOLE_COMPUTE/xbasen/
            STRUCTURE LIBRARY = /opt/bwhpc/common/chem/turbomole/7.7.1_tmolex20232/TURBOMOLE_COMPUTE/structures/
 

 ***********************************************************
 *                                                         *
 *                       D E F I N E                       *
 *                                                         *
 *         TURBOMOLE'S  INTERACTIVE  INPUT  PROGRAM        *
 *                                                         *
 *  Quantum Chemistry Group       University of Karlsruhe  *
 *                                                         *
 ***********************************************************


 DATA WILL BE WRITTEN TO THE NEW FILE control

 IF YOU WANT TO READ DEFAULT-DATA FROM ANOTHER control-TYPE FILE,
 THEN ENTER ITS LOCATION/NAME OR OTHERWISE HIT >return<.

 
 INPUT TITLE OR 
 ENTER & TO REPEAT DEFINITION OF DEFAULT INPUT FILE 

 symmetry group of the molecule :   c1 

 the group has the following generators :
   c1(z)

    1 symmetry operations found

 SPECIFICATION OF MOLECULAR GEOMETRY ( #ATOMS=0     SYMMETRY=c1  )
 YOU MAY USE ONE OF THE FOLLOWING COMMANDS : 
 sy <group> <eps> : DEFINE MOLECULAR SYMMETRY (default for eps=3d-1)
 desy <eps>       : DETERMINE MOLECULAR SYMMETRY AND ADJUST 
                     COORDINATES (default for eps=1d-6)
 syndi <eps>      : LIKE DESY, BUT FIND ONLY GROUPS WITH NON-
                     DEGENERATE IRREPS (D2h AND SUBGROUPS)
 susy             : ADJUST COORDINATES FOR SUBGROUPS
 ai               : ADD ATOMIC COORDINATES INTERACTIVELY
 a <file>         : ADD ATOMIC COORDINATES FROM FILE <file>
 aa <file>        : ADD ATOMIC COORDINATES IN ANGSTROEM UNITS FROM FILE <file>
 sub              : SUBSTITUTE AN ATOM BY A GROUP OF ATOMS
 i                : INTERNAL COORDINATE MENU 
 ired             : REDUNDANT INTERNAL COORDINATES
 pbc_ired         : PERIODIC REDUNDANT INTERNAL COORDINATES
 red_info         : DISPLAY REDUNDANT INTERNAL COORDINATES
 ff               : UFF-FORCEFIELD CALCULATION
 m                : MANIPULATE GEOMETRY
 frag             : Define Fragments for BSSE calculation
 w <file>         : WRITE MOLECULAR COORDINATES TO FILE <file> 
 r <file>         : RELOAD ATOMIC AND INTERNAL COORDINATES FROM FILE <file>
 name             : CHANGE ATOMIC IDENTIFIERS 
 del              : DELETE ATOMS 
 fix              : FIX ATOMS 
 dis              : DISPLAY MOLECULAR GEOMETRY 
 banal            : CARRY OUT BOND ANALYSIS 
 *                : TERMINATE MOLECULAR GEOMETRY SPECIFICATION 
                     AND WRITE GEOMETRY DATA TO CONTROL FILE 

 IF YOU APPEND A QUESTION MARK TO ANY COMMAND AN EXPLANATION
 OF THAT COMMAND MAY BE GIVEN 


 CARTESIAN COORDINATES FOR  21 ATOMS HAVE SUCCESSFULLY 
 BEEN ADDED. 
 DEFINITIONS OF INTERNAL COORDINATES HAVE  N O T  BEEN READ. 
 SPECIFICATION OF BOND TOPOLOGY HAS  N O T  BEEN READ. 

 SPECIFICATION OF MOLECULAR GEOMETRY ( #ATOMS=21    SYMMETRY=c1  )
 YOU MAY USE ONE OF THE FOLLOWING COMMANDS : 
 sy <group> <eps> : DEFINE MOLECULAR SYMMETRY (default for eps=3d-1)
 desy <eps>       : DETERMINE MOLECULAR SYMMETRY AND ADJUST 
                     COORDINATES (default for eps=1d-6)
 syndi <eps>      : LIKE DESY, BUT FIND ONLY GROUPS WITH NON-
                     DEGENERATE IRREPS (D2h AND SUBGROUPS)
 susy             : ADJUST COORDINATES FOR SUBGROUPS
 ai               : ADD ATOMIC COORDINATES INTERACTIVELY
 a <file>         : ADD ATOMIC COORDINATES FROM FILE <file>
 aa <file>        : ADD ATOMIC COORDINATES IN ANGSTROEM UNITS FROM FILE <file>
 sub              : SUBSTITUTE AN ATOM BY A GROUP OF ATOMS
 i                : INTERNAL COORDINATE MENU 
 ired             : REDUNDANT INTERNAL COORDINATES
 pbc_ired         : PERIODIC REDUNDANT INTERNAL COORDINATES
 red_info         : DISPLAY REDUNDANT INTERNAL COORDINATES
 ff               : UFF-FORCEFIELD CALCULATION
 m                : MANIPULATE GEOMETRY
 frag             : Define Fragments for BSSE calculation
 w <file>         : WRITE MOLECULAR COORDINATES TO FILE <file> 
 r <file>         : RELOAD ATOMIC AND INTERNAL COORDINATES FROM FILE <file>
 name             : CHANGE ATOMIC IDENTIFIERS 
 del              : DELETE ATOMS 
 fix              : FIX ATOMS 
 dis              : DISPLAY MOLECULAR GEOMETRY 
 banal            : CARRY OUT BOND ANALYSIS 
 *                : TERMINATE MOLECULAR GEOMETRY SPECIFICATION 
                     AND WRITE GEOMETRY DATA TO CONTROL FILE 

 IF YOU APPEND A QUESTION MARK TO ANY COMMAND AN EXPLANATION
 OF THAT COMMAND MAY BE GIVEN 


 YOU DID NOT YET DEFINE ANY INTERNAL COORDINATES !

 ONLY AN INCOMPLETE SET OF   -1 INTERNALS SPECIFIED
 RECOMMENDATION: USE CARTESIAN COORDINATES (ENTER no BELOW)
 FOR ANY OTHER ANSWER YOU RETURN TO THE PREVIOUS MENU AGAIN

 IF YOU DO NOT WANT TO USE INTERNAL COORDINATES ENTER  no


 GEOMETRY DATA WILL BE WRITTEN TO FILE coord

 filename not specified ! 


 SUPPLYING BASIS SETS TO   21 ATOMS 
 #                                                                       
 #                   BASIS SET LIBRARY FOR CARBON                        
 #            ECPs, HONDO-BASIS SETS FROM basen AND                      
 #     FULLY OPTIMIZED BASIS SETS FROM newbas MERGED 02/6/93             
 #                                                                       
 #         abbreviation hondo refers to the version 7.0 of HONDO         
 #                                                                       
 ########################################################################
 #       HF limit : E(3P) = -37.688619 a.u. (C. Froese Fischer, 1977)    
 ########################################################################
 #       Roothaan parameters for C(3P) in symmetry I:                    
 #        a = 3/4      b = 3/2                                           
 ########################################################################
 #                                                                       
 c def-SV(P)                                                             
 c def2-SVP                                                              
 c dhf-SVP                                                               
 c dhf-SVP-2c                                                            
 c def2-SV(P)                                                            
 c dhf-SV(P)                                                             
 c dhf-SV(P)-2c                                                          
 # c (7s4p1d)/[3s2p1d] {511/31/1}                                        
 # ROHF(equiv) energy is -37.64114337919 a.u.  (virial theorem = 2.000000
 # UHF(noneq)  energy is -37.64522986135 a.u.  (virial theorem = 2.000084
 #                                                                       
 #                       BASIS SET LIBRARY FOR OXYGEN                    
 #            ECPs, HONDO-BASIS SETS FROM basen AND                      
 #     FULLY OPTIMIZED BASIS SETS FROM newbas MERGED 02/6/93             
 #                                                                       
 #         abbreviation hondo refers to the version 7.0 of HONDO         
 #                                                                       
 #                                                                       
 ########################################################################
 #       HF limit : E(3P) = -74.809398 a.u. (C. Froese Fischer, 1977)    
 ########################################################################
 #       Roothaan parameters for O(3P) in symmetry I:                    
 #        a = 15/16      b = 9/8                                         
 ########################################################################
 #                                                                       
 o def-SV(P)                                                             
 o def2-SVP                                                              
 o dhf-SVP                                                               
 o dhf-SVP-2c                                                            
 o def2-SV(P)                                                            
 o dhf-SV(P)                                                             
 o dhf-SV(P)-2c                                                          
 # o (7s4p1d)/[3s2p1d] {511/31/1}                                        
 # ROHF(equiv) energy is -74.71374601625 a.u.  (virial theorem = 2.000000
 # UHF(noneq)  energy is -74.72010092377 a.u.  (virial theorem = 2.000106
 #                                                                       
 #                    BASIS SET LIBRARY FOR HYDROGEN                     
 #            ECPs, HONDO-BASIS SETS FROM basen AND                      
 #     FULLY OPTIMIZED BASIS SETS FROM newbas MERGED 02/6/93             
 #                                                                       
 #         abbreviation hondo refers to the version 7.0 of HONDO         
 #                                                                       
 ########################################################################
 #       HF limit : E(2S) = -0.5 a.u.                                    
 ########################################################################
 #       Roothaan parameters for H(2S):                                  
 #        a = 0      b = 0                                               
 ########################################################################
 #                                                                       
 h def-SV(P)                                                             
 h def2-SV(P)                                                            
 h dhf-SV(P)                                                             
 h dhf-SV(P)-2c                                                          
 h x2c-SV(P)all                                                          
 h x2c-SV(P)all-2c                                                       
 h x2c-SV(P)all-s                                                        
 h x2c-SV(P)all-2c-s                                                     
 # HF(equiv) energy is -0.49927840571 a.u.  (virial theorem = 2.000000001
 # (4s)/[2s] {31}                                                        
 # H. Horn, Aug. 91                                                      
 
 ==============================================================================
 NOTE: Improved basis sets are available for H-Rn ("def2-bases").
 For further information type "bi".
 ==============================================================================

 ATOMIC ATTRIBUTE DEFINITION MENU  ( #atoms=21    #bas=21    #ecp=0     )

 b    : ASSIGN ATOMIC BASIS SETS 
 bb   : b RESTRICTED TO BASIS SET LIBRARY 
 bl   : LIST ATOMIC BASIS SETS ASSIGNED
 bm   : MODIFY DEFINITION OF ATOMIC BASIS SET
 bp   : SWITCH BETWEEN 5d/7f AND 6d/10f
 lib  : SELECT BASIS SET LIBRARY
 ecp  : ASSIGN EFFECTIVE CORE POTENTIALS 
 ecpb : ecp RESTRICTED TO BASIS SET LIBRARY 
 ecpi : GENERAL INFORMATION ABOUT EFFECTIVE CORE POTENTIALS
 ecpl : LIST EFFECTIVE CORE POTENTIALS ASSIGNED
 ecprm: REMOVE EFFECTIVE CORE POTENTIAL(S)
 c    : ASSIGN NUCLEAR CHARGES (IF DIFFERENT FROM DEFAULTS) 
 cem  : ASSIGN NUCLEAR CHARGES FOR EMBEDDING 
 m    : ASSIGN ATOMIC MASSES (IF DIFFERENT FROM DEFAULTS) 
 iso  : ASSIGN ISOTOPE FOR NUCLEAR COUPLING CALCULATION 
 dis  : DISPLAY MOLECULAR GEOMETRY 
 dat  : DISPLAY ATOMIC ATTRIBUTES YET ESTABLISHED 
 h    : EXPLANATION OF ATTRIBUTE DEFINITION SYNTAX 
 *    : TERMINATE THIS SECTION AND WRITE DATA OR DATA REFERENCES TO control
 GOBACK=& (TO GEOMETRY MENU !)


 SUPPLYING BASIS SETS TO   21 ATOMS 

 ATOMIC ATTRIBUTE DEFINITION MENU  ( #atoms=21    #bas=21    #ecp=0     )

 b    : ASSIGN ATOMIC BASIS SETS 
 bb   : b RESTRICTED TO BASIS SET LIBRARY 
 bl   : LIST ATOMIC BASIS SETS ASSIGNED
 bm   : MODIFY DEFINITION OF ATOMIC BASIS SET
 bp   : SWITCH BETWEEN 5d/7f AND 6d/10f
 lib  : SELECT BASIS SET LIBRARY
 ecp  : ASSIGN EFFECTIVE CORE POTENTIALS 
 ecpb : ecp RESTRICTED TO BASIS SET LIBRARY 
 ecpi : GENERAL INFORMATION ABOUT EFFECTIVE CORE POTENTIALS
 ecpl : LIST EFFECTIVE CORE POTENTIALS ASSIGNED
 ecprm: REMOVE EFFECTIVE CORE POTENTIAL(S)
 c    : ASSIGN NUCLEAR CHARGES (IF DIFFERENT FROM DEFAULTS) 
 cem  : ASSIGN NUCLEAR CHARGES FOR EMBEDDING 
 m    : ASSIGN ATOMIC MASSES (IF DIFFERENT FROM DEFAULTS) 
 iso  : ASSIGN ISOTOPE FOR NUCLEAR COUPLING CALCULATION 
 dis  : DISPLAY MOLECULAR GEOMETRY 
 dat  : DISPLAY ATOMIC ATTRIBUTES YET ESTABLISHED 
 h    : EXPLANATION OF ATTRIBUTE DEFINITION SYNTAX 
 *    : TERMINATE THIS SECTION AND WRITE DATA OR DATA REFERENCES TO control
 GOBACK=& (TO GEOMETRY MENU !)


 BASIS SETS WILL BE WRITTEN TO FILE basis BY DEFAULT


              +--------------------------------------------------+
              |               basis set information              |
              +--------------------------------------------------+

              we will work with the 1s 3p 5d 7f 9g ... basis set
              ...i.e. with spherical basis functions...

   type   atoms  prim   cont   basis
   ---------------------------------------------------------------------------
    c        9     24     14   def-SV(P)   [3s2p1d|7s4p1d]
    o        4     24     14   def-SV(P)   [3s2p1d|7s4p1d]
    h        8      4      2   def-SV(P)   [2s|4s]
   ---------------------------------------------------------------------------
   total:   21    344    198
   ---------------------------------------------------------------------------

   total number of primitive shells          :   28
   total number of contracted shells         :   94
   total number of cartesian basis functions :  211
   total number of SCF-basis functions       :  198


              ATOMIC COORDINATES              ATOM SHELLS CHARGE PSEUDO MASS
     4.34384247   -0.78894518    0.52480820    c      6      6.     0 12.011
     1.57055726    3.72038932   -0.83332223    c      6      6.     0 12.011
     5.57815774    1.62586816    0.55347954    c      6      6.     0 12.011
     4.18384160    3.88414157   -0.13938262    c      6      6.     0 12.011
    -6.58918108    0.93554333   -0.33067155    c      6      6.     0 12.011
     1.70398441   -0.96337115   -0.15773547    c      6      6.     0 12.011
     0.34869595    1.28794864   -0.84699410    c      6      6.     0 12.011
    -2.00489179   -3.67509103   -0.80292436    o      6      8.     0 15.999
    -3.06876557    1.69549687    2.70927852    o      6      8.     0 15.999
     1.78320924   -5.41506890    0.44530379    o      6      8.     0 15.999
     0.29032780   -3.36027985   -0.22600758    c      6      6.     0 12.011
    -3.82945976    1.33159123    0.51690470    c      6      6.     0 12.011
    -2.24008860    1.26531550   -1.62499519    o      6      8.     0 15.999
     0.49774294   -6.72121417    0.28405091    h      2      1.     0  1.008
     5.37108580   -2.56443903    1.05081878    h      2      1.     0  1.008
     0.37264715    5.40107581   -1.35991258    h      2      1.     0  1.008
     7.64154281    1.76269355    1.10808899    h      2      1.     0  1.008
     5.17061911    5.79983991   -0.10798097    h      2      1.     0  1.008
    -6.93221888   -1.20446845   -0.10929139    h      2      1.     0  1.008
    -7.86223311    1.88930905    1.10419437    h      2      1.     0  1.008
    -7.02865792    1.53825559   -2.32167381    h      2      1.     0  1.008
 

 we will work with the  1s 3p 5d

 there are 1 real representations :   a   

 OCCUPATION NUMBER & MOLECULAR ORBITAL DEFINITION MENU 

 CHOOSE COMMAND 
 infsao     : OUTPUT SAO INFORMATION 
 atb        : Switch for writing MOs in ASCII or binary format
 eht        : PROVIDE MOS && OCCUPATION NUMBERS FROM EXTENDED HUECKEL GUESS 
 use <file> : SUPPLY MO INFORMATION USING DATA FROM <file> 
 man        : MANUAL SPECIFICATION OF OCCUPATION NUMBERS 
 hcore      : HAMILTON CORE GUESS FOR MOS
 flip       : FLIP SPIN OF A SELECTED ATOM
 &          : MOVE BACK TO THE ATOMIC ATTRIBUTES MENU
 THE COMMANDS  use  OR  eht  OR  *  OR q(uit) TERMINATE THIS MENU !!! 
 FOR EXPLANATIONS APPEND A QUESTION MARK (?) TO ANY COMMAND 


 PROVIDING EHT AOS FOR THE FOLLOWING SET OF ATOMS :
     1 c            2 c            3 c            4 c            5 c       
     6 c            7 c           11 c           12 c       
 for the   6 electrons of the actual atom you have
 to provide at least basis functions for the AO's :   2s  1p  0d  0f


 PROVIDING EHT AOS FOR THE FOLLOWING SET OF ATOMS :
     8 o            9 o           10 o           13 o       
 for the   8 electrons of the actual atom you have
 to provide at least basis functions for the AO's :   2s  1p  0d  0f


 PROVIDING EHT AOS FOR THE FOLLOWING SET OF ATOMS :
    14 h           15 h           16 h           17 h           18 h       
    19 h           20 h           21 h       
 for the   1 electrons of the actual atom you have
 to provide at least basis functions for the AO's :   1s  0p  0d  0f


 DO YOU WANT THE DEFAULT PARAMETERS FOR THE EXTENDED HUECKEL CALCULATION ? 
 DEFAULT=y   HELP=? 


 ENTER THE MOLECULAR CHARGE  (DEFAULT=0) 


 NUMBER OF ELECTRONS IN YOUR MOLECULE IS   94


 AUTOMATIC OCCUPATION NUMBER ASSIGNMENT ESTABLISHED !
 FOUND CLOSED SHELL SYSTEM !
 HOMO/LUMO-SEPARATION :  0.094348
 ORBITAL  SYMMETRY      ENERGY     DEFAULT 
 (SHELL)    TYPE                 OCCUPATION 
    44    44a          -0.48441      2
    45    45a          -0.46523      2
    46    46a          -0.45580      2
    47    47a          -0.42117      2
    48    48a          -0.32682      0
    49    49a          -0.26880      0
    50    50a          -0.25885      0

 DO YOU ACCEPT THIS OCCUPATION ?  DEFAULT=y 


 PROVIDING  'derivative'  DEFAULT PARAMETERS ...

 PROVIDING FORCE RELAXATION DEFAULT PARAMETERS ...

    mo occupation :
   irrep   mo's   occupied
    a      198       47
 
 number of basis functions   :   198
 number of occupied orbitals :    47
 
 GENERAL MENU : SELECT YOUR TOPIC 
 scf    : SELECT NON-DEFAULT SCF PARAMETER 
 mp2    : OPTIONS AND DATA GROUPS FOR rimp2 and mpgrad
 cc     : OPTIONS AND DATA GROUPS FOR ricc2
 pnocc  : OPTIONS AND DATA GROUPS FOR pnoccsd
 ex     : EXCITED STATE AND RESPONSE OPTIONS
 prop   : SELECT TOOLS FOR SCF-ORBITAL ANALYSIS 
 drv    : SELECT NON-DEFAULT INPUT PARAMETER FOR EVALUATION
          OF ANALYTICAL ENERGY DERIVATIVES 
          (GRADIENTS, FORCE CONSTANTS) 
 rex    : SELECT OPTIONS FOR GEOMETRY UPDATES USING RELAX
 stp    : SELECT NON-DEFAULT STRUCTURE OPTIMIZATION PARAMETER
 e      : DEFINE EXTERNAL ELECTROSTATIC FIELD 
 dft    : DFT Parameters 
 ri     : RI Parameters 
 rijk   : RI-JK-HF Parameters 
 rirpa  : RIRPA Parameters 
 gw     : OPTIONS AND DATA GROUPS FOR GW (escf) 
 senex  : seminumeric exchange parameters 
 hybno  : hybrid Noga/Diag parameters
 dsp    : DFT dispersion correction
 nmr    : NMR shift parameters
 ncoup  : NMR coupling parameters
 trunc  : USE TRUNCATED AUXBASIS DURING ITERATIONS 
 marij  : MULTIPOLE ACCELERATED RI-J 
 fde    : Frozen Density Embedding 

 dis    : DISPLAY MOLECULAR GEOMETRY 
 list   : LIST OF CONTROL FILE 
 &      : GO BACK TO OCCUPATION/ORBITAL ASSIGNMENT MENU
 * or q : END OF DEFINE SESSION 



STATUS OF DFT_OPTIONS:
 DFT is NOT used
   functional b-p
     gridsize m3

 ENTER DFT-OPTION TO BE MODIFIED 

 func    : TO CHANGE TYPE OF FUNCTIONAL 
 grid    : TO CHANGE GRIDSIZE 
  on:   TO SWITCH ON  DFT 
 Just <ENTER>, q or '*' terminate this menu.


STATUS OF DFT_OPTIONS:
 DFT is used
   functional b-p
     gridsize m3

 ENTER DFT-OPTION TO BE MODIFIED 

 func    : TO CHANGE TYPE OF FUNCTIONAL 
 grid    : TO CHANGE GRIDSIZE 
  off:  TO SWITCH OFF DFT 
 Just <ENTER>, q or '*' terminate this menu.
 GENERAL MENU : SELECT YOUR TOPIC 
 scf    : SELECT NON-DEFAULT SCF PARAMETER 
 mp2    : OPTIONS AND DATA GROUPS FOR rimp2 and mpgrad
 cc     : OPTIONS AND DATA GROUPS FOR ricc2
 pnocc  : OPTIONS AND DATA GROUPS FOR pnoccsd
 ex     : EXCITED STATE AND RESPONSE OPTIONS
 prop   : SELECT TOOLS FOR SCF-ORBITAL ANALYSIS 
 drv    : SELECT NON-DEFAULT INPUT PARAMETER FOR EVALUATION
          OF ANALYTICAL ENERGY DERIVATIVES 
          (GRADIENTS, FORCE CONSTANTS) 
 rex    : SELECT OPTIONS FOR GEOMETRY UPDATES USING RELAX
 stp    : SELECT NON-DEFAULT STRUCTURE OPTIMIZATION PARAMETER
 e      : DEFINE EXTERNAL ELECTROSTATIC FIELD 
 dft    : DFT Parameters 
 ri     : RI Parameters 
 rijk   : RI-JK-HF Parameters 
 rirpa  : RIRPA Parameters 
 gw     : OPTIONS AND DATA GROUPS FOR GW (escf) 
 senex  : seminumeric exchange parameters 
 hybno  : hybrid Noga/Diag parameters
 dsp    : DFT dispersion correction
 nmr    : NMR shift parameters
 ncoup  : NMR coupling parameters
 trunc  : USE TRUNCATED AUXBASIS DURING ITERATIONS 
 marij  : MULTIPOLE ACCELERATED RI-J 
 fde    : Frozen Density Embedding 

 dis    : DISPLAY MOLECULAR GEOMETRY 
 list   : LIST OF CONTROL FILE 
 &      : GO BACK TO OCCUPATION/ORBITAL ASSIGNMENT MENU
 * or q : END OF DEFINE SESSION 



STATUS OF DFT_OPTIONS:
 DFT is used
   functional b-p
     gridsize m3

 ENTER DFT-OPTION TO BE MODIFIED 

 func    : TO CHANGE TYPE OF FUNCTIONAL 
 grid    : TO CHANGE GRIDSIZE 
  off:  TO SWITCH OFF DFT 
 Just <ENTER>, q or '*' terminate this menu.


STATUS OF DFT_OPTIONS:
 DFT is used
   functional b-p
     gridsize m3

 ENTER DFT-OPTION TO BE MODIFIED 

 func    : TO CHANGE TYPE OF FUNCTIONAL 
 grid    : TO CHANGE GRIDSIZE 
  off:  TO SWITCH OFF DFT 
 Just <ENTER>, q or '*' terminate this menu.
 GENERAL MENU : SELECT YOUR TOPIC 
 scf    : SELECT NON-DEFAULT SCF PARAMETER 
 mp2    : OPTIONS AND DATA GROUPS FOR rimp2 and mpgrad
 cc     : OPTIONS AND DATA GROUPS FOR ricc2
 pnocc  : OPTIONS AND DATA GROUPS FOR pnoccsd
 ex     : EXCITED STATE AND RESPONSE OPTIONS
 prop   : SELECT TOOLS FOR SCF-ORBITAL ANALYSIS 
 drv    : SELECT NON-DEFAULT INPUT PARAMETER FOR EVALUATION
          OF ANALYTICAL ENERGY DERIVATIVES 
          (GRADIENTS, FORCE CONSTANTS) 
 rex    : SELECT OPTIONS FOR GEOMETRY UPDATES USING RELAX
 stp    : SELECT NON-DEFAULT STRUCTURE OPTIMIZATION PARAMETER
 e      : DEFINE EXTERNAL ELECTROSTATIC FIELD 
 dft    : DFT Parameters 
 ri     : RI Parameters 
 rijk   : RI-JK-HF Parameters 
 rirpa  : RIRPA Parameters 
 gw     : OPTIONS AND DATA GROUPS FOR GW (escf) 
 senex  : seminumeric exchange parameters 
 hybno  : hybrid Noga/Diag parameters
 dsp    : DFT dispersion correction
 nmr    : NMR shift parameters
 ncoup  : NMR coupling parameters
 trunc  : USE TRUNCATED AUXBASIS DURING ITERATIONS 
 marij  : MULTIPOLE ACCELERATED RI-J 
 fde    : Frozen Density Embedding 

 dis    : DISPLAY MOLECULAR GEOMETRY 
 list   : LIST OF CONTROL FILE 
 &      : GO BACK TO OCCUPATION/ORBITAL ASSIGNMENT MENU
 * or q : END OF DEFINE SESSION 



STATUS OF DFT_OPTIONS:
 DFT is used
   functional b-p
     gridsize m3

 ENTER DFT-OPTION TO BE MODIFIED 

 func    : TO CHANGE TYPE OF FUNCTIONAL 
 grid    : TO CHANGE GRIDSIZE 
  off:  TO SWITCH OFF DFT 
 Just <ENTER>, q or '*' terminate this menu.


STATUS OF DFT_OPTIONS:
 DFT is used
   functional b-p
     gridsize m3

 ENTER DFT-OPTION TO BE MODIFIED 

 func    : TO CHANGE TYPE OF FUNCTIONAL 
 grid    : TO CHANGE GRIDSIZE 
  off:  TO SWITCH OFF DFT 
 Just <ENTER>, q or '*' terminate this menu.
 GENERAL MENU : SELECT YOUR TOPIC 
 scf    : SELECT NON-DEFAULT SCF PARAMETER 
 mp2    : OPTIONS AND DATA GROUPS FOR rimp2 and mpgrad
 cc     : OPTIONS AND DATA GROUPS FOR ricc2
 pnocc  : OPTIONS AND DATA GROUPS FOR pnoccsd
 ex     : EXCITED STATE AND RESPONSE OPTIONS
 prop   : SELECT TOOLS FOR SCF-ORBITAL ANALYSIS 
 drv    : SELECT NON-DEFAULT INPUT PARAMETER FOR EVALUATION
          OF ANALYTICAL ENERGY DERIVATIVES 
          (GRADIENTS, FORCE CONSTANTS) 
 rex    : SELECT OPTIONS FOR GEOMETRY UPDATES USING RELAX
 stp    : SELECT NON-DEFAULT STRUCTURE OPTIMIZATION PARAMETER
 e      : DEFINE EXTERNAL ELECTROSTATIC FIELD 
 dft    : DFT Parameters 
 ri     : RI Parameters 
 rijk   : RI-JK-HF Parameters 
 rirpa  : RIRPA Parameters 
 gw     : OPTIONS AND DATA GROUPS FOR GW (escf) 
 senex  : seminumeric exchange parameters 
 hybno  : hybrid Noga/Diag parameters
 dsp    : DFT dispersion correction
 nmr    : NMR shift parameters
 ncoup  : NMR coupling parameters
 trunc  : USE TRUNCATED AUXBASIS DURING ITERATIONS 
 marij  : MULTIPOLE ACCELERATED RI-J 
 fde    : Frozen Density Embedding 

 dis    : DISPLAY MOLECULAR GEOMETRY 
 list   : LIST OF CONTROL FILE 
 &      : GO BACK TO OCCUPATION/ORBITAL ASSIGNMENT MENU
 * or q : END OF DEFINE SESSION 


 ENTER SCF-OPTION TO BE MODIFIED 

 conv   : ACCURACY OF SCF-ENERGY           $scfconv 
 thi    : INTEGRAL STORAGE CRITERIA        $thize  $thime 
 ints   : INTEGRAL STORAGE ALLOCATION      $scfintunit 
 iter   : MAXIMUM NUMBER OF ITERATIONS     $scfiterlimit 
 diis   : DIIS CONVERGENCE ACCELERATION    $scfdiis 
 damp   : OPTIONS FOR DAMPING              $scfdamp 
 shift  : SHIFTING OF ORBITALS             $scforbitalshift  
 order  : ORDERING OF ORBITALS             $scforbitalorder 
 fermi  : THERMAL SMEARING OF OCC. NUMBERS $fermi
 pdiag  : PREDIAGONALIZATION               $prediag
 soghf  : SPIN ORBIT GENERALIZED SCF       $soghf  
 x2c    : EXACT 2C HAMILTONIAN             $rx2c 
 rlocal : DLU SCHEME FOR X2C               $rlocal 
 finnuc : FINITE NUCLEUS MODEL             $finnuc 
 rsym   : RELATIVISTIC SYMMETRY            $rsym 
 snso   : SCREENED NUCLEAR SPIN ORBIT      $snso 
 pcc    : X2C pcicture-change correction   $pcc 


 CURRENT VALUE FOR MAXIMUM NUMBER OF SCF-ITERATIONS : 30

 ENTER NEW VALUE FOR MAXIMUM NUMBER OF SCF-ITERATIONS 
 DEFAULT= 30


 ENTER SCF-OPTION TO BE MODIFIED 

 conv   : ACCURACY OF SCF-ENERGY           $scfconv 
 thi    : INTEGRAL STORAGE CRITERIA        $thize  $thime 
 ints   : INTEGRAL STORAGE ALLOCATION      $scfintunit 
 iter   : MAXIMUM NUMBER OF ITERATIONS     $scfiterlimit 
 diis   : DIIS CONVERGENCE ACCELERATION    $scfdiis 
 damp   : OPTIONS FOR DAMPING              $scfdamp 
 shift  : SHIFTING OF ORBITALS             $scforbitalshift  
 order  : ORDERING OF ORBITALS             $scforbitalorder 
 fermi  : THERMAL SMEARING OF OCC. NUMBERS $fermi
 pdiag  : PREDIAGONALIZATION               $prediag
 soghf  : SPIN ORBIT GENERALIZED SCF       $soghf  
 x2c    : EXACT 2C HAMILTONIAN             $rx2c 
 rlocal : DLU SCHEME FOR X2C               $rlocal 
 finnuc : FINITE NUCLEUS MODEL             $finnuc 
 rsym   : RELATIVISTIC SYMMETRY            $rsym 
 snso   : SCREENED NUCLEAR SPIN ORBIT      $snso 
 pcc    : X2C pcicture-change correction   $pcc 

 GENERAL MENU : SELECT YOUR TOPIC 
 scf    : SELECT NON-DEFAULT SCF PARAMETER 
 mp2    : OPTIONS AND DATA GROUPS FOR rimp2 and mpgrad
 cc     : OPTIONS AND DATA GROUPS FOR ricc2
 pnocc  : OPTIONS AND DATA GROUPS FOR pnoccsd
 ex     : EXCITED STATE AND RESPONSE OPTIONS
 prop   : SELECT TOOLS FOR SCF-ORBITAL ANALYSIS 
 drv    : SELECT NON-DEFAULT INPUT PARAMETER FOR EVALUATION
          OF ANALYTICAL ENERGY DERIVATIVES 
          (GRADIENTS, FORCE CONSTANTS) 
 rex    : SELECT OPTIONS FOR GEOMETRY UPDATES USING RELAX
 stp    : SELECT NON-DEFAULT STRUCTURE OPTIMIZATION PARAMETER
 e      : DEFINE EXTERNAL ELECTROSTATIC FIELD 
 dft    : DFT Parameters 
 ri     : RI Parameters 
 rijk   : RI-JK-HF Parameters 
 rirpa  : RIRPA Parameters 
 gw     : OPTIONS AND DATA GROUPS FOR GW (escf) 
 senex  : seminumeric exchange parameters 
 hybno  : hybrid Noga/Diag parameters
 dsp    : DFT dispersion correction
 nmr    : NMR shift parameters
 ncoup  : NMR coupling parameters
 trunc  : USE TRUNCATED AUXBASIS DURING ITERATIONS 
 marij  : MULTIPOLE ACCELERATED RI-J 
 fde    : Frozen Density Embedding 

 dis    : DISPLAY MOLECULAR GEOMETRY 
 list   : LIST OF CONTROL FILE 
 &      : GO BACK TO OCCUPATION/ORBITAL ASSIGNMENT MENU
 * or q : END OF DEFINE SESSION 


 ***********************************************************
 *                                                         *
 *                       e n d   o f                       *
 *                       D E F I N E                       *
 *                                                         *
 ***********************************************************


    ------------------------------------------------------------------------
         total  cpu-time :   0.14 seconds
         total wall-time :   0.25 seconds
    ------------------------------------------------------------------------

   ****  define : all done  ****


    2024-07-08 18:00:00.654 

