
   OpenMP run-time library returned nthreads =  1

 grad (uc2n341.localdomain) : TURBOMOLE rev. V7-7-1 compiled 3 Feb 2023 at 10:13:59
 Copyright (C) 2023 TURBOMOLE GmbH, Karlsruhe


    2024-07-08 18:00:58.318 



                             g r a d - program

                reinhart ahlrichs, hans horn & ansgar schaefer
                 density functional version : oliver treutler


                          quantum chemistry group
                          universitaet  karlsruhe
                                   germany




                                                 
                                 References:     
                                                 
          Density Functional:                              
              O. Treutler and R. Ahlrichs                      
              Efficient Molecular Numerical Integration Schemes
              J. Chem. Phys. 102: 346 (1995)                   
          Parallel Version:                                
              Performance of parallel TURBOMOLE for Density    
              Functional Calculations                          
              M. v. Arnim and R. Ahlrichs                      
              J. Comp. Chem. 19: 1746 (1998)                   
                                         




              +--------------------------------------------------+
              | Atomic coordinate, charge and isotop information |
              +--------------------------------------------------+

                    atomic coordinates            atom    charge  isotop
          4.34384247   -0.78894518    0.52480820    c      6.000     0
          1.57055726    3.72038932   -0.83332223    c      6.000     0
          5.57815774    1.62586816    0.55347954    c      6.000     0
          4.18384160    3.88414157   -0.13938262    c      6.000     0
         -6.58918108    0.93554333   -0.33067155    c      6.000     0
          1.70398441   -0.96337115   -0.15773547    c      6.000     0
          0.34869595    1.28794864   -0.84699410    c      6.000     0
         -2.00489179   -3.67509103   -0.80292436    o      8.000     0
         -3.06876557    1.69549687    2.70927852    o      8.000     0
          1.78320924   -5.41506890    0.44530379    o      8.000     0
          0.29032780   -3.36027985   -0.22600758    c      6.000     0
         -3.82945976    1.33159123    0.51690470    c      6.000     0
         -2.24008860    1.26531550   -1.62499519    o      8.000     0
          0.49774294   -6.72121417    0.28405091    h      1.000     0
          5.37108580   -2.56443903    1.05081878    h      1.000     0
          0.37264715    5.40107581   -1.35991258    h      1.000     0
          7.64154281    1.76269355    1.10808899    h      1.000     0
          5.17061911    5.79983991   -0.10798097    h      1.000     0
         -6.93221888   -1.20446845   -0.10929139    h      1.000     0
         -7.86223311    1.88930905    1.10419437    h      1.000     0
         -7.02865792    1.53825559   -2.32167381    h      1.000     0
 
       center of nuclear mass  :    0.00009509    0.00023527   -0.00003254
       center of nuclear charge:   -0.01499114    0.03088924   -0.00182905

              +--------------------------------------------------+
              |               basis set information              |
              +--------------------------------------------------+

              we will work with the 1s 3p 5d 7f 9g ... basis set
              ...i.e. with spherical basis functions...

   type   atoms  prim   cont   basis
   ---------------------------------------------------------------------------
    c        9     24     14   def-SV(P)   [3s2p1d|7s4p1d]
    o        4     24     14   def-SV(P)   [3s2p1d|7s4p1d]
    h        8      4      2   def-SV(P)   [2s|4s]
   ---------------------------------------------------------------------------
   total:   21    344    198
   ---------------------------------------------------------------------------

   total number of primitive shells          :   28
   total number of contracted shells         :   94
   total number of cartesian basis functions :  211
   total number of SCF-basis functions       :  198


 integral neglect threshold       :  0.16E-10
 integral storage threshold THIZE :  0.10E-04
 integral storage threshold THIME :         5


 WARNING : cannot change filename for statistics 

 symmetry group of the molecule :   c1 

 the group has the following generators :
   c1(z)

    1 symmetry operations found

 there are 1 real representations :   a   

 maximum number of shells which are related by symmetry :  1


    mo occupation :
   irrep   mo's   occupied
    a      198       47
 
 number of basis functions   :   198
 number of occupied orbitals :    47
 

 number of off-diagonal lagrangians expected :  0
  MOs are in ASCII format !


 reading orbital data $scfmo  from file mos
 orbital characterization : scfconv=7
 time elapsed for calculating density matrices :   0.002 sec

  grad preliminaries : cpu elapsed         0.047 s
                       wall                0.088 s
  
           ------------------
           density functional
           ------------------
 B-P86 functional
 exchange:    LDA + Becke (B88)
 correlation: LDA (VWN) + Perdew (P86)
 iterations will be done with small grid
  
 spherical integration : Lebedev's spherical grid
 spherical gridsize    :                     3
    i.e. gridpoints    :                   302
  maximum batchsize    :                   100
 value for diffuse not defined
 radial integration    : Chebyshev 2nd kind (scaling 3)
 radial gridsize       :                     3
 integration cells     :                    21
 partition function    : becke
 partition sharpness   :                     3
  

 <rpardf> : input of entry tasksize
           from data group '$pardft' failed !

               Default values taken

 <rpardf> : input of entry memdiv
           from data group '$pardft' failed !

               Default values taken



                    and now featuring
                             the super-duper gradient    ..... wow .....


 ------------------------------------------------------------------------------

            SCF ENERGY GRADIENT with respect to NUCLEAR COORDINATES            

 ------------------------------------------------------------------------------



    ----------------------------------------
     S+T+V CONTRIBUTIONS TO ENERGY GRADIENT 
    ----------------------------------------

 1e-integral 1st. derivatives will be neglected if expon. factor < 0.100000E-10

  cpu time for 1e-part of gradient :      0.16 sec


    -----------------------------------------------
     TWO ELECTRON CONTRIBUTIONS TO ENERGY GRADIENT 
    -----------------------------------------------

 biggest 1-particle AO density matrix element is expected to be    2.1388554377

 setting up bound for integral derivative estimation

 increment for numerical differentiation : 0.00050000

 biggest AO integral is expected to be     4.776656448
 biggest cartesian 1st derivative AO integral is expected to be     8.648821438

 2e-integral 1st. derivatives will be neglected if expon. factor < 0.100000E-06
 outer boundary for 2e-integral derivative neglection is 0.364322E-08

  cpu time for 2e-part of gradient :      0.14 min

          Overall gridpoints after grid construction =        107561

 Integrated ground state density     :   94.00007183353252    


          ------------------------------------------------
           cartesian gradient of the energy (hartree/bohr)
          ------------------------------------------------

  ATOM      1 c           2 c           3 c           4 c           5 c 
dE/dx  0.6610060D-02 -0.4291118D-02  0.1288484D-01 -0.1933160D-03 -0.1035754D-02
dE/dy -0.1664108D-01  0.1739723D-01 -0.2851030D-03  0.8169534D-02  0.1363805D-01
dE/dz  0.2481599D-02 -0.2853917D-02  0.4761888D-02 -0.1936452D-02 -0.2006084D-01

  ATOM      6 c           7 c           8 o           9 o          10 o 
dE/dx  0.2297003D-03 -0.1138509D-01 -0.5475463D-01  0.1622487D-01  0.1319646D-01
dE/dy -0.2129731D-01 -0.2171246D-01 -0.3767164D-02  0.1093484D-01 -0.2363092D-01
dE/dz  0.4896930D-02  0.7054152D-02 -0.1571451D-01  0.5130260D-01  0.7089601D-02

  ATOM     11 c          12 c          13 o          14 h          15 h 
dE/dx  0.3074013D-01  0.3332701D-02 -0.2170977D-01  0.3681703D-02  0.5865148D-02
dE/dy  0.2063740D-01 -0.1057319D-01 -0.2982741D-03  0.2022652D-01 -0.1135487D-01
dE/dz  0.5572368D-02 -0.1902564D-01 -0.3464418D-01 -0.1705222D-02  0.3318588D-02

  ATOM     16 h          17 h          18 h          19 h          20 h 
dE/dx -0.1238234D-01  0.1825065D-01  0.1022134D-01 -0.2234187D-02 -0.7518734D-02
dE/dy  0.1079500D-01  0.8452608D-03  0.1976893D-01 -0.2033420D-01  0.4365697D-02
dE/dz -0.4087034D-02  0.5010289D-02  0.4245306D-03  0.6423201D-02  0.1164486D-01

  ATOM     21 h 
dE/dx -0.5612876D-02
dE/dy  0.3060940D-02
dE/dz -0.9991875D-02
 
 resulting FORCE  (fx,fy,fz) = (0.120D-03,-.552D-04,-.391D-04)
 resulting MOMENT (mx,my,mz) = (-.307D-03,-.478D-03,0.106D-02)


 exx =       0.559685 eyy =       0.296049 ezz =       0.255864
 eyz =      -0.017087 exz =       0.196384 exy =      -0.020717


 **********************************************************************
  |maximum component of gradient| : 0.54754633E-01  (atom  8 o )       
   gradient norm                  : 0.12570175    
 **********************************************************************

 <getgrd> : data group $grad  is missing 

   ***  cartesian gradients written onto <gradient>  ***


     --- calculation of the energy gradient finished ---



    ------------------------------------------------------------------------
         total  cpu-time :   9.63 seconds
         total wall-time :   9.73 seconds
    ------------------------------------------------------------------------

   ****  grad : all done  ****


    2024-07-08 18:01:08.023 

